[0.168s] DEBUG:colcon:Command line arguments: ['/usr/bin/colcon', 'build', '--symlink-install']
[0.168s] DEBUG:colcon:Parsed command line arguments: Namespace(allow_overriding=[], ament_cmake_args=None, base_paths=['.'], build_base='build', catkin_cmake_args=None, catkin_skip_building_tests=False, cmake_args=None, cmake_clean_cache=False, cmake_clean_first=False, cmake_force_configure=False, cmake_target=None, cmake_target_skip_unavailable=False, continue_on_error=False, event_handlers=None, executor='parallel', ignore_user_meta=False, install_base='install', log_base=None, log_level=None, main=<bound method BuildVerb.main of <colcon_core.verb.build.BuildVerb object at 0x7f910a562f70>>, merge_install=False, metas=['./colcon.meta'], mixin=None, mixin_files=None, mixin_verb=('build',), packages_above=None, packages_above_and_dependencies=None, packages_above_depth=None, packages_end=None, packages_ignore=None, packages_ignore_regex=None, packages_select=None, packages_select_build_failed=False, packages_select_by_dep=None, packages_select_regex=None, packages_select_test_failures=False, packages_skip=None, packages_skip_build_finished=False, packages_skip_by_dep=None, packages_skip_regex=None, packages_skip_test_passed=False, packages_skip_up_to=None, packages_start=None, packages_up_to=None, packages_up_to_regex=None, parallel_workers=16, paths=None, symlink_install=True, test_result_base=None, verb_extension=<colcon_core.verb.build.BuildVerb object at 0x7f910a562f70>, verb_name='build', verb_parser=<colcon_mixin.mixin.mixin_argument.MixinArgumentDecorator object at 0x7f910a577940>)
[0.206s] Level 1:colcon.colcon_core.package_discovery:discover_packages(colcon_meta) check parameters
[0.206s] Level 1:colcon.colcon_core.package_discovery:discover_packages(recursive) check parameters
[0.206s] Level 1:colcon.colcon_core.package_discovery:discover_packages(ignore) check parameters
[0.206s] Level 1:colcon.colcon_core.package_discovery:discover_packages(path) check parameters
[0.206s] Level 1:colcon.colcon_core.package_discovery:discover_packages(colcon_meta) discover
[0.206s] Level 1:colcon.colcon_core.package_discovery:discover_packages(recursive) discover
[0.206s] INFO:colcon.colcon_core.package_discovery:Crawling recursively for packages in '/home/gracekim/workspace/test_ws'
[0.206s] Level 1:colcon.colcon_core.package_identification:_identify(.) by extensions ['ignore', 'ignore_ament_install']
[0.206s] Level 1:colcon.colcon_core.package_identification:_identify(.) by extension 'ignore'
[0.206s] Level 1:colcon.colcon_core.package_identification:_identify(.) by extension 'ignore_ament_install'
[0.206s] Level 1:colcon.colcon_core.package_identification:_identify(.) by extensions ['colcon_pkg']
[0.206s] Level 1:colcon.colcon_core.package_identification:_identify(.) by extension 'colcon_pkg'
[0.206s] Level 1:colcon.colcon_core.package_identification:_identify(.) by extensions ['colcon_meta']
[0.206s] Level 1:colcon.colcon_core.package_identification:_identify(.) by extension 'colcon_meta'
[0.206s] Level 1:colcon.colcon_core.package_identification:_identify(.) by extensions ['ros']
[0.206s] Level 1:colcon.colcon_core.package_identification:_identify(.) by extension 'ros'
[0.217s] Level 1:colcon.colcon_core.package_identification:_identify(.) by extensions ['cmake', 'python']
[0.217s] Level 1:colcon.colcon_core.package_identification:_identify(.) by extension 'cmake'
[0.217s] Level 1:colcon.colcon_core.package_identification:_identify(.) by extension 'python'
[0.217s] Level 1:colcon.colcon_core.package_identification:_identify(.) by extensions ['python_setup_py']
[0.217s] Level 1:colcon.colcon_core.package_identification:_identify(.) by extension 'python_setup_py'
[0.217s] Level 1:colcon.colcon_core.package_identification:_identify(build) by extensions ['ignore', 'ignore_ament_install']
[0.217s] Level 1:colcon.colcon_core.package_identification:_identify(build) by extension 'ignore'
[0.217s] Level 1:colcon.colcon_core.package_identification:_identify(build) ignored
[0.218s] Level 1:colcon.colcon_core.package_identification:_identify(install) by extensions ['ignore', 'ignore_ament_install']
[0.218s] Level 1:colcon.colcon_core.package_identification:_identify(install) by extension 'ignore'
[0.218s] Level 1:colcon.colcon_core.package_identification:_identify(install) ignored
[0.218s] Level 1:colcon.colcon_core.package_identification:_identify(log) by extensions ['ignore', 'ignore_ament_install']
[0.218s] Level 1:colcon.colcon_core.package_identification:_identify(log) by extension 'ignore'
[0.218s] Level 1:colcon.colcon_core.package_identification:_identify(log) ignored
[0.218s] Level 1:colcon.colcon_core.package_identification:_identify(src) by extensions ['ignore', 'ignore_ament_install']
[0.218s] Level 1:colcon.colcon_core.package_identification:_identify(src) by extension 'ignore'
[0.218s] Level 1:colcon.colcon_core.package_identification:_identify(src) by extension 'ignore_ament_install'
[0.218s] Level 1:colcon.colcon_core.package_identification:_identify(src) by extensions ['colcon_pkg']
[0.218s] Level 1:colcon.colcon_core.package_identification:_identify(src) by extension 'colcon_pkg'
[0.218s] Level 1:colcon.colcon_core.package_identification:_identify(src) by extensions ['colcon_meta']
[0.218s] Level 1:colcon.colcon_core.package_identification:_identify(src) by extension 'colcon_meta'
[0.218s] Level 1:colcon.colcon_core.package_identification:_identify(src) by extensions ['ros']
[0.218s] Level 1:colcon.colcon_core.package_identification:_identify(src) by extension 'ros'
[0.218s] Level 1:colcon.colcon_core.package_identification:_identify(src) by extensions ['cmake', 'python']
[0.218s] Level 1:colcon.colcon_core.package_identification:_identify(src) by extension 'cmake'
[0.218s] Level 1:colcon.colcon_core.package_identification:_identify(src) by extension 'python'
[0.218s] Level 1:colcon.colcon_core.package_identification:_identify(src) by extensions ['python_setup_py']
[0.218s] Level 1:colcon.colcon_core.package_identification:_identify(src) by extension 'python_setup_py'
[0.218s] Level 1:colcon.colcon_core.package_identification:_identify(src/my_bboxes_msg) by extensions ['ignore', 'ignore_ament_install']
[0.218s] Level 1:colcon.colcon_core.package_identification:_identify(src/my_bboxes_msg) by extension 'ignore'
[0.218s] Level 1:colcon.colcon_core.package_identification:_identify(src/my_bboxes_msg) by extension 'ignore_ament_install'
[0.218s] Level 1:colcon.colcon_core.package_identification:_identify(src/my_bboxes_msg) by extensions ['colcon_pkg']
[0.218s] Level 1:colcon.colcon_core.package_identification:_identify(src/my_bboxes_msg) by extension 'colcon_pkg'
[0.218s] Level 1:colcon.colcon_core.package_identification:_identify(src/my_bboxes_msg) by extensions ['colcon_meta']
[0.218s] Level 1:colcon.colcon_core.package_identification:_identify(src/my_bboxes_msg) by extension 'colcon_meta'
[0.218s] Level 1:colcon.colcon_core.package_identification:_identify(src/my_bboxes_msg) by extensions ['ros']
[0.218s] Level 1:colcon.colcon_core.package_identification:_identify(src/my_bboxes_msg) by extension 'ros'
[0.220s] DEBUG:colcon.colcon_core.package_identification:Package 'src/my_bboxes_msg' with type 'ros.ament_cmake' and name 'my_bboxes_msg'
[0.220s] Level 1:colcon.colcon_core.package_identification:_identify(src/px4_msgs) by extensions ['ignore', 'ignore_ament_install']
[0.221s] Level 1:colcon.colcon_core.package_identification:_identify(src/px4_msgs) by extension 'ignore'
[0.221s] Level 1:colcon.colcon_core.package_identification:_identify(src/px4_msgs) by extension 'ignore_ament_install'
[0.221s] Level 1:colcon.colcon_core.package_identification:_identify(src/px4_msgs) by extensions ['colcon_pkg']
[0.221s] Level 1:colcon.colcon_core.package_identification:_identify(src/px4_msgs) by extension 'colcon_pkg'
[0.221s] Level 1:colcon.colcon_core.package_identification:_identify(src/px4_msgs) by extensions ['colcon_meta']
[0.221s] Level 1:colcon.colcon_core.package_identification:_identify(src/px4_msgs) by extension 'colcon_meta'
[0.221s] Level 1:colcon.colcon_core.package_identification:_identify(src/px4_msgs) by extensions ['ros']
[0.221s] Level 1:colcon.colcon_core.package_identification:_identify(src/px4_msgs) by extension 'ros'
[0.221s] DEBUG:colcon.colcon_core.package_identification:Package 'src/px4_msgs' with type 'ros.ament_cmake' and name 'px4_msgs'
[0.221s] Level 1:colcon.colcon_core.package_identification:_identify(src/vehicle_controller) by extensions ['ignore', 'ignore_ament_install']
[0.221s] Level 1:colcon.colcon_core.package_identification:_identify(src/vehicle_controller) by extension 'ignore'
[0.221s] Level 1:colcon.colcon_core.package_identification:_identify(src/vehicle_controller) by extension 'ignore_ament_install'
[0.221s] Level 1:colcon.colcon_core.package_identification:_identify(src/vehicle_controller) by extensions ['colcon_pkg']
[0.221s] Level 1:colcon.colcon_core.package_identification:_identify(src/vehicle_controller) by extension 'colcon_pkg'
[0.221s] Level 1:colcon.colcon_core.package_identification:_identify(src/vehicle_controller) by extensions ['colcon_meta']
[0.222s] Level 1:colcon.colcon_core.package_identification:_identify(src/vehicle_controller) by extension 'colcon_meta'
[0.222s] Level 1:colcon.colcon_core.package_identification:_identify(src/vehicle_controller) by extensions ['ros']
[0.222s] Level 1:colcon.colcon_core.package_identification:_identify(src/vehicle_controller) by extension 'ros'
[0.222s] DEBUG:colcon.colcon_core.package_identification:Package 'src/vehicle_controller' with type 'ros.ament_python' and name 'test_nodes'
[0.222s] Level 1:colcon.colcon_core.package_identification:_identify(src/yolo_detection) by extensions ['ignore', 'ignore_ament_install']
[0.222s] Level 1:colcon.colcon_core.package_identification:_identify(src/yolo_detection) by extension 'ignore'
[0.222s] Level 1:colcon.colcon_core.package_identification:_identify(src/yolo_detection) by extension 'ignore_ament_install'
[0.222s] Level 1:colcon.colcon_core.package_identification:_identify(src/yolo_detection) by extensions ['colcon_pkg']
[0.222s] Level 1:colcon.colcon_core.package_identification:_identify(src/yolo_detection) by extension 'colcon_pkg'
[0.222s] Level 1:colcon.colcon_core.package_identification:_identify(src/yolo_detection) by extensions ['colcon_meta']
[0.222s] Level 1:colcon.colcon_core.package_identification:_identify(src/yolo_detection) by extension 'colcon_meta'
[0.222s] Level 1:colcon.colcon_core.package_identification:_identify(src/yolo_detection) by extensions ['ros']
[0.222s] Level 1:colcon.colcon_core.package_identification:_identify(src/yolo_detection) by extension 'ros'
[0.223s] DEBUG:colcon.colcon_core.package_identification:Package 'src/yolo_detection' with type 'ros.ament_python' and name 'yolo_detection'
[0.223s] Level 1:colcon.colcon_core.package_discovery:discover_packages(recursive) using defaults
[0.223s] Level 1:colcon.colcon_core.package_discovery:discover_packages(ignore) discover
[0.223s] Level 1:colcon.colcon_core.package_discovery:discover_packages(ignore) using defaults
[0.223s] Level 1:colcon.colcon_core.package_discovery:discover_packages(path) discover
[0.223s] Level 1:colcon.colcon_core.package_discovery:discover_packages(path) using defaults
[0.239s] Level 1:colcon.colcon_core.package_discovery:discover_packages(prefix_path) check parameters
[0.239s] Level 1:colcon.colcon_core.package_discovery:discover_packages(prefix_path) discover
[0.240s] DEBUG:colcon.colcon_installed_package_information.package_discovery:Found 4 installed packages in /home/gracekim/workspace/test_ws/install
[0.241s] DEBUG:colcon.colcon_installed_package_information.package_discovery:Found 311 installed packages in /opt/ros/foxy
[0.242s] Level 1:colcon.colcon_core.package_discovery:discover_packages(prefix_path) using defaults
[0.284s] Level 5:colcon.colcon_core.verb:set package 'my_bboxes_msg' build argument 'cmake_args' from command line to 'None'
[0.284s] Level 5:colcon.colcon_core.verb:set package 'my_bboxes_msg' build argument 'cmake_target' from command line to 'None'
[0.284s] Level 5:colcon.colcon_core.verb:set package 'my_bboxes_msg' build argument 'cmake_target_skip_unavailable' from command line to 'False'
[0.285s] Level 5:colcon.colcon_core.verb:set package 'my_bboxes_msg' build argument 'cmake_clean_cache' from command line to 'False'
[0.285s] Level 5:colcon.colcon_core.verb:set package 'my_bboxes_msg' build argument 'cmake_clean_first' from command line to 'False'
[0.285s] Level 5:colcon.colcon_core.verb:set package 'my_bboxes_msg' build argument 'cmake_force_configure' from command line to 'False'
[0.285s] Level 5:colcon.colcon_core.verb:set package 'my_bboxes_msg' build argument 'ament_cmake_args' from command line to 'None'
[0.285s] Level 5:colcon.colcon_core.verb:set package 'my_bboxes_msg' build argument 'catkin_cmake_args' from command line to 'None'
[0.285s] Level 5:colcon.colcon_core.verb:set package 'my_bboxes_msg' build argument 'catkin_skip_building_tests' from command line to 'False'
[0.285s] DEBUG:colcon.colcon_core.verb:Building package 'my_bboxes_msg' with the following arguments: {'ament_cmake_args': None, 'build_base': '/home/gracekim/workspace/test_ws/build/my_bboxes_msg', 'catkin_cmake_args': None, 'catkin_skip_building_tests': False, 'cmake_args': None, 'cmake_clean_cache': False, 'cmake_clean_first': False, 'cmake_force_configure': False, 'cmake_target': None, 'cmake_target_skip_unavailable': False, 'install_base': '/home/gracekim/workspace/test_ws/install/my_bboxes_msg', 'merge_install': False, 'path': '/home/gracekim/workspace/test_ws/src/my_bboxes_msg', 'symlink_install': True, 'test_result_base': None}
[0.285s] Level 5:colcon.colcon_core.verb:set package 'px4_msgs' build argument 'cmake_args' from command line to 'None'
[0.285s] Level 5:colcon.colcon_core.verb:set package 'px4_msgs' build argument 'cmake_target' from command line to 'None'
[0.285s] Level 5:colcon.colcon_core.verb:set package 'px4_msgs' build argument 'cmake_target_skip_unavailable' from command line to 'False'
[0.285s] Level 5:colcon.colcon_core.verb:set package 'px4_msgs' build argument 'cmake_clean_cache' from command line to 'False'
[0.285s] Level 5:colcon.colcon_core.verb:set package 'px4_msgs' build argument 'cmake_clean_first' from command line to 'False'
[0.285s] Level 5:colcon.colcon_core.verb:set package 'px4_msgs' build argument 'cmake_force_configure' from command line to 'False'
[0.285s] Level 5:colcon.colcon_core.verb:set package 'px4_msgs' build argument 'ament_cmake_args' from command line to 'None'
[0.285s] Level 5:colcon.colcon_core.verb:set package 'px4_msgs' build argument 'catkin_cmake_args' from command line to 'None'
[0.285s] Level 5:colcon.colcon_core.verb:set package 'px4_msgs' build argument 'catkin_skip_building_tests' from command line to 'False'
[0.285s] DEBUG:colcon.colcon_core.verb:Building package 'px4_msgs' with the following arguments: {'ament_cmake_args': None, 'build_base': '/home/gracekim/workspace/test_ws/build/px4_msgs', 'catkin_cmake_args': None, 'catkin_skip_building_tests': False, 'cmake_args': None, 'cmake_clean_cache': False, 'cmake_clean_first': False, 'cmake_force_configure': False, 'cmake_target': None, 'cmake_target_skip_unavailable': False, 'install_base': '/home/gracekim/workspace/test_ws/install/px4_msgs', 'merge_install': False, 'path': '/home/gracekim/workspace/test_ws/src/px4_msgs', 'symlink_install': True, 'test_result_base': None}
[0.286s] Level 5:colcon.colcon_core.verb:set package 'test_nodes' build argument 'cmake_args' from command line to 'None'
[0.286s] Level 5:colcon.colcon_core.verb:set package 'test_nodes' build argument 'cmake_target' from command line to 'None'
[0.286s] Level 5:colcon.colcon_core.verb:set package 'test_nodes' build argument 'cmake_target_skip_unavailable' from command line to 'False'
[0.286s] Level 5:colcon.colcon_core.verb:set package 'test_nodes' build argument 'cmake_clean_cache' from command line to 'False'
[0.286s] Level 5:colcon.colcon_core.verb:set package 'test_nodes' build argument 'cmake_clean_first' from command line to 'False'
[0.286s] Level 5:colcon.colcon_core.verb:set package 'test_nodes' build argument 'cmake_force_configure' from command line to 'False'
[0.286s] Level 5:colcon.colcon_core.verb:set package 'test_nodes' build argument 'ament_cmake_args' from command line to 'None'
[0.286s] Level 5:colcon.colcon_core.verb:set package 'test_nodes' build argument 'catkin_cmake_args' from command line to 'None'
[0.286s] Level 5:colcon.colcon_core.verb:set package 'test_nodes' build argument 'catkin_skip_building_tests' from command line to 'False'
[0.286s] DEBUG:colcon.colcon_core.verb:Building package 'test_nodes' with the following arguments: {'ament_cmake_args': None, 'build_base': '/home/gracekim/workspace/test_ws/build/test_nodes', 'catkin_cmake_args': None, 'catkin_skip_building_tests': False, 'cmake_args': None, 'cmake_clean_cache': False, 'cmake_clean_first': False, 'cmake_force_configure': False, 'cmake_target': None, 'cmake_target_skip_unavailable': False, 'install_base': '/home/gracekim/workspace/test_ws/install/test_nodes', 'merge_install': False, 'path': '/home/gracekim/workspace/test_ws/src/vehicle_controller', 'symlink_install': True, 'test_result_base': None}
[0.286s] Level 5:colcon.colcon_core.verb:set package 'yolo_detection' build argument 'cmake_args' from command line to 'None'
[0.286s] Level 5:colcon.colcon_core.verb:set package 'yolo_detection' build argument 'cmake_target' from command line to 'None'
[0.286s] Level 5:colcon.colcon_core.verb:set package 'yolo_detection' build argument 'cmake_target_skip_unavailable' from command line to 'False'
[0.286s] Level 5:colcon.colcon_core.verb:set package 'yolo_detection' build argument 'cmake_clean_cache' from command line to 'False'
[0.286s] Level 5:colcon.colcon_core.verb:set package 'yolo_detection' build argument 'cmake_clean_first' from command line to 'False'
[0.286s] Level 5:colcon.colcon_core.verb:set package 'yolo_detection' build argument 'cmake_force_configure' from command line to 'False'
[0.286s] Level 5:colcon.colcon_core.verb:set package 'yolo_detection' build argument 'ament_cmake_args' from command line to 'None'
[0.286s] Level 5:colcon.colcon_core.verb:set package 'yolo_detection' build argument 'catkin_cmake_args' from command line to 'None'
[0.286s] Level 5:colcon.colcon_core.verb:set package 'yolo_detection' build argument 'catkin_skip_building_tests' from command line to 'False'
[0.286s] DEBUG:colcon.colcon_core.verb:Building package 'yolo_detection' with the following arguments: {'ament_cmake_args': None, 'build_base': '/home/gracekim/workspace/test_ws/build/yolo_detection', 'catkin_cmake_args': None, 'catkin_skip_building_tests': False, 'cmake_args': None, 'cmake_clean_cache': False, 'cmake_clean_first': False, 'cmake_force_configure': False, 'cmake_target': None, 'cmake_target_skip_unavailable': False, 'install_base': '/home/gracekim/workspace/test_ws/install/yolo_detection', 'merge_install': False, 'path': '/home/gracekim/workspace/test_ws/src/yolo_detection', 'symlink_install': True, 'test_result_base': None}
[0.286s] INFO:colcon.colcon_core.executor:Executing jobs using 'parallel' executor
[0.287s] DEBUG:colcon.colcon_parallel_executor.executor.parallel:run_until_complete
[0.287s] INFO:colcon.colcon_ros.task.ament_cmake.build:Building ROS package in '/home/gracekim/workspace/test_ws/src/my_bboxes_msg' with build type 'ament_cmake'
[0.287s] INFO:colcon.colcon_cmake.task.cmake.build:Building CMake package in '/home/gracekim/workspace/test_ws/src/my_bboxes_msg'
[0.289s] INFO:colcon.colcon_core.plugin_system:Skipping extension 'colcon_core.shell.bat': Not used on non-Windows systems
[0.289s] INFO:colcon.colcon_core.shell:Skip shell extension 'powershell' for command environment: Not usable outside of PowerShell
[0.289s] DEBUG:colcon.colcon_core.shell:Skip shell extension 'dsv' for command environment
[0.293s] INFO:colcon.colcon_ros.task.ament_cmake.build:Building ROS package in '/home/gracekim/workspace/test_ws/src/px4_msgs' with build type 'ament_cmake'
[0.293s] INFO:colcon.colcon_cmake.task.cmake.build:Building CMake package in '/home/gracekim/workspace/test_ws/src/px4_msgs'
[0.293s] INFO:colcon.colcon_core.shell:Skip shell extension 'powershell' for command environment: Not usable outside of PowerShell
[0.293s] DEBUG:colcon.colcon_core.shell:Skip shell extension 'dsv' for command environment
[0.299s] DEBUG:colcon.colcon_core.event_handler.log_command:Invoking command in '/home/gracekim/workspace/test_ws/build/my_bboxes_msg': CMAKE_PREFIX_PATH=${CMAKE_PREFIX_PATH}:/home/gracekim/workspace/test_ws/install/yolo_detection:/home/gracekim/workspace/test_ws/install/test_nodes:/opt/ros/foxy /usr/local/bin/cmake --build /home/gracekim/workspace/test_ws/build/my_bboxes_msg -- -j16 -l16
[0.307s] DEBUG:colcon.colcon_core.event_handler.log_command:Invoking command in '/home/gracekim/workspace/test_ws/build/px4_msgs': CMAKE_PREFIX_PATH=${CMAKE_PREFIX_PATH}:/home/gracekim/workspace/test_ws/install/yolo_detection:/home/gracekim/workspace/test_ws/install/test_nodes:/opt/ros/foxy /usr/local/bin/cmake --build /home/gracekim/workspace/test_ws/build/px4_msgs -- -j16 -l16
[0.385s] DEBUG:colcon.colcon_core.event_handler.log_command:Invoked command in '/home/gracekim/workspace/test_ws/build/my_bboxes_msg' returned '0': CMAKE_PREFIX_PATH=${CMAKE_PREFIX_PATH}:/home/gracekim/workspace/test_ws/install/yolo_detection:/home/gracekim/workspace/test_ws/install/test_nodes:/opt/ros/foxy /usr/local/bin/cmake --build /home/gracekim/workspace/test_ws/build/my_bboxes_msg -- -j16 -l16
[0.448s] DEBUG:colcon.colcon_core.event_handler.log_command:Invoking command in '/home/gracekim/workspace/test_ws/build/my_bboxes_msg': CMAKE_PREFIX_PATH=${CMAKE_PREFIX_PATH}:/home/gracekim/workspace/test_ws/install/yolo_detection:/home/gracekim/workspace/test_ws/install/test_nodes:/opt/ros/foxy /usr/local/bin/cmake --install /home/gracekim/workspace/test_ws/build/my_bboxes_msg
[0.491s] Level 1:colcon.colcon_core.environment:create_environment_scripts_only(my_bboxes_msg)
[0.492s] DEBUG:colcon.colcon_core.event_handler.log_command:Invoked command in '/home/gracekim/workspace/test_ws/build/my_bboxes_msg' returned '0': CMAKE_PREFIX_PATH=${CMAKE_PREFIX_PATH}:/home/gracekim/workspace/test_ws/install/yolo_detection:/home/gracekim/workspace/test_ws/install/test_nodes:/opt/ros/foxy /usr/local/bin/cmake --install /home/gracekim/workspace/test_ws/build/my_bboxes_msg
[0.493s] Level 1:colcon.colcon_core.environment:checking '/home/gracekim/workspace/test_ws/install/my_bboxes_msg' for CMake module files
[0.494s] Level 1:colcon.colcon_core.environment:checking '/home/gracekim/workspace/test_ws/install/my_bboxes_msg' for CMake config files
[0.494s] Level 1:colcon.colcon_core.shell:create_environment_hook('my_bboxes_msg', 'cmake_prefix_path')
[0.494s] INFO:colcon.colcon_core.shell:Creating environment hook '/home/gracekim/workspace/test_ws/install/my_bboxes_msg/share/my_bboxes_msg/hook/cmake_prefix_path.ps1'
[0.495s] INFO:colcon.colcon_core.shell:Creating environment descriptor '/home/gracekim/workspace/test_ws/install/my_bboxes_msg/share/my_bboxes_msg/hook/cmake_prefix_path.dsv'
[0.495s] INFO:colcon.colcon_core.shell:Creating environment hook '/home/gracekim/workspace/test_ws/install/my_bboxes_msg/share/my_bboxes_msg/hook/cmake_prefix_path.sh'
[0.495s] Level 1:colcon.colcon_core.environment:checking '/home/gracekim/workspace/test_ws/install/my_bboxes_msg/lib'
[0.496s] Level 1:colcon.colcon_core.shell:create_environment_hook('my_bboxes_msg', 'ld_library_path_lib')
[0.496s] INFO:colcon.colcon_core.shell:Creating environment hook '/home/gracekim/workspace/test_ws/install/my_bboxes_msg/share/my_bboxes_msg/hook/ld_library_path_lib.ps1'
[0.496s] INFO:colcon.colcon_core.shell:Creating environment descriptor '/home/gracekim/workspace/test_ws/install/my_bboxes_msg/share/my_bboxes_msg/hook/ld_library_path_lib.dsv'
[0.496s] INFO:colcon.colcon_core.shell:Creating environment hook '/home/gracekim/workspace/test_ws/install/my_bboxes_msg/share/my_bboxes_msg/hook/ld_library_path_lib.sh'
[0.496s] Level 1:colcon.colcon_core.environment:checking '/home/gracekim/workspace/test_ws/install/my_bboxes_msg/bin'
[0.496s] Level 1:colcon.colcon_core.environment:checking '/home/gracekim/workspace/test_ws/install/my_bboxes_msg/lib/pkgconfig/my_bboxes_msg.pc'
[0.497s] Level 1:colcon.colcon_core.environment:checking '/home/gracekim/workspace/test_ws/install/my_bboxes_msg/lib/python3.8/site-packages'
[0.497s] Level 1:colcon.colcon_core.shell:create_environment_hook('my_bboxes_msg', 'pythonpath')
[0.497s] INFO:colcon.colcon_core.shell:Creating environment hook '/home/gracekim/workspace/test_ws/install/my_bboxes_msg/share/my_bboxes_msg/hook/pythonpath.ps1'
[0.497s] INFO:colcon.colcon_core.shell:Creating environment descriptor '/home/gracekim/workspace/test_ws/install/my_bboxes_msg/share/my_bboxes_msg/hook/pythonpath.dsv'
[0.497s] INFO:colcon.colcon_core.shell:Creating environment hook '/home/gracekim/workspace/test_ws/install/my_bboxes_msg/share/my_bboxes_msg/hook/pythonpath.sh'
[0.497s] Level 1:colcon.colcon_core.environment:checking '/home/gracekim/workspace/test_ws/install/my_bboxes_msg/bin'
[0.498s] INFO:colcon.colcon_core.shell:Creating package script '/home/gracekim/workspace/test_ws/install/my_bboxes_msg/share/my_bboxes_msg/package.ps1'
[0.498s] INFO:colcon.colcon_core.shell:Creating package descriptor '/home/gracekim/workspace/test_ws/install/my_bboxes_msg/share/my_bboxes_msg/package.dsv'
[0.499s] INFO:colcon.colcon_core.shell:Creating package script '/home/gracekim/workspace/test_ws/install/my_bboxes_msg/share/my_bboxes_msg/package.sh'
[0.499s] INFO:colcon.colcon_core.shell:Creating package script '/home/gracekim/workspace/test_ws/install/my_bboxes_msg/share/my_bboxes_msg/package.bash'
[0.499s] INFO:colcon.colcon_core.shell:Creating package script '/home/gracekim/workspace/test_ws/install/my_bboxes_msg/share/my_bboxes_msg/package.zsh'
[0.500s] Level 1:colcon.colcon_core.environment:create_file_with_runtime_dependencies(/home/gracekim/workspace/test_ws/install/my_bboxes_msg/share/colcon-core/packages/my_bboxes_msg)
[0.545s] Level 1:colcon.colcon_core.environment:create_environment_scripts_only(my_bboxes_msg)
[0.545s] Level 1:colcon.colcon_core.environment:checking '/home/gracekim/workspace/test_ws/install/my_bboxes_msg' for CMake module files
[0.546s] Level 1:colcon.colcon_core.environment:checking '/home/gracekim/workspace/test_ws/install/my_bboxes_msg' for CMake config files
[0.546s] Level 1:colcon.colcon_core.shell:create_environment_hook('my_bboxes_msg', 'cmake_prefix_path')
[0.546s] INFO:colcon.colcon_core.shell:Creating environment hook '/home/gracekim/workspace/test_ws/install/my_bboxes_msg/share/my_bboxes_msg/hook/cmake_prefix_path.ps1'
[0.547s] INFO:colcon.colcon_core.shell:Creating environment descriptor '/home/gracekim/workspace/test_ws/install/my_bboxes_msg/share/my_bboxes_msg/hook/cmake_prefix_path.dsv'
[0.547s] INFO:colcon.colcon_core.shell:Creating environment hook '/home/gracekim/workspace/test_ws/install/my_bboxes_msg/share/my_bboxes_msg/hook/cmake_prefix_path.sh'
[0.548s] Level 1:colcon.colcon_core.environment:checking '/home/gracekim/workspace/test_ws/install/my_bboxes_msg/lib'
[0.548s] Level 1:colcon.colcon_core.shell:create_environment_hook('my_bboxes_msg', 'ld_library_path_lib')
[0.548s] INFO:colcon.colcon_core.shell:Creating environment hook '/home/gracekim/workspace/test_ws/install/my_bboxes_msg/share/my_bboxes_msg/hook/ld_library_path_lib.ps1'
[0.549s] INFO:colcon.colcon_core.shell:Creating environment descriptor '/home/gracekim/workspace/test_ws/install/my_bboxes_msg/share/my_bboxes_msg/hook/ld_library_path_lib.dsv'
[0.549s] INFO:colcon.colcon_core.shell:Creating environment hook '/home/gracekim/workspace/test_ws/install/my_bboxes_msg/share/my_bboxes_msg/hook/ld_library_path_lib.sh'
[0.549s] Level 1:colcon.colcon_core.environment:checking '/home/gracekim/workspace/test_ws/install/my_bboxes_msg/bin'
[0.549s] Level 1:colcon.colcon_core.environment:checking '/home/gracekim/workspace/test_ws/install/my_bboxes_msg/lib/pkgconfig/my_bboxes_msg.pc'
[0.550s] Level 1:colcon.colcon_core.environment:checking '/home/gracekim/workspace/test_ws/install/my_bboxes_msg/lib/python3.8/site-packages'
[0.550s] Level 1:colcon.colcon_core.shell:create_environment_hook('my_bboxes_msg', 'pythonpath')
[0.550s] INFO:colcon.colcon_core.shell:Creating environment hook '/home/gracekim/workspace/test_ws/install/my_bboxes_msg/share/my_bboxes_msg/hook/pythonpath.ps1'
[0.550s] INFO:colcon.colcon_core.shell:Creating environment descriptor '/home/gracekim/workspace/test_ws/install/my_bboxes_msg/share/my_bboxes_msg/hook/pythonpath.dsv'
[0.551s] INFO:colcon.colcon_core.shell:Creating environment hook '/home/gracekim/workspace/test_ws/install/my_bboxes_msg/share/my_bboxes_msg/hook/pythonpath.sh'
[0.551s] Level 1:colcon.colcon_core.environment:checking '/home/gracekim/workspace/test_ws/install/my_bboxes_msg/bin'
[0.552s] INFO:colcon.colcon_core.shell:Creating package script '/home/gracekim/workspace/test_ws/install/my_bboxes_msg/share/my_bboxes_msg/package.ps1'
[0.552s] INFO:colcon.colcon_core.shell:Creating package descriptor '/home/gracekim/workspace/test_ws/install/my_bboxes_msg/share/my_bboxes_msg/package.dsv'
[0.553s] INFO:colcon.colcon_core.shell:Creating package script '/home/gracekim/workspace/test_ws/install/my_bboxes_msg/share/my_bboxes_msg/package.sh'
[0.553s] INFO:colcon.colcon_core.shell:Creating package script '/home/gracekim/workspace/test_ws/install/my_bboxes_msg/share/my_bboxes_msg/package.bash'
[0.554s] INFO:colcon.colcon_core.shell:Creating package script '/home/gracekim/workspace/test_ws/install/my_bboxes_msg/share/my_bboxes_msg/package.zsh'
[0.554s] Level 1:colcon.colcon_core.environment:create_file_with_runtime_dependencies(/home/gracekim/workspace/test_ws/install/my_bboxes_msg/share/colcon-core/packages/my_bboxes_msg)
[0.554s] INFO:colcon.colcon_ros.task.ament_python.build:Building ROS package in '/home/gracekim/workspace/test_ws/src/yolo_detection' with build type 'ament_python'
[0.554s] Level 1:colcon.colcon_core.shell:create_environment_hook('yolo_detection', 'ament_prefix_path')
[0.555s] INFO:colcon.colcon_core.shell:Creating environment hook '/home/gracekim/workspace/test_ws/install/yolo_detection/share/yolo_detection/hook/ament_prefix_path.ps1'
[0.555s] INFO:colcon.colcon_core.shell:Creating environment descriptor '/home/gracekim/workspace/test_ws/install/yolo_detection/share/yolo_detection/hook/ament_prefix_path.dsv'
[0.556s] INFO:colcon.colcon_core.shell:Creating environment hook '/home/gracekim/workspace/test_ws/install/yolo_detection/share/yolo_detection/hook/ament_prefix_path.sh'
[0.556s] INFO:colcon.colcon_core.shell:Skip shell extension 'powershell' for command environment: Not usable outside of PowerShell
[0.556s] DEBUG:colcon.colcon_core.shell:Skip shell extension 'dsv' for command environment
[0.731s] INFO:colcon.colcon_core.task.python.build:Building Python package in '/home/gracekim/workspace/test_ws/src/yolo_detection'
[0.731s] INFO:colcon.colcon_core.shell:Skip shell extension 'powershell' for command environment: Not usable outside of PowerShell
[0.731s] DEBUG:colcon.colcon_core.shell:Skip shell extension 'dsv' for command environment
[0.931s] DEBUG:colcon.colcon_core.event_handler.log_command:Invoked command in '/home/gracekim/workspace/test_ws/build/px4_msgs' returned '0': CMAKE_PREFIX_PATH=${CMAKE_PREFIX_PATH}:/home/gracekim/workspace/test_ws/install/yolo_detection:/home/gracekim/workspace/test_ws/install/test_nodes:/opt/ros/foxy /usr/local/bin/cmake --build /home/gracekim/workspace/test_ws/build/px4_msgs -- -j16 -l16
[1.211s] DEBUG:colcon.colcon_core.event_handler.log_command:Invoking command in '/home/gracekim/workspace/test_ws/build/yolo_detection': CMAKE_PREFIX_PATH=/home/gracekim/workspace/test_ws/install/my_bboxes_msg:/home/gracekim/workspace/test_ws/install/px4_msgs LD_LIBRARY_PATH=/home/gracekim/workspace/test_ws/install/my_bboxes_msg/lib:/home/gracekim/workspace/test_ws/install/px4_msgs/lib:/usr/lib/x86_64-linux-gnu/gazebo-11/plugins:/opt/ros/foxy/opt/yaml_cpp_vendor/lib:/opt/ros/foxy/opt/rviz_ogre_vendor/lib:/opt/ros/foxy/lib/x86_64-linux-gnu:/opt/ros/foxy/lib PYTHONPATH=/home/gracekim/workspace/test_ws/build/yolo_detection/prefix_override:/usr/lib/python3/dist-packages/colcon_core/task/python/colcon_distutils_commands:/home/gracekim/workspace/test_ws/install/yolo_detection/lib/python3.8/site-packages:/home/gracekim/workspace/test_ws/install/my_bboxes_msg/lib/python3.8/site-packages:/home/gracekim/workspace/test_ws/build/yolo_detection:/home/gracekim/workspace/test_ws/install/yolo_detection/lib/python3.8/site-packages:/home/gracekim/workspace/test_ws/build/test_nodes:/home/gracekim/workspace/test_ws/install/test_nodes/lib/python3.8/site-packages:/home/gracekim/workspace/test_ws/install/px4_msgs/lib/python3.8/site-packages:/opt/ros/foxy/lib/python3.8/site-packages /usr/bin/python3 -W ignore:setup.py install is deprecated setup.py develop --editable --build-directory /home/gracekim/workspace/test_ws/build/yolo_detection/build --no-deps symlink_data
[1.755s] Level 1:colcon.colcon_core.shell:create_environment_hook('yolo_detection', 'pythonpath_develop')
[1.756s] INFO:colcon.colcon_core.shell:Creating environment hook '/home/gracekim/workspace/test_ws/build/yolo_detection/share/yolo_detection/hook/pythonpath_develop.ps1'
[1.756s] DEBUG:colcon.colcon_core.event_handler.log_command:Invoked command in '/home/gracekim/workspace/test_ws/build/yolo_detection' returned '0': CMAKE_PREFIX_PATH=/home/gracekim/workspace/test_ws/install/my_bboxes_msg:/home/gracekim/workspace/test_ws/install/px4_msgs LD_LIBRARY_PATH=/home/gracekim/workspace/test_ws/install/my_bboxes_msg/lib:/home/gracekim/workspace/test_ws/install/px4_msgs/lib:/usr/lib/x86_64-linux-gnu/gazebo-11/plugins:/opt/ros/foxy/opt/yaml_cpp_vendor/lib:/opt/ros/foxy/opt/rviz_ogre_vendor/lib:/opt/ros/foxy/lib/x86_64-linux-gnu:/opt/ros/foxy/lib PYTHONPATH=/home/gracekim/workspace/test_ws/build/yolo_detection/prefix_override:/usr/lib/python3/dist-packages/colcon_core/task/python/colcon_distutils_commands:/home/gracekim/workspace/test_ws/install/yolo_detection/lib/python3.8/site-packages:/home/gracekim/workspace/test_ws/install/my_bboxes_msg/lib/python3.8/site-packages:/home/gracekim/workspace/test_ws/build/yolo_detection:/home/gracekim/workspace/test_ws/install/yolo_detection/lib/python3.8/site-packages:/home/gracekim/workspace/test_ws/build/test_nodes:/home/gracekim/workspace/test_ws/install/test_nodes/lib/python3.8/site-packages:/home/gracekim/workspace/test_ws/install/px4_msgs/lib/python3.8/site-packages:/opt/ros/foxy/lib/python3.8/site-packages /usr/bin/python3 -W ignore:setup.py install is deprecated setup.py develop --editable --build-directory /home/gracekim/workspace/test_ws/build/yolo_detection/build --no-deps symlink_data
[1.757s] INFO:colcon.colcon_core.shell:Creating environment descriptor '/home/gracekim/workspace/test_ws/build/yolo_detection/share/yolo_detection/hook/pythonpath_develop.dsv'
[1.757s] INFO:colcon.colcon_core.shell:Creating environment hook '/home/gracekim/workspace/test_ws/build/yolo_detection/share/yolo_detection/hook/pythonpath_develop.sh'
[1.758s] Level 1:colcon.colcon_core.environment:checking '/home/gracekim/workspace/test_ws/install/yolo_detection' for CMake module files
[1.758s] Level 1:colcon.colcon_core.environment:checking '/home/gracekim/workspace/test_ws/install/yolo_detection' for CMake config files
[1.758s] Level 1:colcon.colcon_core.environment:checking '/home/gracekim/workspace/test_ws/install/yolo_detection/lib'
[1.758s] Level 1:colcon.colcon_core.environment:checking '/home/gracekim/workspace/test_ws/install/yolo_detection/bin'
[1.758s] Level 1:colcon.colcon_core.environment:checking '/home/gracekim/workspace/test_ws/install/yolo_detection/lib/pkgconfig/yolo_detection.pc'
[1.758s] Level 1:colcon.colcon_core.environment:checking '/home/gracekim/workspace/test_ws/install/yolo_detection/lib/python3.8/site-packages'
[1.758s] Level 1:colcon.colcon_core.shell:create_environment_hook('yolo_detection', 'pythonpath')
[1.759s] INFO:colcon.colcon_core.shell:Creating environment hook '/home/gracekim/workspace/test_ws/install/yolo_detection/share/yolo_detection/hook/pythonpath.ps1'
[1.759s] INFO:colcon.colcon_core.shell:Creating environment descriptor '/home/gracekim/workspace/test_ws/install/yolo_detection/share/yolo_detection/hook/pythonpath.dsv'
[1.759s] INFO:colcon.colcon_core.shell:Creating environment hook '/home/gracekim/workspace/test_ws/install/yolo_detection/share/yolo_detection/hook/pythonpath.sh'
[1.759s] Level 1:colcon.colcon_core.environment:checking '/home/gracekim/workspace/test_ws/install/yolo_detection/bin'
[1.759s] Level 1:colcon.colcon_core.environment:create_environment_scripts_only(yolo_detection)
[1.759s] INFO:colcon.colcon_core.shell:Creating package script '/home/gracekim/workspace/test_ws/install/yolo_detection/share/yolo_detection/package.ps1'
[1.760s] INFO:colcon.colcon_core.shell:Creating package descriptor '/home/gracekim/workspace/test_ws/install/yolo_detection/share/yolo_detection/package.dsv'
[1.760s] INFO:colcon.colcon_core.shell:Creating package script '/home/gracekim/workspace/test_ws/install/yolo_detection/share/yolo_detection/package.sh'
[1.761s] INFO:colcon.colcon_core.shell:Creating package script '/home/gracekim/workspace/test_ws/install/yolo_detection/share/yolo_detection/package.bash'
[1.761s] INFO:colcon.colcon_core.shell:Creating package script '/home/gracekim/workspace/test_ws/install/yolo_detection/share/yolo_detection/package.zsh'
[1.761s] Level 1:colcon.colcon_core.environment:create_file_with_runtime_dependencies(/home/gracekim/workspace/test_ws/install/yolo_detection/share/colcon-core/packages/yolo_detection)
[2.998s] DEBUG:colcon.colcon_core.event_handler.log_command:Invoking command in '/home/gracekim/workspace/test_ws/build/px4_msgs': CMAKE_PREFIX_PATH=${CMAKE_PREFIX_PATH}:/home/gracekim/workspace/test_ws/install/yolo_detection:/home/gracekim/workspace/test_ws/install/test_nodes:/opt/ros/foxy /usr/local/bin/cmake --install /home/gracekim/workspace/test_ws/build/px4_msgs
[3.266s] Level 1:colcon.colcon_core.environment:create_environment_scripts_only(px4_msgs)
[3.266s] Level 1:colcon.colcon_core.environment:checking '/home/gracekim/workspace/test_ws/install/px4_msgs' for CMake module files
[3.267s] DEBUG:colcon.colcon_core.event_handler.log_command:Invoked command in '/home/gracekim/workspace/test_ws/build/px4_msgs' returned '0': CMAKE_PREFIX_PATH=${CMAKE_PREFIX_PATH}:/home/gracekim/workspace/test_ws/install/yolo_detection:/home/gracekim/workspace/test_ws/install/test_nodes:/opt/ros/foxy /usr/local/bin/cmake --install /home/gracekim/workspace/test_ws/build/px4_msgs
[3.267s] Level 1:colcon.colcon_core.environment:checking '/home/gracekim/workspace/test_ws/install/px4_msgs' for CMake config files
[3.267s] Level 1:colcon.colcon_core.shell:create_environment_hook('px4_msgs', 'cmake_prefix_path')
[3.267s] INFO:colcon.colcon_core.shell:Creating environment hook '/home/gracekim/workspace/test_ws/install/px4_msgs/share/px4_msgs/hook/cmake_prefix_path.ps1'
[3.268s] INFO:colcon.colcon_core.shell:Creating environment descriptor '/home/gracekim/workspace/test_ws/install/px4_msgs/share/px4_msgs/hook/cmake_prefix_path.dsv'
[3.268s] INFO:colcon.colcon_core.shell:Creating environment hook '/home/gracekim/workspace/test_ws/install/px4_msgs/share/px4_msgs/hook/cmake_prefix_path.sh'
[3.268s] Level 1:colcon.colcon_core.environment:checking '/home/gracekim/workspace/test_ws/install/px4_msgs/lib'
[3.268s] Level 1:colcon.colcon_core.shell:create_environment_hook('px4_msgs', 'ld_library_path_lib')
[3.268s] INFO:colcon.colcon_core.shell:Creating environment hook '/home/gracekim/workspace/test_ws/install/px4_msgs/share/px4_msgs/hook/ld_library_path_lib.ps1'
[3.269s] INFO:colcon.colcon_core.shell:Creating environment descriptor '/home/gracekim/workspace/test_ws/install/px4_msgs/share/px4_msgs/hook/ld_library_path_lib.dsv'
[3.269s] INFO:colcon.colcon_core.shell:Creating environment hook '/home/gracekim/workspace/test_ws/install/px4_msgs/share/px4_msgs/hook/ld_library_path_lib.sh'
[3.269s] Level 1:colcon.colcon_core.environment:checking '/home/gracekim/workspace/test_ws/install/px4_msgs/bin'
[3.269s] Level 1:colcon.colcon_core.environment:checking '/home/gracekim/workspace/test_ws/install/px4_msgs/lib/pkgconfig/px4_msgs.pc'
[3.269s] Level 1:colcon.colcon_core.environment:checking '/home/gracekim/workspace/test_ws/install/px4_msgs/lib/python3.8/site-packages'
[3.269s] Level 1:colcon.colcon_core.shell:create_environment_hook('px4_msgs', 'pythonpath')
[3.269s] INFO:colcon.colcon_core.shell:Creating environment hook '/home/gracekim/workspace/test_ws/install/px4_msgs/share/px4_msgs/hook/pythonpath.ps1'
[3.270s] INFO:colcon.colcon_core.shell:Creating environment descriptor '/home/gracekim/workspace/test_ws/install/px4_msgs/share/px4_msgs/hook/pythonpath.dsv'
[3.270s] INFO:colcon.colcon_core.shell:Creating environment hook '/home/gracekim/workspace/test_ws/install/px4_msgs/share/px4_msgs/hook/pythonpath.sh'
[3.270s] Level 1:colcon.colcon_core.environment:checking '/home/gracekim/workspace/test_ws/install/px4_msgs/bin'
[3.270s] INFO:colcon.colcon_core.shell:Creating package script '/home/gracekim/workspace/test_ws/install/px4_msgs/share/px4_msgs/package.ps1'
[3.271s] INFO:colcon.colcon_core.shell:Creating package descriptor '/home/gracekim/workspace/test_ws/install/px4_msgs/share/px4_msgs/package.dsv'
[3.271s] INFO:colcon.colcon_core.shell:Creating package script '/home/gracekim/workspace/test_ws/install/px4_msgs/share/px4_msgs/package.sh'
[3.271s] INFO:colcon.colcon_core.shell:Creating package script '/home/gracekim/workspace/test_ws/install/px4_msgs/share/px4_msgs/package.bash'
[3.271s] INFO:colcon.colcon_core.shell:Creating package script '/home/gracekim/workspace/test_ws/install/px4_msgs/share/px4_msgs/package.zsh'
[3.271s] Level 1:colcon.colcon_core.environment:create_file_with_runtime_dependencies(/home/gracekim/workspace/test_ws/install/px4_msgs/share/colcon-core/packages/px4_msgs)
[5.287s] Level 1:colcon.colcon_core.environment:create_environment_scripts_only(px4_msgs)
[5.288s] Level 1:colcon.colcon_core.environment:checking '/home/gracekim/workspace/test_ws/install/px4_msgs' for CMake module files
[5.288s] Level 1:colcon.colcon_core.environment:checking '/home/gracekim/workspace/test_ws/install/px4_msgs' for CMake config files
[5.288s] Level 1:colcon.colcon_core.shell:create_environment_hook('px4_msgs', 'cmake_prefix_path')
[5.289s] INFO:colcon.colcon_core.shell:Creating environment hook '/home/gracekim/workspace/test_ws/install/px4_msgs/share/px4_msgs/hook/cmake_prefix_path.ps1'
[5.289s] INFO:colcon.colcon_core.shell:Creating environment descriptor '/home/gracekim/workspace/test_ws/install/px4_msgs/share/px4_msgs/hook/cmake_prefix_path.dsv'
[5.289s] INFO:colcon.colcon_core.shell:Creating environment hook '/home/gracekim/workspace/test_ws/install/px4_msgs/share/px4_msgs/hook/cmake_prefix_path.sh'
[5.290s] Level 1:colcon.colcon_core.environment:checking '/home/gracekim/workspace/test_ws/install/px4_msgs/lib'
[5.290s] Level 1:colcon.colcon_core.shell:create_environment_hook('px4_msgs', 'ld_library_path_lib')
[5.290s] INFO:colcon.colcon_core.shell:Creating environment hook '/home/gracekim/workspace/test_ws/install/px4_msgs/share/px4_msgs/hook/ld_library_path_lib.ps1'
[5.290s] INFO:colcon.colcon_core.shell:Creating environment descriptor '/home/gracekim/workspace/test_ws/install/px4_msgs/share/px4_msgs/hook/ld_library_path_lib.dsv'
[5.291s] INFO:colcon.colcon_core.shell:Creating environment hook '/home/gracekim/workspace/test_ws/install/px4_msgs/share/px4_msgs/hook/ld_library_path_lib.sh'
[5.291s] Level 1:colcon.colcon_core.environment:checking '/home/gracekim/workspace/test_ws/install/px4_msgs/bin'
[5.291s] Level 1:colcon.colcon_core.environment:checking '/home/gracekim/workspace/test_ws/install/px4_msgs/lib/pkgconfig/px4_msgs.pc'
[5.291s] Level 1:colcon.colcon_core.environment:checking '/home/gracekim/workspace/test_ws/install/px4_msgs/lib/python3.8/site-packages'
[5.291s] Level 1:colcon.colcon_core.shell:create_environment_hook('px4_msgs', 'pythonpath')
[5.291s] INFO:colcon.colcon_core.shell:Creating environment hook '/home/gracekim/workspace/test_ws/install/px4_msgs/share/px4_msgs/hook/pythonpath.ps1'
[5.291s] INFO:colcon.colcon_core.shell:Creating environment descriptor '/home/gracekim/workspace/test_ws/install/px4_msgs/share/px4_msgs/hook/pythonpath.dsv'
[5.291s] INFO:colcon.colcon_core.shell:Creating environment hook '/home/gracekim/workspace/test_ws/install/px4_msgs/share/px4_msgs/hook/pythonpath.sh'
[5.292s] Level 1:colcon.colcon_core.environment:checking '/home/gracekim/workspace/test_ws/install/px4_msgs/bin'
[5.292s] INFO:colcon.colcon_core.shell:Creating package script '/home/gracekim/workspace/test_ws/install/px4_msgs/share/px4_msgs/package.ps1'
[5.292s] INFO:colcon.colcon_core.shell:Creating package descriptor '/home/gracekim/workspace/test_ws/install/px4_msgs/share/px4_msgs/package.dsv'
[5.292s] INFO:colcon.colcon_core.shell:Creating package script '/home/gracekim/workspace/test_ws/install/px4_msgs/share/px4_msgs/package.sh'
[5.293s] INFO:colcon.colcon_core.shell:Creating package script '/home/gracekim/workspace/test_ws/install/px4_msgs/share/px4_msgs/package.bash'
[5.293s] INFO:colcon.colcon_core.shell:Creating package script '/home/gracekim/workspace/test_ws/install/px4_msgs/share/px4_msgs/package.zsh'
[5.293s] Level 1:colcon.colcon_core.environment:create_file_with_runtime_dependencies(/home/gracekim/workspace/test_ws/install/px4_msgs/share/colcon-core/packages/px4_msgs)
[5.293s] INFO:colcon.colcon_ros.task.ament_python.build:Building ROS package in '/home/gracekim/workspace/test_ws/src/vehicle_controller' with build type 'ament_python'
[5.293s] Level 1:colcon.colcon_core.shell:create_environment_hook('test_nodes', 'ament_prefix_path')
[5.294s] INFO:colcon.colcon_core.shell:Creating environment hook '/home/gracekim/workspace/test_ws/install/test_nodes/share/test_nodes/hook/ament_prefix_path.ps1'
[5.294s] INFO:colcon.colcon_core.shell:Creating environment descriptor '/home/gracekim/workspace/test_ws/install/test_nodes/share/test_nodes/hook/ament_prefix_path.dsv'
[5.294s] INFO:colcon.colcon_core.shell:Creating environment hook '/home/gracekim/workspace/test_ws/install/test_nodes/share/test_nodes/hook/ament_prefix_path.sh'
[5.295s] INFO:colcon.colcon_core.shell:Skip shell extension 'powershell' for command environment: Not usable outside of PowerShell
[5.295s] DEBUG:colcon.colcon_core.shell:Skip shell extension 'dsv' for command environment
[5.477s] INFO:colcon.colcon_core.task.python.build:Building Python package in '/home/gracekim/workspace/test_ws/src/vehicle_controller'
[5.477s] INFO:colcon.colcon_core.shell:Skip shell extension 'powershell' for command environment: Not usable outside of PowerShell
[5.477s] DEBUG:colcon.colcon_core.shell:Skip shell extension 'dsv' for command environment
[5.980s] DEBUG:colcon.colcon_core.event_handler.log_command:Invoking command in '/home/gracekim/workspace/test_ws/build/test_nodes': PYTHONPATH=/home/gracekim/workspace/test_ws/build/test_nodes/prefix_override:/usr/lib/python3/dist-packages/colcon_core/task/python/colcon_distutils_commands:/home/gracekim/workspace/test_ws/install/test_nodes/lib/python3.8/site-packages:/home/gracekim/workspace/test_ws/install/px4_msgs/lib/python3.8/site-packages:/home/gracekim/workspace/test_ws/install/my_bboxes_msg/lib/python3.8/site-packages:/home/gracekim/workspace/test_ws/build/yolo_detection:/home/gracekim/workspace/test_ws/install/yolo_detection/lib/python3.8/site-packages:/home/gracekim/workspace/test_ws/build/test_nodes:/home/gracekim/workspace/test_ws/install/test_nodes/lib/python3.8/site-packages:/opt/ros/foxy/lib/python3.8/site-packages /usr/bin/python3 -W ignore:setup.py install is deprecated setup.py develop --editable --build-directory /home/gracekim/workspace/test_ws/build/test_nodes/build --no-deps symlink_data
[6.525s] Level 1:colcon.colcon_core.shell:create_environment_hook('test_nodes', 'pythonpath_develop')
[6.526s] INFO:colcon.colcon_core.shell:Creating environment hook '/home/gracekim/workspace/test_ws/build/test_nodes/share/test_nodes/hook/pythonpath_develop.ps1'
[6.526s] INFO:colcon.colcon_core.shell:Creating environment descriptor '/home/gracekim/workspace/test_ws/build/test_nodes/share/test_nodes/hook/pythonpath_develop.dsv'
[6.527s] DEBUG:colcon.colcon_core.event_handler.log_command:Invoked command in '/home/gracekim/workspace/test_ws/build/test_nodes' returned '0': PYTHONPATH=/home/gracekim/workspace/test_ws/build/test_nodes/prefix_override:/usr/lib/python3/dist-packages/colcon_core/task/python/colcon_distutils_commands:/home/gracekim/workspace/test_ws/install/test_nodes/lib/python3.8/site-packages:/home/gracekim/workspace/test_ws/install/px4_msgs/lib/python3.8/site-packages:/home/gracekim/workspace/test_ws/install/my_bboxes_msg/lib/python3.8/site-packages:/home/gracekim/workspace/test_ws/build/yolo_detection:/home/gracekim/workspace/test_ws/install/yolo_detection/lib/python3.8/site-packages:/home/gracekim/workspace/test_ws/build/test_nodes:/home/gracekim/workspace/test_ws/install/test_nodes/lib/python3.8/site-packages:/opt/ros/foxy/lib/python3.8/site-packages /usr/bin/python3 -W ignore:setup.py install is deprecated setup.py develop --editable --build-directory /home/gracekim/workspace/test_ws/build/test_nodes/build --no-deps symlink_data
[6.527s] INFO:colcon.colcon_core.shell:Creating environment hook '/home/gracekim/workspace/test_ws/build/test_nodes/share/test_nodes/hook/pythonpath_develop.sh'
[6.527s] Level 1:colcon.colcon_core.environment:checking '/home/gracekim/workspace/test_ws/install/test_nodes' for CMake module files
[6.528s] Level 1:colcon.colcon_core.environment:checking '/home/gracekim/workspace/test_ws/install/test_nodes' for CMake config files
[6.528s] Level 1:colcon.colcon_core.environment:checking '/home/gracekim/workspace/test_ws/install/test_nodes/lib'
[6.528s] Level 1:colcon.colcon_core.environment:checking '/home/gracekim/workspace/test_ws/install/test_nodes/bin'
[6.528s] Level 1:colcon.colcon_core.environment:checking '/home/gracekim/workspace/test_ws/install/test_nodes/lib/pkgconfig/test_nodes.pc'
[6.528s] Level 1:colcon.colcon_core.environment:checking '/home/gracekim/workspace/test_ws/install/test_nodes/lib/python3.8/site-packages'
[6.528s] Level 1:colcon.colcon_core.shell:create_environment_hook('test_nodes', 'pythonpath')
[6.528s] INFO:colcon.colcon_core.shell:Creating environment hook '/home/gracekim/workspace/test_ws/install/test_nodes/share/test_nodes/hook/pythonpath.ps1'
[6.529s] INFO:colcon.colcon_core.shell:Creating environment descriptor '/home/gracekim/workspace/test_ws/install/test_nodes/share/test_nodes/hook/pythonpath.dsv'
[6.529s] INFO:colcon.colcon_core.shell:Creating environment hook '/home/gracekim/workspace/test_ws/install/test_nodes/share/test_nodes/hook/pythonpath.sh'
[6.529s] Level 1:colcon.colcon_core.environment:checking '/home/gracekim/workspace/test_ws/install/test_nodes/bin'
[6.529s] Level 1:colcon.colcon_core.environment:create_environment_scripts_only(test_nodes)
[6.529s] INFO:colcon.colcon_core.shell:Creating package script '/home/gracekim/workspace/test_ws/install/test_nodes/share/test_nodes/package.ps1'
[6.530s] INFO:colcon.colcon_core.shell:Creating package descriptor '/home/gracekim/workspace/test_ws/install/test_nodes/share/test_nodes/package.dsv'
[6.530s] INFO:colcon.colcon_core.shell:Creating package script '/home/gracekim/workspace/test_ws/install/test_nodes/share/test_nodes/package.sh'
[6.530s] INFO:colcon.colcon_core.shell:Creating package script '/home/gracekim/workspace/test_ws/install/test_nodes/share/test_nodes/package.bash'
[6.530s] INFO:colcon.colcon_core.shell:Creating package script '/home/gracekim/workspace/test_ws/install/test_nodes/share/test_nodes/package.zsh'
[6.531s] Level 1:colcon.colcon_core.environment:create_file_with_runtime_dependencies(/home/gracekim/workspace/test_ws/install/test_nodes/share/colcon-core/packages/test_nodes)
[6.531s] DEBUG:colcon.colcon_parallel_executor.executor.parallel:closing loop
[6.531s] DEBUG:colcon.colcon_parallel_executor.executor.parallel:loop closed
[6.531s] DEBUG:colcon.colcon_parallel_executor.executor.parallel:run_until_complete finished with '0'
[6.532s] DEBUG:colcon.colcon_core.event_reactor:joining thread
[6.539s] INFO:colcon.colcon_core.plugin_system:Skipping extension 'colcon_notification.desktop_notification.terminal_notifier': Not used on non-Darwin systems
[6.539s] INFO:colcon.colcon_core.plugin_system:Skipping extension 'colcon_notification.desktop_notification.win32': Not used on non-Windows systems
[6.539s] INFO:colcon.colcon_notification.desktop_notification:Sending desktop notification using 'notify2'
[6.550s] DEBUG:colcon.colcon_core.event_reactor:joined thread
[6.551s] INFO:colcon.colcon_core.shell:Creating prefix script '/home/gracekim/workspace/test_ws/install/local_setup.ps1'
[6.552s] INFO:colcon.colcon_core.shell:Creating prefix util module '/home/gracekim/workspace/test_ws/install/_local_setup_util_ps1.py'
[6.553s] INFO:colcon.colcon_core.shell:Creating prefix chain script '/home/gracekim/workspace/test_ws/install/setup.ps1'
[6.555s] INFO:colcon.colcon_core.shell:Creating prefix script '/home/gracekim/workspace/test_ws/install/local_setup.sh'
[6.555s] INFO:colcon.colcon_core.shell:Creating prefix util module '/home/gracekim/workspace/test_ws/install/_local_setup_util_sh.py'
[6.556s] INFO:colcon.colcon_core.shell:Creating prefix chain script '/home/gracekim/workspace/test_ws/install/setup.sh'
[6.557s] INFO:colcon.colcon_core.shell:Creating prefix script '/home/gracekim/workspace/test_ws/install/local_setup.bash'
[6.557s] INFO:colcon.colcon_core.shell:Creating prefix chain script '/home/gracekim/workspace/test_ws/install/setup.bash'
[6.558s] INFO:colcon.colcon_core.shell:Creating prefix script '/home/gracekim/workspace/test_ws/install/local_setup.zsh'
[6.558s] INFO:colcon.colcon_core.shell:Creating prefix chain script '/home/gracekim/workspace/test_ws/install/setup.zsh'
