[0.178s] DEBUG:colcon:Command line arguments: ['/usr/bin/colcon', 'build', '--symlink-install']
[0.178s] DEBUG:colcon:Parsed command line arguments: Namespace(allow_overriding=[], ament_cmake_args=None, base_paths=['.'], build_base='build', catkin_cmake_args=None, catkin_skip_building_tests=False, cmake_args=None, cmake_clean_cache=False, cmake_clean_first=False, cmake_force_configure=False, cmake_target=None, cmake_target_skip_unavailable=False, continue_on_error=False, event_handlers=None, executor='parallel', ignore_user_meta=False, install_base='install', log_base=None, log_level=None, main=<bound method BuildVerb.main of <colcon_core.verb.build.BuildVerb object at 0x7f15883d5f70>>, merge_install=False, metas=['./colcon.meta'], mixin=None, mixin_files=None, mixin_verb=('build',), packages_above=None, packages_above_and_dependencies=None, packages_above_depth=None, packages_end=None, packages_ignore=None, packages_ignore_regex=None, packages_select=None, packages_select_build_failed=False, packages_select_by_dep=None, packages_select_regex=None, packages_select_test_failures=False, packages_skip=None, packages_skip_build_finished=False, packages_skip_by_dep=None, packages_skip_regex=None, packages_skip_test_passed=False, packages_skip_up_to=None, packages_start=None, packages_up_to=None, packages_up_to_regex=None, parallel_workers=16, paths=None, symlink_install=True, test_result_base=None, verb_extension=<colcon_core.verb.build.BuildVerb object at 0x7f15883d5f70>, verb_name='build', verb_parser=<colcon_mixin.mixin.mixin_argument.MixinArgumentDecorator object at 0x7f15883ea940>)
[0.218s] Level 1:colcon.colcon_core.package_discovery:discover_packages(colcon_meta) check parameters
[0.218s] Level 1:colcon.colcon_core.package_discovery:discover_packages(recursive) check parameters
[0.218s] Level 1:colcon.colcon_core.package_discovery:discover_packages(ignore) check parameters
[0.218s] Level 1:colcon.colcon_core.package_discovery:discover_packages(path) check parameters
[0.218s] Level 1:colcon.colcon_core.package_discovery:discover_packages(colcon_meta) discover
[0.218s] Level 1:colcon.colcon_core.package_discovery:discover_packages(recursive) discover
[0.218s] INFO:colcon.colcon_core.package_discovery:Crawling recursively for packages in '/home/gracekim/workspace/test_ws'
[0.218s] Level 1:colcon.colcon_core.package_identification:_identify(.) by extensions ['ignore', 'ignore_ament_install']
[0.218s] Level 1:colcon.colcon_core.package_identification:_identify(.) by extension 'ignore'
[0.218s] Level 1:colcon.colcon_core.package_identification:_identify(.) by extension 'ignore_ament_install'
[0.218s] Level 1:colcon.colcon_core.package_identification:_identify(.) by extensions ['colcon_pkg']
[0.219s] Level 1:colcon.colcon_core.package_identification:_identify(.) by extension 'colcon_pkg'
[0.219s] Level 1:colcon.colcon_core.package_identification:_identify(.) by extensions ['colcon_meta']
[0.219s] Level 1:colcon.colcon_core.package_identification:_identify(.) by extension 'colcon_meta'
[0.219s] Level 1:colcon.colcon_core.package_identification:_identify(.) by extensions ['ros']
[0.219s] Level 1:colcon.colcon_core.package_identification:_identify(.) by extension 'ros'
[0.230s] Level 1:colcon.colcon_core.package_identification:_identify(.) by extensions ['cmake', 'python']
[0.230s] Level 1:colcon.colcon_core.package_identification:_identify(.) by extension 'cmake'
[0.230s] Level 1:colcon.colcon_core.package_identification:_identify(.) by extension 'python'
[0.230s] Level 1:colcon.colcon_core.package_identification:_identify(.) by extensions ['python_setup_py']
[0.230s] Level 1:colcon.colcon_core.package_identification:_identify(.) by extension 'python_setup_py'
[0.231s] Level 1:colcon.colcon_core.package_identification:_identify(build) by extensions ['ignore', 'ignore_ament_install']
[0.231s] Level 1:colcon.colcon_core.package_identification:_identify(build) by extension 'ignore'
[0.231s] Level 1:colcon.colcon_core.package_identification:_identify(build) ignored
[0.231s] Level 1:colcon.colcon_core.package_identification:_identify(install) by extensions ['ignore', 'ignore_ament_install']
[0.231s] Level 1:colcon.colcon_core.package_identification:_identify(install) by extension 'ignore'
[0.231s] Level 1:colcon.colcon_core.package_identification:_identify(install) ignored
[0.231s] Level 1:colcon.colcon_core.package_identification:_identify(log) by extensions ['ignore', 'ignore_ament_install']
[0.231s] Level 1:colcon.colcon_core.package_identification:_identify(log) by extension 'ignore'
[0.231s] Level 1:colcon.colcon_core.package_identification:_identify(log) ignored
[0.231s] Level 1:colcon.colcon_core.package_identification:_identify(src) by extensions ['ignore', 'ignore_ament_install']
[0.231s] Level 1:colcon.colcon_core.package_identification:_identify(src) by extension 'ignore'
[0.231s] Level 1:colcon.colcon_core.package_identification:_identify(src) by extension 'ignore_ament_install'
[0.231s] Level 1:colcon.colcon_core.package_identification:_identify(src) by extensions ['colcon_pkg']
[0.231s] Level 1:colcon.colcon_core.package_identification:_identify(src) by extension 'colcon_pkg'
[0.231s] Level 1:colcon.colcon_core.package_identification:_identify(src) by extensions ['colcon_meta']
[0.231s] Level 1:colcon.colcon_core.package_identification:_identify(src) by extension 'colcon_meta'
[0.231s] Level 1:colcon.colcon_core.package_identification:_identify(src) by extensions ['ros']
[0.231s] Level 1:colcon.colcon_core.package_identification:_identify(src) by extension 'ros'
[0.231s] Level 1:colcon.colcon_core.package_identification:_identify(src) by extensions ['cmake', 'python']
[0.231s] Level 1:colcon.colcon_core.package_identification:_identify(src) by extension 'cmake'
[0.231s] Level 1:colcon.colcon_core.package_identification:_identify(src) by extension 'python'
[0.231s] Level 1:colcon.colcon_core.package_identification:_identify(src) by extensions ['python_setup_py']
[0.232s] Level 1:colcon.colcon_core.package_identification:_identify(src) by extension 'python_setup_py'
[0.232s] Level 1:colcon.colcon_core.package_identification:_identify(src/my_bboxes_msg) by extensions ['ignore', 'ignore_ament_install']
[0.232s] Level 1:colcon.colcon_core.package_identification:_identify(src/my_bboxes_msg) by extension 'ignore'
[0.232s] Level 1:colcon.colcon_core.package_identification:_identify(src/my_bboxes_msg) by extension 'ignore_ament_install'
[0.232s] Level 1:colcon.colcon_core.package_identification:_identify(src/my_bboxes_msg) by extensions ['colcon_pkg']
[0.232s] Level 1:colcon.colcon_core.package_identification:_identify(src/my_bboxes_msg) by extension 'colcon_pkg'
[0.232s] Level 1:colcon.colcon_core.package_identification:_identify(src/my_bboxes_msg) by extensions ['colcon_meta']
[0.232s] Level 1:colcon.colcon_core.package_identification:_identify(src/my_bboxes_msg) by extension 'colcon_meta'
[0.232s] Level 1:colcon.colcon_core.package_identification:_identify(src/my_bboxes_msg) by extensions ['ros']
[0.232s] Level 1:colcon.colcon_core.package_identification:_identify(src/my_bboxes_msg) by extension 'ros'
[0.234s] DEBUG:colcon.colcon_core.package_identification:Package 'src/my_bboxes_msg' with type 'ros.ament_cmake' and name 'my_bboxes_msg'
[0.234s] Level 1:colcon.colcon_core.package_identification:_identify(src/px4_msgs) by extensions ['ignore', 'ignore_ament_install']
[0.234s] Level 1:colcon.colcon_core.package_identification:_identify(src/px4_msgs) by extension 'ignore'
[0.234s] Level 1:colcon.colcon_core.package_identification:_identify(src/px4_msgs) by extension 'ignore_ament_install'
[0.234s] Level 1:colcon.colcon_core.package_identification:_identify(src/px4_msgs) by extensions ['colcon_pkg']
[0.234s] Level 1:colcon.colcon_core.package_identification:_identify(src/px4_msgs) by extension 'colcon_pkg'
[0.234s] Level 1:colcon.colcon_core.package_identification:_identify(src/px4_msgs) by extensions ['colcon_meta']
[0.234s] Level 1:colcon.colcon_core.package_identification:_identify(src/px4_msgs) by extension 'colcon_meta'
[0.235s] Level 1:colcon.colcon_core.package_identification:_identify(src/px4_msgs) by extensions ['ros']
[0.235s] Level 1:colcon.colcon_core.package_identification:_identify(src/px4_msgs) by extension 'ros'
[0.235s] DEBUG:colcon.colcon_core.package_identification:Package 'src/px4_msgs' with type 'ros.ament_cmake' and name 'px4_msgs'
[0.235s] Level 1:colcon.colcon_core.package_identification:_identify(src/vehicle_controller) by extensions ['ignore', 'ignore_ament_install']
[0.235s] Level 1:colcon.colcon_core.package_identification:_identify(src/vehicle_controller) by extension 'ignore'
[0.235s] Level 1:colcon.colcon_core.package_identification:_identify(src/vehicle_controller) by extension 'ignore_ament_install'
[0.235s] Level 1:colcon.colcon_core.package_identification:_identify(src/vehicle_controller) by extensions ['colcon_pkg']
[0.235s] Level 1:colcon.colcon_core.package_identification:_identify(src/vehicle_controller) by extension 'colcon_pkg'
[0.235s] Level 1:colcon.colcon_core.package_identification:_identify(src/vehicle_controller) by extensions ['colcon_meta']
[0.235s] Level 1:colcon.colcon_core.package_identification:_identify(src/vehicle_controller) by extension 'colcon_meta'
[0.235s] Level 1:colcon.colcon_core.package_identification:_identify(src/vehicle_controller) by extensions ['ros']
[0.235s] Level 1:colcon.colcon_core.package_identification:_identify(src/vehicle_controller) by extension 'ros'
[0.236s] DEBUG:colcon.colcon_core.package_identification:Package 'src/vehicle_controller' with type 'ros.ament_python' and name 'test_nodes'
[0.236s] Level 1:colcon.colcon_core.package_identification:_identify(src/yolo_detection) by extensions ['ignore', 'ignore_ament_install']
[0.236s] Level 1:colcon.colcon_core.package_identification:_identify(src/yolo_detection) by extension 'ignore'
[0.236s] Level 1:colcon.colcon_core.package_identification:_identify(src/yolo_detection) by extension 'ignore_ament_install'
[0.236s] Level 1:colcon.colcon_core.package_identification:_identify(src/yolo_detection) by extensions ['colcon_pkg']
[0.236s] Level 1:colcon.colcon_core.package_identification:_identify(src/yolo_detection) by extension 'colcon_pkg'
[0.236s] Level 1:colcon.colcon_core.package_identification:_identify(src/yolo_detection) by extensions ['colcon_meta']
[0.236s] Level 1:colcon.colcon_core.package_identification:_identify(src/yolo_detection) by extension 'colcon_meta'
[0.236s] Level 1:colcon.colcon_core.package_identification:_identify(src/yolo_detection) by extensions ['ros']
[0.236s] Level 1:colcon.colcon_core.package_identification:_identify(src/yolo_detection) by extension 'ros'
[0.237s] DEBUG:colcon.colcon_core.package_identification:Package 'src/yolo_detection' with type 'ros.ament_python' and name 'yolo_detection'
[0.237s] Level 1:colcon.colcon_core.package_discovery:discover_packages(recursive) using defaults
[0.237s] Level 1:colcon.colcon_core.package_discovery:discover_packages(ignore) discover
[0.237s] Level 1:colcon.colcon_core.package_discovery:discover_packages(ignore) using defaults
[0.237s] Level 1:colcon.colcon_core.package_discovery:discover_packages(path) discover
[0.237s] Level 1:colcon.colcon_core.package_discovery:discover_packages(path) using defaults
[0.254s] Level 1:colcon.colcon_core.package_discovery:discover_packages(prefix_path) check parameters
[0.254s] Level 1:colcon.colcon_core.package_discovery:discover_packages(prefix_path) discover
[0.255s] DEBUG:colcon.colcon_installed_package_information.package_discovery:Found 4 installed packages in /home/gracekim/workspace/test_ws/install
[0.256s] DEBUG:colcon.colcon_installed_package_information.package_discovery:Found 311 installed packages in /opt/ros/foxy
[0.257s] Level 1:colcon.colcon_core.package_discovery:discover_packages(prefix_path) using defaults
[0.300s] Level 5:colcon.colcon_core.verb:set package 'my_bboxes_msg' build argument 'cmake_args' from command line to 'None'
[0.300s] Level 5:colcon.colcon_core.verb:set package 'my_bboxes_msg' build argument 'cmake_target' from command line to 'None'
[0.300s] Level 5:colcon.colcon_core.verb:set package 'my_bboxes_msg' build argument 'cmake_target_skip_unavailable' from command line to 'False'
[0.300s] Level 5:colcon.colcon_core.verb:set package 'my_bboxes_msg' build argument 'cmake_clean_cache' from command line to 'False'
[0.300s] Level 5:colcon.colcon_core.verb:set package 'my_bboxes_msg' build argument 'cmake_clean_first' from command line to 'False'
[0.300s] Level 5:colcon.colcon_core.verb:set package 'my_bboxes_msg' build argument 'cmake_force_configure' from command line to 'False'
[0.300s] Level 5:colcon.colcon_core.verb:set package 'my_bboxes_msg' build argument 'ament_cmake_args' from command line to 'None'
[0.300s] Level 5:colcon.colcon_core.verb:set package 'my_bboxes_msg' build argument 'catkin_cmake_args' from command line to 'None'
[0.300s] Level 5:colcon.colcon_core.verb:set package 'my_bboxes_msg' build argument 'catkin_skip_building_tests' from command line to 'False'
[0.300s] DEBUG:colcon.colcon_core.verb:Building package 'my_bboxes_msg' with the following arguments: {'ament_cmake_args': None, 'build_base': '/home/gracekim/workspace/test_ws/build/my_bboxes_msg', 'catkin_cmake_args': None, 'catkin_skip_building_tests': False, 'cmake_args': None, 'cmake_clean_cache': False, 'cmake_clean_first': False, 'cmake_force_configure': False, 'cmake_target': None, 'cmake_target_skip_unavailable': False, 'install_base': '/home/gracekim/workspace/test_ws/install/my_bboxes_msg', 'merge_install': False, 'path': '/home/gracekim/workspace/test_ws/src/my_bboxes_msg', 'symlink_install': True, 'test_result_base': None}
[0.300s] Level 5:colcon.colcon_core.verb:set package 'px4_msgs' build argument 'cmake_args' from command line to 'None'
[0.300s] Level 5:colcon.colcon_core.verb:set package 'px4_msgs' build argument 'cmake_target' from command line to 'None'
[0.300s] Level 5:colcon.colcon_core.verb:set package 'px4_msgs' build argument 'cmake_target_skip_unavailable' from command line to 'False'
[0.300s] Level 5:colcon.colcon_core.verb:set package 'px4_msgs' build argument 'cmake_clean_cache' from command line to 'False'
[0.300s] Level 5:colcon.colcon_core.verb:set package 'px4_msgs' build argument 'cmake_clean_first' from command line to 'False'
[0.300s] Level 5:colcon.colcon_core.verb:set package 'px4_msgs' build argument 'cmake_force_configure' from command line to 'False'
[0.300s] Level 5:colcon.colcon_core.verb:set package 'px4_msgs' build argument 'ament_cmake_args' from command line to 'None'
[0.300s] Level 5:colcon.colcon_core.verb:set package 'px4_msgs' build argument 'catkin_cmake_args' from command line to 'None'
[0.301s] Level 5:colcon.colcon_core.verb:set package 'px4_msgs' build argument 'catkin_skip_building_tests' from command line to 'False'
[0.301s] DEBUG:colcon.colcon_core.verb:Building package 'px4_msgs' with the following arguments: {'ament_cmake_args': None, 'build_base': '/home/gracekim/workspace/test_ws/build/px4_msgs', 'catkin_cmake_args': None, 'catkin_skip_building_tests': False, 'cmake_args': None, 'cmake_clean_cache': False, 'cmake_clean_first': False, 'cmake_force_configure': False, 'cmake_target': None, 'cmake_target_skip_unavailable': False, 'install_base': '/home/gracekim/workspace/test_ws/install/px4_msgs', 'merge_install': False, 'path': '/home/gracekim/workspace/test_ws/src/px4_msgs', 'symlink_install': True, 'test_result_base': None}
[0.301s] Level 5:colcon.colcon_core.verb:set package 'test_nodes' build argument 'cmake_args' from command line to 'None'
[0.301s] Level 5:colcon.colcon_core.verb:set package 'test_nodes' build argument 'cmake_target' from command line to 'None'
[0.301s] Level 5:colcon.colcon_core.verb:set package 'test_nodes' build argument 'cmake_target_skip_unavailable' from command line to 'False'
[0.301s] Level 5:colcon.colcon_core.verb:set package 'test_nodes' build argument 'cmake_clean_cache' from command line to 'False'
[0.301s] Level 5:colcon.colcon_core.verb:set package 'test_nodes' build argument 'cmake_clean_first' from command line to 'False'
[0.301s] Level 5:colcon.colcon_core.verb:set package 'test_nodes' build argument 'cmake_force_configure' from command line to 'False'
[0.301s] Level 5:colcon.colcon_core.verb:set package 'test_nodes' build argument 'ament_cmake_args' from command line to 'None'
[0.301s] Level 5:colcon.colcon_core.verb:set package 'test_nodes' build argument 'catkin_cmake_args' from command line to 'None'
[0.301s] Level 5:colcon.colcon_core.verb:set package 'test_nodes' build argument 'catkin_skip_building_tests' from command line to 'False'
[0.301s] DEBUG:colcon.colcon_core.verb:Building package 'test_nodes' with the following arguments: {'ament_cmake_args': None, 'build_base': '/home/gracekim/workspace/test_ws/build/test_nodes', 'catkin_cmake_args': None, 'catkin_skip_building_tests': False, 'cmake_args': None, 'cmake_clean_cache': False, 'cmake_clean_first': False, 'cmake_force_configure': False, 'cmake_target': None, 'cmake_target_skip_unavailable': False, 'install_base': '/home/gracekim/workspace/test_ws/install/test_nodes', 'merge_install': False, 'path': '/home/gracekim/workspace/test_ws/src/vehicle_controller', 'symlink_install': True, 'test_result_base': None}
[0.301s] Level 5:colcon.colcon_core.verb:set package 'yolo_detection' build argument 'cmake_args' from command line to 'None'
[0.301s] Level 5:colcon.colcon_core.verb:set package 'yolo_detection' build argument 'cmake_target' from command line to 'None'
[0.301s] Level 5:colcon.colcon_core.verb:set package 'yolo_detection' build argument 'cmake_target_skip_unavailable' from command line to 'False'
[0.301s] Level 5:colcon.colcon_core.verb:set package 'yolo_detection' build argument 'cmake_clean_cache' from command line to 'False'
[0.301s] Level 5:colcon.colcon_core.verb:set package 'yolo_detection' build argument 'cmake_clean_first' from command line to 'False'
[0.301s] Level 5:colcon.colcon_core.verb:set package 'yolo_detection' build argument 'cmake_force_configure' from command line to 'False'
[0.301s] Level 5:colcon.colcon_core.verb:set package 'yolo_detection' build argument 'ament_cmake_args' from command line to 'None'
[0.301s] Level 5:colcon.colcon_core.verb:set package 'yolo_detection' build argument 'catkin_cmake_args' from command line to 'None'
[0.301s] Level 5:colcon.colcon_core.verb:set package 'yolo_detection' build argument 'catkin_skip_building_tests' from command line to 'False'
[0.301s] DEBUG:colcon.colcon_core.verb:Building package 'yolo_detection' with the following arguments: {'ament_cmake_args': None, 'build_base': '/home/gracekim/workspace/test_ws/build/yolo_detection', 'catkin_cmake_args': None, 'catkin_skip_building_tests': False, 'cmake_args': None, 'cmake_clean_cache': False, 'cmake_clean_first': False, 'cmake_force_configure': False, 'cmake_target': None, 'cmake_target_skip_unavailable': False, 'install_base': '/home/gracekim/workspace/test_ws/install/yolo_detection', 'merge_install': False, 'path': '/home/gracekim/workspace/test_ws/src/yolo_detection', 'symlink_install': True, 'test_result_base': None}
[0.301s] INFO:colcon.colcon_core.executor:Executing jobs using 'parallel' executor
[0.303s] DEBUG:colcon.colcon_parallel_executor.executor.parallel:run_until_complete
[0.303s] INFO:colcon.colcon_ros.task.ament_cmake.build:Building ROS package in '/home/gracekim/workspace/test_ws/src/my_bboxes_msg' with build type 'ament_cmake'
[0.303s] INFO:colcon.colcon_cmake.task.cmake.build:Building CMake package in '/home/gracekim/workspace/test_ws/src/my_bboxes_msg'
[0.305s] INFO:colcon.colcon_core.plugin_system:Skipping extension 'colcon_core.shell.bat': Not used on non-Windows systems
[0.305s] INFO:colcon.colcon_core.shell:Skip shell extension 'powershell' for command environment: Not usable outside of PowerShell
[0.305s] DEBUG:colcon.colcon_core.shell:Skip shell extension 'dsv' for command environment
[0.309s] INFO:colcon.colcon_ros.task.ament_cmake.build:Building ROS package in '/home/gracekim/workspace/test_ws/src/px4_msgs' with build type 'ament_cmake'
[0.309s] INFO:colcon.colcon_cmake.task.cmake.build:Building CMake package in '/home/gracekim/workspace/test_ws/src/px4_msgs'
[0.310s] INFO:colcon.colcon_core.shell:Skip shell extension 'powershell' for command environment: Not usable outside of PowerShell
[0.310s] DEBUG:colcon.colcon_core.shell:Skip shell extension 'dsv' for command environment
[0.319s] DEBUG:colcon.colcon_core.event_handler.log_command:Invoking command in '/home/gracekim/workspace/test_ws/build/my_bboxes_msg': CMAKE_PREFIX_PATH=${CMAKE_PREFIX_PATH}:/home/gracekim/workspace/test_ws/install/yolo_detection:/home/gracekim/workspace/test_ws/install/test_nodes:/opt/ros/foxy /usr/local/bin/cmake --build /home/gracekim/workspace/test_ws/build/my_bboxes_msg -- -j16 -l16
[0.325s] DEBUG:colcon.colcon_core.event_handler.log_command:Invoking command in '/home/gracekim/workspace/test_ws/build/px4_msgs': CMAKE_PREFIX_PATH=${CMAKE_PREFIX_PATH}:/home/gracekim/workspace/test_ws/install/yolo_detection:/home/gracekim/workspace/test_ws/install/test_nodes:/opt/ros/foxy /usr/local/bin/cmake --build /home/gracekim/workspace/test_ws/build/px4_msgs -- -j16 -l16
[0.399s] DEBUG:colcon.colcon_core.event_handler.log_command:Invoked command in '/home/gracekim/workspace/test_ws/build/my_bboxes_msg' returned '0': CMAKE_PREFIX_PATH=${CMAKE_PREFIX_PATH}:/home/gracekim/workspace/test_ws/install/yolo_detection:/home/gracekim/workspace/test_ws/install/test_nodes:/opt/ros/foxy /usr/local/bin/cmake --build /home/gracekim/workspace/test_ws/build/my_bboxes_msg -- -j16 -l16
[0.452s] DEBUG:colcon.colcon_core.event_handler.log_command:Invoking command in '/home/gracekim/workspace/test_ws/build/my_bboxes_msg': CMAKE_PREFIX_PATH=${CMAKE_PREFIX_PATH}:/home/gracekim/workspace/test_ws/install/yolo_detection:/home/gracekim/workspace/test_ws/install/test_nodes:/opt/ros/foxy /usr/local/bin/cmake --install /home/gracekim/workspace/test_ws/build/my_bboxes_msg
[0.494s] Level 1:colcon.colcon_core.environment:create_environment_scripts_only(my_bboxes_msg)
[0.495s] DEBUG:colcon.colcon_core.event_handler.log_command:Invoked command in '/home/gracekim/workspace/test_ws/build/my_bboxes_msg' returned '0': CMAKE_PREFIX_PATH=${CMAKE_PREFIX_PATH}:/home/gracekim/workspace/test_ws/install/yolo_detection:/home/gracekim/workspace/test_ws/install/test_nodes:/opt/ros/foxy /usr/local/bin/cmake --install /home/gracekim/workspace/test_ws/build/my_bboxes_msg
[0.496s] Level 1:colcon.colcon_core.environment:checking '/home/gracekim/workspace/test_ws/install/my_bboxes_msg' for CMake module files
[0.497s] Level 1:colcon.colcon_core.environment:checking '/home/gracekim/workspace/test_ws/install/my_bboxes_msg' for CMake config files
[0.497s] Level 1:colcon.colcon_core.shell:create_environment_hook('my_bboxes_msg', 'cmake_prefix_path')
[0.497s] INFO:colcon.colcon_core.shell:Creating environment hook '/home/gracekim/workspace/test_ws/install/my_bboxes_msg/share/my_bboxes_msg/hook/cmake_prefix_path.ps1'
[0.498s] INFO:colcon.colcon_core.shell:Creating environment descriptor '/home/gracekim/workspace/test_ws/install/my_bboxes_msg/share/my_bboxes_msg/hook/cmake_prefix_path.dsv'
[0.498s] INFO:colcon.colcon_core.shell:Creating environment hook '/home/gracekim/workspace/test_ws/install/my_bboxes_msg/share/my_bboxes_msg/hook/cmake_prefix_path.sh'
[0.498s] Level 1:colcon.colcon_core.environment:checking '/home/gracekim/workspace/test_ws/install/my_bboxes_msg/lib'
[0.499s] Level 1:colcon.colcon_core.shell:create_environment_hook('my_bboxes_msg', 'ld_library_path_lib')
[0.499s] INFO:colcon.colcon_core.shell:Creating environment hook '/home/gracekim/workspace/test_ws/install/my_bboxes_msg/share/my_bboxes_msg/hook/ld_library_path_lib.ps1'
[0.499s] INFO:colcon.colcon_core.shell:Creating environment descriptor '/home/gracekim/workspace/test_ws/install/my_bboxes_msg/share/my_bboxes_msg/hook/ld_library_path_lib.dsv'
[0.499s] INFO:colcon.colcon_core.shell:Creating environment hook '/home/gracekim/workspace/test_ws/install/my_bboxes_msg/share/my_bboxes_msg/hook/ld_library_path_lib.sh'
[0.499s] Level 1:colcon.colcon_core.environment:checking '/home/gracekim/workspace/test_ws/install/my_bboxes_msg/bin'
[0.499s] Level 1:colcon.colcon_core.environment:checking '/home/gracekim/workspace/test_ws/install/my_bboxes_msg/lib/pkgconfig/my_bboxes_msg.pc'
[0.499s] Level 1:colcon.colcon_core.environment:checking '/home/gracekim/workspace/test_ws/install/my_bboxes_msg/lib/python3.8/site-packages'
[0.499s] Level 1:colcon.colcon_core.shell:create_environment_hook('my_bboxes_msg', 'pythonpath')
[0.500s] INFO:colcon.colcon_core.shell:Creating environment hook '/home/gracekim/workspace/test_ws/install/my_bboxes_msg/share/my_bboxes_msg/hook/pythonpath.ps1'
[0.500s] INFO:colcon.colcon_core.shell:Creating environment descriptor '/home/gracekim/workspace/test_ws/install/my_bboxes_msg/share/my_bboxes_msg/hook/pythonpath.dsv'
[0.500s] INFO:colcon.colcon_core.shell:Creating environment hook '/home/gracekim/workspace/test_ws/install/my_bboxes_msg/share/my_bboxes_msg/hook/pythonpath.sh'
[0.500s] Level 1:colcon.colcon_core.environment:checking '/home/gracekim/workspace/test_ws/install/my_bboxes_msg/bin'
[0.500s] INFO:colcon.colcon_core.shell:Creating package script '/home/gracekim/workspace/test_ws/install/my_bboxes_msg/share/my_bboxes_msg/package.ps1'
[0.501s] INFO:colcon.colcon_core.shell:Creating package descriptor '/home/gracekim/workspace/test_ws/install/my_bboxes_msg/share/my_bboxes_msg/package.dsv'
[0.501s] INFO:colcon.colcon_core.shell:Creating package script '/home/gracekim/workspace/test_ws/install/my_bboxes_msg/share/my_bboxes_msg/package.sh'
[0.502s] INFO:colcon.colcon_core.shell:Creating package script '/home/gracekim/workspace/test_ws/install/my_bboxes_msg/share/my_bboxes_msg/package.bash'
[0.502s] INFO:colcon.colcon_core.shell:Creating package script '/home/gracekim/workspace/test_ws/install/my_bboxes_msg/share/my_bboxes_msg/package.zsh'
[0.503s] Level 1:colcon.colcon_core.environment:create_file_with_runtime_dependencies(/home/gracekim/workspace/test_ws/install/my_bboxes_msg/share/colcon-core/packages/my_bboxes_msg)
[0.549s] Level 1:colcon.colcon_core.environment:create_environment_scripts_only(my_bboxes_msg)
[0.549s] Level 1:colcon.colcon_core.environment:checking '/home/gracekim/workspace/test_ws/install/my_bboxes_msg' for CMake module files
[0.550s] Level 1:colcon.colcon_core.environment:checking '/home/gracekim/workspace/test_ws/install/my_bboxes_msg' for CMake config files
[0.550s] Level 1:colcon.colcon_core.shell:create_environment_hook('my_bboxes_msg', 'cmake_prefix_path')
[0.550s] INFO:colcon.colcon_core.shell:Creating environment hook '/home/gracekim/workspace/test_ws/install/my_bboxes_msg/share/my_bboxes_msg/hook/cmake_prefix_path.ps1'
[0.550s] INFO:colcon.colcon_core.shell:Creating environment descriptor '/home/gracekim/workspace/test_ws/install/my_bboxes_msg/share/my_bboxes_msg/hook/cmake_prefix_path.dsv'
[0.551s] INFO:colcon.colcon_core.shell:Creating environment hook '/home/gracekim/workspace/test_ws/install/my_bboxes_msg/share/my_bboxes_msg/hook/cmake_prefix_path.sh'
[0.551s] Level 1:colcon.colcon_core.environment:checking '/home/gracekim/workspace/test_ws/install/my_bboxes_msg/lib'
[0.551s] Level 1:colcon.colcon_core.shell:create_environment_hook('my_bboxes_msg', 'ld_library_path_lib')
[0.551s] INFO:colcon.colcon_core.shell:Creating environment hook '/home/gracekim/workspace/test_ws/install/my_bboxes_msg/share/my_bboxes_msg/hook/ld_library_path_lib.ps1'
[0.551s] INFO:colcon.colcon_core.shell:Creating environment descriptor '/home/gracekim/workspace/test_ws/install/my_bboxes_msg/share/my_bboxes_msg/hook/ld_library_path_lib.dsv'
[0.552s] INFO:colcon.colcon_core.shell:Creating environment hook '/home/gracekim/workspace/test_ws/install/my_bboxes_msg/share/my_bboxes_msg/hook/ld_library_path_lib.sh'
[0.552s] Level 1:colcon.colcon_core.environment:checking '/home/gracekim/workspace/test_ws/install/my_bboxes_msg/bin'
[0.552s] Level 1:colcon.colcon_core.environment:checking '/home/gracekim/workspace/test_ws/install/my_bboxes_msg/lib/pkgconfig/my_bboxes_msg.pc'
[0.552s] Level 1:colcon.colcon_core.environment:checking '/home/gracekim/workspace/test_ws/install/my_bboxes_msg/lib/python3.8/site-packages'
[0.552s] Level 1:colcon.colcon_core.shell:create_environment_hook('my_bboxes_msg', 'pythonpath')
[0.552s] INFO:colcon.colcon_core.shell:Creating environment hook '/home/gracekim/workspace/test_ws/install/my_bboxes_msg/share/my_bboxes_msg/hook/pythonpath.ps1'
[0.552s] INFO:colcon.colcon_core.shell:Creating environment descriptor '/home/gracekim/workspace/test_ws/install/my_bboxes_msg/share/my_bboxes_msg/hook/pythonpath.dsv'
[0.552s] INFO:colcon.colcon_core.shell:Creating environment hook '/home/gracekim/workspace/test_ws/install/my_bboxes_msg/share/my_bboxes_msg/hook/pythonpath.sh'
[0.553s] Level 1:colcon.colcon_core.environment:checking '/home/gracekim/workspace/test_ws/install/my_bboxes_msg/bin'
[0.553s] INFO:colcon.colcon_core.shell:Creating package script '/home/gracekim/workspace/test_ws/install/my_bboxes_msg/share/my_bboxes_msg/package.ps1'
[0.553s] INFO:colcon.colcon_core.shell:Creating package descriptor '/home/gracekim/workspace/test_ws/install/my_bboxes_msg/share/my_bboxes_msg/package.dsv'
[0.553s] INFO:colcon.colcon_core.shell:Creating package script '/home/gracekim/workspace/test_ws/install/my_bboxes_msg/share/my_bboxes_msg/package.sh'
[0.554s] INFO:colcon.colcon_core.shell:Creating package script '/home/gracekim/workspace/test_ws/install/my_bboxes_msg/share/my_bboxes_msg/package.bash'
[0.554s] INFO:colcon.colcon_core.shell:Creating package script '/home/gracekim/workspace/test_ws/install/my_bboxes_msg/share/my_bboxes_msg/package.zsh'
[0.554s] Level 1:colcon.colcon_core.environment:create_file_with_runtime_dependencies(/home/gracekim/workspace/test_ws/install/my_bboxes_msg/share/colcon-core/packages/my_bboxes_msg)
[0.554s] INFO:colcon.colcon_ros.task.ament_python.build:Building ROS package in '/home/gracekim/workspace/test_ws/src/yolo_detection' with build type 'ament_python'
[0.554s] Level 1:colcon.colcon_core.shell:create_environment_hook('yolo_detection', 'ament_prefix_path')
[0.555s] INFO:colcon.colcon_core.shell:Creating environment hook '/home/gracekim/workspace/test_ws/install/yolo_detection/share/yolo_detection/hook/ament_prefix_path.ps1'
[0.555s] INFO:colcon.colcon_core.shell:Creating environment descriptor '/home/gracekim/workspace/test_ws/install/yolo_detection/share/yolo_detection/hook/ament_prefix_path.dsv'
[0.555s] INFO:colcon.colcon_core.shell:Creating environment hook '/home/gracekim/workspace/test_ws/install/yolo_detection/share/yolo_detection/hook/ament_prefix_path.sh'
[0.556s] INFO:colcon.colcon_core.shell:Skip shell extension 'powershell' for command environment: Not usable outside of PowerShell
[0.556s] DEBUG:colcon.colcon_core.shell:Skip shell extension 'dsv' for command environment
[0.754s] INFO:colcon.colcon_core.task.python.build:Building Python package in '/home/gracekim/workspace/test_ws/src/yolo_detection'
[0.755s] INFO:colcon.colcon_core.shell:Skip shell extension 'powershell' for command environment: Not usable outside of PowerShell
[0.755s] DEBUG:colcon.colcon_core.shell:Skip shell extension 'dsv' for command environment
[0.962s] DEBUG:colcon.colcon_core.event_handler.log_command:Invoked command in '/home/gracekim/workspace/test_ws/build/px4_msgs' returned '0': CMAKE_PREFIX_PATH=${CMAKE_PREFIX_PATH}:/home/gracekim/workspace/test_ws/install/yolo_detection:/home/gracekim/workspace/test_ws/install/test_nodes:/opt/ros/foxy /usr/local/bin/cmake --build /home/gracekim/workspace/test_ws/build/px4_msgs -- -j16 -l16
[1.273s] DEBUG:colcon.colcon_core.event_handler.log_command:Invoking command in '/home/gracekim/workspace/test_ws/build/yolo_detection': CMAKE_PREFIX_PATH=/home/gracekim/workspace/test_ws/install/my_bboxes_msg:/home/gracekim/workspace/test_ws/install/px4_msgs LD_LIBRARY_PATH=/home/gracekim/workspace/test_ws/install/my_bboxes_msg/lib:/home/gracekim/workspace/test_ws/install/px4_msgs/lib:/usr/lib/x86_64-linux-gnu/gazebo-11/plugins:/opt/ros/foxy/opt/yaml_cpp_vendor/lib:/opt/ros/foxy/opt/rviz_ogre_vendor/lib:/opt/ros/foxy/lib/x86_64-linux-gnu:/opt/ros/foxy/lib PYTHONPATH=/home/gracekim/workspace/test_ws/build/yolo_detection/prefix_override:/usr/lib/python3/dist-packages/colcon_core/task/python/colcon_distutils_commands:/home/gracekim/workspace/test_ws/install/yolo_detection/lib/python3.8/site-packages:/home/gracekim/workspace/test_ws/install/my_bboxes_msg/lib/python3.8/site-packages:/home/gracekim/workspace/test_ws/build/yolo_detection:/home/gracekim/workspace/test_ws/install/yolo_detection/lib/python3.8/site-packages:/home/gracekim/workspace/test_ws/build/test_nodes:/home/gracekim/workspace/test_ws/install/test_nodes/lib/python3.8/site-packages:/home/gracekim/workspace/test_ws/install/px4_msgs/lib/python3.8/site-packages:/opt/ros/foxy/lib/python3.8/site-packages /usr/bin/python3 -W ignore:setup.py install is deprecated setup.py develop --editable --build-directory /home/gracekim/workspace/test_ws/build/yolo_detection/build --no-deps symlink_data
[1.878s] Level 1:colcon.colcon_core.shell:create_environment_hook('yolo_detection', 'pythonpath_develop')
[1.878s] INFO:colcon.colcon_core.shell:Creating environment hook '/home/gracekim/workspace/test_ws/build/yolo_detection/share/yolo_detection/hook/pythonpath_develop.ps1'
[1.879s] DEBUG:colcon.colcon_core.event_handler.log_command:Invoked command in '/home/gracekim/workspace/test_ws/build/yolo_detection' returned '0': CMAKE_PREFIX_PATH=/home/gracekim/workspace/test_ws/install/my_bboxes_msg:/home/gracekim/workspace/test_ws/install/px4_msgs LD_LIBRARY_PATH=/home/gracekim/workspace/test_ws/install/my_bboxes_msg/lib:/home/gracekim/workspace/test_ws/install/px4_msgs/lib:/usr/lib/x86_64-linux-gnu/gazebo-11/plugins:/opt/ros/foxy/opt/yaml_cpp_vendor/lib:/opt/ros/foxy/opt/rviz_ogre_vendor/lib:/opt/ros/foxy/lib/x86_64-linux-gnu:/opt/ros/foxy/lib PYTHONPATH=/home/gracekim/workspace/test_ws/build/yolo_detection/prefix_override:/usr/lib/python3/dist-packages/colcon_core/task/python/colcon_distutils_commands:/home/gracekim/workspace/test_ws/install/yolo_detection/lib/python3.8/site-packages:/home/gracekim/workspace/test_ws/install/my_bboxes_msg/lib/python3.8/site-packages:/home/gracekim/workspace/test_ws/build/yolo_detection:/home/gracekim/workspace/test_ws/install/yolo_detection/lib/python3.8/site-packages:/home/gracekim/workspace/test_ws/build/test_nodes:/home/gracekim/workspace/test_ws/install/test_nodes/lib/python3.8/site-packages:/home/gracekim/workspace/test_ws/install/px4_msgs/lib/python3.8/site-packages:/opt/ros/foxy/lib/python3.8/site-packages /usr/bin/python3 -W ignore:setup.py install is deprecated setup.py develop --editable --build-directory /home/gracekim/workspace/test_ws/build/yolo_detection/build --no-deps symlink_data
[1.879s] INFO:colcon.colcon_core.shell:Creating environment descriptor '/home/gracekim/workspace/test_ws/build/yolo_detection/share/yolo_detection/hook/pythonpath_develop.dsv'
[1.880s] INFO:colcon.colcon_core.shell:Creating environment hook '/home/gracekim/workspace/test_ws/build/yolo_detection/share/yolo_detection/hook/pythonpath_develop.sh'
[1.880s] Level 1:colcon.colcon_core.environment:checking '/home/gracekim/workspace/test_ws/install/yolo_detection' for CMake module files
[1.881s] Level 1:colcon.colcon_core.environment:checking '/home/gracekim/workspace/test_ws/install/yolo_detection' for CMake config files
[1.881s] Level 1:colcon.colcon_core.environment:checking '/home/gracekim/workspace/test_ws/install/yolo_detection/lib'
[1.881s] Level 1:colcon.colcon_core.environment:checking '/home/gracekim/workspace/test_ws/install/yolo_detection/bin'
[1.881s] Level 1:colcon.colcon_core.environment:checking '/home/gracekim/workspace/test_ws/install/yolo_detection/lib/pkgconfig/yolo_detection.pc'
[1.881s] Level 1:colcon.colcon_core.environment:checking '/home/gracekim/workspace/test_ws/install/yolo_detection/lib/python3.8/site-packages'
[1.881s] Level 1:colcon.colcon_core.shell:create_environment_hook('yolo_detection', 'pythonpath')
[1.881s] INFO:colcon.colcon_core.shell:Creating environment hook '/home/gracekim/workspace/test_ws/install/yolo_detection/share/yolo_detection/hook/pythonpath.ps1'
[1.882s] INFO:colcon.colcon_core.shell:Creating environment descriptor '/home/gracekim/workspace/test_ws/install/yolo_detection/share/yolo_detection/hook/pythonpath.dsv'
[1.882s] INFO:colcon.colcon_core.shell:Creating environment hook '/home/gracekim/workspace/test_ws/install/yolo_detection/share/yolo_detection/hook/pythonpath.sh'
[1.882s] Level 1:colcon.colcon_core.environment:checking '/home/gracekim/workspace/test_ws/install/yolo_detection/bin'
[1.882s] Level 1:colcon.colcon_core.environment:create_environment_scripts_only(yolo_detection)
[1.882s] INFO:colcon.colcon_core.shell:Creating package script '/home/gracekim/workspace/test_ws/install/yolo_detection/share/yolo_detection/package.ps1'
[1.883s] INFO:colcon.colcon_core.shell:Creating package descriptor '/home/gracekim/workspace/test_ws/install/yolo_detection/share/yolo_detection/package.dsv'
[1.883s] INFO:colcon.colcon_core.shell:Creating package script '/home/gracekim/workspace/test_ws/install/yolo_detection/share/yolo_detection/package.sh'
[1.883s] INFO:colcon.colcon_core.shell:Creating package script '/home/gracekim/workspace/test_ws/install/yolo_detection/share/yolo_detection/package.bash'
[1.883s] INFO:colcon.colcon_core.shell:Creating package script '/home/gracekim/workspace/test_ws/install/yolo_detection/share/yolo_detection/package.zsh'
[1.884s] Level 1:colcon.colcon_core.environment:create_file_with_runtime_dependencies(/home/gracekim/workspace/test_ws/install/yolo_detection/share/colcon-core/packages/yolo_detection)
[3.188s] DEBUG:colcon.colcon_core.event_handler.log_command:Invoking command in '/home/gracekim/workspace/test_ws/build/px4_msgs': CMAKE_PREFIX_PATH=${CMAKE_PREFIX_PATH}:/home/gracekim/workspace/test_ws/install/yolo_detection:/home/gracekim/workspace/test_ws/install/test_nodes:/opt/ros/foxy /usr/local/bin/cmake --install /home/gracekim/workspace/test_ws/build/px4_msgs
[3.470s] Level 1:colcon.colcon_core.environment:create_environment_scripts_only(px4_msgs)
[3.470s] Level 1:colcon.colcon_core.environment:checking '/home/gracekim/workspace/test_ws/install/px4_msgs' for CMake module files
[3.470s] DEBUG:colcon.colcon_core.event_handler.log_command:Invoked command in '/home/gracekim/workspace/test_ws/build/px4_msgs' returned '0': CMAKE_PREFIX_PATH=${CMAKE_PREFIX_PATH}:/home/gracekim/workspace/test_ws/install/yolo_detection:/home/gracekim/workspace/test_ws/install/test_nodes:/opt/ros/foxy /usr/local/bin/cmake --install /home/gracekim/workspace/test_ws/build/px4_msgs
[3.471s] Level 1:colcon.colcon_core.environment:checking '/home/gracekim/workspace/test_ws/install/px4_msgs' for CMake config files
[3.471s] Level 1:colcon.colcon_core.shell:create_environment_hook('px4_msgs', 'cmake_prefix_path')
[3.471s] INFO:colcon.colcon_core.shell:Creating environment hook '/home/gracekim/workspace/test_ws/install/px4_msgs/share/px4_msgs/hook/cmake_prefix_path.ps1'
[3.472s] INFO:colcon.colcon_core.shell:Creating environment descriptor '/home/gracekim/workspace/test_ws/install/px4_msgs/share/px4_msgs/hook/cmake_prefix_path.dsv'
[3.472s] INFO:colcon.colcon_core.shell:Creating environment hook '/home/gracekim/workspace/test_ws/install/px4_msgs/share/px4_msgs/hook/cmake_prefix_path.sh'
[3.472s] Level 1:colcon.colcon_core.environment:checking '/home/gracekim/workspace/test_ws/install/px4_msgs/lib'
[3.472s] Level 1:colcon.colcon_core.shell:create_environment_hook('px4_msgs', 'ld_library_path_lib')
[3.472s] INFO:colcon.colcon_core.shell:Creating environment hook '/home/gracekim/workspace/test_ws/install/px4_msgs/share/px4_msgs/hook/ld_library_path_lib.ps1'
[3.473s] INFO:colcon.colcon_core.shell:Creating environment descriptor '/home/gracekim/workspace/test_ws/install/px4_msgs/share/px4_msgs/hook/ld_library_path_lib.dsv'
[3.473s] INFO:colcon.colcon_core.shell:Creating environment hook '/home/gracekim/workspace/test_ws/install/px4_msgs/share/px4_msgs/hook/ld_library_path_lib.sh'
[3.473s] Level 1:colcon.colcon_core.environment:checking '/home/gracekim/workspace/test_ws/install/px4_msgs/bin'
[3.473s] Level 1:colcon.colcon_core.environment:checking '/home/gracekim/workspace/test_ws/install/px4_msgs/lib/pkgconfig/px4_msgs.pc'
[3.473s] Level 1:colcon.colcon_core.environment:checking '/home/gracekim/workspace/test_ws/install/px4_msgs/lib/python3.8/site-packages'
[3.473s] Level 1:colcon.colcon_core.shell:create_environment_hook('px4_msgs', 'pythonpath')
[3.473s] INFO:colcon.colcon_core.shell:Creating environment hook '/home/gracekim/workspace/test_ws/install/px4_msgs/share/px4_msgs/hook/pythonpath.ps1'
[3.473s] INFO:colcon.colcon_core.shell:Creating environment descriptor '/home/gracekim/workspace/test_ws/install/px4_msgs/share/px4_msgs/hook/pythonpath.dsv'
[3.474s] INFO:colcon.colcon_core.shell:Creating environment hook '/home/gracekim/workspace/test_ws/install/px4_msgs/share/px4_msgs/hook/pythonpath.sh'
[3.474s] Level 1:colcon.colcon_core.environment:checking '/home/gracekim/workspace/test_ws/install/px4_msgs/bin'
[3.474s] INFO:colcon.colcon_core.shell:Creating package script '/home/gracekim/workspace/test_ws/install/px4_msgs/share/px4_msgs/package.ps1'
[3.474s] INFO:colcon.colcon_core.shell:Creating package descriptor '/home/gracekim/workspace/test_ws/install/px4_msgs/share/px4_msgs/package.dsv'
[3.475s] INFO:colcon.colcon_core.shell:Creating package script '/home/gracekim/workspace/test_ws/install/px4_msgs/share/px4_msgs/package.sh'
[3.475s] INFO:colcon.colcon_core.shell:Creating package script '/home/gracekim/workspace/test_ws/install/px4_msgs/share/px4_msgs/package.bash'
[3.475s] INFO:colcon.colcon_core.shell:Creating package script '/home/gracekim/workspace/test_ws/install/px4_msgs/share/px4_msgs/package.zsh'
[3.475s] Level 1:colcon.colcon_core.environment:create_file_with_runtime_dependencies(/home/gracekim/workspace/test_ws/install/px4_msgs/share/colcon-core/packages/px4_msgs)
[5.882s] Level 1:colcon.colcon_core.environment:create_environment_scripts_only(px4_msgs)
[5.883s] Level 1:colcon.colcon_core.environment:checking '/home/gracekim/workspace/test_ws/install/px4_msgs' for CMake module files
[5.883s] Level 1:colcon.colcon_core.environment:checking '/home/gracekim/workspace/test_ws/install/px4_msgs' for CMake config files
[5.884s] Level 1:colcon.colcon_core.shell:create_environment_hook('px4_msgs', 'cmake_prefix_path')
[5.884s] INFO:colcon.colcon_core.shell:Creating environment hook '/home/gracekim/workspace/test_ws/install/px4_msgs/share/px4_msgs/hook/cmake_prefix_path.ps1'
[5.884s] INFO:colcon.colcon_core.shell:Creating environment descriptor '/home/gracekim/workspace/test_ws/install/px4_msgs/share/px4_msgs/hook/cmake_prefix_path.dsv'
[5.885s] INFO:colcon.colcon_core.shell:Creating environment hook '/home/gracekim/workspace/test_ws/install/px4_msgs/share/px4_msgs/hook/cmake_prefix_path.sh'
[5.885s] Level 1:colcon.colcon_core.environment:checking '/home/gracekim/workspace/test_ws/install/px4_msgs/lib'
[5.885s] Level 1:colcon.colcon_core.shell:create_environment_hook('px4_msgs', 'ld_library_path_lib')
[5.885s] INFO:colcon.colcon_core.shell:Creating environment hook '/home/gracekim/workspace/test_ws/install/px4_msgs/share/px4_msgs/hook/ld_library_path_lib.ps1'
[5.886s] INFO:colcon.colcon_core.shell:Creating environment descriptor '/home/gracekim/workspace/test_ws/install/px4_msgs/share/px4_msgs/hook/ld_library_path_lib.dsv'
[5.886s] INFO:colcon.colcon_core.shell:Creating environment hook '/home/gracekim/workspace/test_ws/install/px4_msgs/share/px4_msgs/hook/ld_library_path_lib.sh'
[5.886s] Level 1:colcon.colcon_core.environment:checking '/home/gracekim/workspace/test_ws/install/px4_msgs/bin'
[5.886s] Level 1:colcon.colcon_core.environment:checking '/home/gracekim/workspace/test_ws/install/px4_msgs/lib/pkgconfig/px4_msgs.pc'
[5.887s] Level 1:colcon.colcon_core.environment:checking '/home/gracekim/workspace/test_ws/install/px4_msgs/lib/python3.8/site-packages'
[5.887s] Level 1:colcon.colcon_core.shell:create_environment_hook('px4_msgs', 'pythonpath')
[5.887s] INFO:colcon.colcon_core.shell:Creating environment hook '/home/gracekim/workspace/test_ws/install/px4_msgs/share/px4_msgs/hook/pythonpath.ps1'
[5.887s] INFO:colcon.colcon_core.shell:Creating environment descriptor '/home/gracekim/workspace/test_ws/install/px4_msgs/share/px4_msgs/hook/pythonpath.dsv'
[5.887s] INFO:colcon.colcon_core.shell:Creating environment hook '/home/gracekim/workspace/test_ws/install/px4_msgs/share/px4_msgs/hook/pythonpath.sh'
[5.888s] Level 1:colcon.colcon_core.environment:checking '/home/gracekim/workspace/test_ws/install/px4_msgs/bin'
[5.888s] INFO:colcon.colcon_core.shell:Creating package script '/home/gracekim/workspace/test_ws/install/px4_msgs/share/px4_msgs/package.ps1'
[5.889s] INFO:colcon.colcon_core.shell:Creating package descriptor '/home/gracekim/workspace/test_ws/install/px4_msgs/share/px4_msgs/package.dsv'
[5.889s] INFO:colcon.colcon_core.shell:Creating package script '/home/gracekim/workspace/test_ws/install/px4_msgs/share/px4_msgs/package.sh'
[5.889s] INFO:colcon.colcon_core.shell:Creating package script '/home/gracekim/workspace/test_ws/install/px4_msgs/share/px4_msgs/package.bash'
[5.890s] INFO:colcon.colcon_core.shell:Creating package script '/home/gracekim/workspace/test_ws/install/px4_msgs/share/px4_msgs/package.zsh'
[5.890s] Level 1:colcon.colcon_core.environment:create_file_with_runtime_dependencies(/home/gracekim/workspace/test_ws/install/px4_msgs/share/colcon-core/packages/px4_msgs)
[5.890s] INFO:colcon.colcon_ros.task.ament_python.build:Building ROS package in '/home/gracekim/workspace/test_ws/src/vehicle_controller' with build type 'ament_python'
[5.890s] Level 1:colcon.colcon_core.shell:create_environment_hook('test_nodes', 'ament_prefix_path')
[5.891s] INFO:colcon.colcon_core.shell:Creating environment hook '/home/gracekim/workspace/test_ws/install/test_nodes/share/test_nodes/hook/ament_prefix_path.ps1'
[5.891s] INFO:colcon.colcon_core.shell:Creating environment descriptor '/home/gracekim/workspace/test_ws/install/test_nodes/share/test_nodes/hook/ament_prefix_path.dsv'
[5.892s] INFO:colcon.colcon_core.shell:Creating environment hook '/home/gracekim/workspace/test_ws/install/test_nodes/share/test_nodes/hook/ament_prefix_path.sh'
[5.892s] INFO:colcon.colcon_core.shell:Skip shell extension 'powershell' for command environment: Not usable outside of PowerShell
[5.892s] DEBUG:colcon.colcon_core.shell:Skip shell extension 'dsv' for command environment
[6.113s] INFO:colcon.colcon_core.task.python.build:Building Python package in '/home/gracekim/workspace/test_ws/src/vehicle_controller'
[6.114s] INFO:colcon.colcon_core.shell:Skip shell extension 'powershell' for command environment: Not usable outside of PowerShell
[6.114s] DEBUG:colcon.colcon_core.shell:Skip shell extension 'dsv' for command environment
[6.730s] DEBUG:colcon.colcon_core.event_handler.log_command:Invoking command in '/home/gracekim/workspace/test_ws/build/test_nodes': PYTHONPATH=/home/gracekim/workspace/test_ws/build/test_nodes/prefix_override:/usr/lib/python3/dist-packages/colcon_core/task/python/colcon_distutils_commands:/home/gracekim/workspace/test_ws/install/test_nodes/lib/python3.8/site-packages:/home/gracekim/workspace/test_ws/install/px4_msgs/lib/python3.8/site-packages:/home/gracekim/workspace/test_ws/install/my_bboxes_msg/lib/python3.8/site-packages:/home/gracekim/workspace/test_ws/build/yolo_detection:/home/gracekim/workspace/test_ws/install/yolo_detection/lib/python3.8/site-packages:/home/gracekim/workspace/test_ws/build/test_nodes:/home/gracekim/workspace/test_ws/install/test_nodes/lib/python3.8/site-packages:/opt/ros/foxy/lib/python3.8/site-packages /usr/bin/python3 -W ignore:setup.py install is deprecated setup.py develop --editable --build-directory /home/gracekim/workspace/test_ws/build/test_nodes/build --no-deps symlink_data
[7.380s] Level 1:colcon.colcon_core.shell:create_environment_hook('test_nodes', 'pythonpath_develop')
[7.381s] INFO:colcon.colcon_core.shell:Creating environment hook '/home/gracekim/workspace/test_ws/build/test_nodes/share/test_nodes/hook/pythonpath_develop.ps1'
[7.382s] DEBUG:colcon.colcon_core.event_handler.log_command:Invoked command in '/home/gracekim/workspace/test_ws/build/test_nodes' returned '0': PYTHONPATH=/home/gracekim/workspace/test_ws/build/test_nodes/prefix_override:/usr/lib/python3/dist-packages/colcon_core/task/python/colcon_distutils_commands:/home/gracekim/workspace/test_ws/install/test_nodes/lib/python3.8/site-packages:/home/gracekim/workspace/test_ws/install/px4_msgs/lib/python3.8/site-packages:/home/gracekim/workspace/test_ws/install/my_bboxes_msg/lib/python3.8/site-packages:/home/gracekim/workspace/test_ws/build/yolo_detection:/home/gracekim/workspace/test_ws/install/yolo_detection/lib/python3.8/site-packages:/home/gracekim/workspace/test_ws/build/test_nodes:/home/gracekim/workspace/test_ws/install/test_nodes/lib/python3.8/site-packages:/opt/ros/foxy/lib/python3.8/site-packages /usr/bin/python3 -W ignore:setup.py install is deprecated setup.py develop --editable --build-directory /home/gracekim/workspace/test_ws/build/test_nodes/build --no-deps symlink_data
[7.382s] INFO:colcon.colcon_core.shell:Creating environment descriptor '/home/gracekim/workspace/test_ws/build/test_nodes/share/test_nodes/hook/pythonpath_develop.dsv'
[7.383s] INFO:colcon.colcon_core.shell:Creating environment hook '/home/gracekim/workspace/test_ws/build/test_nodes/share/test_nodes/hook/pythonpath_develop.sh'
[7.384s] Level 1:colcon.colcon_core.environment:checking '/home/gracekim/workspace/test_ws/install/test_nodes' for CMake module files
[7.384s] Level 1:colcon.colcon_core.environment:checking '/home/gracekim/workspace/test_ws/install/test_nodes' for CMake config files
[7.385s] Level 1:colcon.colcon_core.environment:checking '/home/gracekim/workspace/test_ws/install/test_nodes/lib'
[7.385s] Level 1:colcon.colcon_core.environment:checking '/home/gracekim/workspace/test_ws/install/test_nodes/bin'
[7.385s] Level 1:colcon.colcon_core.environment:checking '/home/gracekim/workspace/test_ws/install/test_nodes/lib/pkgconfig/test_nodes.pc'
[7.385s] Level 1:colcon.colcon_core.environment:checking '/home/gracekim/workspace/test_ws/install/test_nodes/lib/python3.8/site-packages'
[7.385s] Level 1:colcon.colcon_core.shell:create_environment_hook('test_nodes', 'pythonpath')
[7.385s] INFO:colcon.colcon_core.shell:Creating environment hook '/home/gracekim/workspace/test_ws/install/test_nodes/share/test_nodes/hook/pythonpath.ps1'
[7.386s] INFO:colcon.colcon_core.shell:Creating environment descriptor '/home/gracekim/workspace/test_ws/install/test_nodes/share/test_nodes/hook/pythonpath.dsv'
[7.386s] INFO:colcon.colcon_core.shell:Creating environment hook '/home/gracekim/workspace/test_ws/install/test_nodes/share/test_nodes/hook/pythonpath.sh'
[7.386s] Level 1:colcon.colcon_core.environment:checking '/home/gracekim/workspace/test_ws/install/test_nodes/bin'
[7.386s] Level 1:colcon.colcon_core.environment:create_environment_scripts_only(test_nodes)
[7.387s] INFO:colcon.colcon_core.shell:Creating package script '/home/gracekim/workspace/test_ws/install/test_nodes/share/test_nodes/package.ps1'
[7.387s] INFO:colcon.colcon_core.shell:Creating package descriptor '/home/gracekim/workspace/test_ws/install/test_nodes/share/test_nodes/package.dsv'
[7.388s] INFO:colcon.colcon_core.shell:Creating package script '/home/gracekim/workspace/test_ws/install/test_nodes/share/test_nodes/package.sh'
[7.388s] INFO:colcon.colcon_core.shell:Creating package script '/home/gracekim/workspace/test_ws/install/test_nodes/share/test_nodes/package.bash'
[7.388s] INFO:colcon.colcon_core.shell:Creating package script '/home/gracekim/workspace/test_ws/install/test_nodes/share/test_nodes/package.zsh'
[7.389s] Level 1:colcon.colcon_core.environment:create_file_with_runtime_dependencies(/home/gracekim/workspace/test_ws/install/test_nodes/share/colcon-core/packages/test_nodes)
[7.389s] DEBUG:colcon.colcon_parallel_executor.executor.parallel:closing loop
[7.389s] DEBUG:colcon.colcon_parallel_executor.executor.parallel:loop closed
[7.389s] DEBUG:colcon.colcon_parallel_executor.executor.parallel:run_until_complete finished with '0'
[7.389s] DEBUG:colcon.colcon_core.event_reactor:joining thread
[7.395s] INFO:colcon.colcon_core.plugin_system:Skipping extension 'colcon_notification.desktop_notification.terminal_notifier': Not used on non-Darwin systems
[7.395s] INFO:colcon.colcon_core.plugin_system:Skipping extension 'colcon_notification.desktop_notification.win32': Not used on non-Windows systems
[7.395s] INFO:colcon.colcon_notification.desktop_notification:Sending desktop notification using 'notify2'
[7.412s] DEBUG:colcon.colcon_core.event_reactor:joined thread
[7.412s] INFO:colcon.colcon_core.shell:Creating prefix script '/home/gracekim/workspace/test_ws/install/local_setup.ps1'
[7.413s] INFO:colcon.colcon_core.shell:Creating prefix util module '/home/gracekim/workspace/test_ws/install/_local_setup_util_ps1.py'
[7.414s] INFO:colcon.colcon_core.shell:Creating prefix chain script '/home/gracekim/workspace/test_ws/install/setup.ps1'
[7.415s] INFO:colcon.colcon_core.shell:Creating prefix script '/home/gracekim/workspace/test_ws/install/local_setup.sh'
[7.416s] INFO:colcon.colcon_core.shell:Creating prefix util module '/home/gracekim/workspace/test_ws/install/_local_setup_util_sh.py'
[7.416s] INFO:colcon.colcon_core.shell:Creating prefix chain script '/home/gracekim/workspace/test_ws/install/setup.sh'
[7.417s] INFO:colcon.colcon_core.shell:Creating prefix script '/home/gracekim/workspace/test_ws/install/local_setup.bash'
[7.418s] INFO:colcon.colcon_core.shell:Creating prefix chain script '/home/gracekim/workspace/test_ws/install/setup.bash'
[7.418s] INFO:colcon.colcon_core.shell:Creating prefix script '/home/gracekim/workspace/test_ws/install/local_setup.zsh'
[7.419s] INFO:colcon.colcon_core.shell:Creating prefix chain script '/home/gracekim/workspace/test_ws/install/setup.zsh'
