[2.716s] Invoking command in '/home/gracekim/workspace/test_ws/build/yolo_detection': CMAKE_PREFIX_PATH=/home/gracekim/workspace/test_ws/install/my_bboxes_msg:/home/gracekim/workspace/test_ws/install/px4_msgs LD_LIBRARY_PATH=/home/gracekim/workspace/test_ws/install/my_bboxes_msg/lib:/home/gracekim/workspace/test_ws/install/px4_msgs/lib:/usr/lib/x86_64-linux-gnu/gazebo-11/plugins:/opt/ros/foxy/opt/yaml_cpp_vendor/lib:/opt/ros/foxy/opt/rviz_ogre_vendor/lib:/opt/ros/foxy/lib/x86_64-linux-gnu:/opt/ros/foxy/lib PYTHONPATH=/home/gracekim/workspace/test_ws/build/yolo_detection/prefix_override:/usr/lib/python3/dist-packages/colcon_core/task/python/colcon_distutils_commands:/home/gracekim/workspace/test_ws/install/yolo_detection/lib/python3.8/site-packages:/home/gracekim/workspace/test_ws/install/my_bboxes_msg/lib/python3.8/site-packages:/home/gracekim/workspace/test_ws/build/yolo_detection:/home/gracekim/workspace/test_ws/install/yolo_detection/lib/python3.8/site-packages:/home/gracekim/workspace/test_ws/build/test_nodes:/home/gracekim/workspace/test_ws/install/test_nodes/lib/python3.8/site-packages:/home/gracekim/workspace/test_ws/install/px4_msgs/lib/python3.8/site-packages:/opt/ros/foxy/lib/python3.8/site-packages /usr/bin/python3 -W ignore:setup.py install is deprecated setup.py develop --editable --build-directory /home/gracekim/workspace/test_ws/build/yolo_detection/build --no-deps symlink_data
[3.201s] /home/gracekim/.local/lib/python3.8/site-packages/setuptools/dist.py:476: SetuptoolsDeprecationWarning: Invalid dash-separated options
[3.201s] !!
[3.201s] 
[3.201s]         ********************************************************************************
[3.201s]         Usage of dash-separated 'script-dir' will not be supported in future
[3.201s]         versions. Please use the underscore name 'script_dir' instead.
[3.201s] 
[3.201s]         By 2024-Sep-26, you need to update your project and remove deprecated calls
[3.201s]         or your builds will no longer be supported.
[3.201s] 
[3.202s]         See https://setuptools.pypa.io/en/latest/userguide/declarative_config.html for details.
[3.202s]         ********************************************************************************
[3.202s] 
[3.202s] !!
[3.202s]   opt = self.warn_dash_deprecation(opt, section)
[3.502s] running develop
[3.503s] /home/gracekim/.local/lib/python3.8/site-packages/setuptools/command/develop.py:42: EasyInstallDeprecationWarning: easy_install command is deprecated.
[3.503s] !!
[3.503s] 
[3.503s]         ********************************************************************************
[3.503s]         Please avoid running ``setup.py`` and ``easy_install``.
[3.503s]         Instead, use pypa/build, pypa/installer or other
[3.503s]         standards-based tools.
[3.503s] 
[3.503s]         See https://github.com/pypa/setuptools/issues/917 for details.
[3.504s]         ********************************************************************************
[3.504s] 
[3.504s] !!
[3.504s]   easy_install.initialize_options(self)
[3.823s] running egg_info
[3.846s] writing yolo_detection.egg-info/PKG-INFO
[3.850s] writing dependency_links to yolo_detection.egg-info/dependency_links.txt
[3.851s] writing entry points to yolo_detection.egg-info/entry_points.txt
[3.851s] writing requirements to yolo_detection.egg-info/requires.txt
[3.852s] writing top-level names to yolo_detection.egg-info/top_level.txt
[3.908s] reading manifest file 'yolo_detection.egg-info/SOURCES.txt'
[3.911s] writing manifest file 'yolo_detection.egg-info/SOURCES.txt'
[4.009s] running build_ext
[4.010s] Creating /home/gracekim/workspace/test_ws/install/yolo_detection/lib/python3.8/site-packages/yolo-detection.egg-link (link to .)
[4.011s] Installing yolo_detector script to /home/gracekim/workspace/test_ws/install/yolo_detection/lib/yolo_detection
[4.011s] 
[4.012s] Installed /home/gracekim/workspace/test_ws/build/yolo_detection
[4.012s] running symlink_data
[4.063s] Invoked command in '/home/gracekim/workspace/test_ws/build/yolo_detection' returned '0': CMAKE_PREFIX_PATH=/home/gracekim/workspace/test_ws/install/my_bboxes_msg:/home/gracekim/workspace/test_ws/install/px4_msgs LD_LIBRARY_PATH=/home/gracekim/workspace/test_ws/install/my_bboxes_msg/lib:/home/gracekim/workspace/test_ws/install/px4_msgs/lib:/usr/lib/x86_64-linux-gnu/gazebo-11/plugins:/opt/ros/foxy/opt/yaml_cpp_vendor/lib:/opt/ros/foxy/opt/rviz_ogre_vendor/lib:/opt/ros/foxy/lib/x86_64-linux-gnu:/opt/ros/foxy/lib PYTHONPATH=/home/gracekim/workspace/test_ws/build/yolo_detection/prefix_override:/usr/lib/python3/dist-packages/colcon_core/task/python/colcon_distutils_commands:/home/gracekim/workspace/test_ws/install/yolo_detection/lib/python3.8/site-packages:/home/gracekim/workspace/test_ws/install/my_bboxes_msg/lib/python3.8/site-packages:/home/gracekim/workspace/test_ws/build/yolo_detection:/home/gracekim/workspace/test_ws/install/yolo_detection/lib/python3.8/site-packages:/home/gracekim/workspace/test_ws/build/test_nodes:/home/gracekim/workspace/test_ws/install/test_nodes/lib/python3.8/site-packages:/home/gracekim/workspace/test_ws/install/px4_msgs/lib/python3.8/site-packages:/opt/ros/foxy/lib/python3.8/site-packages /usr/bin/python3 -W ignore:setup.py install is deprecated setup.py develop --editable --build-directory /home/gracekim/workspace/test_ws/build/yolo_detection/build --no-deps symlink_data
