[0.045s] Invoking command in '/home/gracekim/workspace/test_ws/build/my_bboxes_msg': CMAKE_PREFIX_PATH=${CMAKE_PREFIX_PATH}:/home/gracekim/workspace/test_ws/install/yolo_detection:/home/gracekim/workspace/test_ws/install/test_nodes:/opt/ros/foxy /usr/local/bin/cmake --build /home/gracekim/workspace/test_ws/build/my_bboxes_msg -- -j16 -l16
[0.097s] [ 10%] Built target my_bboxes_msg__rosidl_generator_c
[0.104s] [ 12%] Built target my_bboxes_msg__cpp
[0.126s] [ 23%] Built target my_bboxes_msg__rosidl_typesupport_c
[0.131s] [ 34%] Built target my_bboxes_msg__rosidl_typesupport_cpp
[0.139s] [ 44%] Built target my_bboxes_msg__rosidl_typesupport_introspection_cpp
[0.156s] [ 55%] Built target my_bboxes_msg__rosidl_typesupport_introspection_c
[0.250s] [ 65%] Built target my_bboxes_msg__rosidl_typesupport_fastrtps_cpp
[0.328s] [ 76%] Built target my_bboxes_msg__rosidl_typesupport_fastrtps_c
[0.344s] [ 76%] Built target my_bboxes_msg
[0.364s] [ 78%] Built target my_bboxes_msg__py
[0.392s] [ 87%] Built target my_bboxes_msg__python
[0.461s] [ 95%] Built target my_bboxes_msg__rosidl_typesupport_fastrtps_c__pyext
[0.462s] [ 95%] Built target my_bboxes_msg__rosidl_typesupport_introspection_c__pyext
[0.525s] [100%] Built target my_bboxes_msg__rosidl_typesupport_c__pyext
[0.589s] Invoked command in '/home/gracekim/workspace/test_ws/build/my_bboxes_msg' returned '0': CMAKE_PREFIX_PATH=${CMAKE_PREFIX_PATH}:/home/gracekim/workspace/test_ws/install/yolo_detection:/home/gracekim/workspace/test_ws/install/test_nodes:/opt/ros/foxy /usr/local/bin/cmake --build /home/gracekim/workspace/test_ws/build/my_bboxes_msg -- -j16 -l16
[0.995s] Invoking command in '/home/gracekim/workspace/test_ws/build/my_bboxes_msg': CMAKE_PREFIX_PATH=${CMAKE_PREFIX_PATH}:/home/gracekim/workspace/test_ws/install/yolo_detection:/home/gracekim/workspace/test_ws/install/test_nodes:/opt/ros/foxy /usr/local/bin/cmake --install /home/gracekim/workspace/test_ws/build/my_bboxes_msg
[1.009s] -- Install configuration: ""
[1.010s] -- Execute custom install script
[1.011s] -- Up-to-date symlink: /home/gracekim/workspace/test_ws/install/my_bboxes_msg/share/ament_index/resource_index/rosidl_interfaces/my_bboxes_msg
[1.012s] -- Up-to-date symlink: /home/gracekim/workspace/test_ws/install/my_bboxes_msg/include/my_bboxes_msg/msg/detail/vehicle_phase__functions.h
[1.012s] -- Up-to-date symlink: /home/gracekim/workspace/test_ws/install/my_bboxes_msg/include/my_bboxes_msg/msg/detail/vehicle_phase__struct.h
[1.012s] -- Up-to-date symlink: /home/gracekim/workspace/test_ws/install/my_bboxes_msg/include/my_bboxes_msg/msg/detail/vehicle_phase__type_support.h
[1.014s] -- Up-to-date symlink: /home/gracekim/workspace/test_ws/install/my_bboxes_msg/include/my_bboxes_msg/msg/detail/yolo_obstacle__functions.h
[1.014s] -- Up-to-date symlink: /home/gracekim/workspace/test_ws/install/my_bboxes_msg/include/my_bboxes_msg/msg/detail/yolo_obstacle__struct.h
[1.015s] -- Up-to-date symlink: /home/gracekim/workspace/test_ws/install/my_bboxes_msg/include/my_bboxes_msg/msg/detail/yolo_obstacle__type_support.h
[1.015s] -- Up-to-date symlink: /home/gracekim/workspace/test_ws/install/my_bboxes_msg/include/my_bboxes_msg/msg/detail/yolo_target__functions.h
[1.015s] -- Up-to-date symlink: /home/gracekim/workspace/test_ws/install/my_bboxes_msg/include/my_bboxes_msg/msg/detail/yolo_target__struct.h
[1.016s] -- Up-to-date symlink: /home/gracekim/workspace/test_ws/install/my_bboxes_msg/include/my_bboxes_msg/msg/detail/yolo_target__type_support.h
[1.016s] -- Up-to-date symlink: /home/gracekim/workspace/test_ws/install/my_bboxes_msg/include/my_bboxes_msg/msg/rosidl_generator_c__visibility_control.h
[1.017s] -- Up-to-date symlink: /home/gracekim/workspace/test_ws/install/my_bboxes_msg/include/my_bboxes_msg/msg/vehicle_phase.h
[1.017s] -- Up-to-date symlink: /home/gracekim/workspace/test_ws/install/my_bboxes_msg/include/my_bboxes_msg/msg/yolo_obstacle.h
[1.018s] -- Up-to-date symlink: /home/gracekim/workspace/test_ws/install/my_bboxes_msg/include/my_bboxes_msg/msg/yolo_target.h
[1.018s] -- Up-to-date symlink: /home/gracekim/workspace/test_ws/install/my_bboxes_msg/share/my_bboxes_msg/environment/library_path.sh
[1.019s] -- Up-to-date symlink: /home/gracekim/workspace/test_ws/install/my_bboxes_msg/share/my_bboxes_msg/environment/library_path.dsv
[1.020s] -- Up-to-date symlink: /home/gracekim/workspace/test_ws/install/my_bboxes_msg/include/my_bboxes_msg/msg/detail/vehicle_phase__rosidl_typesupport_fastrtps_c.h
[1.020s] -- Up-to-date symlink: /home/gracekim/workspace/test_ws/install/my_bboxes_msg/include/my_bboxes_msg/msg/detail/yolo_obstacle__rosidl_typesupport_fastrtps_c.h
[1.020s] -- Up-to-date symlink: /home/gracekim/workspace/test_ws/install/my_bboxes_msg/include/my_bboxes_msg/msg/detail/yolo_target__rosidl_typesupport_fastrtps_c.h
[1.020s] -- Up-to-date symlink: /home/gracekim/workspace/test_ws/install/my_bboxes_msg/include/my_bboxes_msg/msg/rosidl_typesupport_fastrtps_c__visibility_control.h
[1.021s] -- Up-to-date symlink: /home/gracekim/workspace/test_ws/install/my_bboxes_msg/lib/libmy_bboxes_msg__rosidl_typesupport_fastrtps_c.so
[1.022s] -- Up-to-date symlink: /home/gracekim/workspace/test_ws/install/my_bboxes_msg/include/my_bboxes_msg/msg/detail/vehicle_phase__rosidl_typesupport_fastrtps_cpp.hpp
[1.022s] -- Up-to-date symlink: /home/gracekim/workspace/test_ws/install/my_bboxes_msg/include/my_bboxes_msg/msg/detail/yolo_obstacle__rosidl_typesupport_fastrtps_cpp.hpp
[1.023s] -- Up-to-date symlink: /home/gracekim/workspace/test_ws/install/my_bboxes_msg/include/my_bboxes_msg/msg/detail/yolo_target__rosidl_typesupport_fastrtps_cpp.hpp
[1.023s] -- Up-to-date symlink: /home/gracekim/workspace/test_ws/install/my_bboxes_msg/include/my_bboxes_msg/msg/rosidl_typesupport_fastrtps_cpp__visibility_control.h
[1.023s] -- Up-to-date symlink: /home/gracekim/workspace/test_ws/install/my_bboxes_msg/lib/libmy_bboxes_msg__rosidl_typesupport_fastrtps_cpp.so
[1.024s] -- Up-to-date symlink: /home/gracekim/workspace/test_ws/install/my_bboxes_msg/include/my_bboxes_msg/msg/detail/vehicle_phase__rosidl_typesupport_introspection_c.h
[1.025s] -- Up-to-date symlink: /home/gracekim/workspace/test_ws/install/my_bboxes_msg/include/my_bboxes_msg/msg/detail/yolo_obstacle__rosidl_typesupport_introspection_c.h
[1.025s] -- Up-to-date symlink: /home/gracekim/workspace/test_ws/install/my_bboxes_msg/include/my_bboxes_msg/msg/detail/yolo_target__rosidl_typesupport_introspection_c.h
[1.025s] -- Up-to-date symlink: /home/gracekim/workspace/test_ws/install/my_bboxes_msg/include/my_bboxes_msg/msg/rosidl_typesupport_introspection_c__visibility_control.h
[1.026s] -- Up-to-date symlink: /home/gracekim/workspace/test_ws/install/my_bboxes_msg/include/my_bboxes_msg/msg/detail/vehicle_phase__builder.hpp
[1.027s] -- Up-to-date symlink: /home/gracekim/workspace/test_ws/install/my_bboxes_msg/include/my_bboxes_msg/msg/detail/vehicle_phase__struct.hpp
[1.027s] -- Up-to-date symlink: /home/gracekim/workspace/test_ws/install/my_bboxes_msg/include/my_bboxes_msg/msg/detail/vehicle_phase__traits.hpp
[1.027s] -- Up-to-date symlink: /home/gracekim/workspace/test_ws/install/my_bboxes_msg/include/my_bboxes_msg/msg/detail/vehicle_phase__type_support.hpp
[1.028s] -- Up-to-date symlink: /home/gracekim/workspace/test_ws/install/my_bboxes_msg/include/my_bboxes_msg/msg/detail/yolo_obstacle__builder.hpp
[1.028s] -- Up-to-date symlink: /home/gracekim/workspace/test_ws/install/my_bboxes_msg/include/my_bboxes_msg/msg/detail/yolo_obstacle__struct.hpp
[1.028s] -- Up-to-date symlink: /home/gracekim/workspace/test_ws/install/my_bboxes_msg/include/my_bboxes_msg/msg/detail/yolo_obstacle__traits.hpp
[1.029s] -- Up-to-date symlink: /home/gracekim/workspace/test_ws/install/my_bboxes_msg/include/my_bboxes_msg/msg/detail/yolo_obstacle__type_support.hpp
[1.029s] -- Up-to-date symlink: /home/gracekim/workspace/test_ws/install/my_bboxes_msg/include/my_bboxes_msg/msg/detail/yolo_target__builder.hpp
[1.029s] -- Up-to-date symlink: /home/gracekim/workspace/test_ws/install/my_bboxes_msg/include/my_bboxes_msg/msg/detail/yolo_target__struct.hpp
[1.029s] -- Up-to-date symlink: /home/gracekim/workspace/test_ws/install/my_bboxes_msg/include/my_bboxes_msg/msg/detail/yolo_target__traits.hpp
[1.030s] -- Up-to-date symlink: /home/gracekim/workspace/test_ws/install/my_bboxes_msg/include/my_bboxes_msg/msg/detail/yolo_target__type_support.hpp
[1.030s] -- Up-to-date symlink: /home/gracekim/workspace/test_ws/install/my_bboxes_msg/include/my_bboxes_msg/msg/rosidl_generator_cpp__visibility_control.hpp
[1.030s] -- Up-to-date symlink: /home/gracekim/workspace/test_ws/install/my_bboxes_msg/include/my_bboxes_msg/msg/vehicle_phase.hpp
[1.031s] -- Up-to-date symlink: /home/gracekim/workspace/test_ws/install/my_bboxes_msg/include/my_bboxes_msg/msg/yolo_obstacle.hpp
[1.031s] -- Up-to-date symlink: /home/gracekim/workspace/test_ws/install/my_bboxes_msg/include/my_bboxes_msg/msg/yolo_target.hpp
[1.032s] -- Up-to-date symlink: /home/gracekim/workspace/test_ws/install/my_bboxes_msg/include/my_bboxes_msg/msg/detail/vehicle_phase__rosidl_typesupport_introspection_cpp.hpp
[1.032s] -- Up-to-date symlink: /home/gracekim/workspace/test_ws/install/my_bboxes_msg/include/my_bboxes_msg/msg/detail/yolo_obstacle__rosidl_typesupport_introspection_cpp.hpp
[1.032s] -- Up-to-date symlink: /home/gracekim/workspace/test_ws/install/my_bboxes_msg/include/my_bboxes_msg/msg/detail/yolo_target__rosidl_typesupport_introspection_cpp.hpp
[1.033s] -- Up-to-date symlink: /home/gracekim/workspace/test_ws/install/my_bboxes_msg/share/my_bboxes_msg/environment/pythonpath.sh
[1.033s] -- Up-to-date symlink: /home/gracekim/workspace/test_ws/install/my_bboxes_msg/share/my_bboxes_msg/environment/pythonpath.dsv
[1.037s] -- Up-to-date symlink: /home/gracekim/workspace/test_ws/install/my_bboxes_msg/lib/python3.8/site-packages/my_bboxes_msg/__init__.py
[1.037s] -- Up-to-date symlink: /home/gracekim/workspace/test_ws/install/my_bboxes_msg/lib/python3.8/site-packages/my_bboxes_msg/msg/__init__.py
[1.038s] -- Up-to-date symlink: /home/gracekim/workspace/test_ws/install/my_bboxes_msg/lib/python3.8/site-packages/my_bboxes_msg/msg/_vehicle_phase.py
[1.038s] -- Up-to-date symlink: /home/gracekim/workspace/test_ws/install/my_bboxes_msg/lib/python3.8/site-packages/my_bboxes_msg/msg/_yolo_obstacle.py
[1.038s] -- Up-to-date symlink: /home/gracekim/workspace/test_ws/install/my_bboxes_msg/lib/python3.8/site-packages/my_bboxes_msg/msg/_yolo_target.py
[1.039s] -- Up-to-date symlink: /home/gracekim/workspace/test_ws/install/my_bboxes_msg/lib/python3.8/site-packages/my_bboxes_msg/my_bboxes_msg_s__rosidl_typesupport_fastrtps_c.cpython-38-x86_64-linux-gnu.so
[1.039s] -- Up-to-date symlink: /home/gracekim/workspace/test_ws/install/my_bboxes_msg/lib/python3.8/site-packages/my_bboxes_msg/my_bboxes_msg_s__rosidl_typesupport_introspection_c.cpython-38-x86_64-linux-gnu.so
[1.040s] -- Up-to-date symlink: /home/gracekim/workspace/test_ws/install/my_bboxes_msg/lib/python3.8/site-packages/my_bboxes_msg/my_bboxes_msg_s__rosidl_typesupport_c.cpython-38-x86_64-linux-gnu.so
[1.040s] -- Up-to-date symlink: /home/gracekim/workspace/test_ws/install/my_bboxes_msg/lib/libmy_bboxes_msg__python.so
[1.041s] -- Up-to-date symlink: /home/gracekim/workspace/test_ws/install/my_bboxes_msg/share/my_bboxes_msg/msg/YoloObstacle.idl
[1.041s] -- Up-to-date symlink: /home/gracekim/workspace/test_ws/install/my_bboxes_msg/share/my_bboxes_msg/msg/YoloTarget.idl
[1.042s] -- Up-to-date symlink: /home/gracekim/workspace/test_ws/install/my_bboxes_msg/share/my_bboxes_msg/msg/VehiclePhase.idl
[1.042s] -- Up-to-date symlink: /home/gracekim/workspace/test_ws/install/my_bboxes_msg/share/my_bboxes_msg/msg/YoloObstacle.msg
[1.042s] -- Up-to-date symlink: /home/gracekim/workspace/test_ws/install/my_bboxes_msg/share/my_bboxes_msg/msg/YoloTarget.msg
[1.043s] -- Up-to-date symlink: /home/gracekim/workspace/test_ws/install/my_bboxes_msg/share/my_bboxes_msg/msg/VehiclePhase.msg
[1.044s] -- Up-to-date symlink: /home/gracekim/workspace/test_ws/install/my_bboxes_msg/share/ament_index/resource_index/package_run_dependencies/my_bboxes_msg
[1.044s] -- Up-to-date symlink: /home/gracekim/workspace/test_ws/install/my_bboxes_msg/share/ament_index/resource_index/parent_prefix_path/my_bboxes_msg
[1.044s] -- Up-to-date symlink: /home/gracekim/workspace/test_ws/install/my_bboxes_msg/share/my_bboxes_msg/environment/ament_prefix_path.sh
[1.045s] -- Up-to-date symlink: /home/gracekim/workspace/test_ws/install/my_bboxes_msg/share/my_bboxes_msg/environment/ament_prefix_path.dsv
[1.045s] -- Up-to-date symlink: /home/gracekim/workspace/test_ws/install/my_bboxes_msg/share/my_bboxes_msg/environment/path.sh
[1.046s] -- Up-to-date symlink: /home/gracekim/workspace/test_ws/install/my_bboxes_msg/share/my_bboxes_msg/environment/path.dsv
[1.046s] -- Up-to-date symlink: /home/gracekim/workspace/test_ws/install/my_bboxes_msg/share/my_bboxes_msg/local_setup.bash
[1.047s] -- Up-to-date symlink: /home/gracekim/workspace/test_ws/install/my_bboxes_msg/share/my_bboxes_msg/local_setup.sh
[1.047s] -- Up-to-date symlink: /home/gracekim/workspace/test_ws/install/my_bboxes_msg/share/my_bboxes_msg/local_setup.zsh
[1.047s] -- Up-to-date symlink: /home/gracekim/workspace/test_ws/install/my_bboxes_msg/share/my_bboxes_msg/local_setup.dsv
[1.048s] -- Symlinking: /home/gracekim/workspace/test_ws/install/my_bboxes_msg/share/my_bboxes_msg/package.dsv
[1.101s] -- Up-to-date symlink: /home/gracekim/workspace/test_ws/install/my_bboxes_msg/share/ament_index/resource_index/packages/my_bboxes_msg
[1.102s] -- Up-to-date symlink: /home/gracekim/workspace/test_ws/install/my_bboxes_msg/share/my_bboxes_msg/cmake/rosidl_cmake-extras.cmake
[1.102s] -- Up-to-date symlink: /home/gracekim/workspace/test_ws/install/my_bboxes_msg/share/my_bboxes_msg/cmake/ament_cmake_export_dependencies-extras.cmake
[1.102s] -- Up-to-date symlink: /home/gracekim/workspace/test_ws/install/my_bboxes_msg/share/my_bboxes_msg/cmake/ament_cmake_export_libraries-extras.cmake
[1.102s] -- Up-to-date symlink: /home/gracekim/workspace/test_ws/install/my_bboxes_msg/share/my_bboxes_msg/cmake/ament_cmake_export_targets-extras.cmake
[1.102s] -- Up-to-date symlink: /home/gracekim/workspace/test_ws/install/my_bboxes_msg/share/my_bboxes_msg/cmake/ament_cmake_export_include_directories-extras.cmake
[1.102s] -- Up-to-date symlink: /home/gracekim/workspace/test_ws/install/my_bboxes_msg/share/my_bboxes_msg/cmake/rosidl_cmake_export_typesupport_libraries-extras.cmake
[1.102s] -- Up-to-date symlink: /home/gracekim/workspace/test_ws/install/my_bboxes_msg/share/my_bboxes_msg/cmake/rosidl_cmake_export_typesupport_targets-extras.cmake
[1.102s] -- Up-to-date symlink: /home/gracekim/workspace/test_ws/install/my_bboxes_msg/share/my_bboxes_msg/cmake/my_bboxes_msgConfig.cmake
[1.102s] -- Up-to-date symlink: /home/gracekim/workspace/test_ws/install/my_bboxes_msg/share/my_bboxes_msg/cmake/my_bboxes_msgConfig-version.cmake
[1.102s] -- Up-to-date symlink: /home/gracekim/workspace/test_ws/install/my_bboxes_msg/share/my_bboxes_msg/package.xml
[1.102s] -- Up-to-date: /home/gracekim/workspace/test_ws/install/my_bboxes_msg/lib/libmy_bboxes_msg__rosidl_generator_c.so
[1.102s] -- Up-to-date: /home/gracekim/workspace/test_ws/install/my_bboxes_msg/lib/libmy_bboxes_msg__rosidl_typesupport_introspection_c.so
[1.102s] -- Up-to-date: /home/gracekim/workspace/test_ws/install/my_bboxes_msg/lib/libmy_bboxes_msg__rosidl_typesupport_c.so
[1.103s] -- Up-to-date: /home/gracekim/workspace/test_ws/install/my_bboxes_msg/lib/libmy_bboxes_msg__rosidl_typesupport_introspection_cpp.so
[1.109s] -- Up-to-date: /home/gracekim/workspace/test_ws/install/my_bboxes_msg/lib/libmy_bboxes_msg__rosidl_typesupport_cpp.so
[1.408s] -- Up-to-date: /home/gracekim/workspace/test_ws/install/my_bboxes_msg/share/my_bboxes_msg/cmake/my_bboxes_msg__rosidl_generator_cExport.cmake
[1.408s] -- Up-to-date: /home/gracekim/workspace/test_ws/install/my_bboxes_msg/share/my_bboxes_msg/cmake/my_bboxes_msg__rosidl_generator_cExport-noconfig.cmake
[1.408s] -- Up-to-date: /home/gracekim/workspace/test_ws/install/my_bboxes_msg/share/my_bboxes_msg/cmake/my_bboxes_msg__rosidl_typesupport_introspection_cExport.cmake
[1.408s] -- Up-to-date: /home/gracekim/workspace/test_ws/install/my_bboxes_msg/share/my_bboxes_msg/cmake/my_bboxes_msg__rosidl_typesupport_introspection_cExport-noconfig.cmake
[1.408s] -- Up-to-date: /home/gracekim/workspace/test_ws/install/my_bboxes_msg/share/my_bboxes_msg/cmake/my_bboxes_msg__rosidl_typesupport_cExport.cmake
[1.408s] -- Up-to-date: /home/gracekim/workspace/test_ws/install/my_bboxes_msg/share/my_bboxes_msg/cmake/my_bboxes_msg__rosidl_typesupport_cExport-noconfig.cmake
[1.409s] -- Up-to-date: /home/gracekim/workspace/test_ws/install/my_bboxes_msg/share/my_bboxes_msg/cmake/my_bboxes_msg__rosidl_generator_cppExport.cmake
[1.409s] -- Up-to-date: /home/gracekim/workspace/test_ws/install/my_bboxes_msg/share/my_bboxes_msg/cmake/my_bboxes_msg__rosidl_typesupport_introspection_cppExport.cmake
[1.409s] -- Up-to-date: /home/gracekim/workspace/test_ws/install/my_bboxes_msg/share/my_bboxes_msg/cmake/my_bboxes_msg__rosidl_typesupport_introspection_cppExport-noconfig.cmake
[1.409s] -- Up-to-date: /home/gracekim/workspace/test_ws/install/my_bboxes_msg/share/my_bboxes_msg/cmake/my_bboxes_msg__rosidl_typesupport_cppExport.cmake
[1.409s] -- Up-to-date: /home/gracekim/workspace/test_ws/install/my_bboxes_msg/share/my_bboxes_msg/cmake/my_bboxes_msg__rosidl_typesupport_cppExport-noconfig.cmake
[1.417s] Invoked command in '/home/gracekim/workspace/test_ws/build/my_bboxes_msg' returned '0': CMAKE_PREFIX_PATH=${CMAKE_PREFIX_PATH}:/home/gracekim/workspace/test_ws/install/yolo_detection:/home/gracekim/workspace/test_ws/install/test_nodes:/opt/ros/foxy /usr/local/bin/cmake --install /home/gracekim/workspace/test_ws/build/my_bboxes_msg
