[4.995s] Invoking command in '/home/gracekim/workspace/test_ws/build/yolo_detection': CMAKE_PREFIX_PATH=/home/gracekim/workspace/test_ws/install/my_bboxes_msg:/home/gracekim/workspace/test_ws/install/px4_msgs LD_LIBRARY_PATH=/home/gracekim/workspace/test_ws/install/my_bboxes_msg/lib:/home/gracekim/workspace/test_ws/install/px4_msgs/lib:/usr/lib/x86_64-linux-gnu/gazebo-11/plugins:/opt/ros/foxy/opt/yaml_cpp_vendor/lib:/opt/ros/foxy/opt/rviz_ogre_vendor/lib:/opt/ros/foxy/lib/x86_64-linux-gnu:/opt/ros/foxy/lib PYTHONPATH=/home/gracekim/workspace/test_ws/build/yolo_detection/prefix_override:/usr/lib/python3/dist-packages/colcon_core/task/python/colcon_distutils_commands:/home/gracekim/workspace/test_ws/install/yolo_detection/lib/python3.8/site-packages:/home/gracekim/workspace/test_ws/install/my_bboxes_msg/lib/python3.8/site-packages:/home/gracekim/workspace/test_ws/build/yolo_detection:/home/gracekim/workspace/test_ws/install/yolo_detection/lib/python3.8/site-packages:/home/gracekim/workspace/test_ws/build/test_nodes:/home/gracekim/workspace/test_ws/install/test_nodes/lib/python3.8/site-packages:/home/gracekim/workspace/test_ws/install/px4_msgs/lib/python3.8/site-packages:/opt/ros/foxy/lib/python3.8/site-packages /usr/bin/python3 -W ignore:setup.py install is deprecated setup.py develop --editable --build-directory /home/gracekim/workspace/test_ws/build/yolo_detection/build --no-deps symlink_data
[6.197s] /home/gracekim/.local/lib/python3.8/site-packages/setuptools/dist.py:476: SetuptoolsDeprecationWarning: Invalid dash-separated options
[6.197s] !!
[6.197s] 
[6.197s]         ********************************************************************************
[6.197s]         Usage of dash-separated 'script-dir' will not be supported in future
[6.197s]         versions. Please use the underscore name 'script_dir' instead.
[6.197s] 
[6.197s]         By 2024-Sep-26, you need to update your project and remove deprecated calls
[6.197s]         or your builds will no longer be supported.
[6.197s] 
[6.197s]         See https://setuptools.pypa.io/en/latest/userguide/declarative_config.html for details.
[6.198s]         ********************************************************************************
[6.198s] 
[6.198s] !!
[6.198s]   opt = self.warn_dash_deprecation(opt, section)
[8.112s] running develop
[8.113s] /home/gracekim/.local/lib/python3.8/site-packages/setuptools/command/develop.py:42: EasyInstallDeprecationWarning: easy_install command is deprecated.
[8.114s] !!
[8.115s] 
[8.117s]         ********************************************************************************
[8.118s]         Please avoid running ``setup.py`` and ``easy_install``.
[8.119s]         Instead, use pypa/build, pypa/installer or other
[8.120s]         standards-based tools.
[8.120s] 
[8.121s]         See https://github.com/pypa/setuptools/issues/917 for details.
[8.121s]         ********************************************************************************
[8.122s] 
[8.123s] !!
[8.124s]   easy_install.initialize_options(self)
[10.239s] running egg_info
[10.422s] writing yolo_detection.egg-info/PKG-INFO
[10.425s] writing dependency_links to yolo_detection.egg-info/dependency_links.txt
[10.427s] writing entry points to yolo_detection.egg-info/entry_points.txt
[10.429s] writing requirements to yolo_detection.egg-info/requires.txt
[10.430s] writing top-level names to yolo_detection.egg-info/top_level.txt
[10.810s] reading manifest file 'yolo_detection.egg-info/SOURCES.txt'
[10.817s] writing manifest file 'yolo_detection.egg-info/SOURCES.txt'
[11.413s] running build_ext
[11.414s] Creating /home/gracekim/workspace/test_ws/install/yolo_detection/lib/python3.8/site-packages/yolo-detection.egg-link (link to .)
[11.420s] Installing yolo_detector script to /home/gracekim/workspace/test_ws/install/yolo_detection/lib/yolo_detection
[11.424s] 
[11.425s] Installed /home/gracekim/workspace/test_ws/build/yolo_detection
[11.425s] running symlink_data
[11.664s] Invoked command in '/home/gracekim/workspace/test_ws/build/yolo_detection' returned '0': CMAKE_PREFIX_PATH=/home/gracekim/workspace/test_ws/install/my_bboxes_msg:/home/gracekim/workspace/test_ws/install/px4_msgs LD_LIBRARY_PATH=/home/gracekim/workspace/test_ws/install/my_bboxes_msg/lib:/home/gracekim/workspace/test_ws/install/px4_msgs/lib:/usr/lib/x86_64-linux-gnu/gazebo-11/plugins:/opt/ros/foxy/opt/yaml_cpp_vendor/lib:/opt/ros/foxy/opt/rviz_ogre_vendor/lib:/opt/ros/foxy/lib/x86_64-linux-gnu:/opt/ros/foxy/lib PYTHONPATH=/home/gracekim/workspace/test_ws/build/yolo_detection/prefix_override:/usr/lib/python3/dist-packages/colcon_core/task/python/colcon_distutils_commands:/home/gracekim/workspace/test_ws/install/yolo_detection/lib/python3.8/site-packages:/home/gracekim/workspace/test_ws/install/my_bboxes_msg/lib/python3.8/site-packages:/home/gracekim/workspace/test_ws/build/yolo_detection:/home/gracekim/workspace/test_ws/install/yolo_detection/lib/python3.8/site-packages:/home/gracekim/workspace/test_ws/build/test_nodes:/home/gracekim/workspace/test_ws/install/test_nodes/lib/python3.8/site-packages:/home/gracekim/workspace/test_ws/install/px4_msgs/lib/python3.8/site-packages:/opt/ros/foxy/lib/python3.8/site-packages /usr/bin/python3 -W ignore:setup.py install is deprecated setup.py develop --editable --build-directory /home/gracekim/workspace/test_ws/build/yolo_detection/build --no-deps symlink_data
