[0.237s] DEBUG:colcon:Command line arguments: ['/usr/bin/colcon', 'build', '--symlink-install']
[0.237s] DEBUG:colcon:Parsed command line arguments: Namespace(allow_overriding=[], ament_cmake_args=None, base_paths=['.'], build_base='build', catkin_cmake_args=None, catkin_skip_building_tests=False, cmake_args=None, cmake_clean_cache=False, cmake_clean_first=False, cmake_force_configure=False, cmake_target=None, cmake_target_skip_unavailable=False, continue_on_error=False, event_handlers=None, executor='parallel', ignore_user_meta=False, install_base='install', log_base=None, log_level=None, main=<bound method BuildVerb.main of <colcon_core.verb.build.BuildVerb object at 0x7f60bf639c70>>, merge_install=False, metas=['./colcon.meta'], mixin=None, mixin_files=None, mixin_verb=('build',), packages_above=None, packages_above_and_dependencies=None, packages_above_depth=None, packages_end=None, packages_ignore=None, packages_ignore_regex=None, packages_select=None, packages_select_build_failed=False, packages_select_by_dep=None, packages_select_regex=None, packages_select_test_failures=False, packages_skip=None, packages_skip_build_finished=False, packages_skip_by_dep=None, packages_skip_regex=None, packages_skip_test_passed=False, packages_skip_up_to=None, packages_start=None, packages_up_to=None, packages_up_to_regex=None, parallel_workers=16, paths=None, symlink_install=True, test_result_base=None, verb_extension=<colcon_core.verb.build.BuildVerb object at 0x7f60bf639c70>, verb_name='build', verb_parser=<colcon_mixin.mixin.mixin_argument.MixinArgumentDecorator object at 0x7f60bf637640>)
[0.267s] Level 1:colcon.colcon_core.package_discovery:discover_packages(colcon_meta) check parameters
[0.267s] Level 1:colcon.colcon_core.package_discovery:discover_packages(recursive) check parameters
[0.267s] Level 1:colcon.colcon_core.package_discovery:discover_packages(ignore) check parameters
[0.267s] Level 1:colcon.colcon_core.package_discovery:discover_packages(path) check parameters
[0.267s] Level 1:colcon.colcon_core.package_discovery:discover_packages(colcon_meta) discover
[0.267s] Level 1:colcon.colcon_core.package_discovery:discover_packages(recursive) discover
[0.267s] INFO:colcon.colcon_core.package_discovery:Crawling recursively for packages in '/home/gracekim/workspace/test_ws'
[0.267s] Level 1:colcon.colcon_core.package_identification:_identify(.) by extensions ['ignore', 'ignore_ament_install']
[0.267s] Level 1:colcon.colcon_core.package_identification:_identify(.) by extension 'ignore'
[0.267s] Level 1:colcon.colcon_core.package_identification:_identify(.) by extension 'ignore_ament_install'
[0.267s] Level 1:colcon.colcon_core.package_identification:_identify(.) by extensions ['colcon_pkg']
[0.267s] Level 1:colcon.colcon_core.package_identification:_identify(.) by extension 'colcon_pkg'
[0.267s] Level 1:colcon.colcon_core.package_identification:_identify(.) by extensions ['colcon_meta']
[0.267s] Level 1:colcon.colcon_core.package_identification:_identify(.) by extension 'colcon_meta'
[0.267s] Level 1:colcon.colcon_core.package_identification:_identify(.) by extensions ['ros']
[0.267s] Level 1:colcon.colcon_core.package_identification:_identify(.) by extension 'ros'
[0.276s] Level 1:colcon.colcon_core.package_identification:_identify(.) by extensions ['cmake', 'python']
[0.276s] Level 1:colcon.colcon_core.package_identification:_identify(.) by extension 'cmake'
[0.276s] Level 1:colcon.colcon_core.package_identification:_identify(.) by extension 'python'
[0.276s] Level 1:colcon.colcon_core.package_identification:_identify(.) by extensions ['python_setup_py']
[0.276s] Level 1:colcon.colcon_core.package_identification:_identify(.) by extension 'python_setup_py'
[0.276s] Level 1:colcon.colcon_core.package_identification:_identify(build) by extensions ['ignore', 'ignore_ament_install']
[0.276s] Level 1:colcon.colcon_core.package_identification:_identify(build) by extension 'ignore'
[0.276s] Level 1:colcon.colcon_core.package_identification:_identify(build) ignored
[0.276s] Level 1:colcon.colcon_core.package_identification:_identify(install) by extensions ['ignore', 'ignore_ament_install']
[0.276s] Level 1:colcon.colcon_core.package_identification:_identify(install) by extension 'ignore'
[0.276s] Level 1:colcon.colcon_core.package_identification:_identify(install) ignored
[0.276s] Level 1:colcon.colcon_core.package_identification:_identify(log) by extensions ['ignore', 'ignore_ament_install']
[0.276s] Level 1:colcon.colcon_core.package_identification:_identify(log) by extension 'ignore'
[0.276s] Level 1:colcon.colcon_core.package_identification:_identify(log) ignored
[0.276s] Level 1:colcon.colcon_core.package_identification:_identify(src) by extensions ['ignore', 'ignore_ament_install']
[0.276s] Level 1:colcon.colcon_core.package_identification:_identify(src) by extension 'ignore'
[0.277s] Level 1:colcon.colcon_core.package_identification:_identify(src) by extension 'ignore_ament_install'
[0.277s] Level 1:colcon.colcon_core.package_identification:_identify(src) by extensions ['colcon_pkg']
[0.277s] Level 1:colcon.colcon_core.package_identification:_identify(src) by extension 'colcon_pkg'
[0.277s] Level 1:colcon.colcon_core.package_identification:_identify(src) by extensions ['colcon_meta']
[0.277s] Level 1:colcon.colcon_core.package_identification:_identify(src) by extension 'colcon_meta'
[0.277s] Level 1:colcon.colcon_core.package_identification:_identify(src) by extensions ['ros']
[0.277s] Level 1:colcon.colcon_core.package_identification:_identify(src) by extension 'ros'
[0.277s] Level 1:colcon.colcon_core.package_identification:_identify(src) by extensions ['cmake', 'python']
[0.277s] Level 1:colcon.colcon_core.package_identification:_identify(src) by extension 'cmake'
[0.277s] Level 1:colcon.colcon_core.package_identification:_identify(src) by extension 'python'
[0.277s] Level 1:colcon.colcon_core.package_identification:_identify(src) by extensions ['python_setup_py']
[0.277s] Level 1:colcon.colcon_core.package_identification:_identify(src) by extension 'python_setup_py'
[0.277s] Level 1:colcon.colcon_core.package_identification:_identify(src/my_bboxes_msg) by extensions ['ignore', 'ignore_ament_install']
[0.277s] Level 1:colcon.colcon_core.package_identification:_identify(src/my_bboxes_msg) by extension 'ignore'
[0.277s] Level 1:colcon.colcon_core.package_identification:_identify(src/my_bboxes_msg) by extension 'ignore_ament_install'
[0.277s] Level 1:colcon.colcon_core.package_identification:_identify(src/my_bboxes_msg) by extensions ['colcon_pkg']
[0.277s] Level 1:colcon.colcon_core.package_identification:_identify(src/my_bboxes_msg) by extension 'colcon_pkg'
[0.277s] Level 1:colcon.colcon_core.package_identification:_identify(src/my_bboxes_msg) by extensions ['colcon_meta']
[0.277s] Level 1:colcon.colcon_core.package_identification:_identify(src/my_bboxes_msg) by extension 'colcon_meta'
[0.277s] Level 1:colcon.colcon_core.package_identification:_identify(src/my_bboxes_msg) by extensions ['ros']
[0.277s] Level 1:colcon.colcon_core.package_identification:_identify(src/my_bboxes_msg) by extension 'ros'
[0.278s] DEBUG:colcon.colcon_core.package_identification:Package 'src/my_bboxes_msg' with type 'ros.ament_cmake' and name 'my_bboxes_msg'
[0.279s] Level 1:colcon.colcon_core.package_identification:_identify(src/px4_msgs) by extensions ['ignore', 'ignore_ament_install']
[0.279s] Level 1:colcon.colcon_core.package_identification:_identify(src/px4_msgs) by extension 'ignore'
[0.279s] Level 1:colcon.colcon_core.package_identification:_identify(src/px4_msgs) by extension 'ignore_ament_install'
[0.279s] Level 1:colcon.colcon_core.package_identification:_identify(src/px4_msgs) by extensions ['colcon_pkg']
[0.279s] Level 1:colcon.colcon_core.package_identification:_identify(src/px4_msgs) by extension 'colcon_pkg'
[0.279s] Level 1:colcon.colcon_core.package_identification:_identify(src/px4_msgs) by extensions ['colcon_meta']
[0.279s] Level 1:colcon.colcon_core.package_identification:_identify(src/px4_msgs) by extension 'colcon_meta'
[0.279s] Level 1:colcon.colcon_core.package_identification:_identify(src/px4_msgs) by extensions ['ros']
[0.279s] Level 1:colcon.colcon_core.package_identification:_identify(src/px4_msgs) by extension 'ros'
[0.279s] DEBUG:colcon.colcon_core.package_identification:Package 'src/px4_msgs' with type 'ros.ament_cmake' and name 'px4_msgs'
[0.279s] Level 1:colcon.colcon_core.package_identification:_identify(src/vehicle_controller) by extensions ['ignore', 'ignore_ament_install']
[0.279s] Level 1:colcon.colcon_core.package_identification:_identify(src/vehicle_controller) by extension 'ignore'
[0.279s] Level 1:colcon.colcon_core.package_identification:_identify(src/vehicle_controller) by extension 'ignore_ament_install'
[0.279s] Level 1:colcon.colcon_core.package_identification:_identify(src/vehicle_controller) by extensions ['colcon_pkg']
[0.279s] Level 1:colcon.colcon_core.package_identification:_identify(src/vehicle_controller) by extension 'colcon_pkg'
[0.279s] Level 1:colcon.colcon_core.package_identification:_identify(src/vehicle_controller) by extensions ['colcon_meta']
[0.279s] Level 1:colcon.colcon_core.package_identification:_identify(src/vehicle_controller) by extension 'colcon_meta'
[0.279s] Level 1:colcon.colcon_core.package_identification:_identify(src/vehicle_controller) by extensions ['ros']
[0.279s] Level 1:colcon.colcon_core.package_identification:_identify(src/vehicle_controller) by extension 'ros'
[0.280s] DEBUG:colcon.colcon_core.package_identification:Package 'src/vehicle_controller' with type 'ros.ament_python' and name 'test_nodes'
[0.280s] Level 1:colcon.colcon_core.package_identification:_identify(src/yolo_detection) by extensions ['ignore', 'ignore_ament_install']
[0.280s] Level 1:colcon.colcon_core.package_identification:_identify(src/yolo_detection) by extension 'ignore'
[0.280s] Level 1:colcon.colcon_core.package_identification:_identify(src/yolo_detection) by extension 'ignore_ament_install'
[0.280s] Level 1:colcon.colcon_core.package_identification:_identify(src/yolo_detection) by extensions ['colcon_pkg']
[0.280s] Level 1:colcon.colcon_core.package_identification:_identify(src/yolo_detection) by extension 'colcon_pkg'
[0.280s] Level 1:colcon.colcon_core.package_identification:_identify(src/yolo_detection) by extensions ['colcon_meta']
[0.280s] Level 1:colcon.colcon_core.package_identification:_identify(src/yolo_detection) by extension 'colcon_meta'
[0.280s] Level 1:colcon.colcon_core.package_identification:_identify(src/yolo_detection) by extensions ['ros']
[0.280s] Level 1:colcon.colcon_core.package_identification:_identify(src/yolo_detection) by extension 'ros'
[0.280s] DEBUG:colcon.colcon_core.package_identification:Package 'src/yolo_detection' with type 'ros.ament_python' and name 'yolo_detection'
[0.280s] Level 1:colcon.colcon_core.package_discovery:discover_packages(recursive) using defaults
[0.281s] Level 1:colcon.colcon_core.package_discovery:discover_packages(ignore) discover
[0.281s] Level 1:colcon.colcon_core.package_discovery:discover_packages(ignore) using defaults
[0.281s] Level 1:colcon.colcon_core.package_discovery:discover_packages(path) discover
[0.281s] Level 1:colcon.colcon_core.package_discovery:discover_packages(path) using defaults
[0.294s] Level 1:colcon.colcon_core.package_discovery:discover_packages(prefix_path) check parameters
[0.294s] Level 1:colcon.colcon_core.package_discovery:discover_packages(prefix_path) discover
[0.296s] DEBUG:colcon.colcon_installed_package_information.package_discovery:Found 311 installed packages in /opt/ros/foxy
[0.297s] Level 1:colcon.colcon_core.package_discovery:discover_packages(prefix_path) using defaults
[0.332s] Level 5:colcon.colcon_core.verb:set package 'my_bboxes_msg' build argument 'cmake_args' from command line to 'None'
[0.332s] Level 5:colcon.colcon_core.verb:set package 'my_bboxes_msg' build argument 'cmake_target' from command line to 'None'
[0.332s] Level 5:colcon.colcon_core.verb:set package 'my_bboxes_msg' build argument 'cmake_target_skip_unavailable' from command line to 'False'
[0.332s] Level 5:colcon.colcon_core.verb:set package 'my_bboxes_msg' build argument 'cmake_clean_cache' from command line to 'False'
[0.332s] Level 5:colcon.colcon_core.verb:set package 'my_bboxes_msg' build argument 'cmake_clean_first' from command line to 'False'
[0.332s] Level 5:colcon.colcon_core.verb:set package 'my_bboxes_msg' build argument 'cmake_force_configure' from command line to 'False'
[0.332s] Level 5:colcon.colcon_core.verb:set package 'my_bboxes_msg' build argument 'ament_cmake_args' from command line to 'None'
[0.332s] Level 5:colcon.colcon_core.verb:set package 'my_bboxes_msg' build argument 'catkin_cmake_args' from command line to 'None'
[0.332s] Level 5:colcon.colcon_core.verb:set package 'my_bboxes_msg' build argument 'catkin_skip_building_tests' from command line to 'False'
[0.332s] DEBUG:colcon.colcon_core.verb:Building package 'my_bboxes_msg' with the following arguments: {'ament_cmake_args': None, 'build_base': '/home/gracekim/workspace/test_ws/build/my_bboxes_msg', 'catkin_cmake_args': None, 'catkin_skip_building_tests': False, 'cmake_args': None, 'cmake_clean_cache': False, 'cmake_clean_first': False, 'cmake_force_configure': False, 'cmake_target': None, 'cmake_target_skip_unavailable': False, 'install_base': '/home/gracekim/workspace/test_ws/install/my_bboxes_msg', 'merge_install': False, 'path': '/home/gracekim/workspace/test_ws/src/my_bboxes_msg', 'symlink_install': True, 'test_result_base': None}
[0.332s] Level 5:colcon.colcon_core.verb:set package 'px4_msgs' build argument 'cmake_args' from command line to 'None'
[0.332s] Level 5:colcon.colcon_core.verb:set package 'px4_msgs' build argument 'cmake_target' from command line to 'None'
[0.332s] Level 5:colcon.colcon_core.verb:set package 'px4_msgs' build argument 'cmake_target_skip_unavailable' from command line to 'False'
[0.332s] Level 5:colcon.colcon_core.verb:set package 'px4_msgs' build argument 'cmake_clean_cache' from command line to 'False'
[0.332s] Level 5:colcon.colcon_core.verb:set package 'px4_msgs' build argument 'cmake_clean_first' from command line to 'False'
[0.332s] Level 5:colcon.colcon_core.verb:set package 'px4_msgs' build argument 'cmake_force_configure' from command line to 'False'
[0.332s] Level 5:colcon.colcon_core.verb:set package 'px4_msgs' build argument 'ament_cmake_args' from command line to 'None'
[0.332s] Level 5:colcon.colcon_core.verb:set package 'px4_msgs' build argument 'catkin_cmake_args' from command line to 'None'
[0.332s] Level 5:colcon.colcon_core.verb:set package 'px4_msgs' build argument 'catkin_skip_building_tests' from command line to 'False'
[0.332s] DEBUG:colcon.colcon_core.verb:Building package 'px4_msgs' with the following arguments: {'ament_cmake_args': None, 'build_base': '/home/gracekim/workspace/test_ws/build/px4_msgs', 'catkin_cmake_args': None, 'catkin_skip_building_tests': False, 'cmake_args': None, 'cmake_clean_cache': False, 'cmake_clean_first': False, 'cmake_force_configure': False, 'cmake_target': None, 'cmake_target_skip_unavailable': False, 'install_base': '/home/gracekim/workspace/test_ws/install/px4_msgs', 'merge_install': False, 'path': '/home/gracekim/workspace/test_ws/src/px4_msgs', 'symlink_install': True, 'test_result_base': None}
[0.333s] Level 5:colcon.colcon_core.verb:set package 'test_nodes' build argument 'cmake_args' from command line to 'None'
[0.333s] Level 5:colcon.colcon_core.verb:set package 'test_nodes' build argument 'cmake_target' from command line to 'None'
[0.333s] Level 5:colcon.colcon_core.verb:set package 'test_nodes' build argument 'cmake_target_skip_unavailable' from command line to 'False'
[0.333s] Level 5:colcon.colcon_core.verb:set package 'test_nodes' build argument 'cmake_clean_cache' from command line to 'False'
[0.333s] Level 5:colcon.colcon_core.verb:set package 'test_nodes' build argument 'cmake_clean_first' from command line to 'False'
[0.333s] Level 5:colcon.colcon_core.verb:set package 'test_nodes' build argument 'cmake_force_configure' from command line to 'False'
[0.333s] Level 5:colcon.colcon_core.verb:set package 'test_nodes' build argument 'ament_cmake_args' from command line to 'None'
[0.333s] Level 5:colcon.colcon_core.verb:set package 'test_nodes' build argument 'catkin_cmake_args' from command line to 'None'
[0.333s] Level 5:colcon.colcon_core.verb:set package 'test_nodes' build argument 'catkin_skip_building_tests' from command line to 'False'
[0.333s] DEBUG:colcon.colcon_core.verb:Building package 'test_nodes' with the following arguments: {'ament_cmake_args': None, 'build_base': '/home/gracekim/workspace/test_ws/build/test_nodes', 'catkin_cmake_args': None, 'catkin_skip_building_tests': False, 'cmake_args': None, 'cmake_clean_cache': False, 'cmake_clean_first': False, 'cmake_force_configure': False, 'cmake_target': None, 'cmake_target_skip_unavailable': False, 'install_base': '/home/gracekim/workspace/test_ws/install/test_nodes', 'merge_install': False, 'path': '/home/gracekim/workspace/test_ws/src/vehicle_controller', 'symlink_install': True, 'test_result_base': None}
[0.333s] Level 5:colcon.colcon_core.verb:set package 'yolo_detection' build argument 'cmake_args' from command line to 'None'
[0.333s] Level 5:colcon.colcon_core.verb:set package 'yolo_detection' build argument 'cmake_target' from command line to 'None'
[0.333s] Level 5:colcon.colcon_core.verb:set package 'yolo_detection' build argument 'cmake_target_skip_unavailable' from command line to 'False'
[0.333s] Level 5:colcon.colcon_core.verb:set package 'yolo_detection' build argument 'cmake_clean_cache' from command line to 'False'
[0.333s] Level 5:colcon.colcon_core.verb:set package 'yolo_detection' build argument 'cmake_clean_first' from command line to 'False'
[0.333s] Level 5:colcon.colcon_core.verb:set package 'yolo_detection' build argument 'cmake_force_configure' from command line to 'False'
[0.333s] Level 5:colcon.colcon_core.verb:set package 'yolo_detection' build argument 'ament_cmake_args' from command line to 'None'
[0.333s] Level 5:colcon.colcon_core.verb:set package 'yolo_detection' build argument 'catkin_cmake_args' from command line to 'None'
[0.333s] Level 5:colcon.colcon_core.verb:set package 'yolo_detection' build argument 'catkin_skip_building_tests' from command line to 'False'
[0.333s] DEBUG:colcon.colcon_core.verb:Building package 'yolo_detection' with the following arguments: {'ament_cmake_args': None, 'build_base': '/home/gracekim/workspace/test_ws/build/yolo_detection', 'catkin_cmake_args': None, 'catkin_skip_building_tests': False, 'cmake_args': None, 'cmake_clean_cache': False, 'cmake_clean_first': False, 'cmake_force_configure': False, 'cmake_target': None, 'cmake_target_skip_unavailable': False, 'install_base': '/home/gracekim/workspace/test_ws/install/yolo_detection', 'merge_install': False, 'path': '/home/gracekim/workspace/test_ws/src/yolo_detection', 'symlink_install': True, 'test_result_base': None}
[0.333s] INFO:colcon.colcon_core.executor:Executing jobs using 'parallel' executor
[0.334s] DEBUG:colcon.colcon_parallel_executor.executor.parallel:run_until_complete
[0.334s] INFO:colcon.colcon_ros.task.ament_cmake.build:Building ROS package in '/home/gracekim/workspace/test_ws/src/my_bboxes_msg' with build type 'ament_cmake'
[0.334s] INFO:colcon.colcon_cmake.task.cmake.build:Building CMake package in '/home/gracekim/workspace/test_ws/src/my_bboxes_msg'
[0.336s] INFO:colcon.colcon_core.plugin_system:Skipping extension 'colcon_core.shell.bat': Not used on non-Windows systems
[0.336s] INFO:colcon.colcon_core.shell:Skip shell extension 'powershell' for command environment: Not usable outside of PowerShell
[0.336s] DEBUG:colcon.colcon_core.shell:Skip shell extension 'dsv' for command environment
[0.339s] INFO:colcon.colcon_ros.task.ament_cmake.build:Building ROS package in '/home/gracekim/workspace/test_ws/src/px4_msgs' with build type 'ament_cmake'
[0.339s] INFO:colcon.colcon_cmake.task.cmake.build:Building CMake package in '/home/gracekim/workspace/test_ws/src/px4_msgs'
[0.339s] INFO:colcon.colcon_core.shell:Skip shell extension 'powershell' for command environment: Not usable outside of PowerShell
[0.339s] DEBUG:colcon.colcon_core.shell:Skip shell extension 'dsv' for command environment
[0.346s] DEBUG:colcon.colcon_core.event_handler.log_command:Invoking command in '/home/gracekim/workspace/test_ws/build/my_bboxes_msg': CMAKE_PREFIX_PATH=/opt/ros/foxy /usr/local/bin/cmake /home/gracekim/workspace/test_ws/src/my_bboxes_msg -DAMENT_CMAKE_SYMLINK_INSTALL=1 -DCMAKE_INSTALL_PREFIX=/home/gracekim/workspace/test_ws/install/my_bboxes_msg
[0.351s] DEBUG:colcon.colcon_core.event_handler.log_command:Invoking command in '/home/gracekim/workspace/test_ws/build/px4_msgs': CMAKE_PREFIX_PATH=/opt/ros/foxy /usr/local/bin/cmake /home/gracekim/workspace/test_ws/src/px4_msgs -DAMENT_CMAKE_SYMLINK_INSTALL=1 -DCMAKE_INSTALL_PREFIX=/home/gracekim/workspace/test_ws/install/px4_msgs
[1.510s] DEBUG:colcon.colcon_core.event_handler.log_command:Invoked command in '/home/gracekim/workspace/test_ws/build/my_bboxes_msg' returned '0': CMAKE_PREFIX_PATH=/opt/ros/foxy /usr/local/bin/cmake /home/gracekim/workspace/test_ws/src/my_bboxes_msg -DAMENT_CMAKE_SYMLINK_INSTALL=1 -DCMAKE_INSTALL_PREFIX=/home/gracekim/workspace/test_ws/install/my_bboxes_msg
[1.511s] DEBUG:colcon.colcon_core.event_handler.log_command:Invoking command in '/home/gracekim/workspace/test_ws/build/my_bboxes_msg': CMAKE_PREFIX_PATH=/opt/ros/foxy /usr/local/bin/cmake --build /home/gracekim/workspace/test_ws/build/my_bboxes_msg -- -j16 -l16
[2.408s] DEBUG:colcon.colcon_core.event_handler.log_command:Invoked command in '/home/gracekim/workspace/test_ws/build/px4_msgs' returned '0': CMAKE_PREFIX_PATH=/opt/ros/foxy /usr/local/bin/cmake /home/gracekim/workspace/test_ws/src/px4_msgs -DAMENT_CMAKE_SYMLINK_INSTALL=1 -DCMAKE_INSTALL_PREFIX=/home/gracekim/workspace/test_ws/install/px4_msgs
[2.410s] DEBUG:colcon.colcon_core.event_handler.log_command:Invoking command in '/home/gracekim/workspace/test_ws/build/px4_msgs': CMAKE_PREFIX_PATH=/opt/ros/foxy /usr/local/bin/cmake --build /home/gracekim/workspace/test_ws/build/px4_msgs -- -j16 -l16
[3.305s] DEBUG:colcon.colcon_core.event_handler.log_command:Invoked command in '/home/gracekim/workspace/test_ws/build/my_bboxes_msg' returned '0': CMAKE_PREFIX_PATH=/opt/ros/foxy /usr/local/bin/cmake --build /home/gracekim/workspace/test_ws/build/my_bboxes_msg -- -j16 -l16
[3.349s] DEBUG:colcon.colcon_core.event_handler.log_command:Invoking command in '/home/gracekim/workspace/test_ws/build/my_bboxes_msg': CMAKE_PREFIX_PATH=/opt/ros/foxy /usr/local/bin/cmake --install /home/gracekim/workspace/test_ws/build/my_bboxes_msg
[3.588s] Level 1:colcon.colcon_core.environment:create_environment_scripts_only(my_bboxes_msg)
[3.589s] DEBUG:colcon.colcon_core.event_handler.log_command:Invoked command in '/home/gracekim/workspace/test_ws/build/my_bboxes_msg' returned '0': CMAKE_PREFIX_PATH=/opt/ros/foxy /usr/local/bin/cmake --install /home/gracekim/workspace/test_ws/build/my_bboxes_msg
[3.591s] Level 1:colcon.colcon_core.environment:checking '/home/gracekim/workspace/test_ws/install/my_bboxes_msg' for CMake module files
[3.592s] Level 1:colcon.colcon_core.environment:checking '/home/gracekim/workspace/test_ws/install/my_bboxes_msg' for CMake config files
[3.592s] Level 1:colcon.colcon_core.shell:create_environment_hook('my_bboxes_msg', 'cmake_prefix_path')
[3.592s] INFO:colcon.colcon_core.shell:Creating environment hook '/home/gracekim/workspace/test_ws/install/my_bboxes_msg/share/my_bboxes_msg/hook/cmake_prefix_path.ps1'
[3.593s] INFO:colcon.colcon_core.shell:Creating environment descriptor '/home/gracekim/workspace/test_ws/install/my_bboxes_msg/share/my_bboxes_msg/hook/cmake_prefix_path.dsv'
[3.593s] INFO:colcon.colcon_core.shell:Creating environment hook '/home/gracekim/workspace/test_ws/install/my_bboxes_msg/share/my_bboxes_msg/hook/cmake_prefix_path.sh'
[3.593s] Level 1:colcon.colcon_core.environment:checking '/home/gracekim/workspace/test_ws/install/my_bboxes_msg/lib'
[3.594s] Level 1:colcon.colcon_core.shell:create_environment_hook('my_bboxes_msg', 'ld_library_path_lib')
[3.594s] INFO:colcon.colcon_core.shell:Creating environment hook '/home/gracekim/workspace/test_ws/install/my_bboxes_msg/share/my_bboxes_msg/hook/ld_library_path_lib.ps1'
[3.594s] INFO:colcon.colcon_core.shell:Creating environment descriptor '/home/gracekim/workspace/test_ws/install/my_bboxes_msg/share/my_bboxes_msg/hook/ld_library_path_lib.dsv'
[3.594s] INFO:colcon.colcon_core.shell:Creating environment hook '/home/gracekim/workspace/test_ws/install/my_bboxes_msg/share/my_bboxes_msg/hook/ld_library_path_lib.sh'
[3.594s] Level 1:colcon.colcon_core.environment:checking '/home/gracekim/workspace/test_ws/install/my_bboxes_msg/bin'
[3.594s] Level 1:colcon.colcon_core.environment:checking '/home/gracekim/workspace/test_ws/install/my_bboxes_msg/lib/pkgconfig/my_bboxes_msg.pc'
[3.594s] Level 1:colcon.colcon_core.environment:checking '/home/gracekim/workspace/test_ws/install/my_bboxes_msg/lib/python3.8/site-packages'
[3.594s] Level 1:colcon.colcon_core.shell:create_environment_hook('my_bboxes_msg', 'pythonpath')
[3.595s] INFO:colcon.colcon_core.shell:Creating environment hook '/home/gracekim/workspace/test_ws/install/my_bboxes_msg/share/my_bboxes_msg/hook/pythonpath.ps1'
[3.595s] INFO:colcon.colcon_core.shell:Creating environment descriptor '/home/gracekim/workspace/test_ws/install/my_bboxes_msg/share/my_bboxes_msg/hook/pythonpath.dsv'
[3.595s] INFO:colcon.colcon_core.shell:Creating environment hook '/home/gracekim/workspace/test_ws/install/my_bboxes_msg/share/my_bboxes_msg/hook/pythonpath.sh'
[3.595s] Level 1:colcon.colcon_core.environment:checking '/home/gracekim/workspace/test_ws/install/my_bboxes_msg/bin'
[3.595s] INFO:colcon.colcon_core.shell:Creating package script '/home/gracekim/workspace/test_ws/install/my_bboxes_msg/share/my_bboxes_msg/package.ps1'
[3.596s] INFO:colcon.colcon_core.shell:Creating package descriptor '/home/gracekim/workspace/test_ws/install/my_bboxes_msg/share/my_bboxes_msg/package.dsv'
[3.596s] INFO:colcon.colcon_core.shell:Creating package script '/home/gracekim/workspace/test_ws/install/my_bboxes_msg/share/my_bboxes_msg/package.sh'
[3.597s] INFO:colcon.colcon_core.shell:Creating package script '/home/gracekim/workspace/test_ws/install/my_bboxes_msg/share/my_bboxes_msg/package.bash'
[3.597s] INFO:colcon.colcon_core.shell:Creating package script '/home/gracekim/workspace/test_ws/install/my_bboxes_msg/share/my_bboxes_msg/package.zsh'
[3.598s] Level 1:colcon.colcon_core.environment:create_file_with_runtime_dependencies(/home/gracekim/workspace/test_ws/install/my_bboxes_msg/share/colcon-core/packages/my_bboxes_msg)
[3.639s] Level 1:colcon.colcon_core.environment:create_environment_scripts_only(my_bboxes_msg)
[3.639s] Level 1:colcon.colcon_core.environment:checking '/home/gracekim/workspace/test_ws/install/my_bboxes_msg' for CMake module files
[3.639s] Level 1:colcon.colcon_core.environment:checking '/home/gracekim/workspace/test_ws/install/my_bboxes_msg' for CMake config files
[3.640s] Level 1:colcon.colcon_core.shell:create_environment_hook('my_bboxes_msg', 'cmake_prefix_path')
[3.640s] INFO:colcon.colcon_core.shell:Creating environment hook '/home/gracekim/workspace/test_ws/install/my_bboxes_msg/share/my_bboxes_msg/hook/cmake_prefix_path.ps1'
[3.640s] INFO:colcon.colcon_core.shell:Creating environment descriptor '/home/gracekim/workspace/test_ws/install/my_bboxes_msg/share/my_bboxes_msg/hook/cmake_prefix_path.dsv'
[3.640s] INFO:colcon.colcon_core.shell:Creating environment hook '/home/gracekim/workspace/test_ws/install/my_bboxes_msg/share/my_bboxes_msg/hook/cmake_prefix_path.sh'
[3.641s] Level 1:colcon.colcon_core.environment:checking '/home/gracekim/workspace/test_ws/install/my_bboxes_msg/lib'
[3.641s] Level 1:colcon.colcon_core.shell:create_environment_hook('my_bboxes_msg', 'ld_library_path_lib')
[3.641s] INFO:colcon.colcon_core.shell:Creating environment hook '/home/gracekim/workspace/test_ws/install/my_bboxes_msg/share/my_bboxes_msg/hook/ld_library_path_lib.ps1'
[3.641s] INFO:colcon.colcon_core.shell:Creating environment descriptor '/home/gracekim/workspace/test_ws/install/my_bboxes_msg/share/my_bboxes_msg/hook/ld_library_path_lib.dsv'
[3.641s] INFO:colcon.colcon_core.shell:Creating environment hook '/home/gracekim/workspace/test_ws/install/my_bboxes_msg/share/my_bboxes_msg/hook/ld_library_path_lib.sh'
[3.641s] Level 1:colcon.colcon_core.environment:checking '/home/gracekim/workspace/test_ws/install/my_bboxes_msg/bin'
[3.641s] Level 1:colcon.colcon_core.environment:checking '/home/gracekim/workspace/test_ws/install/my_bboxes_msg/lib/pkgconfig/my_bboxes_msg.pc'
[3.642s] Level 1:colcon.colcon_core.environment:checking '/home/gracekim/workspace/test_ws/install/my_bboxes_msg/lib/python3.8/site-packages'
[3.642s] Level 1:colcon.colcon_core.shell:create_environment_hook('my_bboxes_msg', 'pythonpath')
[3.642s] INFO:colcon.colcon_core.shell:Creating environment hook '/home/gracekim/workspace/test_ws/install/my_bboxes_msg/share/my_bboxes_msg/hook/pythonpath.ps1'
[3.642s] INFO:colcon.colcon_core.shell:Creating environment descriptor '/home/gracekim/workspace/test_ws/install/my_bboxes_msg/share/my_bboxes_msg/hook/pythonpath.dsv'
[3.642s] INFO:colcon.colcon_core.shell:Creating environment hook '/home/gracekim/workspace/test_ws/install/my_bboxes_msg/share/my_bboxes_msg/hook/pythonpath.sh'
[3.642s] Level 1:colcon.colcon_core.environment:checking '/home/gracekim/workspace/test_ws/install/my_bboxes_msg/bin'
[3.643s] INFO:colcon.colcon_core.shell:Creating package script '/home/gracekim/workspace/test_ws/install/my_bboxes_msg/share/my_bboxes_msg/package.ps1'
[3.643s] INFO:colcon.colcon_core.shell:Creating package descriptor '/home/gracekim/workspace/test_ws/install/my_bboxes_msg/share/my_bboxes_msg/package.dsv'
[3.643s] INFO:colcon.colcon_core.shell:Creating package script '/home/gracekim/workspace/test_ws/install/my_bboxes_msg/share/my_bboxes_msg/package.sh'
[3.643s] INFO:colcon.colcon_core.shell:Creating package script '/home/gracekim/workspace/test_ws/install/my_bboxes_msg/share/my_bboxes_msg/package.bash'
[3.644s] INFO:colcon.colcon_core.shell:Creating package script '/home/gracekim/workspace/test_ws/install/my_bboxes_msg/share/my_bboxes_msg/package.zsh'
[3.644s] Level 1:colcon.colcon_core.environment:create_file_with_runtime_dependencies(/home/gracekim/workspace/test_ws/install/my_bboxes_msg/share/colcon-core/packages/my_bboxes_msg)
[3.644s] INFO:colcon.colcon_ros.task.ament_python.build:Building ROS package in '/home/gracekim/workspace/test_ws/src/yolo_detection' with build type 'ament_python'
[3.644s] Level 1:colcon.colcon_core.shell:create_environment_hook('yolo_detection', 'ament_prefix_path')
[3.644s] INFO:colcon.colcon_core.shell:Creating environment hook '/home/gracekim/workspace/test_ws/install/yolo_detection/share/yolo_detection/hook/ament_prefix_path.ps1'
[3.645s] INFO:colcon.colcon_core.shell:Creating environment descriptor '/home/gracekim/workspace/test_ws/install/yolo_detection/share/yolo_detection/hook/ament_prefix_path.dsv'
[3.645s] INFO:colcon.colcon_core.shell:Creating environment hook '/home/gracekim/workspace/test_ws/install/yolo_detection/share/yolo_detection/hook/ament_prefix_path.sh'
[3.645s] INFO:colcon.colcon_core.shell:Skip shell extension 'powershell' for command environment: Not usable outside of PowerShell
[3.645s] DEBUG:colcon.colcon_core.shell:Skip shell extension 'dsv' for command environment
[3.794s] INFO:colcon.colcon_core.task.python.build:Building Python package in '/home/gracekim/workspace/test_ws/src/yolo_detection'
[3.794s] INFO:colcon.colcon_core.shell:Skip shell extension 'powershell' for command environment: Not usable outside of PowerShell
[3.794s] DEBUG:colcon.colcon_core.shell:Skip shell extension 'dsv' for command environment
[4.238s] DEBUG:colcon.colcon_core.event_handler.log_command:Invoking command in '/home/gracekim/workspace/test_ws/build/yolo_detection': AMENT_PREFIX_PATH=/home/gracekim/workspace/test_ws/install/my_bboxes_msg:${AMENT_PREFIX_PATH} CMAKE_PREFIX_PATH=/home/gracekim/workspace/test_ws/install/my_bboxes_msg LD_LIBRARY_PATH=/home/gracekim/workspace/test_ws/install/my_bboxes_msg/lib:${LD_LIBRARY_PATH} PYTHONPATH=/home/gracekim/workspace/test_ws/build/yolo_detection/prefix_override:/usr/lib/python3/dist-packages/colcon_core/task/python/colcon_distutils_commands:/home/gracekim/workspace/test_ws/install/yolo_detection/lib/python3.8/site-packages:/home/gracekim/workspace/test_ws/install/my_bboxes_msg/lib/python3.8/site-packages:${PYTHONPATH} /usr/bin/python3 -W ignore:setup.py install is deprecated setup.py develop --editable --build-directory /home/gracekim/workspace/test_ws/build/yolo_detection/build --no-deps symlink_data
[4.726s] Level 1:colcon.colcon_core.shell:create_environment_hook('yolo_detection', 'pythonpath_develop')
[4.726s] INFO:colcon.colcon_core.shell:Creating environment hook '/home/gracekim/workspace/test_ws/build/yolo_detection/share/yolo_detection/hook/pythonpath_develop.ps1'
[4.726s] DEBUG:colcon.colcon_core.event_handler.log_command:Invoked command in '/home/gracekim/workspace/test_ws/build/yolo_detection' returned '0': AMENT_PREFIX_PATH=/home/gracekim/workspace/test_ws/install/my_bboxes_msg:${AMENT_PREFIX_PATH} CMAKE_PREFIX_PATH=/home/gracekim/workspace/test_ws/install/my_bboxes_msg LD_LIBRARY_PATH=/home/gracekim/workspace/test_ws/install/my_bboxes_msg/lib:${LD_LIBRARY_PATH} PYTHONPATH=/home/gracekim/workspace/test_ws/build/yolo_detection/prefix_override:/usr/lib/python3/dist-packages/colcon_core/task/python/colcon_distutils_commands:/home/gracekim/workspace/test_ws/install/yolo_detection/lib/python3.8/site-packages:/home/gracekim/workspace/test_ws/install/my_bboxes_msg/lib/python3.8/site-packages:${PYTHONPATH} /usr/bin/python3 -W ignore:setup.py install is deprecated setup.py develop --editable --build-directory /home/gracekim/workspace/test_ws/build/yolo_detection/build --no-deps symlink_data
[4.727s] INFO:colcon.colcon_core.shell:Creating environment descriptor '/home/gracekim/workspace/test_ws/build/yolo_detection/share/yolo_detection/hook/pythonpath_develop.dsv'
[4.727s] INFO:colcon.colcon_core.shell:Creating environment hook '/home/gracekim/workspace/test_ws/build/yolo_detection/share/yolo_detection/hook/pythonpath_develop.sh'
[4.727s] Level 1:colcon.colcon_core.environment:checking '/home/gracekim/workspace/test_ws/install/yolo_detection' for CMake module files
[4.728s] Level 1:colcon.colcon_core.environment:checking '/home/gracekim/workspace/test_ws/install/yolo_detection' for CMake config files
[4.728s] Level 1:colcon.colcon_core.environment:checking '/home/gracekim/workspace/test_ws/install/yolo_detection/lib'
[4.728s] Level 1:colcon.colcon_core.environment:checking '/home/gracekim/workspace/test_ws/install/yolo_detection/bin'
[4.728s] Level 1:colcon.colcon_core.environment:checking '/home/gracekim/workspace/test_ws/install/yolo_detection/lib/pkgconfig/yolo_detection.pc'
[4.728s] Level 1:colcon.colcon_core.environment:checking '/home/gracekim/workspace/test_ws/install/yolo_detection/lib/python3.8/site-packages'
[4.728s] Level 1:colcon.colcon_core.shell:create_environment_hook('yolo_detection', 'pythonpath')
[4.728s] INFO:colcon.colcon_core.shell:Creating environment hook '/home/gracekim/workspace/test_ws/install/yolo_detection/share/yolo_detection/hook/pythonpath.ps1'
[4.729s] INFO:colcon.colcon_core.shell:Creating environment descriptor '/home/gracekim/workspace/test_ws/install/yolo_detection/share/yolo_detection/hook/pythonpath.dsv'
[4.729s] INFO:colcon.colcon_core.shell:Creating environment hook '/home/gracekim/workspace/test_ws/install/yolo_detection/share/yolo_detection/hook/pythonpath.sh'
[4.729s] Level 1:colcon.colcon_core.environment:checking '/home/gracekim/workspace/test_ws/install/yolo_detection/bin'
[4.729s] Level 1:colcon.colcon_core.environment:create_environment_scripts_only(yolo_detection)
[4.729s] INFO:colcon.colcon_core.shell:Creating package script '/home/gracekim/workspace/test_ws/install/yolo_detection/share/yolo_detection/package.ps1'
[4.730s] INFO:colcon.colcon_core.shell:Creating package descriptor '/home/gracekim/workspace/test_ws/install/yolo_detection/share/yolo_detection/package.dsv'
[4.730s] INFO:colcon.colcon_core.shell:Creating package script '/home/gracekim/workspace/test_ws/install/yolo_detection/share/yolo_detection/package.sh'
[4.730s] INFO:colcon.colcon_core.shell:Creating package script '/home/gracekim/workspace/test_ws/install/yolo_detection/share/yolo_detection/package.bash'
[4.730s] INFO:colcon.colcon_core.shell:Creating package script '/home/gracekim/workspace/test_ws/install/yolo_detection/share/yolo_detection/package.zsh'
[4.731s] Level 1:colcon.colcon_core.environment:create_file_with_runtime_dependencies(/home/gracekim/workspace/test_ws/install/yolo_detection/share/colcon-core/packages/yolo_detection)
[161.793s] DEBUG:colcon.colcon_core.event_handler.log_command:Invoked command in '/home/gracekim/workspace/test_ws/build/px4_msgs' returned '0': CMAKE_PREFIX_PATH=/opt/ros/foxy /usr/local/bin/cmake --build /home/gracekim/workspace/test_ws/build/px4_msgs -- -j16 -l16
[165.109s] DEBUG:colcon.colcon_core.event_handler.log_command:Invoking command in '/home/gracekim/workspace/test_ws/build/px4_msgs': CMAKE_PREFIX_PATH=/opt/ros/foxy /usr/local/bin/cmake --install /home/gracekim/workspace/test_ws/build/px4_msgs
[173.530s] Level 1:colcon.colcon_core.environment:create_environment_scripts_only(px4_msgs)
[173.530s] DEBUG:colcon.colcon_core.event_handler.log_command:Invoked command in '/home/gracekim/workspace/test_ws/build/px4_msgs' returned '0': CMAKE_PREFIX_PATH=/opt/ros/foxy /usr/local/bin/cmake --install /home/gracekim/workspace/test_ws/build/px4_msgs
[173.530s] Level 1:colcon.colcon_core.environment:checking '/home/gracekim/workspace/test_ws/install/px4_msgs' for CMake module files
[173.531s] Level 1:colcon.colcon_core.environment:checking '/home/gracekim/workspace/test_ws/install/px4_msgs' for CMake config files
[173.531s] Level 1:colcon.colcon_core.shell:create_environment_hook('px4_msgs', 'cmake_prefix_path')
[173.531s] INFO:colcon.colcon_core.shell:Creating environment hook '/home/gracekim/workspace/test_ws/install/px4_msgs/share/px4_msgs/hook/cmake_prefix_path.ps1'
[173.531s] INFO:colcon.colcon_core.shell:Creating environment descriptor '/home/gracekim/workspace/test_ws/install/px4_msgs/share/px4_msgs/hook/cmake_prefix_path.dsv'
[173.532s] INFO:colcon.colcon_core.shell:Creating environment hook '/home/gracekim/workspace/test_ws/install/px4_msgs/share/px4_msgs/hook/cmake_prefix_path.sh'
[173.532s] Level 1:colcon.colcon_core.environment:checking '/home/gracekim/workspace/test_ws/install/px4_msgs/lib'
[173.532s] Level 1:colcon.colcon_core.shell:create_environment_hook('px4_msgs', 'ld_library_path_lib')
[173.532s] INFO:colcon.colcon_core.shell:Creating environment hook '/home/gracekim/workspace/test_ws/install/px4_msgs/share/px4_msgs/hook/ld_library_path_lib.ps1'
[173.532s] INFO:colcon.colcon_core.shell:Creating environment descriptor '/home/gracekim/workspace/test_ws/install/px4_msgs/share/px4_msgs/hook/ld_library_path_lib.dsv'
[173.533s] INFO:colcon.colcon_core.shell:Creating environment hook '/home/gracekim/workspace/test_ws/install/px4_msgs/share/px4_msgs/hook/ld_library_path_lib.sh'
[173.533s] Level 1:colcon.colcon_core.environment:checking '/home/gracekim/workspace/test_ws/install/px4_msgs/bin'
[173.533s] Level 1:colcon.colcon_core.environment:checking '/home/gracekim/workspace/test_ws/install/px4_msgs/lib/pkgconfig/px4_msgs.pc'
[173.533s] Level 1:colcon.colcon_core.environment:checking '/home/gracekim/workspace/test_ws/install/px4_msgs/lib/python3.8/site-packages'
[173.533s] Level 1:colcon.colcon_core.shell:create_environment_hook('px4_msgs', 'pythonpath')
[173.533s] INFO:colcon.colcon_core.shell:Creating environment hook '/home/gracekim/workspace/test_ws/install/px4_msgs/share/px4_msgs/hook/pythonpath.ps1'
[173.533s] INFO:colcon.colcon_core.shell:Creating environment descriptor '/home/gracekim/workspace/test_ws/install/px4_msgs/share/px4_msgs/hook/pythonpath.dsv'
[173.533s] INFO:colcon.colcon_core.shell:Creating environment hook '/home/gracekim/workspace/test_ws/install/px4_msgs/share/px4_msgs/hook/pythonpath.sh'
[173.534s] Level 1:colcon.colcon_core.environment:checking '/home/gracekim/workspace/test_ws/install/px4_msgs/bin'
[173.534s] INFO:colcon.colcon_core.shell:Creating package script '/home/gracekim/workspace/test_ws/install/px4_msgs/share/px4_msgs/package.ps1'
[173.534s] INFO:colcon.colcon_core.shell:Creating package descriptor '/home/gracekim/workspace/test_ws/install/px4_msgs/share/px4_msgs/package.dsv'
[173.534s] INFO:colcon.colcon_core.shell:Creating package script '/home/gracekim/workspace/test_ws/install/px4_msgs/share/px4_msgs/package.sh'
[173.535s] INFO:colcon.colcon_core.shell:Creating package script '/home/gracekim/workspace/test_ws/install/px4_msgs/share/px4_msgs/package.bash'
[173.535s] INFO:colcon.colcon_core.shell:Creating package script '/home/gracekim/workspace/test_ws/install/px4_msgs/share/px4_msgs/package.zsh'
[173.535s] Level 1:colcon.colcon_core.environment:create_file_with_runtime_dependencies(/home/gracekim/workspace/test_ws/install/px4_msgs/share/colcon-core/packages/px4_msgs)
[175.371s] Level 1:colcon.colcon_core.environment:create_environment_scripts_only(px4_msgs)
[175.371s] Level 1:colcon.colcon_core.environment:checking '/home/gracekim/workspace/test_ws/install/px4_msgs' for CMake module files
[175.372s] Level 1:colcon.colcon_core.environment:checking '/home/gracekim/workspace/test_ws/install/px4_msgs' for CMake config files
[175.372s] Level 1:colcon.colcon_core.shell:create_environment_hook('px4_msgs', 'cmake_prefix_path')
[175.372s] INFO:colcon.colcon_core.shell:Creating environment hook '/home/gracekim/workspace/test_ws/install/px4_msgs/share/px4_msgs/hook/cmake_prefix_path.ps1'
[175.373s] INFO:colcon.colcon_core.shell:Creating environment descriptor '/home/gracekim/workspace/test_ws/install/px4_msgs/share/px4_msgs/hook/cmake_prefix_path.dsv'
[175.373s] INFO:colcon.colcon_core.shell:Creating environment hook '/home/gracekim/workspace/test_ws/install/px4_msgs/share/px4_msgs/hook/cmake_prefix_path.sh'
[175.373s] Level 1:colcon.colcon_core.environment:checking '/home/gracekim/workspace/test_ws/install/px4_msgs/lib'
[175.373s] Level 1:colcon.colcon_core.shell:create_environment_hook('px4_msgs', 'ld_library_path_lib')
[175.373s] INFO:colcon.colcon_core.shell:Creating environment hook '/home/gracekim/workspace/test_ws/install/px4_msgs/share/px4_msgs/hook/ld_library_path_lib.ps1'
[175.373s] INFO:colcon.colcon_core.shell:Creating environment descriptor '/home/gracekim/workspace/test_ws/install/px4_msgs/share/px4_msgs/hook/ld_library_path_lib.dsv'
[175.374s] INFO:colcon.colcon_core.shell:Creating environment hook '/home/gracekim/workspace/test_ws/install/px4_msgs/share/px4_msgs/hook/ld_library_path_lib.sh'
[175.374s] Level 1:colcon.colcon_core.environment:checking '/home/gracekim/workspace/test_ws/install/px4_msgs/bin'
[175.374s] Level 1:colcon.colcon_core.environment:checking '/home/gracekim/workspace/test_ws/install/px4_msgs/lib/pkgconfig/px4_msgs.pc'
[175.374s] Level 1:colcon.colcon_core.environment:checking '/home/gracekim/workspace/test_ws/install/px4_msgs/lib/python3.8/site-packages'
[175.374s] Level 1:colcon.colcon_core.shell:create_environment_hook('px4_msgs', 'pythonpath')
[175.374s] INFO:colcon.colcon_core.shell:Creating environment hook '/home/gracekim/workspace/test_ws/install/px4_msgs/share/px4_msgs/hook/pythonpath.ps1'
[175.374s] INFO:colcon.colcon_core.shell:Creating environment descriptor '/home/gracekim/workspace/test_ws/install/px4_msgs/share/px4_msgs/hook/pythonpath.dsv'
[175.375s] INFO:colcon.colcon_core.shell:Creating environment hook '/home/gracekim/workspace/test_ws/install/px4_msgs/share/px4_msgs/hook/pythonpath.sh'
[175.375s] Level 1:colcon.colcon_core.environment:checking '/home/gracekim/workspace/test_ws/install/px4_msgs/bin'
[175.375s] INFO:colcon.colcon_core.shell:Creating package script '/home/gracekim/workspace/test_ws/install/px4_msgs/share/px4_msgs/package.ps1'
[175.375s] INFO:colcon.colcon_core.shell:Creating package descriptor '/home/gracekim/workspace/test_ws/install/px4_msgs/share/px4_msgs/package.dsv'
[175.376s] INFO:colcon.colcon_core.shell:Creating package script '/home/gracekim/workspace/test_ws/install/px4_msgs/share/px4_msgs/package.sh'
[175.376s] INFO:colcon.colcon_core.shell:Creating package script '/home/gracekim/workspace/test_ws/install/px4_msgs/share/px4_msgs/package.bash'
[175.376s] INFO:colcon.colcon_core.shell:Creating package script '/home/gracekim/workspace/test_ws/install/px4_msgs/share/px4_msgs/package.zsh'
[175.376s] Level 1:colcon.colcon_core.environment:create_file_with_runtime_dependencies(/home/gracekim/workspace/test_ws/install/px4_msgs/share/colcon-core/packages/px4_msgs)
[175.377s] INFO:colcon.colcon_ros.task.ament_python.build:Building ROS package in '/home/gracekim/workspace/test_ws/src/vehicle_controller' with build type 'ament_python'
[175.377s] Level 1:colcon.colcon_core.shell:create_environment_hook('test_nodes', 'ament_prefix_path')
[175.377s] INFO:colcon.colcon_core.shell:Creating environment hook '/home/gracekim/workspace/test_ws/install/test_nodes/share/test_nodes/hook/ament_prefix_path.ps1'
[175.377s] INFO:colcon.colcon_core.shell:Creating environment descriptor '/home/gracekim/workspace/test_ws/install/test_nodes/share/test_nodes/hook/ament_prefix_path.dsv'
[175.377s] INFO:colcon.colcon_core.shell:Creating environment hook '/home/gracekim/workspace/test_ws/install/test_nodes/share/test_nodes/hook/ament_prefix_path.sh'
[175.378s] INFO:colcon.colcon_core.shell:Skip shell extension 'powershell' for command environment: Not usable outside of PowerShell
[175.378s] DEBUG:colcon.colcon_core.shell:Skip shell extension 'dsv' for command environment
[175.536s] INFO:colcon.colcon_core.task.python.build:Building Python package in '/home/gracekim/workspace/test_ws/src/vehicle_controller'
[175.536s] INFO:colcon.colcon_core.shell:Skip shell extension 'powershell' for command environment: Not usable outside of PowerShell
[175.537s] DEBUG:colcon.colcon_core.shell:Skip shell extension 'dsv' for command environment
[175.968s] DEBUG:colcon.colcon_core.event_handler.log_command:Invoking command in '/home/gracekim/workspace/test_ws/build/test_nodes': AMENT_PREFIX_PATH=/home/gracekim/workspace/test_ws/install/px4_msgs:/home/gracekim/workspace/test_ws/install/my_bboxes_msg:${AMENT_PREFIX_PATH} CMAKE_PREFIX_PATH=/home/gracekim/workspace/test_ws/install/px4_msgs:/home/gracekim/workspace/test_ws/install/my_bboxes_msg LD_LIBRARY_PATH=/home/gracekim/workspace/test_ws/install/px4_msgs/lib:/home/gracekim/workspace/test_ws/install/my_bboxes_msg/lib:${LD_LIBRARY_PATH} PYTHONPATH=/home/gracekim/workspace/test_ws/build/test_nodes/prefix_override:/usr/lib/python3/dist-packages/colcon_core/task/python/colcon_distutils_commands:/home/gracekim/workspace/test_ws/install/test_nodes/lib/python3.8/site-packages:/home/gracekim/workspace/test_ws/install/px4_msgs/lib/python3.8/site-packages:/home/gracekim/workspace/test_ws/install/my_bboxes_msg/lib/python3.8/site-packages:${PYTHONPATH} /usr/bin/python3 -W ignore:setup.py install is deprecated setup.py develop --editable --build-directory /home/gracekim/workspace/test_ws/build/test_nodes/build --no-deps symlink_data
[176.441s] Level 1:colcon.colcon_core.shell:create_environment_hook('test_nodes', 'pythonpath_develop')
[176.441s] INFO:colcon.colcon_core.shell:Creating environment hook '/home/gracekim/workspace/test_ws/build/test_nodes/share/test_nodes/hook/pythonpath_develop.ps1'
[176.442s] DEBUG:colcon.colcon_core.event_handler.log_command:Invoked command in '/home/gracekim/workspace/test_ws/build/test_nodes' returned '0': AMENT_PREFIX_PATH=/home/gracekim/workspace/test_ws/install/px4_msgs:/home/gracekim/workspace/test_ws/install/my_bboxes_msg:${AMENT_PREFIX_PATH} CMAKE_PREFIX_PATH=/home/gracekim/workspace/test_ws/install/px4_msgs:/home/gracekim/workspace/test_ws/install/my_bboxes_msg LD_LIBRARY_PATH=/home/gracekim/workspace/test_ws/install/px4_msgs/lib:/home/gracekim/workspace/test_ws/install/my_bboxes_msg/lib:${LD_LIBRARY_PATH} PYTHONPATH=/home/gracekim/workspace/test_ws/build/test_nodes/prefix_override:/usr/lib/python3/dist-packages/colcon_core/task/python/colcon_distutils_commands:/home/gracekim/workspace/test_ws/install/test_nodes/lib/python3.8/site-packages:/home/gracekim/workspace/test_ws/install/px4_msgs/lib/python3.8/site-packages:/home/gracekim/workspace/test_ws/install/my_bboxes_msg/lib/python3.8/site-packages:${PYTHONPATH} /usr/bin/python3 -W ignore:setup.py install is deprecated setup.py develop --editable --build-directory /home/gracekim/workspace/test_ws/build/test_nodes/build --no-deps symlink_data
[176.442s] INFO:colcon.colcon_core.shell:Creating environment descriptor '/home/gracekim/workspace/test_ws/build/test_nodes/share/test_nodes/hook/pythonpath_develop.dsv'
[176.442s] INFO:colcon.colcon_core.shell:Creating environment hook '/home/gracekim/workspace/test_ws/build/test_nodes/share/test_nodes/hook/pythonpath_develop.sh'
[176.442s] Level 1:colcon.colcon_core.environment:checking '/home/gracekim/workspace/test_ws/install/test_nodes' for CMake module files
[176.443s] Level 1:colcon.colcon_core.environment:checking '/home/gracekim/workspace/test_ws/install/test_nodes' for CMake config files
[176.443s] Level 1:colcon.colcon_core.environment:checking '/home/gracekim/workspace/test_ws/install/test_nodes/lib'
[176.443s] Level 1:colcon.colcon_core.environment:checking '/home/gracekim/workspace/test_ws/install/test_nodes/bin'
[176.443s] Level 1:colcon.colcon_core.environment:checking '/home/gracekim/workspace/test_ws/install/test_nodes/lib/pkgconfig/test_nodes.pc'
[176.443s] Level 1:colcon.colcon_core.environment:checking '/home/gracekim/workspace/test_ws/install/test_nodes/lib/python3.8/site-packages'
[176.443s] Level 1:colcon.colcon_core.shell:create_environment_hook('test_nodes', 'pythonpath')
[176.443s] INFO:colcon.colcon_core.shell:Creating environment hook '/home/gracekim/workspace/test_ws/install/test_nodes/share/test_nodes/hook/pythonpath.ps1'
[176.444s] INFO:colcon.colcon_core.shell:Creating environment descriptor '/home/gracekim/workspace/test_ws/install/test_nodes/share/test_nodes/hook/pythonpath.dsv'
[176.444s] INFO:colcon.colcon_core.shell:Creating environment hook '/home/gracekim/workspace/test_ws/install/test_nodes/share/test_nodes/hook/pythonpath.sh'
[176.444s] Level 1:colcon.colcon_core.environment:checking '/home/gracekim/workspace/test_ws/install/test_nodes/bin'
[176.444s] Level 1:colcon.colcon_core.environment:create_environment_scripts_only(test_nodes)
[176.444s] INFO:colcon.colcon_core.shell:Creating package script '/home/gracekim/workspace/test_ws/install/test_nodes/share/test_nodes/package.ps1'
[176.445s] INFO:colcon.colcon_core.shell:Creating package descriptor '/home/gracekim/workspace/test_ws/install/test_nodes/share/test_nodes/package.dsv'
[176.445s] INFO:colcon.colcon_core.shell:Creating package script '/home/gracekim/workspace/test_ws/install/test_nodes/share/test_nodes/package.sh'
[176.445s] INFO:colcon.colcon_core.shell:Creating package script '/home/gracekim/workspace/test_ws/install/test_nodes/share/test_nodes/package.bash'
[176.445s] INFO:colcon.colcon_core.shell:Creating package script '/home/gracekim/workspace/test_ws/install/test_nodes/share/test_nodes/package.zsh'
[176.445s] Level 1:colcon.colcon_core.environment:create_file_with_runtime_dependencies(/home/gracekim/workspace/test_ws/install/test_nodes/share/colcon-core/packages/test_nodes)
[176.446s] DEBUG:colcon.colcon_parallel_executor.executor.parallel:closing loop
[176.446s] DEBUG:colcon.colcon_parallel_executor.executor.parallel:loop closed
[176.446s] DEBUG:colcon.colcon_parallel_executor.executor.parallel:run_until_complete finished with '0'
[176.446s] DEBUG:colcon.colcon_core.event_reactor:joining thread
[176.450s] INFO:colcon.colcon_core.plugin_system:Skipping extension 'colcon_notification.desktop_notification.terminal_notifier': Not used on non-Darwin systems
[176.450s] INFO:colcon.colcon_core.plugin_system:Skipping extension 'colcon_notification.desktop_notification.win32': Not used on non-Windows systems
[176.450s] INFO:colcon.colcon_notification.desktop_notification:Sending desktop notification using 'notify2'
[176.465s] DEBUG:colcon.colcon_core.event_reactor:joined thread
[176.465s] INFO:colcon.colcon_core.shell:Creating prefix script '/home/gracekim/workspace/test_ws/install/local_setup.ps1'
[176.465s] INFO:colcon.colcon_core.shell:Creating prefix util module '/home/gracekim/workspace/test_ws/install/_local_setup_util_ps1.py'
[176.466s] INFO:colcon.colcon_core.shell:Creating prefix chain script '/home/gracekim/workspace/test_ws/install/setup.ps1'
[176.467s] INFO:colcon.colcon_core.shell:Creating prefix script '/home/gracekim/workspace/test_ws/install/local_setup.sh'
[176.467s] INFO:colcon.colcon_core.shell:Creating prefix util module '/home/gracekim/workspace/test_ws/install/_local_setup_util_sh.py'
[176.468s] INFO:colcon.colcon_core.shell:Creating prefix chain script '/home/gracekim/workspace/test_ws/install/setup.sh'
[176.468s] INFO:colcon.colcon_core.shell:Creating prefix script '/home/gracekim/workspace/test_ws/install/local_setup.bash'
[176.469s] INFO:colcon.colcon_core.shell:Creating prefix chain script '/home/gracekim/workspace/test_ws/install/setup.bash'
[176.469s] INFO:colcon.colcon_core.shell:Creating prefix script '/home/gracekim/workspace/test_ws/install/local_setup.zsh'
[176.470s] INFO:colcon.colcon_core.shell:Creating prefix chain script '/home/gracekim/workspace/test_ws/install/setup.zsh'
