[5.097s] Invoking command in '/home/gracekim/workspace/test_ws/build/yolo_detection': CMAKE_PREFIX_PATH=/home/gracekim/workspace/test_ws/install/my_bboxes_msg:/home/gracekim/workspace/test_ws/install/px4_msgs LD_LIBRARY_PATH=/home/gracekim/workspace/test_ws/install/my_bboxes_msg/lib:/home/gracekim/workspace/test_ws/install/px4_msgs/lib:/usr/lib/x86_64-linux-gnu/gazebo-11/plugins:/opt/ros/foxy/opt/yaml_cpp_vendor/lib:/opt/ros/foxy/opt/rviz_ogre_vendor/lib:/opt/ros/foxy/lib/x86_64-linux-gnu:/opt/ros/foxy/lib PYTHONPATH=/home/gracekim/workspace/test_ws/build/yolo_detection/prefix_override:/usr/lib/python3/dist-packages/colcon_core/task/python/colcon_distutils_commands:/home/gracekim/workspace/test_ws/install/yolo_detection/lib/python3.8/site-packages:/home/gracekim/workspace/test_ws/install/my_bboxes_msg/lib/python3.8/site-packages:/home/gracekim/workspace/test_ws/build/yolo_detection:/home/gracekim/workspace/test_ws/install/yolo_detection/lib/python3.8/site-packages:/home/gracekim/workspace/test_ws/build/test_nodes:/home/gracekim/workspace/test_ws/install/test_nodes/lib/python3.8/site-packages:/home/gracekim/workspace/test_ws/install/px4_msgs/lib/python3.8/site-packages:/opt/ros/foxy/lib/python3.8/site-packages /usr/bin/python3 -W ignore:setup.py install is deprecated setup.py develop --editable --build-directory /home/gracekim/workspace/test_ws/build/yolo_detection/build --no-deps symlink_data
[5.751s] /home/gracekim/.local/lib/python3.8/site-packages/setuptools/dist.py:476: SetuptoolsDeprecationWarning: Invalid dash-separated options
[5.753s] !!
[5.753s] 
[5.754s]         ********************************************************************************
[5.754s]         Usage of dash-separated 'script-dir' will not be supported in future
[5.755s]         versions. Please use the underscore name 'script_dir' instead.
[5.755s] 
[5.756s]         By 2024-Sep-26, you need to update your project and remove deprecated calls
[5.756s]         or your builds will no longer be supported.
[5.757s] 
[5.757s]         See https://setuptools.pypa.io/en/latest/userguide/declarative_config.html for details.
[5.758s]         ********************************************************************************
[5.758s] 
[5.759s] !!
[5.760s]   opt = self.warn_dash_deprecation(opt, section)
[6.030s] running develop
[6.031s] /home/gracekim/.local/lib/python3.8/site-packages/setuptools/command/develop.py:42: EasyInstallDeprecationWarning: easy_install command is deprecated.
[6.031s] !!
[6.031s] 
[6.031s]         ********************************************************************************
[6.031s]         Please avoid running ``setup.py`` and ``easy_install``.
[6.031s]         Instead, use pypa/build, pypa/installer or other
[6.031s]         standards-based tools.
[6.032s] 
[6.032s]         See https://github.com/pypa/setuptools/issues/917 for details.
[6.032s]         ********************************************************************************
[6.032s] 
[6.032s] !!
[6.032s]   easy_install.initialize_options(self)
[6.346s] running egg_info
[6.368s] writing yolo_detection.egg-info/PKG-INFO
[6.369s] writing dependency_links to yolo_detection.egg-info/dependency_links.txt
[6.369s] writing entry points to yolo_detection.egg-info/entry_points.txt
[6.369s] writing requirements to yolo_detection.egg-info/requires.txt
[6.369s] writing top-level names to yolo_detection.egg-info/top_level.txt
[6.420s] reading manifest file 'yolo_detection.egg-info/SOURCES.txt'
[6.420s] writing manifest file 'yolo_detection.egg-info/SOURCES.txt'
[6.514s] running build_ext
[6.514s] Creating /home/gracekim/workspace/test_ws/install/yolo_detection/lib/python3.8/site-packages/yolo-detection.egg-link (link to .)
[6.515s] Installing yolo_detector script to /home/gracekim/workspace/test_ws/install/yolo_detection/lib/yolo_detection
[6.515s] 
[6.515s] Installed /home/gracekim/workspace/test_ws/build/yolo_detection
[6.516s] running symlink_data
[6.576s] Invoked command in '/home/gracekim/workspace/test_ws/build/yolo_detection' returned '0': CMAKE_PREFIX_PATH=/home/gracekim/workspace/test_ws/install/my_bboxes_msg:/home/gracekim/workspace/test_ws/install/px4_msgs LD_LIBRARY_PATH=/home/gracekim/workspace/test_ws/install/my_bboxes_msg/lib:/home/gracekim/workspace/test_ws/install/px4_msgs/lib:/usr/lib/x86_64-linux-gnu/gazebo-11/plugins:/opt/ros/foxy/opt/yaml_cpp_vendor/lib:/opt/ros/foxy/opt/rviz_ogre_vendor/lib:/opt/ros/foxy/lib/x86_64-linux-gnu:/opt/ros/foxy/lib PYTHONPATH=/home/gracekim/workspace/test_ws/build/yolo_detection/prefix_override:/usr/lib/python3/dist-packages/colcon_core/task/python/colcon_distutils_commands:/home/gracekim/workspace/test_ws/install/yolo_detection/lib/python3.8/site-packages:/home/gracekim/workspace/test_ws/install/my_bboxes_msg/lib/python3.8/site-packages:/home/gracekim/workspace/test_ws/build/yolo_detection:/home/gracekim/workspace/test_ws/install/yolo_detection/lib/python3.8/site-packages:/home/gracekim/workspace/test_ws/build/test_nodes:/home/gracekim/workspace/test_ws/install/test_nodes/lib/python3.8/site-packages:/home/gracekim/workspace/test_ws/install/px4_msgs/lib/python3.8/site-packages:/opt/ros/foxy/lib/python3.8/site-packages /usr/bin/python3 -W ignore:setup.py install is deprecated setup.py develop --editable --build-directory /home/gracekim/workspace/test_ws/build/yolo_detection/build --no-deps symlink_data
