[0.028s] Invoking command in '/home/gracekim/workspace/test_ws/build/my_bboxes_msg': CMAKE_PREFIX_PATH=${CMAKE_PREFIX_PATH}:/home/gracekim/workspace/test_ws/install/yolo_detection:/home/gracekim/workspace/test_ws/install/test_nodes:/opt/ros/foxy /usr/local/bin/cmake --build /home/gracekim/workspace/test_ws/build/my_bboxes_msg -- -j16 -l16
[0.087s] [  2%] Built target my_bboxes_msg__cpp
[0.146s] [ 12%] Built target my_bboxes_msg__rosidl_generator_c
[0.235s] [ 23%] Built target my_bboxes_msg__rosidl_typesupport_introspection_cpp
[0.276s] [ 34%] Built target my_bboxes_msg__rosidl_typesupport_c
[0.360s] [ 44%] Built target my_bboxes_msg__rosidl_typesupport_introspection_c
[0.407s] [ 55%] Built target my_bboxes_msg__rosidl_typesupport_fastrtps_cpp
[0.435s] [ 65%] Built target my_bboxes_msg__rosidl_typesupport_cpp
[0.454s] [ 76%] Built target my_bboxes_msg__rosidl_typesupport_fastrtps_c
[0.469s] [ 76%] Built target my_bboxes_msg
[0.483s] [ 78%] Built target my_bboxes_msg__py
[0.518s] [ 87%] Built target my_bboxes_msg__python
[0.537s] [ 91%] Built target my_bboxes_msg__rosidl_typesupport_fastrtps_c__pyext
[0.559s] [ 95%] Built target my_bboxes_msg__rosidl_typesupport_c__pyext
[0.575s] [100%] Built target my_bboxes_msg__rosidl_typesupport_introspection_c__pyext
[0.596s] Invoked command in '/home/gracekim/workspace/test_ws/build/my_bboxes_msg' returned '0': CMAKE_PREFIX_PATH=${CMAKE_PREFIX_PATH}:/home/gracekim/workspace/test_ws/install/yolo_detection:/home/gracekim/workspace/test_ws/install/test_nodes:/opt/ros/foxy /usr/local/bin/cmake --build /home/gracekim/workspace/test_ws/build/my_bboxes_msg -- -j16 -l16
[0.748s] Invoking command in '/home/gracekim/workspace/test_ws/build/my_bboxes_msg': CMAKE_PREFIX_PATH=${CMAKE_PREFIX_PATH}:/home/gracekim/workspace/test_ws/install/yolo_detection:/home/gracekim/workspace/test_ws/install/test_nodes:/opt/ros/foxy /usr/local/bin/cmake --install /home/gracekim/workspace/test_ws/build/my_bboxes_msg
[0.755s] -- Install configuration: ""
[0.756s] -- Execute custom install script
[0.756s] -- Up-to-date symlink: /home/gracekim/workspace/test_ws/install/my_bboxes_msg/share/ament_index/resource_index/rosidl_interfaces/my_bboxes_msg
[0.757s] -- Up-to-date symlink: /home/gracekim/workspace/test_ws/install/my_bboxes_msg/include/my_bboxes_msg/msg/detail/vehicle_phase__functions.h
[0.757s] -- Up-to-date symlink: /home/gracekim/workspace/test_ws/install/my_bboxes_msg/include/my_bboxes_msg/msg/detail/vehicle_phase__struct.h
[0.757s] -- Up-to-date symlink: /home/gracekim/workspace/test_ws/install/my_bboxes_msg/include/my_bboxes_msg/msg/detail/vehicle_phase__type_support.h
[0.757s] -- Up-to-date symlink: /home/gracekim/workspace/test_ws/install/my_bboxes_msg/include/my_bboxes_msg/msg/detail/yolo_obstacle__functions.h
[0.757s] -- Up-to-date symlink: /home/gracekim/workspace/test_ws/install/my_bboxes_msg/include/my_bboxes_msg/msg/detail/yolo_obstacle__struct.h
[0.758s] -- Up-to-date symlink: /home/gracekim/workspace/test_ws/install/my_bboxes_msg/include/my_bboxes_msg/msg/detail/yolo_obstacle__type_support.h
[0.758s] -- Up-to-date symlink: /home/gracekim/workspace/test_ws/install/my_bboxes_msg/include/my_bboxes_msg/msg/detail/yolo_target__functions.h
[0.758s] -- Up-to-date symlink: /home/gracekim/workspace/test_ws/install/my_bboxes_msg/include/my_bboxes_msg/msg/detail/yolo_target__struct.h
[0.758s] -- Up-to-date symlink: /home/gracekim/workspace/test_ws/install/my_bboxes_msg/include/my_bboxes_msg/msg/detail/yolo_target__type_support.h
[0.758s] -- Up-to-date symlink: /home/gracekim/workspace/test_ws/install/my_bboxes_msg/include/my_bboxes_msg/msg/rosidl_generator_c__visibility_control.h
[0.758s] -- Up-to-date symlink: /home/gracekim/workspace/test_ws/install/my_bboxes_msg/include/my_bboxes_msg/msg/vehicle_phase.h
[0.758s] -- Up-to-date symlink: /home/gracekim/workspace/test_ws/install/my_bboxes_msg/include/my_bboxes_msg/msg/yolo_obstacle.h
[0.759s] -- Up-to-date symlink: /home/gracekim/workspace/test_ws/install/my_bboxes_msg/include/my_bboxes_msg/msg/yolo_target.h
[0.759s] -- Up-to-date symlink: /home/gracekim/workspace/test_ws/install/my_bboxes_msg/share/my_bboxes_msg/environment/library_path.sh
[0.759s] -- Up-to-date symlink: /home/gracekim/workspace/test_ws/install/my_bboxes_msg/share/my_bboxes_msg/environment/library_path.dsv
[0.760s] -- Up-to-date symlink: /home/gracekim/workspace/test_ws/install/my_bboxes_msg/include/my_bboxes_msg/msg/detail/vehicle_phase__rosidl_typesupport_fastrtps_c.h
[0.760s] -- Up-to-date symlink: /home/gracekim/workspace/test_ws/install/my_bboxes_msg/include/my_bboxes_msg/msg/detail/yolo_obstacle__rosidl_typesupport_fastrtps_c.h
[0.760s] -- Up-to-date symlink: /home/gracekim/workspace/test_ws/install/my_bboxes_msg/include/my_bboxes_msg/msg/detail/yolo_target__rosidl_typesupport_fastrtps_c.h
[0.760s] -- Up-to-date symlink: /home/gracekim/workspace/test_ws/install/my_bboxes_msg/include/my_bboxes_msg/msg/rosidl_typesupport_fastrtps_c__visibility_control.h
[0.760s] -- Up-to-date symlink: /home/gracekim/workspace/test_ws/install/my_bboxes_msg/lib/libmy_bboxes_msg__rosidl_typesupport_fastrtps_c.so
[0.761s] -- Up-to-date symlink: /home/gracekim/workspace/test_ws/install/my_bboxes_msg/include/my_bboxes_msg/msg/detail/vehicle_phase__rosidl_typesupport_fastrtps_cpp.hpp
[0.761s] -- Up-to-date symlink: /home/gracekim/workspace/test_ws/install/my_bboxes_msg/include/my_bboxes_msg/msg/detail/yolo_obstacle__rosidl_typesupport_fastrtps_cpp.hpp
[0.762s] -- Up-to-date symlink: /home/gracekim/workspace/test_ws/install/my_bboxes_msg/include/my_bboxes_msg/msg/detail/yolo_target__rosidl_typesupport_fastrtps_cpp.hpp
[0.762s] -- Up-to-date symlink: /home/gracekim/workspace/test_ws/install/my_bboxes_msg/include/my_bboxes_msg/msg/rosidl_typesupport_fastrtps_cpp__visibility_control.h
[0.762s] -- Up-to-date symlink: /home/gracekim/workspace/test_ws/install/my_bboxes_msg/lib/libmy_bboxes_msg__rosidl_typesupport_fastrtps_cpp.so
[0.762s] -- Up-to-date symlink: /home/gracekim/workspace/test_ws/install/my_bboxes_msg/include/my_bboxes_msg/msg/detail/vehicle_phase__rosidl_typesupport_introspection_c.h
[0.762s] -- Up-to-date symlink: /home/gracekim/workspace/test_ws/install/my_bboxes_msg/include/my_bboxes_msg/msg/detail/yolo_obstacle__rosidl_typesupport_introspection_c.h
[0.762s] -- Up-to-date symlink: /home/gracekim/workspace/test_ws/install/my_bboxes_msg/include/my_bboxes_msg/msg/detail/yolo_target__rosidl_typesupport_introspection_c.h
[0.762s] -- Up-to-date symlink: /home/gracekim/workspace/test_ws/install/my_bboxes_msg/include/my_bboxes_msg/msg/rosidl_typesupport_introspection_c__visibility_control.h
[0.763s] -- Up-to-date symlink: /home/gracekim/workspace/test_ws/install/my_bboxes_msg/include/my_bboxes_msg/msg/detail/vehicle_phase__builder.hpp
[0.763s] -- Up-to-date symlink: /home/gracekim/workspace/test_ws/install/my_bboxes_msg/include/my_bboxes_msg/msg/detail/vehicle_phase__struct.hpp
[0.763s] -- Up-to-date symlink: /home/gracekim/workspace/test_ws/install/my_bboxes_msg/include/my_bboxes_msg/msg/detail/vehicle_phase__traits.hpp
[0.763s] -- Up-to-date symlink: /home/gracekim/workspace/test_ws/install/my_bboxes_msg/include/my_bboxes_msg/msg/detail/vehicle_phase__type_support.hpp
[0.764s] -- Up-to-date symlink: /home/gracekim/workspace/test_ws/install/my_bboxes_msg/include/my_bboxes_msg/msg/detail/yolo_obstacle__builder.hpp
[0.764s] -- Up-to-date symlink: /home/gracekim/workspace/test_ws/install/my_bboxes_msg/include/my_bboxes_msg/msg/detail/yolo_obstacle__struct.hpp
[0.764s] -- Up-to-date symlink: /home/gracekim/workspace/test_ws/install/my_bboxes_msg/include/my_bboxes_msg/msg/detail/yolo_obstacle__traits.hpp
[0.764s] -- Up-to-date symlink: /home/gracekim/workspace/test_ws/install/my_bboxes_msg/include/my_bboxes_msg/msg/detail/yolo_obstacle__type_support.hpp
[0.765s] -- Up-to-date symlink: /home/gracekim/workspace/test_ws/install/my_bboxes_msg/include/my_bboxes_msg/msg/detail/yolo_target__builder.hpp
[0.765s] -- Up-to-date symlink: /home/gracekim/workspace/test_ws/install/my_bboxes_msg/include/my_bboxes_msg/msg/detail/yolo_target__struct.hpp
[0.765s] -- Up-to-date symlink: /home/gracekim/workspace/test_ws/install/my_bboxes_msg/include/my_bboxes_msg/msg/detail/yolo_target__traits.hpp
[0.765s] -- Up-to-date symlink: /home/gracekim/workspace/test_ws/install/my_bboxes_msg/include/my_bboxes_msg/msg/detail/yolo_target__type_support.hpp
[0.765s] -- Up-to-date symlink: /home/gracekim/workspace/test_ws/install/my_bboxes_msg/include/my_bboxes_msg/msg/rosidl_generator_cpp__visibility_control.hpp
[0.765s] -- Up-to-date symlink: /home/gracekim/workspace/test_ws/install/my_bboxes_msg/include/my_bboxes_msg/msg/vehicle_phase.hpp
[0.765s] -- Up-to-date symlink: /home/gracekim/workspace/test_ws/install/my_bboxes_msg/include/my_bboxes_msg/msg/yolo_obstacle.hpp
[0.765s] -- Up-to-date symlink: /home/gracekim/workspace/test_ws/install/my_bboxes_msg/include/my_bboxes_msg/msg/yolo_target.hpp
[0.765s] -- Up-to-date symlink: /home/gracekim/workspace/test_ws/install/my_bboxes_msg/include/my_bboxes_msg/msg/detail/vehicle_phase__rosidl_typesupport_introspection_cpp.hpp
[0.766s] -- Up-to-date symlink: /home/gracekim/workspace/test_ws/install/my_bboxes_msg/include/my_bboxes_msg/msg/detail/yolo_obstacle__rosidl_typesupport_introspection_cpp.hpp
[0.766s] -- Up-to-date symlink: /home/gracekim/workspace/test_ws/install/my_bboxes_msg/include/my_bboxes_msg/msg/detail/yolo_target__rosidl_typesupport_introspection_cpp.hpp
[0.766s] -- Up-to-date symlink: /home/gracekim/workspace/test_ws/install/my_bboxes_msg/share/my_bboxes_msg/environment/pythonpath.sh
[0.766s] -- Up-to-date symlink: /home/gracekim/workspace/test_ws/install/my_bboxes_msg/share/my_bboxes_msg/environment/pythonpath.dsv
[0.766s] -- Up-to-date symlink: /home/gracekim/workspace/test_ws/install/my_bboxes_msg/lib/python3.8/site-packages/my_bboxes_msg/__init__.py
[0.767s] -- Up-to-date symlink: /home/gracekim/workspace/test_ws/install/my_bboxes_msg/lib/python3.8/site-packages/my_bboxes_msg/msg/__init__.py
[0.767s] -- Up-to-date symlink: /home/gracekim/workspace/test_ws/install/my_bboxes_msg/lib/python3.8/site-packages/my_bboxes_msg/msg/_vehicle_phase.py
[0.767s] -- Up-to-date symlink: /home/gracekim/workspace/test_ws/install/my_bboxes_msg/lib/python3.8/site-packages/my_bboxes_msg/msg/_yolo_obstacle.py
[0.767s] -- Up-to-date symlink: /home/gracekim/workspace/test_ws/install/my_bboxes_msg/lib/python3.8/site-packages/my_bboxes_msg/msg/_yolo_target.py
[0.768s] -- Up-to-date symlink: /home/gracekim/workspace/test_ws/install/my_bboxes_msg/lib/python3.8/site-packages/my_bboxes_msg/my_bboxes_msg_s__rosidl_typesupport_fastrtps_c.cpython-38-x86_64-linux-gnu.so
[0.768s] -- Up-to-date symlink: /home/gracekim/workspace/test_ws/install/my_bboxes_msg/lib/python3.8/site-packages/my_bboxes_msg/my_bboxes_msg_s__rosidl_typesupport_introspection_c.cpython-38-x86_64-linux-gnu.so
[0.768s] -- Up-to-date symlink: /home/gracekim/workspace/test_ws/install/my_bboxes_msg/lib/python3.8/site-packages/my_bboxes_msg/my_bboxes_msg_s__rosidl_typesupport_c.cpython-38-x86_64-linux-gnu.so
[0.768s] -- Up-to-date symlink: /home/gracekim/workspace/test_ws/install/my_bboxes_msg/lib/libmy_bboxes_msg__python.so
[0.769s] -- Up-to-date symlink: /home/gracekim/workspace/test_ws/install/my_bboxes_msg/share/my_bboxes_msg/msg/YoloObstacle.idl
[0.769s] -- Up-to-date symlink: /home/gracekim/workspace/test_ws/install/my_bboxes_msg/share/my_bboxes_msg/msg/YoloTarget.idl
[0.769s] -- Up-to-date symlink: /home/gracekim/workspace/test_ws/install/my_bboxes_msg/share/my_bboxes_msg/msg/VehiclePhase.idl
[0.769s] -- Up-to-date symlink: /home/gracekim/workspace/test_ws/install/my_bboxes_msg/share/my_bboxes_msg/msg/YoloObstacle.msg
[0.769s] -- Up-to-date symlink: /home/gracekim/workspace/test_ws/install/my_bboxes_msg/share/my_bboxes_msg/msg/YoloTarget.msg
[0.770s] -- Up-to-date symlink: /home/gracekim/workspace/test_ws/install/my_bboxes_msg/share/my_bboxes_msg/msg/VehiclePhase.msg
[0.770s] -- Up-to-date symlink: /home/gracekim/workspace/test_ws/install/my_bboxes_msg/share/ament_index/resource_index/package_run_dependencies/my_bboxes_msg
[0.770s] -- Up-to-date symlink: /home/gracekim/workspace/test_ws/install/my_bboxes_msg/share/ament_index/resource_index/parent_prefix_path/my_bboxes_msg
[0.770s] -- Up-to-date symlink: /home/gracekim/workspace/test_ws/install/my_bboxes_msg/share/my_bboxes_msg/environment/ament_prefix_path.sh
[0.770s] -- Up-to-date symlink: /home/gracekim/workspace/test_ws/install/my_bboxes_msg/share/my_bboxes_msg/environment/ament_prefix_path.dsv
[0.771s] -- Up-to-date symlink: /home/gracekim/workspace/test_ws/install/my_bboxes_msg/share/my_bboxes_msg/environment/path.sh
[0.771s] -- Up-to-date symlink: /home/gracekim/workspace/test_ws/install/my_bboxes_msg/share/my_bboxes_msg/environment/path.dsv
[0.771s] -- Up-to-date symlink: /home/gracekim/workspace/test_ws/install/my_bboxes_msg/share/my_bboxes_msg/local_setup.bash
[0.771s] -- Up-to-date symlink: /home/gracekim/workspace/test_ws/install/my_bboxes_msg/share/my_bboxes_msg/local_setup.sh
[0.771s] -- Up-to-date symlink: /home/gracekim/workspace/test_ws/install/my_bboxes_msg/share/my_bboxes_msg/local_setup.zsh
[0.771s] -- Up-to-date symlink: /home/gracekim/workspace/test_ws/install/my_bboxes_msg/share/my_bboxes_msg/local_setup.dsv
[0.772s] -- Symlinking: /home/gracekim/workspace/test_ws/install/my_bboxes_msg/share/my_bboxes_msg/package.dsv
[0.777s] -- Up-to-date symlink: /home/gracekim/workspace/test_ws/install/my_bboxes_msg/share/ament_index/resource_index/packages/my_bboxes_msg
[0.778s] -- Up-to-date symlink: /home/gracekim/workspace/test_ws/install/my_bboxes_msg/share/my_bboxes_msg/cmake/rosidl_cmake-extras.cmake
[0.778s] -- Up-to-date symlink: /home/gracekim/workspace/test_ws/install/my_bboxes_msg/share/my_bboxes_msg/cmake/ament_cmake_export_dependencies-extras.cmake
[0.778s] -- Up-to-date symlink: /home/gracekim/workspace/test_ws/install/my_bboxes_msg/share/my_bboxes_msg/cmake/ament_cmake_export_libraries-extras.cmake
[0.778s] -- Up-to-date symlink: /home/gracekim/workspace/test_ws/install/my_bboxes_msg/share/my_bboxes_msg/cmake/ament_cmake_export_targets-extras.cmake
[0.778s] -- Up-to-date symlink: /home/gracekim/workspace/test_ws/install/my_bboxes_msg/share/my_bboxes_msg/cmake/ament_cmake_export_include_directories-extras.cmake
[0.778s] -- Up-to-date symlink: /home/gracekim/workspace/test_ws/install/my_bboxes_msg/share/my_bboxes_msg/cmake/rosidl_cmake_export_typesupport_libraries-extras.cmake
[0.779s] -- Up-to-date symlink: /home/gracekim/workspace/test_ws/install/my_bboxes_msg/share/my_bboxes_msg/cmake/rosidl_cmake_export_typesupport_targets-extras.cmake
[0.779s] -- Up-to-date symlink: /home/gracekim/workspace/test_ws/install/my_bboxes_msg/share/my_bboxes_msg/cmake/my_bboxes_msgConfig.cmake
[0.779s] -- Up-to-date symlink: /home/gracekim/workspace/test_ws/install/my_bboxes_msg/share/my_bboxes_msg/cmake/my_bboxes_msgConfig-version.cmake
[0.779s] -- Up-to-date symlink: /home/gracekim/workspace/test_ws/install/my_bboxes_msg/share/my_bboxes_msg/package.xml
[0.779s] -- Up-to-date: /home/gracekim/workspace/test_ws/install/my_bboxes_msg/lib/libmy_bboxes_msg__rosidl_generator_c.so
[0.780s] -- Up-to-date: /home/gracekim/workspace/test_ws/install/my_bboxes_msg/lib/libmy_bboxes_msg__rosidl_typesupport_introspection_c.so
[0.780s] -- Up-to-date: /home/gracekim/workspace/test_ws/install/my_bboxes_msg/lib/libmy_bboxes_msg__rosidl_typesupport_c.so
[0.780s] -- Up-to-date: /home/gracekim/workspace/test_ws/install/my_bboxes_msg/lib/libmy_bboxes_msg__rosidl_typesupport_introspection_cpp.so
[0.783s] -- Up-to-date: /home/gracekim/workspace/test_ws/install/my_bboxes_msg/lib/libmy_bboxes_msg__rosidl_typesupport_cpp.so
[0.836s] -- Up-to-date: /home/gracekim/workspace/test_ws/install/my_bboxes_msg/share/my_bboxes_msg/cmake/my_bboxes_msg__rosidl_generator_cExport.cmake
[0.838s] -- Up-to-date: /home/gracekim/workspace/test_ws/install/my_bboxes_msg/share/my_bboxes_msg/cmake/my_bboxes_msg__rosidl_generator_cExport-noconfig.cmake
[0.838s] -- Up-to-date: /home/gracekim/workspace/test_ws/install/my_bboxes_msg/share/my_bboxes_msg/cmake/my_bboxes_msg__rosidl_typesupport_introspection_cExport.cmake
[0.838s] -- Up-to-date: /home/gracekim/workspace/test_ws/install/my_bboxes_msg/share/my_bboxes_msg/cmake/my_bboxes_msg__rosidl_typesupport_introspection_cExport-noconfig.cmake
[0.838s] -- Up-to-date: /home/gracekim/workspace/test_ws/install/my_bboxes_msg/share/my_bboxes_msg/cmake/my_bboxes_msg__rosidl_typesupport_cExport.cmake
[0.838s] -- Up-to-date: /home/gracekim/workspace/test_ws/install/my_bboxes_msg/share/my_bboxes_msg/cmake/my_bboxes_msg__rosidl_typesupport_cExport-noconfig.cmake
[0.838s] -- Up-to-date: /home/gracekim/workspace/test_ws/install/my_bboxes_msg/share/my_bboxes_msg/cmake/my_bboxes_msg__rosidl_generator_cppExport.cmake
[0.838s] -- Up-to-date: /home/gracekim/workspace/test_ws/install/my_bboxes_msg/share/my_bboxes_msg/cmake/my_bboxes_msg__rosidl_typesupport_introspection_cppExport.cmake
[0.838s] -- Up-to-date: /home/gracekim/workspace/test_ws/install/my_bboxes_msg/share/my_bboxes_msg/cmake/my_bboxes_msg__rosidl_typesupport_introspection_cppExport-noconfig.cmake
[0.838s] -- Up-to-date: /home/gracekim/workspace/test_ws/install/my_bboxes_msg/share/my_bboxes_msg/cmake/my_bboxes_msg__rosidl_typesupport_cppExport.cmake
[0.838s] -- Up-to-date: /home/gracekim/workspace/test_ws/install/my_bboxes_msg/share/my_bboxes_msg/cmake/my_bboxes_msg__rosidl_typesupport_cppExport-noconfig.cmake
[0.848s] Invoked command in '/home/gracekim/workspace/test_ws/build/my_bboxes_msg' returned '0': CMAKE_PREFIX_PATH=${CMAKE_PREFIX_PATH}:/home/gracekim/workspace/test_ws/install/yolo_detection:/home/gracekim/workspace/test_ws/install/test_nodes:/opt/ros/foxy /usr/local/bin/cmake --install /home/gracekim/workspace/test_ws/build/my_bboxes_msg
