-- The C compiler identification is GNU 9.4.0
-- The CXX compiler identification is GNU 9.4.0
-- Detecting C compiler ABI info
-- Detecting C compiler ABI info - done
-- Check for working C compiler: /usr/bin/cc - skipped
-- Detecting C compile features
-- Detecting C compile features - done
-- Detecting CXX compiler ABI info
-- Detecting CXX compiler ABI info - done
-- Check for working CXX compiler: /usr/bin/c++ - skipped
-- Detecting CXX compile features
-- Detecting CXX compile features - done
-- Found rosidl_default_generators: 1.0.1 (/opt/ros/foxy/share/rosidl_default_generators/cmake)
-- Found ament_cmake_core: 0.9.12 (/opt/ros/foxy/share/ament_cmake_core/cmake)
-- Found PythonInterp: /usr/bin/python3 (found suitable version "3.8.10", minimum required is "3")
-- Using PYTHON_EXECUTABLE: /usr/bin/python3
-- Override CMake install command with custom implementation using symlinks instead of copying resources
-- Using all available rosidl_typesupport_c: rosidl_typesupport_fastrtps_c;rosidl_typesupport_introspection_c
-- Found rosidl_adapter: 1.3.1 (/opt/ros/foxy/share/rosidl_adapter/cmake)
-- Found OpenSSL: /usr/lib/x86_64-linux-gnu/libcrypto.so (found version "1.1.1f")
-- Found FastRTPS: /opt/ros/foxy/include
-- Using all available rosidl_typesupport_cpp: rosidl_typesupport_fastrtps_cpp;rosidl_typesupport_introspection_cpp
-- Found std_msgs: 2.0.5 (/opt/ros/foxy/share/std_msgs/cmake)
-- Found sensor_msgs: 2.0.5 (/opt/ros/foxy/share/sensor_msgs/cmake)
-- Found PythonInterp: /usr/bin/python3 (found version "3.8.10")
-- Found ament_cmake_ros: 0.9.2 (/opt/ros/foxy/share/ament_cmake_ros/cmake)
-- Using all available rosidl_typesupport_c: rosidl_typesupport_fastrtps_c;rosidl_typesupport_introspection_c
-- Using all available rosidl_typesupport_cpp: rosidl_typesupport_fastrtps_cpp;rosidl_typesupport_introspection_cpp
-- Found PythonInterp: /usr/bin/python3 (found suitable version "3.8.10", minimum required is "3.5")
-- Found python_cmake_module: 0.8.1 (/opt/ros/foxy/share/python_cmake_module/cmake)
-- Found PythonLibs: /usr/lib/x86_64-linux-gnu/libpython3.8.so (found suitable version "3.8.10", minimum required is "3.5")
-- Using PYTHON_EXECUTABLE: /usr/bin/python3
-- Using PYTHON_INCLUDE_DIRS: /usr/include/python3.8
-- Using PYTHON_LIBRARIES: /usr/lib/x86_64-linux-gnu/libpython3.8.so
-- Found PythonExtra: .so
-- Found ament_lint_auto: 0.9.8 (/opt/ros/foxy/share/ament_lint_auto/cmake)
-- Added test 'copyright' to check source files copyright and LICENSE
-- Added test 'lint_cmake' to check CMake code style
-- Added test 'xmllint' to check XML markup files
-- Configuring done (1.1s)
-- Generating done (0.0s)
-- Build files have been written to: /home/gracekim/workspace/test_ws/build/my_bboxes_msg
[  2%] [34m[1mGenerating C code for ROS interfaces[0m
[  4%] [34m[1mGenerating C++ code for ROS interfaces[0m
[  4%] Built target my_bboxes_msg__cpp
[  6%] [34m[1mGenerating C++ type support dispatch for ROS interfaces[0m
[  8%] [34m[1mGenerating C++ type support for eProsima Fast-RTPS[0m
[ 10%] [34m[1mGenerating C++ introspection for ROS interfaces[0m
[ 12%] [32mBuilding C object CMakeFiles/my_bboxes_msg__rosidl_generator_c.dir/rosidl_generator_c/my_bboxes_msg/msg/detail/yolo_obstacle__functions.c.o[0m
[ 14%] [32mBuilding C object CMakeFiles/my_bboxes_msg__rosidl_generator_c.dir/rosidl_generator_c/my_bboxes_msg/msg/detail/yolo_target__functions.c.o[0m
[ 17%] [32mBuilding C object CMakeFiles/my_bboxes_msg__rosidl_generator_c.dir/rosidl_generator_c/my_bboxes_msg/msg/detail/vehicle_phase__functions.c.o[0m
[ 19%] [32m[1mLinking C shared library libmy_bboxes_msg__rosidl_generator_c.so[0m
[ 19%] Built target my_bboxes_msg__rosidl_generator_c
[ 23%] [34m[1mGenerating C introspection for ROS interfaces[0m
[ 21%] [34m[1mGenerating C type support dispatch for ROS interfaces[0m
[ 25%] [32mBuilding CXX object CMakeFiles/my_bboxes_msg__rosidl_typesupport_cpp.dir/rosidl_typesupport_cpp/my_bboxes_msg/msg/vehicle_phase__type_support.cpp.o[0m
[ 29%] [32mBuilding CXX object CMakeFiles/my_bboxes_msg__rosidl_typesupport_cpp.dir/rosidl_typesupport_cpp/my_bboxes_msg/msg/yolo_target__type_support.cpp.o[0m
[ 29%] [32mBuilding CXX object CMakeFiles/my_bboxes_msg__rosidl_typesupport_cpp.dir/rosidl_typesupport_cpp/my_bboxes_msg/msg/yolo_obstacle__type_support.cpp.o[0m
[ 34%] [32mBuilding CXX object CMakeFiles/my_bboxes_msg__rosidl_typesupport_fastrtps_cpp.dir/rosidl_typesupport_fastrtps_cpp/my_bboxes_msg/msg/detail/dds_fastrtps/yolo_obstacle__type_support.cpp.o[0m
[ 36%] [32mBuilding CXX object CMakeFiles/my_bboxes_msg__rosidl_typesupport_fastrtps_cpp.dir/rosidl_typesupport_fastrtps_cpp/my_bboxes_msg/msg/detail/dds_fastrtps/yolo_target__type_support.cpp.o[0m
[ 36%] [32mBuilding CXX object CMakeFiles/my_bboxes_msg__rosidl_typesupport_fastrtps_cpp.dir/rosidl_typesupport_fastrtps_cpp/my_bboxes_msg/msg/detail/dds_fastrtps/vehicle_phase__type_support.cpp.o[0m
[ 38%] [32mBuilding CXX object CMakeFiles/my_bboxes_msg__rosidl_typesupport_introspection_cpp.dir/rosidl_typesupport_introspection_cpp/my_bboxes_msg/msg/detail/yolo_obstacle__type_support.cpp.o[0m
[ 40%] [32mBuilding CXX object CMakeFiles/my_bboxes_msg__rosidl_typesupport_introspection_cpp.dir/rosidl_typesupport_introspection_cpp/my_bboxes_msg/msg/detail/yolo_target__type_support.cpp.o[0m
[ 42%] [32mBuilding CXX object CMakeFiles/my_bboxes_msg__rosidl_typesupport_introspection_cpp.dir/rosidl_typesupport_introspection_cpp/my_bboxes_msg/msg/detail/vehicle_phase__type_support.cpp.o[0m
[ 48%] [32mBuilding C object CMakeFiles/my_bboxes_msg__rosidl_typesupport_introspection_c.dir/rosidl_typesupport_introspection_c/my_bboxes_msg/msg/detail/vehicle_phase__type_support.c.o[0m
[ 48%] [32mBuilding C object CMakeFiles/my_bboxes_msg__rosidl_typesupport_introspection_c.dir/rosidl_typesupport_introspection_c/my_bboxes_msg/msg/detail/yolo_obstacle__type_support.c.o[0m
[ 48%] [32mBuilding C object CMakeFiles/my_bboxes_msg__rosidl_typesupport_introspection_c.dir/rosidl_typesupport_introspection_c/my_bboxes_msg/msg/detail/yolo_target__type_support.c.o[0m
[ 51%] [32m[1mLinking C shared library libmy_bboxes_msg__rosidl_typesupport_introspection_c.so[0m
[ 51%] Built target my_bboxes_msg__rosidl_typesupport_introspection_c
[ 57%] [32mBuilding CXX object CMakeFiles/my_bboxes_msg__rosidl_typesupport_c.dir/rosidl_typesupport_c/my_bboxes_msg/msg/yolo_obstacle__type_support.cpp.o[0m
[ 57%] [32mBuilding CXX object CMakeFiles/my_bboxes_msg__rosidl_typesupport_c.dir/rosidl_typesupport_c/my_bboxes_msg/msg/yolo_target__type_support.cpp.o[0m
[ 57%] [32mBuilding CXX object CMakeFiles/my_bboxes_msg__rosidl_typesupport_c.dir/rosidl_typesupport_c/my_bboxes_msg/msg/vehicle_phase__type_support.cpp.o[0m
[ 59%] [32m[1mLinking CXX shared library libmy_bboxes_msg__rosidl_typesupport_c.so[0m
[ 59%] Built target my_bboxes_msg__rosidl_typesupport_c
[ 61%] [32m[1mLinking CXX shared library libmy_bboxes_msg__rosidl_typesupport_cpp.so[0m
[ 63%] [32m[1mLinking CXX shared library libmy_bboxes_msg__rosidl_typesupport_introspection_cpp.so[0m
[ 63%] Built target my_bboxes_msg__rosidl_typesupport_cpp
[ 63%] Built target my_bboxes_msg__rosidl_typesupport_introspection_cpp
[ 65%] [32m[1mLinking CXX shared library libmy_bboxes_msg__rosidl_typesupport_fastrtps_cpp.so[0m
[ 65%] Built target my_bboxes_msg__rosidl_typesupport_fastrtps_cpp
[ 68%] [34m[1mGenerating C type support for eProsima Fast-RTPS[0m
[ 70%] [32mBuilding CXX object CMakeFiles/my_bboxes_msg__rosidl_typesupport_fastrtps_c.dir/rosidl_typesupport_fastrtps_c/my_bboxes_msg/msg/detail/yolo_obstacle__type_support_c.cpp.o[0m
[ 72%] [32mBuilding CXX object CMakeFiles/my_bboxes_msg__rosidl_typesupport_fastrtps_c.dir/rosidl_typesupport_fastrtps_c/my_bboxes_msg/msg/detail/yolo_target__type_support_c.cpp.o[0m
[ 74%] [32mBuilding CXX object CMakeFiles/my_bboxes_msg__rosidl_typesupport_fastrtps_c.dir/rosidl_typesupport_fastrtps_c/my_bboxes_msg/msg/detail/vehicle_phase__type_support_c.cpp.o[0m
[ 76%] [32m[1mLinking CXX shared library libmy_bboxes_msg__rosidl_typesupport_fastrtps_c.so[0m
[ 76%] Built target my_bboxes_msg__rosidl_typesupport_fastrtps_c
[ 76%] Built target my_bboxes_msg
[ 78%] [34m[1mGenerating Python code for ROS interfaces[0m
[ 78%] Built target my_bboxes_msg__py
[ 80%] [32mBuilding C object CMakeFiles/my_bboxes_msg__python.dir/rosidl_generator_py/my_bboxes_msg/msg/_yolo_obstacle_s.c.o[0m
[ 82%] [32mBuilding C object CMakeFiles/my_bboxes_msg__python.dir/rosidl_generator_py/my_bboxes_msg/msg/_yolo_target_s.c.o[0m
[ 85%] [32mBuilding C object CMakeFiles/my_bboxes_msg__python.dir/rosidl_generator_py/my_bboxes_msg/msg/_vehicle_phase_s.c.o[0m
[ 87%] [32m[1mLinking C shared library rosidl_generator_py/my_bboxes_msg/libmy_bboxes_msg__python.so[0m
[ 87%] Built target my_bboxes_msg__python
[ 89%] [32mBuilding C object CMakeFiles/my_bboxes_msg__rosidl_typesupport_fastrtps_c__pyext.dir/rosidl_generator_py/my_bboxes_msg/_my_bboxes_msg_s.ep.rosidl_typesupport_fastrtps_c.c.o[0m
[ 91%] [32mBuilding C object CMakeFiles/my_bboxes_msg__rosidl_typesupport_introspection_c__pyext.dir/rosidl_generator_py/my_bboxes_msg/_my_bboxes_msg_s.ep.rosidl_typesupport_introspection_c.c.o[0m
[ 93%] [32mBuilding C object CMakeFiles/my_bboxes_msg__rosidl_typesupport_c__pyext.dir/rosidl_generator_py/my_bboxes_msg/_my_bboxes_msg_s.ep.rosidl_typesupport_c.c.o[0m
[ 97%] [32m[1mLinking C shared library rosidl_generator_py/my_bboxes_msg/my_bboxes_msg_s__rosidl_typesupport_introspection_c.cpython-38-x86_64-linux-gnu.so[0m
[ 95%] [32m[1mLinking CXX shared library rosidl_generator_py/my_bboxes_msg/my_bboxes_msg_s__rosidl_typesupport_fastrtps_c.cpython-38-x86_64-linux-gnu.so[0m
[ 97%] Built target my_bboxes_msg__rosidl_typesupport_introspection_c__pyext
[100%] [32m[1mLinking C shared library rosidl_generator_py/my_bboxes_msg/my_bboxes_msg_s__rosidl_typesupport_c.cpython-38-x86_64-linux-gnu.so[0m
[100%] Built target my_bboxes_msg__rosidl_typesupport_fastrtps_c__pyext
[100%] Built target my_bboxes_msg__rosidl_typesupport_c__pyext
-- Install configuration: ""
-- Execute custom install script
-- Symlinking: /home/gracekim/workspace/test_ws/install/my_bboxes_msg/share/ament_index/resource_index/rosidl_interfaces/my_bboxes_msg
-- Symlinking: /home/gracekim/workspace/test_ws/install/my_bboxes_msg/include/my_bboxes_msg/msg/detail/vehicle_phase__functions.h
-- Symlinking: /home/gracekim/workspace/test_ws/install/my_bboxes_msg/include/my_bboxes_msg/msg/detail/vehicle_phase__struct.h
-- Symlinking: /home/gracekim/workspace/test_ws/install/my_bboxes_msg/include/my_bboxes_msg/msg/detail/vehicle_phase__type_support.h
-- Symlinking: /home/gracekim/workspace/test_ws/install/my_bboxes_msg/include/my_bboxes_msg/msg/detail/yolo_obstacle__functions.h
-- Symlinking: /home/gracekim/workspace/test_ws/install/my_bboxes_msg/include/my_bboxes_msg/msg/detail/yolo_obstacle__struct.h
-- Symlinking: /home/gracekim/workspace/test_ws/install/my_bboxes_msg/include/my_bboxes_msg/msg/detail/yolo_obstacle__type_support.h
-- Symlinking: /home/gracekim/workspace/test_ws/install/my_bboxes_msg/include/my_bboxes_msg/msg/detail/yolo_target__functions.h
-- Symlinking: /home/gracekim/workspace/test_ws/install/my_bboxes_msg/include/my_bboxes_msg/msg/detail/yolo_target__struct.h
-- Symlinking: /home/gracekim/workspace/test_ws/install/my_bboxes_msg/include/my_bboxes_msg/msg/detail/yolo_target__type_support.h
-- Symlinking: /home/gracekim/workspace/test_ws/install/my_bboxes_msg/include/my_bboxes_msg/msg/rosidl_generator_c__visibility_control.h
-- Symlinking: /home/gracekim/workspace/test_ws/install/my_bboxes_msg/include/my_bboxes_msg/msg/vehicle_phase.h
-- Symlinking: /home/gracekim/workspace/test_ws/install/my_bboxes_msg/include/my_bboxes_msg/msg/yolo_obstacle.h
-- Symlinking: /home/gracekim/workspace/test_ws/install/my_bboxes_msg/include/my_bboxes_msg/msg/yolo_target.h
-- Symlinking: /home/gracekim/workspace/test_ws/install/my_bboxes_msg/share/my_bboxes_msg/environment/library_path.sh
-- Symlinking: /home/gracekim/workspace/test_ws/install/my_bboxes_msg/share/my_bboxes_msg/environment/library_path.dsv
-- Symlinking: /home/gracekim/workspace/test_ws/install/my_bboxes_msg/include/my_bboxes_msg/msg/detail/vehicle_phase__rosidl_typesupport_fastrtps_c.h
-- Symlinking: /home/gracekim/workspace/test_ws/install/my_bboxes_msg/include/my_bboxes_msg/msg/detail/yolo_obstacle__rosidl_typesupport_fastrtps_c.h
-- Symlinking: /home/gracekim/workspace/test_ws/install/my_bboxes_msg/include/my_bboxes_msg/msg/detail/yolo_target__rosidl_typesupport_fastrtps_c.h
-- Symlinking: /home/gracekim/workspace/test_ws/install/my_bboxes_msg/include/my_bboxes_msg/msg/rosidl_typesupport_fastrtps_c__visibility_control.h
-- Symlinking: /home/gracekim/workspace/test_ws/install/my_bboxes_msg/lib/libmy_bboxes_msg__rosidl_typesupport_fastrtps_c.so
-- Symlinking: /home/gracekim/workspace/test_ws/install/my_bboxes_msg/include/my_bboxes_msg/msg/detail/vehicle_phase__rosidl_typesupport_fastrtps_cpp.hpp
-- Symlinking: /home/gracekim/workspace/test_ws/install/my_bboxes_msg/include/my_bboxes_msg/msg/detail/yolo_obstacle__rosidl_typesupport_fastrtps_cpp.hpp
-- Symlinking: /home/gracekim/workspace/test_ws/install/my_bboxes_msg/include/my_bboxes_msg/msg/detail/yolo_target__rosidl_typesupport_fastrtps_cpp.hpp
-- Symlinking: /home/gracekim/workspace/test_ws/install/my_bboxes_msg/include/my_bboxes_msg/msg/rosidl_typesupport_fastrtps_cpp__visibility_control.h
-- Symlinking: /home/gracekim/workspace/test_ws/install/my_bboxes_msg/lib/libmy_bboxes_msg__rosidl_typesupport_fastrtps_cpp.so
-- Symlinking: /home/gracekim/workspace/test_ws/install/my_bboxes_msg/include/my_bboxes_msg/msg/detail/vehicle_phase__rosidl_typesupport_introspection_c.h
-- Symlinking: /home/gracekim/workspace/test_ws/install/my_bboxes_msg/include/my_bboxes_msg/msg/detail/yolo_obstacle__rosidl_typesupport_introspection_c.h
-- Symlinking: /home/gracekim/workspace/test_ws/install/my_bboxes_msg/include/my_bboxes_msg/msg/detail/yolo_target__rosidl_typesupport_introspection_c.h
-- Symlinking: /home/gracekim/workspace/test_ws/install/my_bboxes_msg/include/my_bboxes_msg/msg/rosidl_typesupport_introspection_c__visibility_control.h
-- Symlinking: /home/gracekim/workspace/test_ws/install/my_bboxes_msg/include/my_bboxes_msg/msg/detail/vehicle_phase__builder.hpp
-- Symlinking: /home/gracekim/workspace/test_ws/install/my_bboxes_msg/include/my_bboxes_msg/msg/detail/vehicle_phase__struct.hpp
-- Symlinking: /home/gracekim/workspace/test_ws/install/my_bboxes_msg/include/my_bboxes_msg/msg/detail/vehicle_phase__traits.hpp
-- Symlinking: /home/gracekim/workspace/test_ws/install/my_bboxes_msg/include/my_bboxes_msg/msg/detail/vehicle_phase__type_support.hpp
-- Symlinking: /home/gracekim/workspace/test_ws/install/my_bboxes_msg/include/my_bboxes_msg/msg/detail/yolo_obstacle__builder.hpp
-- Symlinking: /home/gracekim/workspace/test_ws/install/my_bboxes_msg/include/my_bboxes_msg/msg/detail/yolo_obstacle__struct.hpp
-- Symlinking: /home/gracekim/workspace/test_ws/install/my_bboxes_msg/include/my_bboxes_msg/msg/detail/yolo_obstacle__traits.hpp
-- Symlinking: /home/gracekim/workspace/test_ws/install/my_bboxes_msg/include/my_bboxes_msg/msg/detail/yolo_obstacle__type_support.hpp
-- Symlinking: /home/gracekim/workspace/test_ws/install/my_bboxes_msg/include/my_bboxes_msg/msg/detail/yolo_target__builder.hpp
-- Symlinking: /home/gracekim/workspace/test_ws/install/my_bboxes_msg/include/my_bboxes_msg/msg/detail/yolo_target__struct.hpp
-- Symlinking: /home/gracekim/workspace/test_ws/install/my_bboxes_msg/include/my_bboxes_msg/msg/detail/yolo_target__traits.hpp
-- Symlinking: /home/gracekim/workspace/test_ws/install/my_bboxes_msg/include/my_bboxes_msg/msg/detail/yolo_target__type_support.hpp
-- Symlinking: /home/gracekim/workspace/test_ws/install/my_bboxes_msg/include/my_bboxes_msg/msg/rosidl_generator_cpp__visibility_control.hpp
-- Symlinking: /home/gracekim/workspace/test_ws/install/my_bboxes_msg/include/my_bboxes_msg/msg/vehicle_phase.hpp
-- Symlinking: /home/gracekim/workspace/test_ws/install/my_bboxes_msg/include/my_bboxes_msg/msg/yolo_obstacle.hpp
-- Symlinking: /home/gracekim/workspace/test_ws/install/my_bboxes_msg/include/my_bboxes_msg/msg/yolo_target.hpp
-- Symlinking: /home/gracekim/workspace/test_ws/install/my_bboxes_msg/include/my_bboxes_msg/msg/detail/vehicle_phase__rosidl_typesupport_introspection_cpp.hpp
-- Symlinking: /home/gracekim/workspace/test_ws/install/my_bboxes_msg/include/my_bboxes_msg/msg/detail/yolo_obstacle__rosidl_typesupport_introspection_cpp.hpp
-- Symlinking: /home/gracekim/workspace/test_ws/install/my_bboxes_msg/include/my_bboxes_msg/msg/detail/yolo_target__rosidl_typesupport_introspection_cpp.hpp
-- Symlinking: /home/gracekim/workspace/test_ws/install/my_bboxes_msg/share/my_bboxes_msg/environment/pythonpath.sh
-- Symlinking: /home/gracekim/workspace/test_ws/install/my_bboxes_msg/share/my_bboxes_msg/environment/pythonpath.dsv
-- Symlinking: /home/gracekim/workspace/test_ws/install/my_bboxes_msg/lib/python3.8/site-packages/my_bboxes_msg/__init__.py
-- Symlinking: /home/gracekim/workspace/test_ws/install/my_bboxes_msg/lib/python3.8/site-packages/my_bboxes_msg/msg/__init__.py
-- Symlinking: /home/gracekim/workspace/test_ws/install/my_bboxes_msg/lib/python3.8/site-packages/my_bboxes_msg/msg/_vehicle_phase.py
-- Symlinking: /home/gracekim/workspace/test_ws/install/my_bboxes_msg/lib/python3.8/site-packages/my_bboxes_msg/msg/_yolo_obstacle.py
-- Symlinking: /home/gracekim/workspace/test_ws/install/my_bboxes_msg/lib/python3.8/site-packages/my_bboxes_msg/msg/_yolo_target.py
-- Symlinking: /home/gracekim/workspace/test_ws/install/my_bboxes_msg/lib/python3.8/site-packages/my_bboxes_msg/my_bboxes_msg_s__rosidl_typesupport_fastrtps_c.cpython-38-x86_64-linux-gnu.so
-- Symlinking: /home/gracekim/workspace/test_ws/install/my_bboxes_msg/lib/python3.8/site-packages/my_bboxes_msg/my_bboxes_msg_s__rosidl_typesupport_introspection_c.cpython-38-x86_64-linux-gnu.so
-- Symlinking: /home/gracekim/workspace/test_ws/install/my_bboxes_msg/lib/python3.8/site-packages/my_bboxes_msg/my_bboxes_msg_s__rosidl_typesupport_c.cpython-38-x86_64-linux-gnu.so
-- Symlinking: /home/gracekim/workspace/test_ws/install/my_bboxes_msg/lib/libmy_bboxes_msg__python.so
-- Symlinking: /home/gracekim/workspace/test_ws/install/my_bboxes_msg/share/my_bboxes_msg/msg/YoloObstacle.idl
-- Symlinking: /home/gracekim/workspace/test_ws/install/my_bboxes_msg/share/my_bboxes_msg/msg/YoloTarget.idl
-- Symlinking: /home/gracekim/workspace/test_ws/install/my_bboxes_msg/share/my_bboxes_msg/msg/VehiclePhase.idl
-- Symlinking: /home/gracekim/workspace/test_ws/install/my_bboxes_msg/share/my_bboxes_msg/msg/YoloObstacle.msg
-- Symlinking: /home/gracekim/workspace/test_ws/install/my_bboxes_msg/share/my_bboxes_msg/msg/YoloTarget.msg
-- Symlinking: /home/gracekim/workspace/test_ws/install/my_bboxes_msg/share/my_bboxes_msg/msg/VehiclePhase.msg
-- Symlinking: /home/gracekim/workspace/test_ws/install/my_bboxes_msg/share/ament_index/resource_index/package_run_dependencies/my_bboxes_msg
-- Symlinking: /home/gracekim/workspace/test_ws/install/my_bboxes_msg/share/ament_index/resource_index/parent_prefix_path/my_bboxes_msg
-- Symlinking: /home/gracekim/workspace/test_ws/install/my_bboxes_msg/share/my_bboxes_msg/environment/ament_prefix_path.sh
-- Symlinking: /home/gracekim/workspace/test_ws/install/my_bboxes_msg/share/my_bboxes_msg/environment/ament_prefix_path.dsv
-- Symlinking: /home/gracekim/workspace/test_ws/install/my_bboxes_msg/share/my_bboxes_msg/environment/path.sh
-- Symlinking: /home/gracekim/workspace/test_ws/install/my_bboxes_msg/share/my_bboxes_msg/environment/path.dsv
-- Symlinking: /home/gracekim/workspace/test_ws/install/my_bboxes_msg/share/my_bboxes_msg/local_setup.bash
-- Symlinking: /home/gracekim/workspace/test_ws/install/my_bboxes_msg/share/my_bboxes_msg/local_setup.sh
-- Symlinking: /home/gracekim/workspace/test_ws/install/my_bboxes_msg/share/my_bboxes_msg/local_setup.zsh
-- Symlinking: /home/gracekim/workspace/test_ws/install/my_bboxes_msg/share/my_bboxes_msg/local_setup.dsv
-- Symlinking: /home/gracekim/workspace/test_ws/install/my_bboxes_msg/share/my_bboxes_msg/package.dsv
-- Symlinking: /home/gracekim/workspace/test_ws/install/my_bboxes_msg/share/ament_index/resource_index/packages/my_bboxes_msg
-- Symlinking: /home/gracekim/workspace/test_ws/install/my_bboxes_msg/share/my_bboxes_msg/cmake/rosidl_cmake-extras.cmake
-- Symlinking: /home/gracekim/workspace/test_ws/install/my_bboxes_msg/share/my_bboxes_msg/cmake/ament_cmake_export_dependencies-extras.cmake
-- Symlinking: /home/gracekim/workspace/test_ws/install/my_bboxes_msg/share/my_bboxes_msg/cmake/ament_cmake_export_libraries-extras.cmake
-- Symlinking: /home/gracekim/workspace/test_ws/install/my_bboxes_msg/share/my_bboxes_msg/cmake/ament_cmake_export_targets-extras.cmake
-- Symlinking: /home/gracekim/workspace/test_ws/install/my_bboxes_msg/share/my_bboxes_msg/cmake/ament_cmake_export_include_directories-extras.cmake
-- Symlinking: /home/gracekim/workspace/test_ws/install/my_bboxes_msg/share/my_bboxes_msg/cmake/rosidl_cmake_export_typesupport_libraries-extras.cmake
-- Symlinking: /home/gracekim/workspace/test_ws/install/my_bboxes_msg/share/my_bboxes_msg/cmake/rosidl_cmake_export_typesupport_targets-extras.cmake
-- Symlinking: /home/gracekim/workspace/test_ws/install/my_bboxes_msg/share/my_bboxes_msg/cmake/my_bboxes_msgConfig.cmake
-- Symlinking: /home/gracekim/workspace/test_ws/install/my_bboxes_msg/share/my_bboxes_msg/cmake/my_bboxes_msgConfig-version.cmake
-- Symlinking: /home/gracekim/workspace/test_ws/install/my_bboxes_msg/share/my_bboxes_msg/package.xml
-- Installing: /home/gracekim/workspace/test_ws/install/my_bboxes_msg/lib/libmy_bboxes_msg__rosidl_generator_c.so
-- Set non-toolchain portion of runtime path of "/home/gracekim/workspace/test_ws/install/my_bboxes_msg/lib/libmy_bboxes_msg__rosidl_generator_c.so" to ""
-- Installing: /home/gracekim/workspace/test_ws/install/my_bboxes_msg/lib/libmy_bboxes_msg__rosidl_typesupport_introspection_c.so
-- Set non-toolchain portion of runtime path of "/home/gracekim/workspace/test_ws/install/my_bboxes_msg/lib/libmy_bboxes_msg__rosidl_typesupport_introspection_c.so" to ""
-- Installing: /home/gracekim/workspace/test_ws/install/my_bboxes_msg/lib/libmy_bboxes_msg__rosidl_typesupport_c.so
-- Set non-toolchain portion of runtime path of "/home/gracekim/workspace/test_ws/install/my_bboxes_msg/lib/libmy_bboxes_msg__rosidl_typesupport_c.so" to ""
-- Installing: /home/gracekim/workspace/test_ws/install/my_bboxes_msg/lib/libmy_bboxes_msg__rosidl_typesupport_introspection_cpp.so
-- Set non-toolchain portion of runtime path of "/home/gracekim/workspace/test_ws/install/my_bboxes_msg/lib/libmy_bboxes_msg__rosidl_typesupport_introspection_cpp.so" to ""
-- Installing: /home/gracekim/workspace/test_ws/install/my_bboxes_msg/lib/libmy_bboxes_msg__rosidl_typesupport_cpp.so
-- Set non-toolchain portion of runtime path of "/home/gracekim/workspace/test_ws/install/my_bboxes_msg/lib/libmy_bboxes_msg__rosidl_typesupport_cpp.so" to ""
Compiling '/home/gracekim/workspace/test_ws/install/my_bboxes_msg/lib/python3.8/site-packages/my_bboxes_msg/__init__.py'...
-- Installing: /home/gracekim/workspace/test_ws/install/my_bboxes_msg/share/my_bboxes_msg/cmake/my_bboxes_msg__rosidl_generator_cExport.cmake
-- Installing: /home/gracekim/workspace/test_ws/install/my_bboxes_msg/share/my_bboxes_msg/cmake/my_bboxes_msg__rosidl_generator_cExport-noconfig.cmake
-- Installing: /home/gracekim/workspace/test_ws/install/my_bboxes_msg/share/my_bboxes_msg/cmake/my_bboxes_msg__rosidl_typesupport_introspection_cExport.cmake
-- Installing: /home/gracekim/workspace/test_ws/install/my_bboxes_msg/share/my_bboxes_msg/cmake/my_bboxes_msg__rosidl_typesupport_introspection_cExport-noconfig.cmake
-- Installing: /home/gracekim/workspace/test_ws/install/my_bboxes_msg/share/my_bboxes_msg/cmake/my_bboxes_msg__rosidl_typesupport_cExport.cmake
-- Installing: /home/gracekim/workspace/test_ws/install/my_bboxes_msg/share/my_bboxes_msg/cmake/my_bboxes_msg__rosidl_typesupport_cExport-noconfig.cmake
-- Installing: /home/gracekim/workspace/test_ws/install/my_bboxes_msg/share/my_bboxes_msg/cmake/my_bboxes_msg__rosidl_generator_cppExport.cmake
-- Installing: /home/gracekim/workspace/test_ws/install/my_bboxes_msg/share/my_bboxes_msg/cmake/my_bboxes_msg__rosidl_typesupport_introspection_cppExport.cmake
-- Installing: /home/gracekim/workspace/test_ws/install/my_bboxes_msg/share/my_bboxes_msg/cmake/my_bboxes_msg__rosidl_typesupport_introspection_cppExport-noconfig.cmake
-- Installing: /home/gracekim/workspace/test_ws/install/my_bboxes_msg/share/my_bboxes_msg/cmake/my_bboxes_msg__rosidl_typesupport_cppExport.cmake
-- Installing: /home/gracekim/workspace/test_ws/install/my_bboxes_msg/share/my_bboxes_msg/cmake/my_bboxes_msg__rosidl_typesupport_cppExport-noconfig.cmake
