[0.010s] Invoking command in '/home/gracekim/workspace/test_ws/build/my_bboxes_msg': CMAKE_PREFIX_PATH=/opt/ros/foxy /usr/local/bin/cmake /home/gracekim/workspace/test_ws/src/my_bboxes_msg -DAMENT_CMAKE_SYMLINK_INSTALL=1 -DCMAKE_INSTALL_PREFIX=/home/gracekim/workspace/test_ws/install/my_bboxes_msg
[0.042s] -- The C compiler identification is GNU 9.4.0
[0.072s] -- The CXX compiler identification is GNU 9.4.0
[0.078s] -- Detecting C compiler ABI info
[0.111s] -- Detecting C compiler ABI info - done
[0.120s] -- Check for working C compiler: /usr/bin/cc - skipped
[0.120s] -- Detecting C compile features
[0.120s] -- Detecting C compile features - done
[0.122s] -- Detecting CXX compiler ABI info
[0.161s] -- Detecting CXX compiler ABI info - done
[0.170s] -- Check for working CXX compiler: /usr/bin/c++ - skipped
[0.170s] -- Detecting CXX compile features
[0.170s] -- Detecting CXX compile features - done
[0.172s] -- Found rosidl_default_generators: 1.0.1 (/opt/ros/foxy/share/rosidl_default_generators/cmake)
[0.173s] -- Found ament_cmake_core: 0.9.12 (/opt/ros/foxy/share/ament_cmake_core/cmake)
[0.188s] -- Found PythonInterp: /usr/bin/python3 (found suitable version "3.8.10", minimum required is "3")
[0.188s] -- Using PYTHON_EXECUTABLE: /usr/bin/python3
[0.303s] -- Override CMake install command with custom implementation using symlinks instead of copying resources
[0.307s] -- Using all available rosidl_typesupport_c: rosidl_typesupport_fastrtps_c;rosidl_typesupport_introspection_c
[0.313s] -- Found rosidl_adapter: 1.3.1 (/opt/ros/foxy/share/rosidl_adapter/cmake)
[0.386s] -- Found OpenSSL: /usr/lib/x86_64-linux-gnu/libcrypto.so (found version "1.1.1f")
[0.409s] -- Found FastRTPS: /opt/ros/foxy/include
[0.456s] -- Using all available rosidl_typesupport_cpp: rosidl_typesupport_fastrtps_cpp;rosidl_typesupport_introspection_cpp
[0.472s] -- Found std_msgs: 2.0.5 (/opt/ros/foxy/share/std_msgs/cmake)
[0.491s] -- Found sensor_msgs: 2.0.5 (/opt/ros/foxy/share/sensor_msgs/cmake)
[0.575s] -- Found PythonInterp: /usr/bin/python3 (found version "3.8.10")
[0.692s] -- Found ament_cmake_ros: 0.9.2 (/opt/ros/foxy/share/ament_cmake_ros/cmake)
[0.865s] -- Using all available rosidl_typesupport_c: rosidl_typesupport_fastrtps_c;rosidl_typesupport_introspection_c
[0.940s] -- Using all available rosidl_typesupport_cpp: rosidl_typesupport_fastrtps_cpp;rosidl_typesupport_introspection_cpp
[0.957s] -- Found PythonInterp: /usr/bin/python3 (found suitable version "3.8.10", minimum required is "3.5")
[0.958s] -- Found python_cmake_module: 0.8.1 (/opt/ros/foxy/share/python_cmake_module/cmake)
[0.977s] -- Found PythonLibs: /usr/lib/x86_64-linux-gnu/libpython3.8.so (found suitable version "3.8.10", minimum required is "3.5")
[0.978s] -- Using PYTHON_EXECUTABLE: /usr/bin/python3
[0.978s] -- Using PYTHON_INCLUDE_DIRS: /usr/include/python3.8
[0.978s] -- Using PYTHON_LIBRARIES: /usr/lib/x86_64-linux-gnu/libpython3.8.so
[0.991s] -- Found PythonExtra: .so
[1.110s] -- Found ament_lint_auto: 0.9.8 (/opt/ros/foxy/share/ament_lint_auto/cmake)
[1.127s] -- Added test 'copyright' to check source files copyright and LICENSE
[1.129s] -- Added test 'lint_cmake' to check CMake code style
[1.129s] -- Added test 'xmllint' to check XML markup files
[1.131s] -- Configuring done (1.1s)
[1.167s] -- Generating done (0.0s)
[1.168s] -- Build files have been written to: /home/gracekim/workspace/test_ws/build/my_bboxes_msg
[1.174s] Invoked command in '/home/gracekim/workspace/test_ws/build/my_bboxes_msg' returned '0': CMAKE_PREFIX_PATH=/opt/ros/foxy /usr/local/bin/cmake /home/gracekim/workspace/test_ws/src/my_bboxes_msg -DAMENT_CMAKE_SYMLINK_INSTALL=1 -DCMAKE_INSTALL_PREFIX=/home/gracekim/workspace/test_ws/install/my_bboxes_msg
[1.177s] Invoking command in '/home/gracekim/workspace/test_ws/build/my_bboxes_msg': CMAKE_PREFIX_PATH=/opt/ros/foxy /usr/local/bin/cmake --build /home/gracekim/workspace/test_ws/build/my_bboxes_msg -- -j16 -l16
[1.190s] [  2%] [34m[1mGenerating C code for ROS interfaces[0m
[1.193s] [  4%] [34m[1mGenerating C++ code for ROS interfaces[0m
[1.354s] [  4%] Built target my_bboxes_msg__cpp
[1.357s] [  6%] [34m[1mGenerating C++ type support dispatch for ROS interfaces[0m
[1.357s] [  8%] [34m[1mGenerating C++ type support for eProsima Fast-RTPS[0m
[1.358s] [ 10%] [34m[1mGenerating C++ introspection for ROS interfaces[0m
[1.371s] [ 12%] [32mBuilding C object CMakeFiles/my_bboxes_msg__rosidl_generator_c.dir/rosidl_generator_c/my_bboxes_msg/msg/detail/yolo_obstacle__functions.c.o[0m
[1.372s] [ 14%] [32mBuilding C object CMakeFiles/my_bboxes_msg__rosidl_generator_c.dir/rosidl_generator_c/my_bboxes_msg/msg/detail/yolo_target__functions.c.o[0m
[1.372s] [ 17%] [32mBuilding C object CMakeFiles/my_bboxes_msg__rosidl_generator_c.dir/rosidl_generator_c/my_bboxes_msg/msg/detail/vehicle_phase__functions.c.o[0m
[1.410s] [ 19%] [32m[1mLinking C shared library libmy_bboxes_msg__rosidl_generator_c.so[0m
[1.441s] [ 19%] Built target my_bboxes_msg__rosidl_generator_c
[1.445s] [ 23%] [34m[1mGenerating C introspection for ROS interfaces[0m
[1.445s] [ 21%] [34m[1mGenerating C type support dispatch for ROS interfaces[0m
[1.499s] [ 25%] [32mBuilding CXX object CMakeFiles/my_bboxes_msg__rosidl_typesupport_cpp.dir/rosidl_typesupport_cpp/my_bboxes_msg/msg/vehicle_phase__type_support.cpp.o[0m
[1.499s] [ 29%] [32mBuilding CXX object CMakeFiles/my_bboxes_msg__rosidl_typesupport_cpp.dir/rosidl_typesupport_cpp/my_bboxes_msg/msg/yolo_target__type_support.cpp.o[0m
[1.499s] [ 29%] [32mBuilding CXX object CMakeFiles/my_bboxes_msg__rosidl_typesupport_cpp.dir/rosidl_typesupport_cpp/my_bboxes_msg/msg/yolo_obstacle__type_support.cpp.o[0m
[1.525s] [ 34%] [32mBuilding CXX object CMakeFiles/my_bboxes_msg__rosidl_typesupport_fastrtps_cpp.dir/rosidl_typesupport_fastrtps_cpp/my_bboxes_msg/msg/detail/dds_fastrtps/yolo_obstacle__type_support.cpp.o[0m
[1.525s] [ 36%] [32mBuilding CXX object CMakeFiles/my_bboxes_msg__rosidl_typesupport_fastrtps_cpp.dir/rosidl_typesupport_fastrtps_cpp/my_bboxes_msg/msg/detail/dds_fastrtps/yolo_target__type_support.cpp.o[0m
[1.526s] [ 36%] [32mBuilding CXX object CMakeFiles/my_bboxes_msg__rosidl_typesupport_fastrtps_cpp.dir/rosidl_typesupport_fastrtps_cpp/my_bboxes_msg/msg/detail/dds_fastrtps/vehicle_phase__type_support.cpp.o[0m
[1.570s] [ 38%] [32mBuilding CXX object CMakeFiles/my_bboxes_msg__rosidl_typesupport_introspection_cpp.dir/rosidl_typesupport_introspection_cpp/my_bboxes_msg/msg/detail/yolo_obstacle__type_support.cpp.o[0m
[1.571s] [ 40%] [32mBuilding CXX object CMakeFiles/my_bboxes_msg__rosidl_typesupport_introspection_cpp.dir/rosidl_typesupport_introspection_cpp/my_bboxes_msg/msg/detail/yolo_target__type_support.cpp.o[0m
[1.571s] [ 42%] [32mBuilding CXX object CMakeFiles/my_bboxes_msg__rosidl_typesupport_introspection_cpp.dir/rosidl_typesupport_introspection_cpp/my_bboxes_msg/msg/detail/vehicle_phase__type_support.cpp.o[0m
[1.650s] [ 48%] [32mBuilding C object CMakeFiles/my_bboxes_msg__rosidl_typesupport_introspection_c.dir/rosidl_typesupport_introspection_c/my_bboxes_msg/msg/detail/vehicle_phase__type_support.c.o[0m
[1.650s] [ 48%] [32mBuilding C object CMakeFiles/my_bboxes_msg__rosidl_typesupport_introspection_c.dir/rosidl_typesupport_introspection_c/my_bboxes_msg/msg/detail/yolo_obstacle__type_support.c.o[0m
[1.650s] [ 48%] [32mBuilding C object CMakeFiles/my_bboxes_msg__rosidl_typesupport_introspection_c.dir/rosidl_typesupport_introspection_c/my_bboxes_msg/msg/detail/yolo_target__type_support.c.o[0m
[1.684s] [ 51%] [32m[1mLinking C shared library libmy_bboxes_msg__rosidl_typesupport_introspection_c.so[0m
[1.711s] [ 51%] Built target my_bboxes_msg__rosidl_typesupport_introspection_c
[1.717s] [ 57%] [32mBuilding CXX object CMakeFiles/my_bboxes_msg__rosidl_typesupport_c.dir/rosidl_typesupport_c/my_bboxes_msg/msg/yolo_obstacle__type_support.cpp.o[0m
[1.718s] [ 57%] [32mBuilding CXX object CMakeFiles/my_bboxes_msg__rosidl_typesupport_c.dir/rosidl_typesupport_c/my_bboxes_msg/msg/yolo_target__type_support.cpp.o[0m
[1.718s] [ 57%] [32mBuilding CXX object CMakeFiles/my_bboxes_msg__rosidl_typesupport_c.dir/rosidl_typesupport_c/my_bboxes_msg/msg/vehicle_phase__type_support.cpp.o[0m
[1.748s] [ 59%] [32m[1mLinking CXX shared library libmy_bboxes_msg__rosidl_typesupport_c.so[0m
[1.781s] [ 59%] Built target my_bboxes_msg__rosidl_typesupport_c
[1.848s] [ 61%] [32m[1mLinking CXX shared library libmy_bboxes_msg__rosidl_typesupport_cpp.so[0m
[1.874s] [ 63%] [32m[1mLinking CXX shared library libmy_bboxes_msg__rosidl_typesupport_introspection_cpp.so[0m
[1.874s] [ 63%] Built target my_bboxes_msg__rosidl_typesupport_cpp
[1.909s] [ 63%] Built target my_bboxes_msg__rosidl_typesupport_introspection_cpp
[1.941s] [ 65%] [32m[1mLinking CXX shared library libmy_bboxes_msg__rosidl_typesupport_fastrtps_cpp.so[0m
[1.991s] [ 65%] Built target my_bboxes_msg__rosidl_typesupport_fastrtps_cpp
[1.994s] [ 68%] [34m[1mGenerating C type support for eProsima Fast-RTPS[0m
[2.145s] [ 70%] [32mBuilding CXX object CMakeFiles/my_bboxes_msg__rosidl_typesupport_fastrtps_c.dir/rosidl_typesupport_fastrtps_c/my_bboxes_msg/msg/detail/yolo_obstacle__type_support_c.cpp.o[0m
[2.145s] [ 72%] [32mBuilding CXX object CMakeFiles/my_bboxes_msg__rosidl_typesupport_fastrtps_c.dir/rosidl_typesupport_fastrtps_c/my_bboxes_msg/msg/detail/yolo_target__type_support_c.cpp.o[0m
[2.145s] [ 74%] [32mBuilding CXX object CMakeFiles/my_bboxes_msg__rosidl_typesupport_fastrtps_c.dir/rosidl_typesupport_fastrtps_c/my_bboxes_msg/msg/detail/vehicle_phase__type_support_c.cpp.o[0m
[2.343s] [ 76%] [32m[1mLinking CXX shared library libmy_bboxes_msg__rosidl_typesupport_fastrtps_c.so[0m
[2.391s] [ 76%] Built target my_bboxes_msg__rosidl_typesupport_fastrtps_c
[2.398s] [ 76%] Built target my_bboxes_msg
[2.405s] [ 78%] [34m[1mGenerating Python code for ROS interfaces[0m
[2.753s] [ 78%] Built target my_bboxes_msg__py
[2.760s] [ 80%] [32mBuilding C object CMakeFiles/my_bboxes_msg__python.dir/rosidl_generator_py/my_bboxes_msg/msg/_yolo_obstacle_s.c.o[0m
[2.760s] [ 82%] [32mBuilding C object CMakeFiles/my_bboxes_msg__python.dir/rosidl_generator_py/my_bboxes_msg/msg/_yolo_target_s.c.o[0m
[2.761s] [ 85%] [32mBuilding C object CMakeFiles/my_bboxes_msg__python.dir/rosidl_generator_py/my_bboxes_msg/msg/_vehicle_phase_s.c.o[0m
[2.829s] [ 87%] [32m[1mLinking C shared library rosidl_generator_py/my_bboxes_msg/libmy_bboxes_msg__python.so[0m
[2.855s] [ 87%] Built target my_bboxes_msg__python
[2.862s] [ 89%] [32mBuilding C object CMakeFiles/my_bboxes_msg__rosidl_typesupport_fastrtps_c__pyext.dir/rosidl_generator_py/my_bboxes_msg/_my_bboxes_msg_s.ep.rosidl_typesupport_fastrtps_c.c.o[0m
[2.862s] [ 91%] [32mBuilding C object CMakeFiles/my_bboxes_msg__rosidl_typesupport_introspection_c__pyext.dir/rosidl_generator_py/my_bboxes_msg/_my_bboxes_msg_s.ep.rosidl_typesupport_introspection_c.c.o[0m
[2.865s] [ 93%] [32mBuilding C object CMakeFiles/my_bboxes_msg__rosidl_typesupport_c__pyext.dir/rosidl_generator_py/my_bboxes_msg/_my_bboxes_msg_s.ep.rosidl_typesupport_c.c.o[0m
[2.915s] [ 97%] [32m[1mLinking C shared library rosidl_generator_py/my_bboxes_msg/my_bboxes_msg_s__rosidl_typesupport_introspection_c.cpython-38-x86_64-linux-gnu.so[0m
[2.915s] [ 95%] [32m[1mLinking CXX shared library rosidl_generator_py/my_bboxes_msg/my_bboxes_msg_s__rosidl_typesupport_fastrtps_c.cpython-38-x86_64-linux-gnu.so[0m
[2.935s] [ 97%] Built target my_bboxes_msg__rosidl_typesupport_introspection_c__pyext
[2.945s] [100%] [32m[1mLinking C shared library rosidl_generator_py/my_bboxes_msg/my_bboxes_msg_s__rosidl_typesupport_c.cpython-38-x86_64-linux-gnu.so[0m
[2.956s] [100%] Built target my_bboxes_msg__rosidl_typesupport_fastrtps_c__pyext
[2.965s] [100%] Built target my_bboxes_msg__rosidl_typesupport_c__pyext
[2.970s] Invoked command in '/home/gracekim/workspace/test_ws/build/my_bboxes_msg' returned '0': CMAKE_PREFIX_PATH=/opt/ros/foxy /usr/local/bin/cmake --build /home/gracekim/workspace/test_ws/build/my_bboxes_msg -- -j16 -l16
[3.015s] Invoking command in '/home/gracekim/workspace/test_ws/build/my_bboxes_msg': CMAKE_PREFIX_PATH=/opt/ros/foxy /usr/local/bin/cmake --install /home/gracekim/workspace/test_ws/build/my_bboxes_msg
[3.017s] -- Install configuration: ""
[3.018s] -- Execute custom install script
[3.018s] -- Symlinking: /home/gracekim/workspace/test_ws/install/my_bboxes_msg/share/ament_index/resource_index/rosidl_interfaces/my_bboxes_msg
[3.020s] -- Symlinking: /home/gracekim/workspace/test_ws/install/my_bboxes_msg/include/my_bboxes_msg/msg/detail/vehicle_phase__functions.h
[3.022s] -- Symlinking: /home/gracekim/workspace/test_ws/install/my_bboxes_msg/include/my_bboxes_msg/msg/detail/vehicle_phase__struct.h
[3.025s] -- Symlinking: /home/gracekim/workspace/test_ws/install/my_bboxes_msg/include/my_bboxes_msg/msg/detail/vehicle_phase__type_support.h
[3.027s] -- Symlinking: /home/gracekim/workspace/test_ws/install/my_bboxes_msg/include/my_bboxes_msg/msg/detail/yolo_obstacle__functions.h
[3.029s] -- Symlinking: /home/gracekim/workspace/test_ws/install/my_bboxes_msg/include/my_bboxes_msg/msg/detail/yolo_obstacle__struct.h
[3.031s] -- Symlinking: /home/gracekim/workspace/test_ws/install/my_bboxes_msg/include/my_bboxes_msg/msg/detail/yolo_obstacle__type_support.h
[3.033s] -- Symlinking: /home/gracekim/workspace/test_ws/install/my_bboxes_msg/include/my_bboxes_msg/msg/detail/yolo_target__functions.h
[3.035s] -- Symlinking: /home/gracekim/workspace/test_ws/install/my_bboxes_msg/include/my_bboxes_msg/msg/detail/yolo_target__struct.h
[3.037s] -- Symlinking: /home/gracekim/workspace/test_ws/install/my_bboxes_msg/include/my_bboxes_msg/msg/detail/yolo_target__type_support.h
[3.039s] -- Symlinking: /home/gracekim/workspace/test_ws/install/my_bboxes_msg/include/my_bboxes_msg/msg/rosidl_generator_c__visibility_control.h
[3.041s] -- Symlinking: /home/gracekim/workspace/test_ws/install/my_bboxes_msg/include/my_bboxes_msg/msg/vehicle_phase.h
[3.043s] -- Symlinking: /home/gracekim/workspace/test_ws/install/my_bboxes_msg/include/my_bboxes_msg/msg/yolo_obstacle.h
[3.046s] -- Symlinking: /home/gracekim/workspace/test_ws/install/my_bboxes_msg/include/my_bboxes_msg/msg/yolo_target.h
[3.048s] -- Symlinking: /home/gracekim/workspace/test_ws/install/my_bboxes_msg/share/my_bboxes_msg/environment/library_path.sh
[3.050s] -- Symlinking: /home/gracekim/workspace/test_ws/install/my_bboxes_msg/share/my_bboxes_msg/environment/library_path.dsv
[3.053s] -- Symlinking: /home/gracekim/workspace/test_ws/install/my_bboxes_msg/include/my_bboxes_msg/msg/detail/vehicle_phase__rosidl_typesupport_fastrtps_c.h
[3.055s] -- Symlinking: /home/gracekim/workspace/test_ws/install/my_bboxes_msg/include/my_bboxes_msg/msg/detail/yolo_obstacle__rosidl_typesupport_fastrtps_c.h
[3.058s] -- Symlinking: /home/gracekim/workspace/test_ws/install/my_bboxes_msg/include/my_bboxes_msg/msg/detail/yolo_target__rosidl_typesupport_fastrtps_c.h
[3.060s] -- Symlinking: /home/gracekim/workspace/test_ws/install/my_bboxes_msg/include/my_bboxes_msg/msg/rosidl_typesupport_fastrtps_c__visibility_control.h
[3.062s] -- Symlinking: /home/gracekim/workspace/test_ws/install/my_bboxes_msg/lib/libmy_bboxes_msg__rosidl_typesupport_fastrtps_c.so
[3.065s] -- Symlinking: /home/gracekim/workspace/test_ws/install/my_bboxes_msg/include/my_bboxes_msg/msg/detail/vehicle_phase__rosidl_typesupport_fastrtps_cpp.hpp
[3.068s] -- Symlinking: /home/gracekim/workspace/test_ws/install/my_bboxes_msg/include/my_bboxes_msg/msg/detail/yolo_obstacle__rosidl_typesupport_fastrtps_cpp.hpp
[3.070s] -- Symlinking: /home/gracekim/workspace/test_ws/install/my_bboxes_msg/include/my_bboxes_msg/msg/detail/yolo_target__rosidl_typesupport_fastrtps_cpp.hpp
[3.072s] -- Symlinking: /home/gracekim/workspace/test_ws/install/my_bboxes_msg/include/my_bboxes_msg/msg/rosidl_typesupport_fastrtps_cpp__visibility_control.h
[3.074s] -- Symlinking: /home/gracekim/workspace/test_ws/install/my_bboxes_msg/lib/libmy_bboxes_msg__rosidl_typesupport_fastrtps_cpp.so
[3.077s] -- Symlinking: /home/gracekim/workspace/test_ws/install/my_bboxes_msg/include/my_bboxes_msg/msg/detail/vehicle_phase__rosidl_typesupport_introspection_c.h
[3.079s] -- Symlinking: /home/gracekim/workspace/test_ws/install/my_bboxes_msg/include/my_bboxes_msg/msg/detail/yolo_obstacle__rosidl_typesupport_introspection_c.h
[3.082s] -- Symlinking: /home/gracekim/workspace/test_ws/install/my_bboxes_msg/include/my_bboxes_msg/msg/detail/yolo_target__rosidl_typesupport_introspection_c.h
[3.084s] -- Symlinking: /home/gracekim/workspace/test_ws/install/my_bboxes_msg/include/my_bboxes_msg/msg/rosidl_typesupport_introspection_c__visibility_control.h
[3.087s] -- Symlinking: /home/gracekim/workspace/test_ws/install/my_bboxes_msg/include/my_bboxes_msg/msg/detail/vehicle_phase__builder.hpp
[3.089s] -- Symlinking: /home/gracekim/workspace/test_ws/install/my_bboxes_msg/include/my_bboxes_msg/msg/detail/vehicle_phase__struct.hpp
[3.091s] -- Symlinking: /home/gracekim/workspace/test_ws/install/my_bboxes_msg/include/my_bboxes_msg/msg/detail/vehicle_phase__traits.hpp
[3.093s] -- Symlinking: /home/gracekim/workspace/test_ws/install/my_bboxes_msg/include/my_bboxes_msg/msg/detail/vehicle_phase__type_support.hpp
[3.096s] -- Symlinking: /home/gracekim/workspace/test_ws/install/my_bboxes_msg/include/my_bboxes_msg/msg/detail/yolo_obstacle__builder.hpp
[3.098s] -- Symlinking: /home/gracekim/workspace/test_ws/install/my_bboxes_msg/include/my_bboxes_msg/msg/detail/yolo_obstacle__struct.hpp
[3.100s] -- Symlinking: /home/gracekim/workspace/test_ws/install/my_bboxes_msg/include/my_bboxes_msg/msg/detail/yolo_obstacle__traits.hpp
[3.103s] -- Symlinking: /home/gracekim/workspace/test_ws/install/my_bboxes_msg/include/my_bboxes_msg/msg/detail/yolo_obstacle__type_support.hpp
[3.105s] -- Symlinking: /home/gracekim/workspace/test_ws/install/my_bboxes_msg/include/my_bboxes_msg/msg/detail/yolo_target__builder.hpp
[3.108s] -- Symlinking: /home/gracekim/workspace/test_ws/install/my_bboxes_msg/include/my_bboxes_msg/msg/detail/yolo_target__struct.hpp
[3.110s] -- Symlinking: /home/gracekim/workspace/test_ws/install/my_bboxes_msg/include/my_bboxes_msg/msg/detail/yolo_target__traits.hpp
[3.112s] -- Symlinking: /home/gracekim/workspace/test_ws/install/my_bboxes_msg/include/my_bboxes_msg/msg/detail/yolo_target__type_support.hpp
[3.115s] -- Symlinking: /home/gracekim/workspace/test_ws/install/my_bboxes_msg/include/my_bboxes_msg/msg/rosidl_generator_cpp__visibility_control.hpp
[3.117s] -- Symlinking: /home/gracekim/workspace/test_ws/install/my_bboxes_msg/include/my_bboxes_msg/msg/vehicle_phase.hpp
[3.120s] -- Symlinking: /home/gracekim/workspace/test_ws/install/my_bboxes_msg/include/my_bboxes_msg/msg/yolo_obstacle.hpp
[3.122s] -- Symlinking: /home/gracekim/workspace/test_ws/install/my_bboxes_msg/include/my_bboxes_msg/msg/yolo_target.hpp
[3.124s] -- Symlinking: /home/gracekim/workspace/test_ws/install/my_bboxes_msg/include/my_bboxes_msg/msg/detail/vehicle_phase__rosidl_typesupport_introspection_cpp.hpp
[3.126s] -- Symlinking: /home/gracekim/workspace/test_ws/install/my_bboxes_msg/include/my_bboxes_msg/msg/detail/yolo_obstacle__rosidl_typesupport_introspection_cpp.hpp
[3.128s] -- Symlinking: /home/gracekim/workspace/test_ws/install/my_bboxes_msg/include/my_bboxes_msg/msg/detail/yolo_target__rosidl_typesupport_introspection_cpp.hpp
[3.131s] -- Symlinking: /home/gracekim/workspace/test_ws/install/my_bboxes_msg/share/my_bboxes_msg/environment/pythonpath.sh
[3.133s] -- Symlinking: /home/gracekim/workspace/test_ws/install/my_bboxes_msg/share/my_bboxes_msg/environment/pythonpath.dsv
[3.135s] -- Symlinking: /home/gracekim/workspace/test_ws/install/my_bboxes_msg/lib/python3.8/site-packages/my_bboxes_msg/__init__.py
[3.138s] -- Symlinking: /home/gracekim/workspace/test_ws/install/my_bboxes_msg/lib/python3.8/site-packages/my_bboxes_msg/msg/__init__.py
[3.140s] -- Symlinking: /home/gracekim/workspace/test_ws/install/my_bboxes_msg/lib/python3.8/site-packages/my_bboxes_msg/msg/_vehicle_phase.py
[3.142s] -- Symlinking: /home/gracekim/workspace/test_ws/install/my_bboxes_msg/lib/python3.8/site-packages/my_bboxes_msg/msg/_yolo_obstacle.py
[3.144s] -- Symlinking: /home/gracekim/workspace/test_ws/install/my_bboxes_msg/lib/python3.8/site-packages/my_bboxes_msg/msg/_yolo_target.py
[3.146s] -- Symlinking: /home/gracekim/workspace/test_ws/install/my_bboxes_msg/lib/python3.8/site-packages/my_bboxes_msg/my_bboxes_msg_s__rosidl_typesupport_fastrtps_c.cpython-38-x86_64-linux-gnu.so
[3.148s] -- Symlinking: /home/gracekim/workspace/test_ws/install/my_bboxes_msg/lib/python3.8/site-packages/my_bboxes_msg/my_bboxes_msg_s__rosidl_typesupport_introspection_c.cpython-38-x86_64-linux-gnu.so
[3.151s] -- Symlinking: /home/gracekim/workspace/test_ws/install/my_bboxes_msg/lib/python3.8/site-packages/my_bboxes_msg/my_bboxes_msg_s__rosidl_typesupport_c.cpython-38-x86_64-linux-gnu.so
[3.153s] -- Symlinking: /home/gracekim/workspace/test_ws/install/my_bboxes_msg/lib/libmy_bboxes_msg__python.so
[3.156s] -- Symlinking: /home/gracekim/workspace/test_ws/install/my_bboxes_msg/share/my_bboxes_msg/msg/YoloObstacle.idl
[3.158s] -- Symlinking: /home/gracekim/workspace/test_ws/install/my_bboxes_msg/share/my_bboxes_msg/msg/YoloTarget.idl
[3.160s] -- Symlinking: /home/gracekim/workspace/test_ws/install/my_bboxes_msg/share/my_bboxes_msg/msg/VehiclePhase.idl
[3.162s] -- Symlinking: /home/gracekim/workspace/test_ws/install/my_bboxes_msg/share/my_bboxes_msg/msg/YoloObstacle.msg
[3.164s] -- Symlinking: /home/gracekim/workspace/test_ws/install/my_bboxes_msg/share/my_bboxes_msg/msg/YoloTarget.msg
[3.166s] -- Symlinking: /home/gracekim/workspace/test_ws/install/my_bboxes_msg/share/my_bboxes_msg/msg/VehiclePhase.msg
[3.169s] -- Symlinking: /home/gracekim/workspace/test_ws/install/my_bboxes_msg/share/ament_index/resource_index/package_run_dependencies/my_bboxes_msg
[3.171s] -- Symlinking: /home/gracekim/workspace/test_ws/install/my_bboxes_msg/share/ament_index/resource_index/parent_prefix_path/my_bboxes_msg
[3.173s] -- Symlinking: /home/gracekim/workspace/test_ws/install/my_bboxes_msg/share/my_bboxes_msg/environment/ament_prefix_path.sh
[3.175s] -- Symlinking: /home/gracekim/workspace/test_ws/install/my_bboxes_msg/share/my_bboxes_msg/environment/ament_prefix_path.dsv
[3.177s] -- Symlinking: /home/gracekim/workspace/test_ws/install/my_bboxes_msg/share/my_bboxes_msg/environment/path.sh
[3.180s] -- Symlinking: /home/gracekim/workspace/test_ws/install/my_bboxes_msg/share/my_bboxes_msg/environment/path.dsv
[3.182s] -- Symlinking: /home/gracekim/workspace/test_ws/install/my_bboxes_msg/share/my_bboxes_msg/local_setup.bash
[3.184s] -- Symlinking: /home/gracekim/workspace/test_ws/install/my_bboxes_msg/share/my_bboxes_msg/local_setup.sh
[3.186s] -- Symlinking: /home/gracekim/workspace/test_ws/install/my_bboxes_msg/share/my_bboxes_msg/local_setup.zsh
[3.188s] -- Symlinking: /home/gracekim/workspace/test_ws/install/my_bboxes_msg/share/my_bboxes_msg/local_setup.dsv
[3.190s] -- Symlinking: /home/gracekim/workspace/test_ws/install/my_bboxes_msg/share/my_bboxes_msg/package.dsv
[3.192s] -- Symlinking: /home/gracekim/workspace/test_ws/install/my_bboxes_msg/share/ament_index/resource_index/packages/my_bboxes_msg
[3.194s] -- Symlinking: /home/gracekim/workspace/test_ws/install/my_bboxes_msg/share/my_bboxes_msg/cmake/rosidl_cmake-extras.cmake
[3.197s] -- Symlinking: /home/gracekim/workspace/test_ws/install/my_bboxes_msg/share/my_bboxes_msg/cmake/ament_cmake_export_dependencies-extras.cmake
[3.199s] -- Symlinking: /home/gracekim/workspace/test_ws/install/my_bboxes_msg/share/my_bboxes_msg/cmake/ament_cmake_export_libraries-extras.cmake
[3.201s] -- Symlinking: /home/gracekim/workspace/test_ws/install/my_bboxes_msg/share/my_bboxes_msg/cmake/ament_cmake_export_targets-extras.cmake
[3.203s] -- Symlinking: /home/gracekim/workspace/test_ws/install/my_bboxes_msg/share/my_bboxes_msg/cmake/ament_cmake_export_include_directories-extras.cmake
[3.205s] -- Symlinking: /home/gracekim/workspace/test_ws/install/my_bboxes_msg/share/my_bboxes_msg/cmake/rosidl_cmake_export_typesupport_libraries-extras.cmake
[3.207s] -- Symlinking: /home/gracekim/workspace/test_ws/install/my_bboxes_msg/share/my_bboxes_msg/cmake/rosidl_cmake_export_typesupport_targets-extras.cmake
[3.210s] -- Symlinking: /home/gracekim/workspace/test_ws/install/my_bboxes_msg/share/my_bboxes_msg/cmake/my_bboxes_msgConfig.cmake
[3.212s] -- Symlinking: /home/gracekim/workspace/test_ws/install/my_bboxes_msg/share/my_bboxes_msg/cmake/my_bboxes_msgConfig-version.cmake
[3.214s] -- Symlinking: /home/gracekim/workspace/test_ws/install/my_bboxes_msg/share/my_bboxes_msg/package.xml
[3.217s] -- Installing: /home/gracekim/workspace/test_ws/install/my_bboxes_msg/lib/libmy_bboxes_msg__rosidl_generator_c.so
[3.217s] -- Set non-toolchain portion of runtime path of "/home/gracekim/workspace/test_ws/install/my_bboxes_msg/lib/libmy_bboxes_msg__rosidl_generator_c.so" to ""
[3.217s] -- Installing: /home/gracekim/workspace/test_ws/install/my_bboxes_msg/lib/libmy_bboxes_msg__rosidl_typesupport_introspection_c.so
[3.217s] -- Set non-toolchain portion of runtime path of "/home/gracekim/workspace/test_ws/install/my_bboxes_msg/lib/libmy_bboxes_msg__rosidl_typesupport_introspection_c.so" to ""
[3.217s] -- Installing: /home/gracekim/workspace/test_ws/install/my_bboxes_msg/lib/libmy_bboxes_msg__rosidl_typesupport_c.so
[3.217s] -- Set non-toolchain portion of runtime path of "/home/gracekim/workspace/test_ws/install/my_bboxes_msg/lib/libmy_bboxes_msg__rosidl_typesupport_c.so" to ""
[3.217s] -- Installing: /home/gracekim/workspace/test_ws/install/my_bboxes_msg/lib/libmy_bboxes_msg__rosidl_typesupport_introspection_cpp.so
[3.218s] -- Set non-toolchain portion of runtime path of "/home/gracekim/workspace/test_ws/install/my_bboxes_msg/lib/libmy_bboxes_msg__rosidl_typesupport_introspection_cpp.so" to ""
[3.218s] -- Installing: /home/gracekim/workspace/test_ws/install/my_bboxes_msg/lib/libmy_bboxes_msg__rosidl_typesupport_cpp.so
[3.218s] -- Set non-toolchain portion of runtime path of "/home/gracekim/workspace/test_ws/install/my_bboxes_msg/lib/libmy_bboxes_msg__rosidl_typesupport_cpp.so" to ""
[3.249s] Compiling '/home/gracekim/workspace/test_ws/install/my_bboxes_msg/lib/python3.8/site-packages/my_bboxes_msg/__init__.py'...
[3.252s] -- Installing: /home/gracekim/workspace/test_ws/install/my_bboxes_msg/share/my_bboxes_msg/cmake/my_bboxes_msg__rosidl_generator_cExport.cmake
[3.252s] -- Installing: /home/gracekim/workspace/test_ws/install/my_bboxes_msg/share/my_bboxes_msg/cmake/my_bboxes_msg__rosidl_generator_cExport-noconfig.cmake
[3.252s] -- Installing: /home/gracekim/workspace/test_ws/install/my_bboxes_msg/share/my_bboxes_msg/cmake/my_bboxes_msg__rosidl_typesupport_introspection_cExport.cmake
[3.252s] -- Installing: /home/gracekim/workspace/test_ws/install/my_bboxes_msg/share/my_bboxes_msg/cmake/my_bboxes_msg__rosidl_typesupport_introspection_cExport-noconfig.cmake
[3.252s] -- Installing: /home/gracekim/workspace/test_ws/install/my_bboxes_msg/share/my_bboxes_msg/cmake/my_bboxes_msg__rosidl_typesupport_cExport.cmake
[3.252s] -- Installing: /home/gracekim/workspace/test_ws/install/my_bboxes_msg/share/my_bboxes_msg/cmake/my_bboxes_msg__rosidl_typesupport_cExport-noconfig.cmake
[3.252s] -- Installing: /home/gracekim/workspace/test_ws/install/my_bboxes_msg/share/my_bboxes_msg/cmake/my_bboxes_msg__rosidl_generator_cppExport.cmake
[3.253s] -- Installing: /home/gracekim/workspace/test_ws/install/my_bboxes_msg/share/my_bboxes_msg/cmake/my_bboxes_msg__rosidl_typesupport_introspection_cppExport.cmake
[3.253s] -- Installing: /home/gracekim/workspace/test_ws/install/my_bboxes_msg/share/my_bboxes_msg/cmake/my_bboxes_msg__rosidl_typesupport_introspection_cppExport-noconfig.cmake
[3.253s] -- Installing: /home/gracekim/workspace/test_ws/install/my_bboxes_msg/share/my_bboxes_msg/cmake/my_bboxes_msg__rosidl_typesupport_cppExport.cmake
[3.253s] -- Installing: /home/gracekim/workspace/test_ws/install/my_bboxes_msg/share/my_bboxes_msg/cmake/my_bboxes_msg__rosidl_typesupport_cppExport-noconfig.cmake
[3.255s] Invoked command in '/home/gracekim/workspace/test_ws/build/my_bboxes_msg' returned '0': CMAKE_PREFIX_PATH=/opt/ros/foxy /usr/local/bin/cmake --install /home/gracekim/workspace/test_ws/build/my_bboxes_msg
