[1.206s] Invoking command in '/home/gracekim/workspace/test_ws/build/yolo_detection': CMAKE_PREFIX_PATH=/home/gracekim/workspace/test_ws/install/my_bboxes_msg:/home/gracekim/workspace/test_ws/install/px4_msgs LD_LIBRARY_PATH=/home/gracekim/workspace/test_ws/install/my_bboxes_msg/lib:/home/gracekim/workspace/test_ws/install/px4_msgs/lib:/usr/lib/x86_64-linux-gnu/gazebo-11/plugins:/opt/ros/foxy/opt/yaml_cpp_vendor/lib:/opt/ros/foxy/opt/rviz_ogre_vendor/lib:/opt/ros/foxy/lib/x86_64-linux-gnu:/opt/ros/foxy/lib PYTHONPATH=/home/gracekim/workspace/test_ws/build/yolo_detection/prefix_override:/usr/lib/python3/dist-packages/colcon_core/task/python/colcon_distutils_commands:/home/gracekim/workspace/test_ws/install/yolo_detection/lib/python3.8/site-packages:/home/gracekim/workspace/test_ws/install/my_bboxes_msg/lib/python3.8/site-packages:/home/gracekim/workspace/test_ws/build/yolo_detection:/home/gracekim/workspace/test_ws/install/yolo_detection/lib/python3.8/site-packages:/home/gracekim/workspace/test_ws/build/test_nodes:/home/gracekim/workspace/test_ws/install/test_nodes/lib/python3.8/site-packages:/home/gracekim/workspace/test_ws/install/px4_msgs/lib/python3.8/site-packages:/opt/ros/foxy/lib/python3.8/site-packages /usr/bin/python3 -W ignore:setup.py install is deprecated setup.py develop --editable --build-directory /home/gracekim/workspace/test_ws/build/yolo_detection/build --no-deps symlink_data
[1.404s] /home/gracekim/.local/lib/python3.8/site-packages/setuptools/dist.py:476: SetuptoolsDeprecationWarning: Invalid dash-separated options
[1.404s] !!
[1.405s] 
[1.405s]         ********************************************************************************
[1.405s]         Usage of dash-separated 'script-dir' will not be supported in future
[1.405s]         versions. Please use the underscore name 'script_dir' instead.
[1.405s] 
[1.405s]         By 2024-Sep-26, you need to update your project and remove deprecated calls
[1.405s]         or your builds will no longer be supported.
[1.405s] 
[1.405s]         See https://setuptools.pypa.io/en/latest/userguide/declarative_config.html for details.
[1.406s]         ********************************************************************************
[1.406s] 
[1.406s] !!
[1.406s]   opt = self.warn_dash_deprecation(opt, section)
[1.644s] running develop
[1.646s] /home/gracekim/.local/lib/python3.8/site-packages/setuptools/command/develop.py:42: EasyInstallDeprecationWarning: easy_install command is deprecated.
[1.646s] !!
[1.646s] 
[1.646s]         ********************************************************************************
[1.646s]         Please avoid running ``setup.py`` and ``easy_install``.
[1.646s]         Instead, use pypa/build, pypa/installer or other
[1.648s]         standards-based tools.
[1.651s] 
[1.651s]         See https://github.com/pypa/setuptools/issues/917 for details.
[1.651s]         ********************************************************************************
[1.651s] 
[1.651s] !!
[1.651s]   easy_install.initialize_options(self)
[1.919s] running egg_info
[1.940s] writing yolo_detection.egg-info/PKG-INFO
[1.942s] writing dependency_links to yolo_detection.egg-info/dependency_links.txt
[1.944s] writing entry points to yolo_detection.egg-info/entry_points.txt
[1.944s] writing requirements to yolo_detection.egg-info/requires.txt
[1.944s] writing top-level names to yolo_detection.egg-info/top_level.txt
[1.988s] reading manifest file 'yolo_detection.egg-info/SOURCES.txt'
[1.989s] writing manifest file 'yolo_detection.egg-info/SOURCES.txt'
[2.074s] running build_ext
[2.074s] Creating /home/gracekim/workspace/test_ws/install/yolo_detection/lib/python3.8/site-packages/yolo-detection.egg-link (link to .)
[2.075s] Installing yolo_detector script to /home/gracekim/workspace/test_ws/install/yolo_detection/lib/yolo_detection
[2.076s] 
[2.076s] Installed /home/gracekim/workspace/test_ws/build/yolo_detection
[2.076s] running symlink_data
[2.142s] Invoked command in '/home/gracekim/workspace/test_ws/build/yolo_detection' returned '0': CMAKE_PREFIX_PATH=/home/gracekim/workspace/test_ws/install/my_bboxes_msg:/home/gracekim/workspace/test_ws/install/px4_msgs LD_LIBRARY_PATH=/home/gracekim/workspace/test_ws/install/my_bboxes_msg/lib:/home/gracekim/workspace/test_ws/install/px4_msgs/lib:/usr/lib/x86_64-linux-gnu/gazebo-11/plugins:/opt/ros/foxy/opt/yaml_cpp_vendor/lib:/opt/ros/foxy/opt/rviz_ogre_vendor/lib:/opt/ros/foxy/lib/x86_64-linux-gnu:/opt/ros/foxy/lib PYTHONPATH=/home/gracekim/workspace/test_ws/build/yolo_detection/prefix_override:/usr/lib/python3/dist-packages/colcon_core/task/python/colcon_distutils_commands:/home/gracekim/workspace/test_ws/install/yolo_detection/lib/python3.8/site-packages:/home/gracekim/workspace/test_ws/install/my_bboxes_msg/lib/python3.8/site-packages:/home/gracekim/workspace/test_ws/build/yolo_detection:/home/gracekim/workspace/test_ws/install/yolo_detection/lib/python3.8/site-packages:/home/gracekim/workspace/test_ws/build/test_nodes:/home/gracekim/workspace/test_ws/install/test_nodes/lib/python3.8/site-packages:/home/gracekim/workspace/test_ws/install/px4_msgs/lib/python3.8/site-packages:/opt/ros/foxy/lib/python3.8/site-packages /usr/bin/python3 -W ignore:setup.py install is deprecated setup.py develop --editable --build-directory /home/gracekim/workspace/test_ws/build/yolo_detection/build --no-deps symlink_data
