[0.585s] Invoking command in '/home/gracekim/workspace/test_ws/build/yolo_detection': AMENT_PREFIX_PATH=/home/gracekim/workspace/test_ws/install/my_bboxes_msg:${AMENT_PREFIX_PATH} CMAKE_PREFIX_PATH=/home/gracekim/workspace/test_ws/install/my_bboxes_msg LD_LIBRARY_PATH=/home/gracekim/workspace/test_ws/install/my_bboxes_msg/lib:${LD_LIBRARY_PATH} PYTHONPATH=/home/gracekim/workspace/test_ws/build/yolo_detection/prefix_override:/usr/lib/python3/dist-packages/colcon_core/task/python/colcon_distutils_commands:/home/gracekim/workspace/test_ws/install/yolo_detection/lib/python3.8/site-packages:/home/gracekim/workspace/test_ws/install/my_bboxes_msg/lib/python3.8/site-packages:${PYTHONPATH} /usr/bin/python3 -W ignore:setup.py install is deprecated setup.py develop --editable --build-directory /home/gracekim/workspace/test_ws/build/yolo_detection/build --no-deps symlink_data
[0.670s] /home/gracekim/.local/lib/python3.8/site-packages/setuptools/dist.py:476: SetuptoolsDeprecationWarning: Invalid dash-separated options
[0.670s] !!
[0.670s] 
[0.670s]         ********************************************************************************
[0.670s]         Usage of dash-separated 'script-dir' will not be supported in future
[0.670s]         versions. Please use the underscore name 'script_dir' instead.
[0.670s] 
[0.670s]         By 2024-Sep-26, you need to update your project and remove deprecated calls
[0.670s]         or your builds will no longer be supported.
[0.670s] 
[0.670s]         See https://setuptools.pypa.io/en/latest/userguide/declarative_config.html for details.
[0.670s]         ********************************************************************************
[0.670s] 
[0.670s] !!
[0.670s]   opt = self.warn_dash_deprecation(opt, section)
[0.784s] running develop
[0.784s] /home/gracekim/.local/lib/python3.8/site-packages/setuptools/command/develop.py:42: EasyInstallDeprecationWarning: easy_install command is deprecated.
[0.784s] !!
[0.784s] 
[0.784s]         ********************************************************************************
[0.784s]         Please avoid running ``setup.py`` and ``easy_install``.
[0.784s]         Instead, use pypa/build, pypa/installer or other
[0.784s]         standards-based tools.
[0.784s] 
[0.784s]         See https://github.com/pypa/setuptools/issues/917 for details.
[0.784s]         ********************************************************************************
[0.784s] 
[0.784s] !!
[0.784s]   easy_install.initialize_options(self)
[0.909s] running egg_info
[0.919s] writing yolo_detection.egg-info/PKG-INFO
[0.920s] writing dependency_links to yolo_detection.egg-info/dependency_links.txt
[0.920s] writing entry points to yolo_detection.egg-info/entry_points.txt
[0.920s] writing requirements to yolo_detection.egg-info/requires.txt
[0.920s] writing top-level names to yolo_detection.egg-info/top_level.txt
[0.942s] reading manifest file 'yolo_detection.egg-info/SOURCES.txt'
[0.943s] writing manifest file 'yolo_detection.egg-info/SOURCES.txt'
[0.984s] running build_ext
[0.984s] Creating /home/gracekim/workspace/test_ws/install/yolo_detection/lib/python3.8/site-packages/yolo-detection.egg-link (link to .)
[0.984s] Installing yolo_detector script to /home/gracekim/workspace/test_ws/install/yolo_detection/lib/yolo_detection
[0.985s] 
[0.985s] Installed /home/gracekim/workspace/test_ws/build/yolo_detection
[0.985s] running symlink_data
[1.006s] Invoked command in '/home/gracekim/workspace/test_ws/build/yolo_detection' returned '0': AMENT_PREFIX_PATH=/home/gracekim/workspace/test_ws/install/my_bboxes_msg:${AMENT_PREFIX_PATH} CMAKE_PREFIX_PATH=/home/gracekim/workspace/test_ws/install/my_bboxes_msg LD_LIBRARY_PATH=/home/gracekim/workspace/test_ws/install/my_bboxes_msg/lib:${LD_LIBRARY_PATH} PYTHONPATH=/home/gracekim/workspace/test_ws/build/yolo_detection/prefix_override:/usr/lib/python3/dist-packages/colcon_core/task/python/colcon_distutils_commands:/home/gracekim/workspace/test_ws/install/yolo_detection/lib/python3.8/site-packages:/home/gracekim/workspace/test_ws/install/my_bboxes_msg/lib/python3.8/site-packages:${PYTHONPATH} /usr/bin/python3 -W ignore:setup.py install is deprecated setup.py develop --editable --build-directory /home/gracekim/workspace/test_ws/build/yolo_detection/build --no-deps symlink_data
