[0.025s] Invoking command in '/home/gracekim/workspace/test_ws/build/my_bboxes_msg': CMAKE_PREFIX_PATH=${CMAKE_PREFIX_PATH}:/home/gracekim/workspace/test_ws/install/yolo_detection:/home/gracekim/workspace/test_ws/install/test_nodes:/opt/ros/foxy /usr/local/bin/cmake --build /home/gracekim/workspace/test_ws/build/my_bboxes_msg -- -j16 -l16
[0.061s] [  2%] Built target my_bboxes_msg__cpp
[0.063s] [ 12%] Built target my_bboxes_msg__rosidl_generator_c
[0.078s] [ 23%] Built target my_bboxes_msg__rosidl_typesupport_c
[0.078s] [ 34%] Built target my_bboxes_msg__rosidl_typesupport_introspection_c
[0.081s] [ 44%] Built target my_bboxes_msg__rosidl_typesupport_cpp
[0.083s] [ 55%] Built target my_bboxes_msg__rosidl_typesupport_fastrtps_cpp
[0.086s] [ 65%] Built target my_bboxes_msg__rosidl_typesupport_introspection_cpp
[0.103s] [ 76%] Built target my_bboxes_msg__rosidl_typesupport_fastrtps_c
[0.116s] [ 76%] Built target my_bboxes_msg
[0.131s] [ 78%] Built target my_bboxes_msg__py
[0.148s] [ 87%] Built target my_bboxes_msg__python
[0.163s] [100%] Built target my_bboxes_msg__rosidl_typesupport_c__pyext
[0.164s] [100%] Built target my_bboxes_msg__rosidl_typesupport_fastrtps_c__pyext
[0.164s] [100%] Built target my_bboxes_msg__rosidl_typesupport_introspection_c__pyext
[0.172s] Invoked command in '/home/gracekim/workspace/test_ws/build/my_bboxes_msg' returned '0': CMAKE_PREFIX_PATH=${CMAKE_PREFIX_PATH}:/home/gracekim/workspace/test_ws/install/yolo_detection:/home/gracekim/workspace/test_ws/install/test_nodes:/opt/ros/foxy /usr/local/bin/cmake --build /home/gracekim/workspace/test_ws/build/my_bboxes_msg -- -j16 -l16
[0.272s] Invoking command in '/home/gracekim/workspace/test_ws/build/my_bboxes_msg': CMAKE_PREFIX_PATH=${CMAKE_PREFIX_PATH}:/home/gracekim/workspace/test_ws/install/yolo_detection:/home/gracekim/workspace/test_ws/install/test_nodes:/opt/ros/foxy /usr/local/bin/cmake --install /home/gracekim/workspace/test_ws/build/my_bboxes_msg
[0.276s] -- Install configuration: ""
[0.277s] -- Execute custom install script
[0.277s] -- Up-to-date symlink: /home/gracekim/workspace/test_ws/install/my_bboxes_msg/share/ament_index/resource_index/rosidl_interfaces/my_bboxes_msg
[0.278s] -- Up-to-date symlink: /home/gracekim/workspace/test_ws/install/my_bboxes_msg/include/my_bboxes_msg/msg/detail/vehicle_phase__functions.h
[0.278s] -- Up-to-date symlink: /home/gracekim/workspace/test_ws/install/my_bboxes_msg/include/my_bboxes_msg/msg/detail/vehicle_phase__struct.h
[0.278s] -- Up-to-date symlink: /home/gracekim/workspace/test_ws/install/my_bboxes_msg/include/my_bboxes_msg/msg/detail/vehicle_phase__type_support.h
[0.279s] -- Up-to-date symlink: /home/gracekim/workspace/test_ws/install/my_bboxes_msg/include/my_bboxes_msg/msg/detail/yolo_obstacle__functions.h
[0.279s] -- Up-to-date symlink: /home/gracekim/workspace/test_ws/install/my_bboxes_msg/include/my_bboxes_msg/msg/detail/yolo_obstacle__struct.h
[0.279s] -- Up-to-date symlink: /home/gracekim/workspace/test_ws/install/my_bboxes_msg/include/my_bboxes_msg/msg/detail/yolo_obstacle__type_support.h
[0.279s] -- Up-to-date symlink: /home/gracekim/workspace/test_ws/install/my_bboxes_msg/include/my_bboxes_msg/msg/detail/yolo_target__functions.h
[0.279s] -- Up-to-date symlink: /home/gracekim/workspace/test_ws/install/my_bboxes_msg/include/my_bboxes_msg/msg/detail/yolo_target__struct.h
[0.279s] -- Up-to-date symlink: /home/gracekim/workspace/test_ws/install/my_bboxes_msg/include/my_bboxes_msg/msg/detail/yolo_target__type_support.h
[0.279s] -- Up-to-date symlink: /home/gracekim/workspace/test_ws/install/my_bboxes_msg/include/my_bboxes_msg/msg/rosidl_generator_c__visibility_control.h
[0.280s] -- Up-to-date symlink: /home/gracekim/workspace/test_ws/install/my_bboxes_msg/include/my_bboxes_msg/msg/vehicle_phase.h
[0.280s] -- Up-to-date symlink: /home/gracekim/workspace/test_ws/install/my_bboxes_msg/include/my_bboxes_msg/msg/yolo_obstacle.h
[0.280s] -- Up-to-date symlink: /home/gracekim/workspace/test_ws/install/my_bboxes_msg/include/my_bboxes_msg/msg/yolo_target.h
[0.280s] -- Up-to-date symlink: /home/gracekim/workspace/test_ws/install/my_bboxes_msg/share/my_bboxes_msg/environment/library_path.sh
[0.280s] -- Up-to-date symlink: /home/gracekim/workspace/test_ws/install/my_bboxes_msg/share/my_bboxes_msg/environment/library_path.dsv
[0.281s] -- Up-to-date symlink: /home/gracekim/workspace/test_ws/install/my_bboxes_msg/include/my_bboxes_msg/msg/detail/vehicle_phase__rosidl_typesupport_fastrtps_c.h
[0.281s] -- Up-to-date symlink: /home/gracekim/workspace/test_ws/install/my_bboxes_msg/include/my_bboxes_msg/msg/detail/yolo_obstacle__rosidl_typesupport_fastrtps_c.h
[0.281s] -- Up-to-date symlink: /home/gracekim/workspace/test_ws/install/my_bboxes_msg/include/my_bboxes_msg/msg/detail/yolo_target__rosidl_typesupport_fastrtps_c.h
[0.281s] -- Up-to-date symlink: /home/gracekim/workspace/test_ws/install/my_bboxes_msg/include/my_bboxes_msg/msg/rosidl_typesupport_fastrtps_c__visibility_control.h
[0.281s] -- Up-to-date symlink: /home/gracekim/workspace/test_ws/install/my_bboxes_msg/lib/libmy_bboxes_msg__rosidl_typesupport_fastrtps_c.so
[0.281s] -- Up-to-date symlink: /home/gracekim/workspace/test_ws/install/my_bboxes_msg/include/my_bboxes_msg/msg/detail/vehicle_phase__rosidl_typesupport_fastrtps_cpp.hpp
[0.282s] -- Up-to-date symlink: /home/gracekim/workspace/test_ws/install/my_bboxes_msg/include/my_bboxes_msg/msg/detail/yolo_obstacle__rosidl_typesupport_fastrtps_cpp.hpp
[0.282s] -- Up-to-date symlink: /home/gracekim/workspace/test_ws/install/my_bboxes_msg/include/my_bboxes_msg/msg/detail/yolo_target__rosidl_typesupport_fastrtps_cpp.hpp
[0.282s] -- Up-to-date symlink: /home/gracekim/workspace/test_ws/install/my_bboxes_msg/include/my_bboxes_msg/msg/rosidl_typesupport_fastrtps_cpp__visibility_control.h
[0.283s] -- Up-to-date symlink: /home/gracekim/workspace/test_ws/install/my_bboxes_msg/lib/libmy_bboxes_msg__rosidl_typesupport_fastrtps_cpp.so
[0.283s] -- Up-to-date symlink: /home/gracekim/workspace/test_ws/install/my_bboxes_msg/include/my_bboxes_msg/msg/detail/vehicle_phase__rosidl_typesupport_introspection_c.h
[0.284s] -- Up-to-date symlink: /home/gracekim/workspace/test_ws/install/my_bboxes_msg/include/my_bboxes_msg/msg/detail/yolo_obstacle__rosidl_typesupport_introspection_c.h
[0.284s] -- Up-to-date symlink: /home/gracekim/workspace/test_ws/install/my_bboxes_msg/include/my_bboxes_msg/msg/detail/yolo_target__rosidl_typesupport_introspection_c.h
[0.284s] -- Up-to-date symlink: /home/gracekim/workspace/test_ws/install/my_bboxes_msg/include/my_bboxes_msg/msg/rosidl_typesupport_introspection_c__visibility_control.h
[0.285s] -- Up-to-date symlink: /home/gracekim/workspace/test_ws/install/my_bboxes_msg/include/my_bboxes_msg/msg/detail/vehicle_phase__builder.hpp
[0.285s] -- Up-to-date symlink: /home/gracekim/workspace/test_ws/install/my_bboxes_msg/include/my_bboxes_msg/msg/detail/vehicle_phase__struct.hpp
[0.286s] -- Up-to-date symlink: /home/gracekim/workspace/test_ws/install/my_bboxes_msg/include/my_bboxes_msg/msg/detail/vehicle_phase__traits.hpp
[0.286s] -- Up-to-date symlink: /home/gracekim/workspace/test_ws/install/my_bboxes_msg/include/my_bboxes_msg/msg/detail/vehicle_phase__type_support.hpp
[0.286s] -- Up-to-date symlink: /home/gracekim/workspace/test_ws/install/my_bboxes_msg/include/my_bboxes_msg/msg/detail/yolo_obstacle__builder.hpp
[0.286s] -- Up-to-date symlink: /home/gracekim/workspace/test_ws/install/my_bboxes_msg/include/my_bboxes_msg/msg/detail/yolo_obstacle__struct.hpp
[0.287s] -- Up-to-date symlink: /home/gracekim/workspace/test_ws/install/my_bboxes_msg/include/my_bboxes_msg/msg/detail/yolo_obstacle__traits.hpp
[0.287s] -- Up-to-date symlink: /home/gracekim/workspace/test_ws/install/my_bboxes_msg/include/my_bboxes_msg/msg/detail/yolo_obstacle__type_support.hpp
[0.287s] -- Up-to-date symlink: /home/gracekim/workspace/test_ws/install/my_bboxes_msg/include/my_bboxes_msg/msg/detail/yolo_target__builder.hpp
[0.287s] -- Up-to-date symlink: /home/gracekim/workspace/test_ws/install/my_bboxes_msg/include/my_bboxes_msg/msg/detail/yolo_target__struct.hpp
[0.288s] -- Up-to-date symlink: /home/gracekim/workspace/test_ws/install/my_bboxes_msg/include/my_bboxes_msg/msg/detail/yolo_target__traits.hpp
[0.288s] -- Up-to-date symlink: /home/gracekim/workspace/test_ws/install/my_bboxes_msg/include/my_bboxes_msg/msg/detail/yolo_target__type_support.hpp
[0.288s] -- Up-to-date symlink: /home/gracekim/workspace/test_ws/install/my_bboxes_msg/include/my_bboxes_msg/msg/rosidl_generator_cpp__visibility_control.hpp
[0.288s] -- Up-to-date symlink: /home/gracekim/workspace/test_ws/install/my_bboxes_msg/include/my_bboxes_msg/msg/vehicle_phase.hpp
[0.289s] -- Up-to-date symlink: /home/gracekim/workspace/test_ws/install/my_bboxes_msg/include/my_bboxes_msg/msg/yolo_obstacle.hpp
[0.289s] -- Up-to-date symlink: /home/gracekim/workspace/test_ws/install/my_bboxes_msg/include/my_bboxes_msg/msg/yolo_target.hpp
[0.290s] -- Up-to-date symlink: /home/gracekim/workspace/test_ws/install/my_bboxes_msg/include/my_bboxes_msg/msg/detail/vehicle_phase__rosidl_typesupport_introspection_cpp.hpp
[0.290s] -- Up-to-date symlink: /home/gracekim/workspace/test_ws/install/my_bboxes_msg/include/my_bboxes_msg/msg/detail/yolo_obstacle__rosidl_typesupport_introspection_cpp.hpp
[0.290s] -- Up-to-date symlink: /home/gracekim/workspace/test_ws/install/my_bboxes_msg/include/my_bboxes_msg/msg/detail/yolo_target__rosidl_typesupport_introspection_cpp.hpp
[0.291s] -- Up-to-date symlink: /home/gracekim/workspace/test_ws/install/my_bboxes_msg/share/my_bboxes_msg/environment/pythonpath.sh
[0.291s] -- Up-to-date symlink: /home/gracekim/workspace/test_ws/install/my_bboxes_msg/share/my_bboxes_msg/environment/pythonpath.dsv
[0.291s] -- Up-to-date symlink: /home/gracekim/workspace/test_ws/install/my_bboxes_msg/lib/python3.8/site-packages/my_bboxes_msg/__init__.py
[0.292s] -- Up-to-date symlink: /home/gracekim/workspace/test_ws/install/my_bboxes_msg/lib/python3.8/site-packages/my_bboxes_msg/msg/__init__.py
[0.292s] -- Up-to-date symlink: /home/gracekim/workspace/test_ws/install/my_bboxes_msg/lib/python3.8/site-packages/my_bboxes_msg/msg/_vehicle_phase.py
[0.292s] -- Up-to-date symlink: /home/gracekim/workspace/test_ws/install/my_bboxes_msg/lib/python3.8/site-packages/my_bboxes_msg/msg/_yolo_obstacle.py
[0.293s] -- Up-to-date symlink: /home/gracekim/workspace/test_ws/install/my_bboxes_msg/lib/python3.8/site-packages/my_bboxes_msg/msg/_yolo_target.py
[0.293s] -- Up-to-date symlink: /home/gracekim/workspace/test_ws/install/my_bboxes_msg/lib/python3.8/site-packages/my_bboxes_msg/my_bboxes_msg_s__rosidl_typesupport_fastrtps_c.cpython-38-x86_64-linux-gnu.so
[0.294s] -- Up-to-date symlink: /home/gracekim/workspace/test_ws/install/my_bboxes_msg/lib/python3.8/site-packages/my_bboxes_msg/my_bboxes_msg_s__rosidl_typesupport_introspection_c.cpython-38-x86_64-linux-gnu.so
[0.294s] -- Up-to-date symlink: /home/gracekim/workspace/test_ws/install/my_bboxes_msg/lib/python3.8/site-packages/my_bboxes_msg/my_bboxes_msg_s__rosidl_typesupport_c.cpython-38-x86_64-linux-gnu.so
[0.295s] -- Up-to-date symlink: /home/gracekim/workspace/test_ws/install/my_bboxes_msg/lib/libmy_bboxes_msg__python.so
[0.295s] -- Up-to-date symlink: /home/gracekim/workspace/test_ws/install/my_bboxes_msg/share/my_bboxes_msg/msg/YoloObstacle.idl
[0.296s] -- Up-to-date symlink: /home/gracekim/workspace/test_ws/install/my_bboxes_msg/share/my_bboxes_msg/msg/YoloTarget.idl
[0.296s] -- Up-to-date symlink: /home/gracekim/workspace/test_ws/install/my_bboxes_msg/share/my_bboxes_msg/msg/VehiclePhase.idl
[0.297s] -- Up-to-date symlink: /home/gracekim/workspace/test_ws/install/my_bboxes_msg/share/my_bboxes_msg/msg/YoloObstacle.msg
[0.297s] -- Up-to-date symlink: /home/gracekim/workspace/test_ws/install/my_bboxes_msg/share/my_bboxes_msg/msg/YoloTarget.msg
[0.297s] -- Up-to-date symlink: /home/gracekim/workspace/test_ws/install/my_bboxes_msg/share/my_bboxes_msg/msg/VehiclePhase.msg
[0.298s] -- Up-to-date symlink: /home/gracekim/workspace/test_ws/install/my_bboxes_msg/share/ament_index/resource_index/package_run_dependencies/my_bboxes_msg
[0.298s] -- Up-to-date symlink: /home/gracekim/workspace/test_ws/install/my_bboxes_msg/share/ament_index/resource_index/parent_prefix_path/my_bboxes_msg
[0.299s] -- Up-to-date symlink: /home/gracekim/workspace/test_ws/install/my_bboxes_msg/share/my_bboxes_msg/environment/ament_prefix_path.sh
[0.299s] -- Up-to-date symlink: /home/gracekim/workspace/test_ws/install/my_bboxes_msg/share/my_bboxes_msg/environment/ament_prefix_path.dsv
[0.299s] -- Up-to-date symlink: /home/gracekim/workspace/test_ws/install/my_bboxes_msg/share/my_bboxes_msg/environment/path.sh
[0.299s] -- Up-to-date symlink: /home/gracekim/workspace/test_ws/install/my_bboxes_msg/share/my_bboxes_msg/environment/path.dsv
[0.300s] -- Up-to-date symlink: /home/gracekim/workspace/test_ws/install/my_bboxes_msg/share/my_bboxes_msg/local_setup.bash
[0.300s] -- Up-to-date symlink: /home/gracekim/workspace/test_ws/install/my_bboxes_msg/share/my_bboxes_msg/local_setup.sh
[0.300s] -- Up-to-date symlink: /home/gracekim/workspace/test_ws/install/my_bboxes_msg/share/my_bboxes_msg/local_setup.zsh
[0.301s] -- Up-to-date symlink: /home/gracekim/workspace/test_ws/install/my_bboxes_msg/share/my_bboxes_msg/local_setup.dsv
[0.301s] -- Symlinking: /home/gracekim/workspace/test_ws/install/my_bboxes_msg/share/my_bboxes_msg/package.dsv
[0.308s] -- Up-to-date symlink: /home/gracekim/workspace/test_ws/install/my_bboxes_msg/share/ament_index/resource_index/packages/my_bboxes_msg
[0.308s] -- Up-to-date symlink: /home/gracekim/workspace/test_ws/install/my_bboxes_msg/share/my_bboxes_msg/cmake/rosidl_cmake-extras.cmake
[0.308s] -- Up-to-date symlink: /home/gracekim/workspace/test_ws/install/my_bboxes_msg/share/my_bboxes_msg/cmake/ament_cmake_export_dependencies-extras.cmake
[0.308s] -- Up-to-date symlink: /home/gracekim/workspace/test_ws/install/my_bboxes_msg/share/my_bboxes_msg/cmake/ament_cmake_export_libraries-extras.cmake
[0.309s] -- Up-to-date symlink: /home/gracekim/workspace/test_ws/install/my_bboxes_msg/share/my_bboxes_msg/cmake/ament_cmake_export_targets-extras.cmake
[0.309s] -- Up-to-date symlink: /home/gracekim/workspace/test_ws/install/my_bboxes_msg/share/my_bboxes_msg/cmake/ament_cmake_export_include_directories-extras.cmake
[0.309s] -- Up-to-date symlink: /home/gracekim/workspace/test_ws/install/my_bboxes_msg/share/my_bboxes_msg/cmake/rosidl_cmake_export_typesupport_libraries-extras.cmake
[0.309s] -- Up-to-date symlink: /home/gracekim/workspace/test_ws/install/my_bboxes_msg/share/my_bboxes_msg/cmake/rosidl_cmake_export_typesupport_targets-extras.cmake
[0.310s] -- Up-to-date symlink: /home/gracekim/workspace/test_ws/install/my_bboxes_msg/share/my_bboxes_msg/cmake/my_bboxes_msgConfig.cmake
[0.310s] -- Up-to-date symlink: /home/gracekim/workspace/test_ws/install/my_bboxes_msg/share/my_bboxes_msg/cmake/my_bboxes_msgConfig-version.cmake
[0.310s] -- Up-to-date symlink: /home/gracekim/workspace/test_ws/install/my_bboxes_msg/share/my_bboxes_msg/package.xml
[0.310s] -- Up-to-date: /home/gracekim/workspace/test_ws/install/my_bboxes_msg/lib/libmy_bboxes_msg__rosidl_generator_c.so
[0.310s] -- Up-to-date: /home/gracekim/workspace/test_ws/install/my_bboxes_msg/lib/libmy_bboxes_msg__rosidl_typesupport_introspection_c.so
[0.310s] -- Up-to-date: /home/gracekim/workspace/test_ws/install/my_bboxes_msg/lib/libmy_bboxes_msg__rosidl_typesupport_c.so
[0.311s] -- Up-to-date: /home/gracekim/workspace/test_ws/install/my_bboxes_msg/lib/libmy_bboxes_msg__rosidl_typesupport_introspection_cpp.so
[0.311s] -- Up-to-date: /home/gracekim/workspace/test_ws/install/my_bboxes_msg/lib/libmy_bboxes_msg__rosidl_typesupport_cpp.so
[0.359s] -- Up-to-date: /home/gracekim/workspace/test_ws/install/my_bboxes_msg/share/my_bboxes_msg/cmake/my_bboxes_msg__rosidl_generator_cExport.cmake
[0.359s] -- Up-to-date: /home/gracekim/workspace/test_ws/install/my_bboxes_msg/share/my_bboxes_msg/cmake/my_bboxes_msg__rosidl_generator_cExport-noconfig.cmake
[0.360s] -- Up-to-date: /home/gracekim/workspace/test_ws/install/my_bboxes_msg/share/my_bboxes_msg/cmake/my_bboxes_msg__rosidl_typesupport_introspection_cExport.cmake
[0.360s] -- Up-to-date: /home/gracekim/workspace/test_ws/install/my_bboxes_msg/share/my_bboxes_msg/cmake/my_bboxes_msg__rosidl_typesupport_introspection_cExport-noconfig.cmake
[0.360s] -- Up-to-date: /home/gracekim/workspace/test_ws/install/my_bboxes_msg/share/my_bboxes_msg/cmake/my_bboxes_msg__rosidl_typesupport_cExport.cmake
[0.360s] -- Up-to-date: /home/gracekim/workspace/test_ws/install/my_bboxes_msg/share/my_bboxes_msg/cmake/my_bboxes_msg__rosidl_typesupport_cExport-noconfig.cmake
[0.360s] -- Up-to-date: /home/gracekim/workspace/test_ws/install/my_bboxes_msg/share/my_bboxes_msg/cmake/my_bboxes_msg__rosidl_generator_cppExport.cmake
[0.360s] -- Up-to-date: /home/gracekim/workspace/test_ws/install/my_bboxes_msg/share/my_bboxes_msg/cmake/my_bboxes_msg__rosidl_typesupport_introspection_cppExport.cmake
[0.361s] -- Up-to-date: /home/gracekim/workspace/test_ws/install/my_bboxes_msg/share/my_bboxes_msg/cmake/my_bboxes_msg__rosidl_typesupport_introspection_cppExport-noconfig.cmake
[0.361s] -- Up-to-date: /home/gracekim/workspace/test_ws/install/my_bboxes_msg/share/my_bboxes_msg/cmake/my_bboxes_msg__rosidl_typesupport_cppExport.cmake
[0.362s] -- Up-to-date: /home/gracekim/workspace/test_ws/install/my_bboxes_msg/share/my_bboxes_msg/cmake/my_bboxes_msg__rosidl_typesupport_cppExport-noconfig.cmake
[0.363s] Invoked command in '/home/gracekim/workspace/test_ws/build/my_bboxes_msg' returned '0': CMAKE_PREFIX_PATH=${CMAKE_PREFIX_PATH}:/home/gracekim/workspace/test_ws/install/yolo_detection:/home/gracekim/workspace/test_ws/install/test_nodes:/opt/ros/foxy /usr/local/bin/cmake --install /home/gracekim/workspace/test_ws/build/my_bboxes_msg
