[5.495s] Invoking command in '/home/gracekim/workspace/test_ws/build/yolo_detection': CMAKE_PREFIX_PATH=/home/gracekim/workspace/test_ws/install/my_bboxes_msg:/home/gracekim/workspace/test_ws/install/px4_msgs LD_LIBRARY_PATH=/home/gracekim/workspace/test_ws/install/my_bboxes_msg/lib:/home/gracekim/workspace/test_ws/install/px4_msgs/lib:/usr/lib/x86_64-linux-gnu/gazebo-11/plugins:/opt/ros/foxy/opt/yaml_cpp_vendor/lib:/opt/ros/foxy/opt/rviz_ogre_vendor/lib:/opt/ros/foxy/lib/x86_64-linux-gnu:/opt/ros/foxy/lib PYTHONPATH=/home/gracekim/workspace/test_ws/build/yolo_detection/prefix_override:/usr/lib/python3/dist-packages/colcon_core/task/python/colcon_distutils_commands:/home/gracekim/workspace/test_ws/install/yolo_detection/lib/python3.8/site-packages:/home/gracekim/workspace/test_ws/install/my_bboxes_msg/lib/python3.8/site-packages:/home/gracekim/workspace/test_ws/build/yolo_detection:/home/gracekim/workspace/test_ws/install/yolo_detection/lib/python3.8/site-packages:/home/gracekim/workspace/test_ws/build/test_nodes:/home/gracekim/workspace/test_ws/install/test_nodes/lib/python3.8/site-packages:/home/gracekim/workspace/test_ws/install/px4_msgs/lib/python3.8/site-packages:/opt/ros/foxy/lib/python3.8/site-packages /usr/bin/python3 -W ignore:setup.py install is deprecated setup.py develop --editable --build-directory /home/gracekim/workspace/test_ws/build/yolo_detection/build --no-deps symlink_data
[5.674s] /home/gracekim/.local/lib/python3.8/site-packages/setuptools/dist.py:476: SetuptoolsDeprecationWarning: Invalid dash-separated options
[5.675s] !!
[5.676s] 
[5.677s]         ********************************************************************************
[5.677s]         Usage of dash-separated 'script-dir' will not be supported in future
[5.678s]         versions. Please use the underscore name 'script_dir' instead.
[5.678s] 
[5.679s]         By 2024-Sep-26, you need to update your project and remove deprecated calls
[5.680s]         or your builds will no longer be supported.
[5.680s] 
[5.681s]         See https://setuptools.pypa.io/en/latest/userguide/declarative_config.html for details.
[5.681s]         ********************************************************************************
[5.682s] 
[5.683s] !!
[5.683s]   opt = self.warn_dash_deprecation(opt, section)
[5.911s] running develop
[5.913s] /home/gracekim/.local/lib/python3.8/site-packages/setuptools/command/develop.py:42: EasyInstallDeprecationWarning: easy_install command is deprecated.
[5.914s] !!
[5.915s] 
[5.915s]         ********************************************************************************
[5.915s]         Please avoid running ``setup.py`` and ``easy_install``.
[5.915s]         Instead, use pypa/build, pypa/installer or other
[5.916s]         standards-based tools.
[5.916s] 
[5.916s]         See https://github.com/pypa/setuptools/issues/917 for details.
[5.916s]         ********************************************************************************
[5.916s] 
[5.916s] !!
[5.916s]   easy_install.initialize_options(self)
[6.163s] running egg_info
[6.182s] writing yolo_detection.egg-info/PKG-INFO
[6.183s] writing dependency_links to yolo_detection.egg-info/dependency_links.txt
[6.183s] writing entry points to yolo_detection.egg-info/entry_points.txt
[6.184s] writing requirements to yolo_detection.egg-info/requires.txt
[6.185s] writing top-level names to yolo_detection.egg-info/top_level.txt
[6.224s] reading manifest file 'yolo_detection.egg-info/SOURCES.txt'
[6.225s] writing manifest file 'yolo_detection.egg-info/SOURCES.txt'
[6.303s] running build_ext
[6.303s] Creating /home/gracekim/workspace/test_ws/install/yolo_detection/lib/python3.8/site-packages/yolo-detection.egg-link (link to .)
[6.304s] Installing yolo_detector script to /home/gracekim/workspace/test_ws/install/yolo_detection/lib/yolo_detection
[6.306s] 
[6.307s] Installed /home/gracekim/workspace/test_ws/build/yolo_detection
[6.307s] running symlink_data
[6.350s] Invoked command in '/home/gracekim/workspace/test_ws/build/yolo_detection' returned '0': CMAKE_PREFIX_PATH=/home/gracekim/workspace/test_ws/install/my_bboxes_msg:/home/gracekim/workspace/test_ws/install/px4_msgs LD_LIBRARY_PATH=/home/gracekim/workspace/test_ws/install/my_bboxes_msg/lib:/home/gracekim/workspace/test_ws/install/px4_msgs/lib:/usr/lib/x86_64-linux-gnu/gazebo-11/plugins:/opt/ros/foxy/opt/yaml_cpp_vendor/lib:/opt/ros/foxy/opt/rviz_ogre_vendor/lib:/opt/ros/foxy/lib/x86_64-linux-gnu:/opt/ros/foxy/lib PYTHONPATH=/home/gracekim/workspace/test_ws/build/yolo_detection/prefix_override:/usr/lib/python3/dist-packages/colcon_core/task/python/colcon_distutils_commands:/home/gracekim/workspace/test_ws/install/yolo_detection/lib/python3.8/site-packages:/home/gracekim/workspace/test_ws/install/my_bboxes_msg/lib/python3.8/site-packages:/home/gracekim/workspace/test_ws/build/yolo_detection:/home/gracekim/workspace/test_ws/install/yolo_detection/lib/python3.8/site-packages:/home/gracekim/workspace/test_ws/build/test_nodes:/home/gracekim/workspace/test_ws/install/test_nodes/lib/python3.8/site-packages:/home/gracekim/workspace/test_ws/install/px4_msgs/lib/python3.8/site-packages:/opt/ros/foxy/lib/python3.8/site-packages /usr/bin/python3 -W ignore:setup.py install is deprecated setup.py develop --editable --build-directory /home/gracekim/workspace/test_ws/build/yolo_detection/build --no-deps symlink_data
