[1.020s] DEBUG:colcon:Command line arguments: ['/usr/bin/colcon', 'build', '--symlink-install']
[1.021s] DEBUG:colcon:Parsed command line arguments: Namespace(allow_overriding=[], ament_cmake_args=None, base_paths=['.'], build_base='build', catkin_cmake_args=None, catkin_skip_building_tests=False, cmake_args=None, cmake_clean_cache=False, cmake_clean_first=False, cmake_force_configure=False, cmake_target=None, cmake_target_skip_unavailable=False, continue_on_error=False, event_handlers=None, executor='parallel', ignore_user_meta=False, install_base='install', log_base=None, log_level=None, main=<bound method BuildVerb.main of <colcon_core.verb.build.BuildVerb object at 0x7effb304df70>>, merge_install=False, metas=['./colcon.meta'], mixin=None, mixin_files=None, mixin_verb=('build',), packages_above=None, packages_above_and_dependencies=None, packages_above_depth=None, packages_end=None, packages_ignore=None, packages_ignore_regex=None, packages_select=None, packages_select_build_failed=False, packages_select_by_dep=None, packages_select_regex=None, packages_select_test_failures=False, packages_skip=None, packages_skip_build_finished=False, packages_skip_by_dep=None, packages_skip_regex=None, packages_skip_test_passed=False, packages_skip_up_to=None, packages_start=None, packages_up_to=None, packages_up_to_regex=None, parallel_workers=16, paths=None, symlink_install=True, test_result_base=None, verb_extension=<colcon_core.verb.build.BuildVerb object at 0x7effb304df70>, verb_name='build', verb_parser=<colcon_mixin.mixin.mixin_argument.MixinArgumentDecorator object at 0x7effb3061940>)
[1.095s] Level 1:colcon.colcon_core.package_discovery:discover_packages(colcon_meta) check parameters
[1.095s] Level 1:colcon.colcon_core.package_discovery:discover_packages(recursive) check parameters
[1.095s] Level 1:colcon.colcon_core.package_discovery:discover_packages(ignore) check parameters
[1.095s] Level 1:colcon.colcon_core.package_discovery:discover_packages(path) check parameters
[1.096s] Level 1:colcon.colcon_core.package_discovery:discover_packages(colcon_meta) discover
[1.096s] Level 1:colcon.colcon_core.package_discovery:discover_packages(recursive) discover
[1.096s] INFO:colcon.colcon_core.package_discovery:Crawling recursively for packages in '/home/gracekim/workspace/test_ws'
[1.096s] Level 1:colcon.colcon_core.package_identification:_identify(.) by extensions ['ignore', 'ignore_ament_install']
[1.096s] Level 1:colcon.colcon_core.package_identification:_identify(.) by extension 'ignore'
[1.096s] Level 1:colcon.colcon_core.package_identification:_identify(.) by extension 'ignore_ament_install'
[1.096s] Level 1:colcon.colcon_core.package_identification:_identify(.) by extensions ['colcon_pkg']
[1.096s] Level 1:colcon.colcon_core.package_identification:_identify(.) by extension 'colcon_pkg'
[1.096s] Level 1:colcon.colcon_core.package_identification:_identify(.) by extensions ['colcon_meta']
[1.096s] Level 1:colcon.colcon_core.package_identification:_identify(.) by extension 'colcon_meta'
[1.097s] Level 1:colcon.colcon_core.package_identification:_identify(.) by extensions ['ros']
[1.097s] Level 1:colcon.colcon_core.package_identification:_identify(.) by extension 'ros'
[1.117s] Level 1:colcon.colcon_core.package_identification:_identify(.) by extensions ['cmake', 'python']
[1.117s] Level 1:colcon.colcon_core.package_identification:_identify(.) by extension 'cmake'
[1.117s] Level 1:colcon.colcon_core.package_identification:_identify(.) by extension 'python'
[1.117s] Level 1:colcon.colcon_core.package_identification:_identify(.) by extensions ['python_setup_py']
[1.117s] Level 1:colcon.colcon_core.package_identification:_identify(.) by extension 'python_setup_py'
[1.117s] Level 1:colcon.colcon_core.package_identification:_identify(build) by extensions ['ignore', 'ignore_ament_install']
[1.117s] Level 1:colcon.colcon_core.package_identification:_identify(build) by extension 'ignore'
[1.117s] Level 1:colcon.colcon_core.package_identification:_identify(build) ignored
[1.117s] Level 1:colcon.colcon_core.package_identification:_identify(install) by extensions ['ignore', 'ignore_ament_install']
[1.118s] Level 1:colcon.colcon_core.package_identification:_identify(install) by extension 'ignore'
[1.118s] Level 1:colcon.colcon_core.package_identification:_identify(install) ignored
[1.118s] Level 1:colcon.colcon_core.package_identification:_identify(log) by extensions ['ignore', 'ignore_ament_install']
[1.118s] Level 1:colcon.colcon_core.package_identification:_identify(log) by extension 'ignore'
[1.118s] Level 1:colcon.colcon_core.package_identification:_identify(log) ignored
[1.118s] Level 1:colcon.colcon_core.package_identification:_identify(src) by extensions ['ignore', 'ignore_ament_install']
[1.118s] Level 1:colcon.colcon_core.package_identification:_identify(src) by extension 'ignore'
[1.118s] Level 1:colcon.colcon_core.package_identification:_identify(src) by extension 'ignore_ament_install'
[1.118s] Level 1:colcon.colcon_core.package_identification:_identify(src) by extensions ['colcon_pkg']
[1.118s] Level 1:colcon.colcon_core.package_identification:_identify(src) by extension 'colcon_pkg'
[1.118s] Level 1:colcon.colcon_core.package_identification:_identify(src) by extensions ['colcon_meta']
[1.118s] Level 1:colcon.colcon_core.package_identification:_identify(src) by extension 'colcon_meta'
[1.118s] Level 1:colcon.colcon_core.package_identification:_identify(src) by extensions ['ros']
[1.118s] Level 1:colcon.colcon_core.package_identification:_identify(src) by extension 'ros'
[1.118s] Level 1:colcon.colcon_core.package_identification:_identify(src) by extensions ['cmake', 'python']
[1.118s] Level 1:colcon.colcon_core.package_identification:_identify(src) by extension 'cmake'
[1.118s] Level 1:colcon.colcon_core.package_identification:_identify(src) by extension 'python'
[1.118s] Level 1:colcon.colcon_core.package_identification:_identify(src) by extensions ['python_setup_py']
[1.119s] Level 1:colcon.colcon_core.package_identification:_identify(src) by extension 'python_setup_py'
[1.119s] Level 1:colcon.colcon_core.package_identification:_identify(src/my_bboxes_msg) by extensions ['ignore', 'ignore_ament_install']
[1.119s] Level 1:colcon.colcon_core.package_identification:_identify(src/my_bboxes_msg) by extension 'ignore'
[1.119s] Level 1:colcon.colcon_core.package_identification:_identify(src/my_bboxes_msg) by extension 'ignore_ament_install'
[1.119s] Level 1:colcon.colcon_core.package_identification:_identify(src/my_bboxes_msg) by extensions ['colcon_pkg']
[1.119s] Level 1:colcon.colcon_core.package_identification:_identify(src/my_bboxes_msg) by extension 'colcon_pkg'
[1.119s] Level 1:colcon.colcon_core.package_identification:_identify(src/my_bboxes_msg) by extensions ['colcon_meta']
[1.119s] Level 1:colcon.colcon_core.package_identification:_identify(src/my_bboxes_msg) by extension 'colcon_meta'
[1.119s] Level 1:colcon.colcon_core.package_identification:_identify(src/my_bboxes_msg) by extensions ['ros']
[1.119s] Level 1:colcon.colcon_core.package_identification:_identify(src/my_bboxes_msg) by extension 'ros'
[1.122s] DEBUG:colcon.colcon_core.package_identification:Package 'src/my_bboxes_msg' with type 'ros.ament_cmake' and name 'my_bboxes_msg'
[1.122s] Level 1:colcon.colcon_core.package_identification:_identify(src/px4_msgs) by extensions ['ignore', 'ignore_ament_install']
[1.123s] Level 1:colcon.colcon_core.package_identification:_identify(src/px4_msgs) by extension 'ignore'
[1.123s] Level 1:colcon.colcon_core.package_identification:_identify(src/px4_msgs) by extension 'ignore_ament_install'
[1.123s] Level 1:colcon.colcon_core.package_identification:_identify(src/px4_msgs) by extensions ['colcon_pkg']
[1.123s] Level 1:colcon.colcon_core.package_identification:_identify(src/px4_msgs) by extension 'colcon_pkg'
[1.123s] Level 1:colcon.colcon_core.package_identification:_identify(src/px4_msgs) by extensions ['colcon_meta']
[1.123s] Level 1:colcon.colcon_core.package_identification:_identify(src/px4_msgs) by extension 'colcon_meta'
[1.123s] Level 1:colcon.colcon_core.package_identification:_identify(src/px4_msgs) by extensions ['ros']
[1.123s] Level 1:colcon.colcon_core.package_identification:_identify(src/px4_msgs) by extension 'ros'
[1.124s] DEBUG:colcon.colcon_core.package_identification:Package 'src/px4_msgs' with type 'ros.ament_cmake' and name 'px4_msgs'
[1.125s] Level 1:colcon.colcon_core.package_identification:_identify(src/vehicle_controller) by extensions ['ignore', 'ignore_ament_install']
[1.125s] Level 1:colcon.colcon_core.package_identification:_identify(src/vehicle_controller) by extension 'ignore'
[1.125s] Level 1:colcon.colcon_core.package_identification:_identify(src/vehicle_controller) by extension 'ignore_ament_install'
[1.125s] Level 1:colcon.colcon_core.package_identification:_identify(src/vehicle_controller) by extensions ['colcon_pkg']
[1.125s] Level 1:colcon.colcon_core.package_identification:_identify(src/vehicle_controller) by extension 'colcon_pkg'
[1.125s] Level 1:colcon.colcon_core.package_identification:_identify(src/vehicle_controller) by extensions ['colcon_meta']
[1.125s] Level 1:colcon.colcon_core.package_identification:_identify(src/vehicle_controller) by extension 'colcon_meta'
[1.125s] Level 1:colcon.colcon_core.package_identification:_identify(src/vehicle_controller) by extensions ['ros']
[1.125s] Level 1:colcon.colcon_core.package_identification:_identify(src/vehicle_controller) by extension 'ros'
[1.126s] DEBUG:colcon.colcon_core.package_identification:Package 'src/vehicle_controller' with type 'ros.ament_python' and name 'test_nodes'
[1.126s] Level 1:colcon.colcon_core.package_identification:_identify(src/yolo_detection) by extensions ['ignore', 'ignore_ament_install']
[1.126s] Level 1:colcon.colcon_core.package_identification:_identify(src/yolo_detection) by extension 'ignore'
[1.126s] Level 1:colcon.colcon_core.package_identification:_identify(src/yolo_detection) by extension 'ignore_ament_install'
[1.127s] Level 1:colcon.colcon_core.package_identification:_identify(src/yolo_detection) by extensions ['colcon_pkg']
[1.127s] Level 1:colcon.colcon_core.package_identification:_identify(src/yolo_detection) by extension 'colcon_pkg'
[1.127s] Level 1:colcon.colcon_core.package_identification:_identify(src/yolo_detection) by extensions ['colcon_meta']
[1.127s] Level 1:colcon.colcon_core.package_identification:_identify(src/yolo_detection) by extension 'colcon_meta'
[1.127s] Level 1:colcon.colcon_core.package_identification:_identify(src/yolo_detection) by extensions ['ros']
[1.127s] Level 1:colcon.colcon_core.package_identification:_identify(src/yolo_detection) by extension 'ros'
[1.128s] DEBUG:colcon.colcon_core.package_identification:Package 'src/yolo_detection' with type 'ros.ament_python' and name 'yolo_detection'
[1.128s] Level 1:colcon.colcon_core.package_discovery:discover_packages(recursive) using defaults
[1.128s] Level 1:colcon.colcon_core.package_discovery:discover_packages(ignore) discover
[1.128s] Level 1:colcon.colcon_core.package_discovery:discover_packages(ignore) using defaults
[1.128s] Level 1:colcon.colcon_core.package_discovery:discover_packages(path) discover
[1.128s] Level 1:colcon.colcon_core.package_discovery:discover_packages(path) using defaults
[1.158s] Level 1:colcon.colcon_core.package_discovery:discover_packages(prefix_path) check parameters
[1.158s] Level 1:colcon.colcon_core.package_discovery:discover_packages(prefix_path) discover
[1.160s] DEBUG:colcon.colcon_installed_package_information.package_discovery:Found 4 installed packages in /home/gracekim/workspace/test_ws/install
[1.163s] DEBUG:colcon.colcon_installed_package_information.package_discovery:Found 311 installed packages in /opt/ros/foxy
[1.165s] Level 1:colcon.colcon_core.package_discovery:discover_packages(prefix_path) using defaults
[1.254s] Level 5:colcon.colcon_core.verb:set package 'my_bboxes_msg' build argument 'cmake_args' from command line to 'None'
[1.254s] Level 5:colcon.colcon_core.verb:set package 'my_bboxes_msg' build argument 'cmake_target' from command line to 'None'
[1.254s] Level 5:colcon.colcon_core.verb:set package 'my_bboxes_msg' build argument 'cmake_target_skip_unavailable' from command line to 'False'
[1.254s] Level 5:colcon.colcon_core.verb:set package 'my_bboxes_msg' build argument 'cmake_clean_cache' from command line to 'False'
[1.254s] Level 5:colcon.colcon_core.verb:set package 'my_bboxes_msg' build argument 'cmake_clean_first' from command line to 'False'
[1.254s] Level 5:colcon.colcon_core.verb:set package 'my_bboxes_msg' build argument 'cmake_force_configure' from command line to 'False'
[1.255s] Level 5:colcon.colcon_core.verb:set package 'my_bboxes_msg' build argument 'ament_cmake_args' from command line to 'None'
[1.255s] Level 5:colcon.colcon_core.verb:set package 'my_bboxes_msg' build argument 'catkin_cmake_args' from command line to 'None'
[1.255s] Level 5:colcon.colcon_core.verb:set package 'my_bboxes_msg' build argument 'catkin_skip_building_tests' from command line to 'False'
[1.255s] DEBUG:colcon.colcon_core.verb:Building package 'my_bboxes_msg' with the following arguments: {'ament_cmake_args': None, 'build_base': '/home/gracekim/workspace/test_ws/build/my_bboxes_msg', 'catkin_cmake_args': None, 'catkin_skip_building_tests': False, 'cmake_args': None, 'cmake_clean_cache': False, 'cmake_clean_first': False, 'cmake_force_configure': False, 'cmake_target': None, 'cmake_target_skip_unavailable': False, 'install_base': '/home/gracekim/workspace/test_ws/install/my_bboxes_msg', 'merge_install': False, 'path': '/home/gracekim/workspace/test_ws/src/my_bboxes_msg', 'symlink_install': True, 'test_result_base': None}
[1.255s] Level 5:colcon.colcon_core.verb:set package 'px4_msgs' build argument 'cmake_args' from command line to 'None'
[1.255s] Level 5:colcon.colcon_core.verb:set package 'px4_msgs' build argument 'cmake_target' from command line to 'None'
[1.255s] Level 5:colcon.colcon_core.verb:set package 'px4_msgs' build argument 'cmake_target_skip_unavailable' from command line to 'False'
[1.255s] Level 5:colcon.colcon_core.verb:set package 'px4_msgs' build argument 'cmake_clean_cache' from command line to 'False'
[1.256s] Level 5:colcon.colcon_core.verb:set package 'px4_msgs' build argument 'cmake_clean_first' from command line to 'False'
[1.256s] Level 5:colcon.colcon_core.verb:set package 'px4_msgs' build argument 'cmake_force_configure' from command line to 'False'
[1.256s] Level 5:colcon.colcon_core.verb:set package 'px4_msgs' build argument 'ament_cmake_args' from command line to 'None'
[1.256s] Level 5:colcon.colcon_core.verb:set package 'px4_msgs' build argument 'catkin_cmake_args' from command line to 'None'
[1.256s] Level 5:colcon.colcon_core.verb:set package 'px4_msgs' build argument 'catkin_skip_building_tests' from command line to 'False'
[1.256s] DEBUG:colcon.colcon_core.verb:Building package 'px4_msgs' with the following arguments: {'ament_cmake_args': None, 'build_base': '/home/gracekim/workspace/test_ws/build/px4_msgs', 'catkin_cmake_args': None, 'catkin_skip_building_tests': False, 'cmake_args': None, 'cmake_clean_cache': False, 'cmake_clean_first': False, 'cmake_force_configure': False, 'cmake_target': None, 'cmake_target_skip_unavailable': False, 'install_base': '/home/gracekim/workspace/test_ws/install/px4_msgs', 'merge_install': False, 'path': '/home/gracekim/workspace/test_ws/src/px4_msgs', 'symlink_install': True, 'test_result_base': None}
[1.256s] Level 5:colcon.colcon_core.verb:set package 'test_nodes' build argument 'cmake_args' from command line to 'None'
[1.256s] Level 5:colcon.colcon_core.verb:set package 'test_nodes' build argument 'cmake_target' from command line to 'None'
[1.256s] Level 5:colcon.colcon_core.verb:set package 'test_nodes' build argument 'cmake_target_skip_unavailable' from command line to 'False'
[1.256s] Level 5:colcon.colcon_core.verb:set package 'test_nodes' build argument 'cmake_clean_cache' from command line to 'False'
[1.256s] Level 5:colcon.colcon_core.verb:set package 'test_nodes' build argument 'cmake_clean_first' from command line to 'False'
[1.256s] Level 5:colcon.colcon_core.verb:set package 'test_nodes' build argument 'cmake_force_configure' from command line to 'False'
[1.256s] Level 5:colcon.colcon_core.verb:set package 'test_nodes' build argument 'ament_cmake_args' from command line to 'None'
[1.257s] Level 5:colcon.colcon_core.verb:set package 'test_nodes' build argument 'catkin_cmake_args' from command line to 'None'
[1.257s] Level 5:colcon.colcon_core.verb:set package 'test_nodes' build argument 'catkin_skip_building_tests' from command line to 'False'
[1.257s] DEBUG:colcon.colcon_core.verb:Building package 'test_nodes' with the following arguments: {'ament_cmake_args': None, 'build_base': '/home/gracekim/workspace/test_ws/build/test_nodes', 'catkin_cmake_args': None, 'catkin_skip_building_tests': False, 'cmake_args': None, 'cmake_clean_cache': False, 'cmake_clean_first': False, 'cmake_force_configure': False, 'cmake_target': None, 'cmake_target_skip_unavailable': False, 'install_base': '/home/gracekim/workspace/test_ws/install/test_nodes', 'merge_install': False, 'path': '/home/gracekim/workspace/test_ws/src/vehicle_controller', 'symlink_install': True, 'test_result_base': None}
[1.257s] Level 5:colcon.colcon_core.verb:set package 'yolo_detection' build argument 'cmake_args' from command line to 'None'
[1.257s] Level 5:colcon.colcon_core.verb:set package 'yolo_detection' build argument 'cmake_target' from command line to 'None'
[1.257s] Level 5:colcon.colcon_core.verb:set package 'yolo_detection' build argument 'cmake_target_skip_unavailable' from command line to 'False'
[1.257s] Level 5:colcon.colcon_core.verb:set package 'yolo_detection' build argument 'cmake_clean_cache' from command line to 'False'
[1.257s] Level 5:colcon.colcon_core.verb:set package 'yolo_detection' build argument 'cmake_clean_first' from command line to 'False'
[1.257s] Level 5:colcon.colcon_core.verb:set package 'yolo_detection' build argument 'cmake_force_configure' from command line to 'False'
[1.257s] Level 5:colcon.colcon_core.verb:set package 'yolo_detection' build argument 'ament_cmake_args' from command line to 'None'
[1.257s] Level 5:colcon.colcon_core.verb:set package 'yolo_detection' build argument 'catkin_cmake_args' from command line to 'None'
[1.257s] Level 5:colcon.colcon_core.verb:set package 'yolo_detection' build argument 'catkin_skip_building_tests' from command line to 'False'
[1.257s] DEBUG:colcon.colcon_core.verb:Building package 'yolo_detection' with the following arguments: {'ament_cmake_args': None, 'build_base': '/home/gracekim/workspace/test_ws/build/yolo_detection', 'catkin_cmake_args': None, 'catkin_skip_building_tests': False, 'cmake_args': None, 'cmake_clean_cache': False, 'cmake_clean_first': False, 'cmake_force_configure': False, 'cmake_target': None, 'cmake_target_skip_unavailable': False, 'install_base': '/home/gracekim/workspace/test_ws/install/yolo_detection', 'merge_install': False, 'path': '/home/gracekim/workspace/test_ws/src/yolo_detection', 'symlink_install': True, 'test_result_base': None}
[1.258s] INFO:colcon.colcon_core.executor:Executing jobs using 'parallel' executor
[1.259s] DEBUG:colcon.colcon_parallel_executor.executor.parallel:run_until_complete
[1.260s] INFO:colcon.colcon_ros.task.ament_cmake.build:Building ROS package in '/home/gracekim/workspace/test_ws/src/my_bboxes_msg' with build type 'ament_cmake'
[1.260s] INFO:colcon.colcon_cmake.task.cmake.build:Building CMake package in '/home/gracekim/workspace/test_ws/src/my_bboxes_msg'
[1.263s] INFO:colcon.colcon_core.plugin_system:Skipping extension 'colcon_core.shell.bat': Not used on non-Windows systems
[1.263s] INFO:colcon.colcon_core.shell:Skip shell extension 'powershell' for command environment: Not usable outside of PowerShell
[1.263s] DEBUG:colcon.colcon_core.shell:Skip shell extension 'dsv' for command environment
[1.275s] INFO:colcon.colcon_ros.task.ament_cmake.build:Building ROS package in '/home/gracekim/workspace/test_ws/src/px4_msgs' with build type 'ament_cmake'
[1.275s] INFO:colcon.colcon_cmake.task.cmake.build:Building CMake package in '/home/gracekim/workspace/test_ws/src/px4_msgs'
[1.276s] INFO:colcon.colcon_core.shell:Skip shell extension 'powershell' for command environment: Not usable outside of PowerShell
[1.284s] DEBUG:colcon.colcon_core.shell:Skip shell extension 'dsv' for command environment
[1.311s] DEBUG:colcon.colcon_core.event_handler.log_command:Invoking command in '/home/gracekim/workspace/test_ws/build/my_bboxes_msg': CMAKE_PREFIX_PATH=${CMAKE_PREFIX_PATH}:/home/gracekim/workspace/test_ws/install/yolo_detection:/home/gracekim/workspace/test_ws/install/test_nodes:/opt/ros/foxy /usr/local/bin/cmake --build /home/gracekim/workspace/test_ws/build/my_bboxes_msg -- -j16 -l16
[1.316s] DEBUG:colcon.colcon_core.event_handler.log_command:Invoking command in '/home/gracekim/workspace/test_ws/build/px4_msgs': CMAKE_PREFIX_PATH=${CMAKE_PREFIX_PATH}:/home/gracekim/workspace/test_ws/install/yolo_detection:/home/gracekim/workspace/test_ws/install/test_nodes:/opt/ros/foxy /usr/local/bin/cmake --build /home/gracekim/workspace/test_ws/build/px4_msgs -- -j16 -l16
[1.856s] DEBUG:colcon.colcon_core.event_handler.log_command:Invoked command in '/home/gracekim/workspace/test_ws/build/my_bboxes_msg' returned '0': CMAKE_PREFIX_PATH=${CMAKE_PREFIX_PATH}:/home/gracekim/workspace/test_ws/install/yolo_detection:/home/gracekim/workspace/test_ws/install/test_nodes:/opt/ros/foxy /usr/local/bin/cmake --build /home/gracekim/workspace/test_ws/build/my_bboxes_msg -- -j16 -l16
[2.072s] DEBUG:colcon.colcon_core.event_handler.log_command:Invoking command in '/home/gracekim/workspace/test_ws/build/my_bboxes_msg': CMAKE_PREFIX_PATH=${CMAKE_PREFIX_PATH}:/home/gracekim/workspace/test_ws/install/yolo_detection:/home/gracekim/workspace/test_ws/install/test_nodes:/opt/ros/foxy /usr/local/bin/cmake --install /home/gracekim/workspace/test_ws/build/my_bboxes_msg
[2.166s] Level 1:colcon.colcon_core.environment:create_environment_scripts_only(my_bboxes_msg)
[2.167s] DEBUG:colcon.colcon_core.event_handler.log_command:Invoked command in '/home/gracekim/workspace/test_ws/build/my_bboxes_msg' returned '0': CMAKE_PREFIX_PATH=${CMAKE_PREFIX_PATH}:/home/gracekim/workspace/test_ws/install/yolo_detection:/home/gracekim/workspace/test_ws/install/test_nodes:/opt/ros/foxy /usr/local/bin/cmake --install /home/gracekim/workspace/test_ws/build/my_bboxes_msg
[2.171s] Level 1:colcon.colcon_core.environment:checking '/home/gracekim/workspace/test_ws/install/my_bboxes_msg' for CMake module files
[2.172s] Level 1:colcon.colcon_core.environment:checking '/home/gracekim/workspace/test_ws/install/my_bboxes_msg' for CMake config files
[2.173s] Level 1:colcon.colcon_core.shell:create_environment_hook('my_bboxes_msg', 'cmake_prefix_path')
[2.173s] INFO:colcon.colcon_core.shell:Creating environment hook '/home/gracekim/workspace/test_ws/install/my_bboxes_msg/share/my_bboxes_msg/hook/cmake_prefix_path.ps1'
[2.174s] INFO:colcon.colcon_core.shell:Creating environment descriptor '/home/gracekim/workspace/test_ws/install/my_bboxes_msg/share/my_bboxes_msg/hook/cmake_prefix_path.dsv'
[2.174s] INFO:colcon.colcon_core.shell:Creating environment hook '/home/gracekim/workspace/test_ws/install/my_bboxes_msg/share/my_bboxes_msg/hook/cmake_prefix_path.sh'
[2.176s] Level 1:colcon.colcon_core.environment:checking '/home/gracekim/workspace/test_ws/install/my_bboxes_msg/lib'
[2.176s] Level 1:colcon.colcon_core.shell:create_environment_hook('my_bboxes_msg', 'ld_library_path_lib')
[2.176s] INFO:colcon.colcon_core.shell:Creating environment hook '/home/gracekim/workspace/test_ws/install/my_bboxes_msg/share/my_bboxes_msg/hook/ld_library_path_lib.ps1'
[2.177s] INFO:colcon.colcon_core.shell:Creating environment descriptor '/home/gracekim/workspace/test_ws/install/my_bboxes_msg/share/my_bboxes_msg/hook/ld_library_path_lib.dsv'
[2.177s] INFO:colcon.colcon_core.shell:Creating environment hook '/home/gracekim/workspace/test_ws/install/my_bboxes_msg/share/my_bboxes_msg/hook/ld_library_path_lib.sh'
[2.178s] Level 1:colcon.colcon_core.environment:checking '/home/gracekim/workspace/test_ws/install/my_bboxes_msg/bin'
[2.178s] Level 1:colcon.colcon_core.environment:checking '/home/gracekim/workspace/test_ws/install/my_bboxes_msg/lib/pkgconfig/my_bboxes_msg.pc'
[2.178s] Level 1:colcon.colcon_core.environment:checking '/home/gracekim/workspace/test_ws/install/my_bboxes_msg/lib/python3.8/site-packages'
[2.178s] Level 1:colcon.colcon_core.shell:create_environment_hook('my_bboxes_msg', 'pythonpath')
[2.178s] INFO:colcon.colcon_core.shell:Creating environment hook '/home/gracekim/workspace/test_ws/install/my_bboxes_msg/share/my_bboxes_msg/hook/pythonpath.ps1'
[2.179s] INFO:colcon.colcon_core.shell:Creating environment descriptor '/home/gracekim/workspace/test_ws/install/my_bboxes_msg/share/my_bboxes_msg/hook/pythonpath.dsv'
[2.180s] INFO:colcon.colcon_core.shell:Creating environment hook '/home/gracekim/workspace/test_ws/install/my_bboxes_msg/share/my_bboxes_msg/hook/pythonpath.sh'
[2.180s] Level 1:colcon.colcon_core.environment:checking '/home/gracekim/workspace/test_ws/install/my_bboxes_msg/bin'
[2.181s] INFO:colcon.colcon_core.shell:Creating package script '/home/gracekim/workspace/test_ws/install/my_bboxes_msg/share/my_bboxes_msg/package.ps1'
[2.184s] INFO:colcon.colcon_core.shell:Creating package descriptor '/home/gracekim/workspace/test_ws/install/my_bboxes_msg/share/my_bboxes_msg/package.dsv'
[2.185s] INFO:colcon.colcon_core.shell:Creating package script '/home/gracekim/workspace/test_ws/install/my_bboxes_msg/share/my_bboxes_msg/package.sh'
[2.186s] INFO:colcon.colcon_core.shell:Creating package script '/home/gracekim/workspace/test_ws/install/my_bboxes_msg/share/my_bboxes_msg/package.bash'
[2.187s] INFO:colcon.colcon_core.shell:Creating package script '/home/gracekim/workspace/test_ws/install/my_bboxes_msg/share/my_bboxes_msg/package.zsh'
[2.188s] Level 1:colcon.colcon_core.environment:create_file_with_runtime_dependencies(/home/gracekim/workspace/test_ws/install/my_bboxes_msg/share/colcon-core/packages/my_bboxes_msg)
[2.380s] Level 1:colcon.colcon_core.environment:create_environment_scripts_only(my_bboxes_msg)
[2.381s] Level 1:colcon.colcon_core.environment:checking '/home/gracekim/workspace/test_ws/install/my_bboxes_msg' for CMake module files
[2.382s] Level 1:colcon.colcon_core.environment:checking '/home/gracekim/workspace/test_ws/install/my_bboxes_msg' for CMake config files
[2.382s] Level 1:colcon.colcon_core.shell:create_environment_hook('my_bboxes_msg', 'cmake_prefix_path')
[2.383s] INFO:colcon.colcon_core.shell:Creating environment hook '/home/gracekim/workspace/test_ws/install/my_bboxes_msg/share/my_bboxes_msg/hook/cmake_prefix_path.ps1'
[2.384s] INFO:colcon.colcon_core.shell:Creating environment descriptor '/home/gracekim/workspace/test_ws/install/my_bboxes_msg/share/my_bboxes_msg/hook/cmake_prefix_path.dsv'
[2.384s] INFO:colcon.colcon_core.shell:Creating environment hook '/home/gracekim/workspace/test_ws/install/my_bboxes_msg/share/my_bboxes_msg/hook/cmake_prefix_path.sh'
[2.385s] Level 1:colcon.colcon_core.environment:checking '/home/gracekim/workspace/test_ws/install/my_bboxes_msg/lib'
[2.385s] Level 1:colcon.colcon_core.shell:create_environment_hook('my_bboxes_msg', 'ld_library_path_lib')
[2.386s] INFO:colcon.colcon_core.shell:Creating environment hook '/home/gracekim/workspace/test_ws/install/my_bboxes_msg/share/my_bboxes_msg/hook/ld_library_path_lib.ps1'
[2.386s] INFO:colcon.colcon_core.shell:Creating environment descriptor '/home/gracekim/workspace/test_ws/install/my_bboxes_msg/share/my_bboxes_msg/hook/ld_library_path_lib.dsv'
[2.386s] INFO:colcon.colcon_core.shell:Creating environment hook '/home/gracekim/workspace/test_ws/install/my_bboxes_msg/share/my_bboxes_msg/hook/ld_library_path_lib.sh'
[2.387s] Level 1:colcon.colcon_core.environment:checking '/home/gracekim/workspace/test_ws/install/my_bboxes_msg/bin'
[2.387s] Level 1:colcon.colcon_core.environment:checking '/home/gracekim/workspace/test_ws/install/my_bboxes_msg/lib/pkgconfig/my_bboxes_msg.pc'
[2.387s] Level 1:colcon.colcon_core.environment:checking '/home/gracekim/workspace/test_ws/install/my_bboxes_msg/lib/python3.8/site-packages'
[2.387s] Level 1:colcon.colcon_core.shell:create_environment_hook('my_bboxes_msg', 'pythonpath')
[2.388s] INFO:colcon.colcon_core.shell:Creating environment hook '/home/gracekim/workspace/test_ws/install/my_bboxes_msg/share/my_bboxes_msg/hook/pythonpath.ps1'
[2.389s] INFO:colcon.colcon_core.shell:Creating environment descriptor '/home/gracekim/workspace/test_ws/install/my_bboxes_msg/share/my_bboxes_msg/hook/pythonpath.dsv'
[2.389s] INFO:colcon.colcon_core.shell:Creating environment hook '/home/gracekim/workspace/test_ws/install/my_bboxes_msg/share/my_bboxes_msg/hook/pythonpath.sh'
[2.390s] Level 1:colcon.colcon_core.environment:checking '/home/gracekim/workspace/test_ws/install/my_bboxes_msg/bin'
[2.390s] INFO:colcon.colcon_core.shell:Creating package script '/home/gracekim/workspace/test_ws/install/my_bboxes_msg/share/my_bboxes_msg/package.ps1'
[2.391s] INFO:colcon.colcon_core.shell:Creating package descriptor '/home/gracekim/workspace/test_ws/install/my_bboxes_msg/share/my_bboxes_msg/package.dsv'
[2.391s] INFO:colcon.colcon_core.shell:Creating package script '/home/gracekim/workspace/test_ws/install/my_bboxes_msg/share/my_bboxes_msg/package.sh'
[2.392s] INFO:colcon.colcon_core.shell:Creating package script '/home/gracekim/workspace/test_ws/install/my_bboxes_msg/share/my_bboxes_msg/package.bash'
[2.392s] INFO:colcon.colcon_core.shell:Creating package script '/home/gracekim/workspace/test_ws/install/my_bboxes_msg/share/my_bboxes_msg/package.zsh'
[2.393s] Level 1:colcon.colcon_core.environment:create_file_with_runtime_dependencies(/home/gracekim/workspace/test_ws/install/my_bboxes_msg/share/colcon-core/packages/my_bboxes_msg)
[2.394s] INFO:colcon.colcon_ros.task.ament_python.build:Building ROS package in '/home/gracekim/workspace/test_ws/src/yolo_detection' with build type 'ament_python'
[2.394s] Level 1:colcon.colcon_core.shell:create_environment_hook('yolo_detection', 'ament_prefix_path')
[2.394s] INFO:colcon.colcon_core.shell:Creating environment hook '/home/gracekim/workspace/test_ws/install/yolo_detection/share/yolo_detection/hook/ament_prefix_path.ps1'
[2.395s] INFO:colcon.colcon_core.shell:Creating environment descriptor '/home/gracekim/workspace/test_ws/install/yolo_detection/share/yolo_detection/hook/ament_prefix_path.dsv'
[2.395s] INFO:colcon.colcon_core.shell:Creating environment hook '/home/gracekim/workspace/test_ws/install/yolo_detection/share/yolo_detection/hook/ament_prefix_path.sh'
[2.396s] INFO:colcon.colcon_core.shell:Skip shell extension 'powershell' for command environment: Not usable outside of PowerShell
[2.396s] DEBUG:colcon.colcon_core.shell:Skip shell extension 'dsv' for command environment
[2.752s] INFO:colcon.colcon_core.task.python.build:Building Python package in '/home/gracekim/workspace/test_ws/src/yolo_detection'
[2.753s] INFO:colcon.colcon_core.shell:Skip shell extension 'powershell' for command environment: Not usable outside of PowerShell
[2.753s] DEBUG:colcon.colcon_core.shell:Skip shell extension 'dsv' for command environment
[5.626s] DEBUG:colcon.colcon_core.event_handler.log_command:Invoked command in '/home/gracekim/workspace/test_ws/build/px4_msgs' returned '0': CMAKE_PREFIX_PATH=${CMAKE_PREFIX_PATH}:/home/gracekim/workspace/test_ws/install/yolo_detection:/home/gracekim/workspace/test_ws/install/test_nodes:/opt/ros/foxy /usr/local/bin/cmake --build /home/gracekim/workspace/test_ws/build/px4_msgs -- -j16 -l16
[7.889s] DEBUG:colcon.colcon_core.event_handler.log_command:Invoking command in '/home/gracekim/workspace/test_ws/build/yolo_detection': CMAKE_PREFIX_PATH=/home/gracekim/workspace/test_ws/install/my_bboxes_msg:/home/gracekim/workspace/test_ws/install/px4_msgs LD_LIBRARY_PATH=/home/gracekim/workspace/test_ws/install/my_bboxes_msg/lib:/home/gracekim/workspace/test_ws/install/px4_msgs/lib:/usr/lib/x86_64-linux-gnu/gazebo-11/plugins:/opt/ros/foxy/opt/yaml_cpp_vendor/lib:/opt/ros/foxy/opt/rviz_ogre_vendor/lib:/opt/ros/foxy/lib/x86_64-linux-gnu:/opt/ros/foxy/lib PYTHONPATH=/home/gracekim/workspace/test_ws/build/yolo_detection/prefix_override:/usr/lib/python3/dist-packages/colcon_core/task/python/colcon_distutils_commands:/home/gracekim/workspace/test_ws/install/yolo_detection/lib/python3.8/site-packages:/home/gracekim/workspace/test_ws/install/my_bboxes_msg/lib/python3.8/site-packages:/home/gracekim/workspace/test_ws/build/yolo_detection:/home/gracekim/workspace/test_ws/install/yolo_detection/lib/python3.8/site-packages:/home/gracekim/workspace/test_ws/build/test_nodes:/home/gracekim/workspace/test_ws/install/test_nodes/lib/python3.8/site-packages:/home/gracekim/workspace/test_ws/install/px4_msgs/lib/python3.8/site-packages:/opt/ros/foxy/lib/python3.8/site-packages /usr/bin/python3 -W ignore:setup.py install is deprecated setup.py develop --editable --build-directory /home/gracekim/workspace/test_ws/build/yolo_detection/build --no-deps symlink_data
[8.743s] Level 1:colcon.colcon_core.shell:create_environment_hook('yolo_detection', 'pythonpath_develop')
[8.746s] INFO:colcon.colcon_core.shell:Creating environment hook '/home/gracekim/workspace/test_ws/build/yolo_detection/share/yolo_detection/hook/pythonpath_develop.ps1'
[8.748s] DEBUG:colcon.colcon_core.event_handler.log_command:Invoked command in '/home/gracekim/workspace/test_ws/build/yolo_detection' returned '0': CMAKE_PREFIX_PATH=/home/gracekim/workspace/test_ws/install/my_bboxes_msg:/home/gracekim/workspace/test_ws/install/px4_msgs LD_LIBRARY_PATH=/home/gracekim/workspace/test_ws/install/my_bboxes_msg/lib:/home/gracekim/workspace/test_ws/install/px4_msgs/lib:/usr/lib/x86_64-linux-gnu/gazebo-11/plugins:/opt/ros/foxy/opt/yaml_cpp_vendor/lib:/opt/ros/foxy/opt/rviz_ogre_vendor/lib:/opt/ros/foxy/lib/x86_64-linux-gnu:/opt/ros/foxy/lib PYTHONPATH=/home/gracekim/workspace/test_ws/build/yolo_detection/prefix_override:/usr/lib/python3/dist-packages/colcon_core/task/python/colcon_distutils_commands:/home/gracekim/workspace/test_ws/install/yolo_detection/lib/python3.8/site-packages:/home/gracekim/workspace/test_ws/install/my_bboxes_msg/lib/python3.8/site-packages:/home/gracekim/workspace/test_ws/build/yolo_detection:/home/gracekim/workspace/test_ws/install/yolo_detection/lib/python3.8/site-packages:/home/gracekim/workspace/test_ws/build/test_nodes:/home/gracekim/workspace/test_ws/install/test_nodes/lib/python3.8/site-packages:/home/gracekim/workspace/test_ws/install/px4_msgs/lib/python3.8/site-packages:/opt/ros/foxy/lib/python3.8/site-packages /usr/bin/python3 -W ignore:setup.py install is deprecated setup.py develop --editable --build-directory /home/gracekim/workspace/test_ws/build/yolo_detection/build --no-deps symlink_data
[8.748s] INFO:colcon.colcon_core.shell:Creating environment descriptor '/home/gracekim/workspace/test_ws/build/yolo_detection/share/yolo_detection/hook/pythonpath_develop.dsv'
[8.749s] INFO:colcon.colcon_core.shell:Creating environment hook '/home/gracekim/workspace/test_ws/build/yolo_detection/share/yolo_detection/hook/pythonpath_develop.sh'
[8.750s] Level 1:colcon.colcon_core.environment:checking '/home/gracekim/workspace/test_ws/install/yolo_detection' for CMake module files
[8.750s] Level 1:colcon.colcon_core.environment:checking '/home/gracekim/workspace/test_ws/install/yolo_detection' for CMake config files
[8.751s] Level 1:colcon.colcon_core.environment:checking '/home/gracekim/workspace/test_ws/install/yolo_detection/lib'
[8.751s] Level 1:colcon.colcon_core.environment:checking '/home/gracekim/workspace/test_ws/install/yolo_detection/bin'
[8.751s] Level 1:colcon.colcon_core.environment:checking '/home/gracekim/workspace/test_ws/install/yolo_detection/lib/pkgconfig/yolo_detection.pc'
[8.751s] Level 1:colcon.colcon_core.environment:checking '/home/gracekim/workspace/test_ws/install/yolo_detection/lib/python3.8/site-packages'
[8.751s] Level 1:colcon.colcon_core.shell:create_environment_hook('yolo_detection', 'pythonpath')
[8.752s] INFO:colcon.colcon_core.shell:Creating environment hook '/home/gracekim/workspace/test_ws/install/yolo_detection/share/yolo_detection/hook/pythonpath.ps1'
[8.752s] INFO:colcon.colcon_core.shell:Creating environment descriptor '/home/gracekim/workspace/test_ws/install/yolo_detection/share/yolo_detection/hook/pythonpath.dsv'
[8.752s] INFO:colcon.colcon_core.shell:Creating environment hook '/home/gracekim/workspace/test_ws/install/yolo_detection/share/yolo_detection/hook/pythonpath.sh'
[8.753s] Level 1:colcon.colcon_core.environment:checking '/home/gracekim/workspace/test_ws/install/yolo_detection/bin'
[8.753s] Level 1:colcon.colcon_core.environment:create_environment_scripts_only(yolo_detection)
[8.754s] INFO:colcon.colcon_core.shell:Creating package script '/home/gracekim/workspace/test_ws/install/yolo_detection/share/yolo_detection/package.ps1'
[8.754s] INFO:colcon.colcon_core.shell:Creating package descriptor '/home/gracekim/workspace/test_ws/install/yolo_detection/share/yolo_detection/package.dsv'
[8.754s] INFO:colcon.colcon_core.shell:Creating package script '/home/gracekim/workspace/test_ws/install/yolo_detection/share/yolo_detection/package.sh'
[8.755s] INFO:colcon.colcon_core.shell:Creating package script '/home/gracekim/workspace/test_ws/install/yolo_detection/share/yolo_detection/package.bash'
[8.756s] INFO:colcon.colcon_core.shell:Creating package script '/home/gracekim/workspace/test_ws/install/yolo_detection/share/yolo_detection/package.zsh'
[8.756s] Level 1:colcon.colcon_core.environment:create_file_with_runtime_dependencies(/home/gracekim/workspace/test_ws/install/yolo_detection/share/colcon-core/packages/yolo_detection)
[11.780s] DEBUG:colcon.colcon_core.event_handler.log_command:Invoking command in '/home/gracekim/workspace/test_ws/build/px4_msgs': CMAKE_PREFIX_PATH=${CMAKE_PREFIX_PATH}:/home/gracekim/workspace/test_ws/install/yolo_detection:/home/gracekim/workspace/test_ws/install/test_nodes:/opt/ros/foxy /usr/local/bin/cmake --install /home/gracekim/workspace/test_ws/build/px4_msgs
[12.234s] Level 1:colcon.colcon_core.environment:create_environment_scripts_only(px4_msgs)
[12.235s] Level 1:colcon.colcon_core.environment:checking '/home/gracekim/workspace/test_ws/install/px4_msgs' for CMake module files
[12.235s] DEBUG:colcon.colcon_core.event_handler.log_command:Invoked command in '/home/gracekim/workspace/test_ws/build/px4_msgs' returned '0': CMAKE_PREFIX_PATH=${CMAKE_PREFIX_PATH}:/home/gracekim/workspace/test_ws/install/yolo_detection:/home/gracekim/workspace/test_ws/install/test_nodes:/opt/ros/foxy /usr/local/bin/cmake --install /home/gracekim/workspace/test_ws/build/px4_msgs
[12.236s] Level 1:colcon.colcon_core.environment:checking '/home/gracekim/workspace/test_ws/install/px4_msgs' for CMake config files
[12.236s] Level 1:colcon.colcon_core.shell:create_environment_hook('px4_msgs', 'cmake_prefix_path')
[12.237s] INFO:colcon.colcon_core.shell:Creating environment hook '/home/gracekim/workspace/test_ws/install/px4_msgs/share/px4_msgs/hook/cmake_prefix_path.ps1'
[12.237s] INFO:colcon.colcon_core.shell:Creating environment descriptor '/home/gracekim/workspace/test_ws/install/px4_msgs/share/px4_msgs/hook/cmake_prefix_path.dsv'
[12.238s] INFO:colcon.colcon_core.shell:Creating environment hook '/home/gracekim/workspace/test_ws/install/px4_msgs/share/px4_msgs/hook/cmake_prefix_path.sh'
[12.238s] Level 1:colcon.colcon_core.environment:checking '/home/gracekim/workspace/test_ws/install/px4_msgs/lib'
[12.238s] Level 1:colcon.colcon_core.shell:create_environment_hook('px4_msgs', 'ld_library_path_lib')
[12.239s] INFO:colcon.colcon_core.shell:Creating environment hook '/home/gracekim/workspace/test_ws/install/px4_msgs/share/px4_msgs/hook/ld_library_path_lib.ps1'
[12.239s] INFO:colcon.colcon_core.shell:Creating environment descriptor '/home/gracekim/workspace/test_ws/install/px4_msgs/share/px4_msgs/hook/ld_library_path_lib.dsv'
[12.239s] INFO:colcon.colcon_core.shell:Creating environment hook '/home/gracekim/workspace/test_ws/install/px4_msgs/share/px4_msgs/hook/ld_library_path_lib.sh'
[12.240s] Level 1:colcon.colcon_core.environment:checking '/home/gracekim/workspace/test_ws/install/px4_msgs/bin'
[12.240s] Level 1:colcon.colcon_core.environment:checking '/home/gracekim/workspace/test_ws/install/px4_msgs/lib/pkgconfig/px4_msgs.pc'
[12.240s] Level 1:colcon.colcon_core.environment:checking '/home/gracekim/workspace/test_ws/install/px4_msgs/lib/python3.8/site-packages'
[12.240s] Level 1:colcon.colcon_core.shell:create_environment_hook('px4_msgs', 'pythonpath')
[12.240s] INFO:colcon.colcon_core.shell:Creating environment hook '/home/gracekim/workspace/test_ws/install/px4_msgs/share/px4_msgs/hook/pythonpath.ps1'
[12.241s] INFO:colcon.colcon_core.shell:Creating environment descriptor '/home/gracekim/workspace/test_ws/install/px4_msgs/share/px4_msgs/hook/pythonpath.dsv'
[12.241s] INFO:colcon.colcon_core.shell:Creating environment hook '/home/gracekim/workspace/test_ws/install/px4_msgs/share/px4_msgs/hook/pythonpath.sh'
[12.241s] Level 1:colcon.colcon_core.environment:checking '/home/gracekim/workspace/test_ws/install/px4_msgs/bin'
[12.242s] INFO:colcon.colcon_core.shell:Creating package script '/home/gracekim/workspace/test_ws/install/px4_msgs/share/px4_msgs/package.ps1'
[12.242s] INFO:colcon.colcon_core.shell:Creating package descriptor '/home/gracekim/workspace/test_ws/install/px4_msgs/share/px4_msgs/package.dsv'
[12.243s] INFO:colcon.colcon_core.shell:Creating package script '/home/gracekim/workspace/test_ws/install/px4_msgs/share/px4_msgs/package.sh'
[12.243s] INFO:colcon.colcon_core.shell:Creating package script '/home/gracekim/workspace/test_ws/install/px4_msgs/share/px4_msgs/package.bash'
[12.244s] INFO:colcon.colcon_core.shell:Creating package script '/home/gracekim/workspace/test_ws/install/px4_msgs/share/px4_msgs/package.zsh'
[12.244s] Level 1:colcon.colcon_core.environment:create_file_with_runtime_dependencies(/home/gracekim/workspace/test_ws/install/px4_msgs/share/colcon-core/packages/px4_msgs)
[16.355s] Level 1:colcon.colcon_core.environment:create_environment_scripts_only(px4_msgs)
[16.355s] Level 1:colcon.colcon_core.environment:checking '/home/gracekim/workspace/test_ws/install/px4_msgs' for CMake module files
[16.356s] Level 1:colcon.colcon_core.environment:checking '/home/gracekim/workspace/test_ws/install/px4_msgs' for CMake config files
[16.356s] Level 1:colcon.colcon_core.shell:create_environment_hook('px4_msgs', 'cmake_prefix_path')
[16.356s] INFO:colcon.colcon_core.shell:Creating environment hook '/home/gracekim/workspace/test_ws/install/px4_msgs/share/px4_msgs/hook/cmake_prefix_path.ps1'
[16.357s] INFO:colcon.colcon_core.shell:Creating environment descriptor '/home/gracekim/workspace/test_ws/install/px4_msgs/share/px4_msgs/hook/cmake_prefix_path.dsv'
[16.357s] INFO:colcon.colcon_core.shell:Creating environment hook '/home/gracekim/workspace/test_ws/install/px4_msgs/share/px4_msgs/hook/cmake_prefix_path.sh'
[16.358s] Level 1:colcon.colcon_core.environment:checking '/home/gracekim/workspace/test_ws/install/px4_msgs/lib'
[16.358s] Level 1:colcon.colcon_core.shell:create_environment_hook('px4_msgs', 'ld_library_path_lib')
[16.358s] INFO:colcon.colcon_core.shell:Creating environment hook '/home/gracekim/workspace/test_ws/install/px4_msgs/share/px4_msgs/hook/ld_library_path_lib.ps1'
[16.358s] INFO:colcon.colcon_core.shell:Creating environment descriptor '/home/gracekim/workspace/test_ws/install/px4_msgs/share/px4_msgs/hook/ld_library_path_lib.dsv'
[16.359s] INFO:colcon.colcon_core.shell:Creating environment hook '/home/gracekim/workspace/test_ws/install/px4_msgs/share/px4_msgs/hook/ld_library_path_lib.sh'
[16.359s] Level 1:colcon.colcon_core.environment:checking '/home/gracekim/workspace/test_ws/install/px4_msgs/bin'
[16.359s] Level 1:colcon.colcon_core.environment:checking '/home/gracekim/workspace/test_ws/install/px4_msgs/lib/pkgconfig/px4_msgs.pc'
[16.359s] Level 1:colcon.colcon_core.environment:checking '/home/gracekim/workspace/test_ws/install/px4_msgs/lib/python3.8/site-packages'
[16.359s] Level 1:colcon.colcon_core.shell:create_environment_hook('px4_msgs', 'pythonpath')
[16.360s] INFO:colcon.colcon_core.shell:Creating environment hook '/home/gracekim/workspace/test_ws/install/px4_msgs/share/px4_msgs/hook/pythonpath.ps1'
[16.360s] INFO:colcon.colcon_core.shell:Creating environment descriptor '/home/gracekim/workspace/test_ws/install/px4_msgs/share/px4_msgs/hook/pythonpath.dsv'
[16.360s] INFO:colcon.colcon_core.shell:Creating environment hook '/home/gracekim/workspace/test_ws/install/px4_msgs/share/px4_msgs/hook/pythonpath.sh'
[16.361s] Level 1:colcon.colcon_core.environment:checking '/home/gracekim/workspace/test_ws/install/px4_msgs/bin'
[16.361s] INFO:colcon.colcon_core.shell:Creating package script '/home/gracekim/workspace/test_ws/install/px4_msgs/share/px4_msgs/package.ps1'
[16.362s] INFO:colcon.colcon_core.shell:Creating package descriptor '/home/gracekim/workspace/test_ws/install/px4_msgs/share/px4_msgs/package.dsv'
[16.362s] INFO:colcon.colcon_core.shell:Creating package script '/home/gracekim/workspace/test_ws/install/px4_msgs/share/px4_msgs/package.sh'
[16.363s] INFO:colcon.colcon_core.shell:Creating package script '/home/gracekim/workspace/test_ws/install/px4_msgs/share/px4_msgs/package.bash'
[16.363s] INFO:colcon.colcon_core.shell:Creating package script '/home/gracekim/workspace/test_ws/install/px4_msgs/share/px4_msgs/package.zsh'
[16.363s] Level 1:colcon.colcon_core.environment:create_file_with_runtime_dependencies(/home/gracekim/workspace/test_ws/install/px4_msgs/share/colcon-core/packages/px4_msgs)
[16.364s] INFO:colcon.colcon_ros.task.ament_python.build:Building ROS package in '/home/gracekim/workspace/test_ws/src/vehicle_controller' with build type 'ament_python'
[16.364s] Level 1:colcon.colcon_core.shell:create_environment_hook('test_nodes', 'ament_prefix_path')
[16.364s] INFO:colcon.colcon_core.shell:Creating environment hook '/home/gracekim/workspace/test_ws/install/test_nodes/share/test_nodes/hook/ament_prefix_path.ps1'
[16.365s] INFO:colcon.colcon_core.shell:Creating environment descriptor '/home/gracekim/workspace/test_ws/install/test_nodes/share/test_nodes/hook/ament_prefix_path.dsv'
[16.366s] INFO:colcon.colcon_core.shell:Creating environment hook '/home/gracekim/workspace/test_ws/install/test_nodes/share/test_nodes/hook/ament_prefix_path.sh'
[16.367s] INFO:colcon.colcon_core.shell:Skip shell extension 'powershell' for command environment: Not usable outside of PowerShell
[16.367s] DEBUG:colcon.colcon_core.shell:Skip shell extension 'dsv' for command environment
[16.646s] INFO:colcon.colcon_core.task.python.build:Building Python package in '/home/gracekim/workspace/test_ws/src/vehicle_controller'
[16.647s] INFO:colcon.colcon_core.shell:Skip shell extension 'powershell' for command environment: Not usable outside of PowerShell
[16.647s] DEBUG:colcon.colcon_core.shell:Skip shell extension 'dsv' for command environment
[17.388s] DEBUG:colcon.colcon_core.event_handler.log_command:Invoking command in '/home/gracekim/workspace/test_ws/build/test_nodes': PYTHONPATH=/home/gracekim/workspace/test_ws/build/test_nodes/prefix_override:/usr/lib/python3/dist-packages/colcon_core/task/python/colcon_distutils_commands:/home/gracekim/workspace/test_ws/install/test_nodes/lib/python3.8/site-packages:/home/gracekim/workspace/test_ws/install/px4_msgs/lib/python3.8/site-packages:/home/gracekim/workspace/test_ws/install/my_bboxes_msg/lib/python3.8/site-packages:/home/gracekim/workspace/test_ws/build/yolo_detection:/home/gracekim/workspace/test_ws/install/yolo_detection/lib/python3.8/site-packages:/home/gracekim/workspace/test_ws/build/test_nodes:/home/gracekim/workspace/test_ws/install/test_nodes/lib/python3.8/site-packages:/opt/ros/foxy/lib/python3.8/site-packages /usr/bin/python3 -W ignore:setup.py install is deprecated setup.py develop --editable --build-directory /home/gracekim/workspace/test_ws/build/test_nodes/build --no-deps symlink_data
[18.189s] Level 1:colcon.colcon_core.shell:create_environment_hook('test_nodes', 'pythonpath_develop')
[18.190s] INFO:colcon.colcon_core.shell:Creating environment hook '/home/gracekim/workspace/test_ws/build/test_nodes/share/test_nodes/hook/pythonpath_develop.ps1'
[18.190s] DEBUG:colcon.colcon_core.event_handler.log_command:Invoked command in '/home/gracekim/workspace/test_ws/build/test_nodes' returned '0': PYTHONPATH=/home/gracekim/workspace/test_ws/build/test_nodes/prefix_override:/usr/lib/python3/dist-packages/colcon_core/task/python/colcon_distutils_commands:/home/gracekim/workspace/test_ws/install/test_nodes/lib/python3.8/site-packages:/home/gracekim/workspace/test_ws/install/px4_msgs/lib/python3.8/site-packages:/home/gracekim/workspace/test_ws/install/my_bboxes_msg/lib/python3.8/site-packages:/home/gracekim/workspace/test_ws/build/yolo_detection:/home/gracekim/workspace/test_ws/install/yolo_detection/lib/python3.8/site-packages:/home/gracekim/workspace/test_ws/build/test_nodes:/home/gracekim/workspace/test_ws/install/test_nodes/lib/python3.8/site-packages:/opt/ros/foxy/lib/python3.8/site-packages /usr/bin/python3 -W ignore:setup.py install is deprecated setup.py develop --editable --build-directory /home/gracekim/workspace/test_ws/build/test_nodes/build --no-deps symlink_data
[18.191s] INFO:colcon.colcon_core.shell:Creating environment descriptor '/home/gracekim/workspace/test_ws/build/test_nodes/share/test_nodes/hook/pythonpath_develop.dsv'
[18.191s] INFO:colcon.colcon_core.shell:Creating environment hook '/home/gracekim/workspace/test_ws/build/test_nodes/share/test_nodes/hook/pythonpath_develop.sh'
[18.192s] Level 1:colcon.colcon_core.environment:checking '/home/gracekim/workspace/test_ws/install/test_nodes' for CMake module files
[18.192s] Level 1:colcon.colcon_core.environment:checking '/home/gracekim/workspace/test_ws/install/test_nodes' for CMake config files
[18.193s] Level 1:colcon.colcon_core.environment:checking '/home/gracekim/workspace/test_ws/install/test_nodes/lib'
[18.193s] Level 1:colcon.colcon_core.environment:checking '/home/gracekim/workspace/test_ws/install/test_nodes/bin'
[18.193s] Level 1:colcon.colcon_core.environment:checking '/home/gracekim/workspace/test_ws/install/test_nodes/lib/pkgconfig/test_nodes.pc'
[18.193s] Level 1:colcon.colcon_core.environment:checking '/home/gracekim/workspace/test_ws/install/test_nodes/lib/python3.8/site-packages'
[18.193s] Level 1:colcon.colcon_core.shell:create_environment_hook('test_nodes', 'pythonpath')
[18.194s] INFO:colcon.colcon_core.shell:Creating environment hook '/home/gracekim/workspace/test_ws/install/test_nodes/share/test_nodes/hook/pythonpath.ps1'
[18.194s] INFO:colcon.colcon_core.shell:Creating environment descriptor '/home/gracekim/workspace/test_ws/install/test_nodes/share/test_nodes/hook/pythonpath.dsv'
[18.194s] INFO:colcon.colcon_core.shell:Creating environment hook '/home/gracekim/workspace/test_ws/install/test_nodes/share/test_nodes/hook/pythonpath.sh'
[18.195s] Level 1:colcon.colcon_core.environment:checking '/home/gracekim/workspace/test_ws/install/test_nodes/bin'
[18.195s] Level 1:colcon.colcon_core.environment:create_environment_scripts_only(test_nodes)
[18.195s] INFO:colcon.colcon_core.shell:Creating package script '/home/gracekim/workspace/test_ws/install/test_nodes/share/test_nodes/package.ps1'
[18.196s] INFO:colcon.colcon_core.shell:Creating package descriptor '/home/gracekim/workspace/test_ws/install/test_nodes/share/test_nodes/package.dsv'
[18.196s] INFO:colcon.colcon_core.shell:Creating package script '/home/gracekim/workspace/test_ws/install/test_nodes/share/test_nodes/package.sh'
[18.197s] INFO:colcon.colcon_core.shell:Creating package script '/home/gracekim/workspace/test_ws/install/test_nodes/share/test_nodes/package.bash'
[18.197s] INFO:colcon.colcon_core.shell:Creating package script '/home/gracekim/workspace/test_ws/install/test_nodes/share/test_nodes/package.zsh'
[18.197s] Level 1:colcon.colcon_core.environment:create_file_with_runtime_dependencies(/home/gracekim/workspace/test_ws/install/test_nodes/share/colcon-core/packages/test_nodes)
[18.198s] DEBUG:colcon.colcon_parallel_executor.executor.parallel:closing loop
[18.198s] DEBUG:colcon.colcon_parallel_executor.executor.parallel:loop closed
[18.198s] DEBUG:colcon.colcon_parallel_executor.executor.parallel:run_until_complete finished with '0'
[18.198s] DEBUG:colcon.colcon_core.event_reactor:joining thread
[18.205s] INFO:colcon.colcon_core.plugin_system:Skipping extension 'colcon_notification.desktop_notification.terminal_notifier': Not used on non-Darwin systems
[18.205s] INFO:colcon.colcon_core.plugin_system:Skipping extension 'colcon_notification.desktop_notification.win32': Not used on non-Windows systems
[18.205s] INFO:colcon.colcon_notification.desktop_notification:Sending desktop notification using 'notify2'
[18.231s] DEBUG:colcon.colcon_core.event_reactor:joined thread
[18.231s] INFO:colcon.colcon_core.shell:Creating prefix script '/home/gracekim/workspace/test_ws/install/local_setup.ps1'
[18.233s] INFO:colcon.colcon_core.shell:Creating prefix util module '/home/gracekim/workspace/test_ws/install/_local_setup_util_ps1.py'
[18.234s] INFO:colcon.colcon_core.shell:Creating prefix chain script '/home/gracekim/workspace/test_ws/install/setup.ps1'
[18.235s] INFO:colcon.colcon_core.shell:Creating prefix script '/home/gracekim/workspace/test_ws/install/local_setup.sh'
[18.236s] INFO:colcon.colcon_core.shell:Creating prefix util module '/home/gracekim/workspace/test_ws/install/_local_setup_util_sh.py'
[18.236s] INFO:colcon.colcon_core.shell:Creating prefix chain script '/home/gracekim/workspace/test_ws/install/setup.sh'
[18.237s] INFO:colcon.colcon_core.shell:Creating prefix script '/home/gracekim/workspace/test_ws/install/local_setup.bash'
[18.238s] INFO:colcon.colcon_core.shell:Creating prefix chain script '/home/gracekim/workspace/test_ws/install/setup.bash'
[18.239s] INFO:colcon.colcon_core.shell:Creating prefix script '/home/gracekim/workspace/test_ws/install/local_setup.zsh'
[18.239s] INFO:colcon.colcon_core.shell:Creating prefix chain script '/home/gracekim/workspace/test_ws/install/setup.zsh'
