[  2%] Built target my_bboxes_msg__cpp
[ 12%] Built target my_bboxes_msg__rosidl_generator_c
[ 23%] Built target my_bboxes_msg__rosidl_typesupport_cpp
[ 34%] Built target my_bboxes_msg__rosidl_typesupport_fastrtps_cpp
[ 44%] Built target my_bboxes_msg__rosidl_typesupport_introspection_c
[ 55%] Built target my_bboxes_msg__rosidl_typesupport_introspection_cpp
[ 65%] Built target my_bboxes_msg__rosidl_typesupport_c
[ 76%] Built target my_bboxes_msg__rosidl_typesupport_fastrtps_c
[ 76%] Built target my_bboxes_msg
[ 78%] Built target my_bboxes_msg__py
[ 87%] Built target my_bboxes_msg__python
[ 91%] Built target my_bboxes_msg__rosidl_typesupport_fastrtps_c__pyext
[ 95%] Built target my_bboxes_msg__rosidl_typesupport_c__pyext
[100%] Built target my_bboxes_msg__rosidl_typesupport_introspection_c__pyext
-- Install configuration: ""
-- Execute custom install script
-- Up-to-date symlink: /home/gracekim/workspace/test_ws/install/my_bboxes_msg/share/ament_index/resource_index/rosidl_interfaces/my_bboxes_msg
-- Up-to-date symlink: /home/gracekim/workspace/test_ws/install/my_bboxes_msg/include/my_bboxes_msg/msg/detail/vehicle_phase__functions.h
-- Up-to-date symlink: /home/gracekim/workspace/test_ws/install/my_bboxes_msg/include/my_bboxes_msg/msg/detail/vehicle_phase__struct.h
-- Up-to-date symlink: /home/gracekim/workspace/test_ws/install/my_bboxes_msg/include/my_bboxes_msg/msg/detail/vehicle_phase__type_support.h
-- Up-to-date symlink: /home/gracekim/workspace/test_ws/install/my_bboxes_msg/include/my_bboxes_msg/msg/detail/yolo_obstacle__functions.h
-- Up-to-date symlink: /home/gracekim/workspace/test_ws/install/my_bboxes_msg/include/my_bboxes_msg/msg/detail/yolo_obstacle__struct.h
-- Up-to-date symlink: /home/gracekim/workspace/test_ws/install/my_bboxes_msg/include/my_bboxes_msg/msg/detail/yolo_obstacle__type_support.h
-- Up-to-date symlink: /home/gracekim/workspace/test_ws/install/my_bboxes_msg/include/my_bboxes_msg/msg/detail/yolo_target__functions.h
-- Up-to-date symlink: /home/gracekim/workspace/test_ws/install/my_bboxes_msg/include/my_bboxes_msg/msg/detail/yolo_target__struct.h
-- Up-to-date symlink: /home/gracekim/workspace/test_ws/install/my_bboxes_msg/include/my_bboxes_msg/msg/detail/yolo_target__type_support.h
-- Up-to-date symlink: /home/gracekim/workspace/test_ws/install/my_bboxes_msg/include/my_bboxes_msg/msg/rosidl_generator_c__visibility_control.h
-- Up-to-date symlink: /home/gracekim/workspace/test_ws/install/my_bboxes_msg/include/my_bboxes_msg/msg/vehicle_phase.h
-- Up-to-date symlink: /home/gracekim/workspace/test_ws/install/my_bboxes_msg/include/my_bboxes_msg/msg/yolo_obstacle.h
-- Up-to-date symlink: /home/gracekim/workspace/test_ws/install/my_bboxes_msg/include/my_bboxes_msg/msg/yolo_target.h
-- Up-to-date symlink: /home/gracekim/workspace/test_ws/install/my_bboxes_msg/share/my_bboxes_msg/environment/library_path.sh
-- Up-to-date symlink: /home/gracekim/workspace/test_ws/install/my_bboxes_msg/share/my_bboxes_msg/environment/library_path.dsv
-- Up-to-date symlink: /home/gracekim/workspace/test_ws/install/my_bboxes_msg/include/my_bboxes_msg/msg/detail/vehicle_phase__rosidl_typesupport_fastrtps_c.h
-- Up-to-date symlink: /home/gracekim/workspace/test_ws/install/my_bboxes_msg/include/my_bboxes_msg/msg/detail/yolo_obstacle__rosidl_typesupport_fastrtps_c.h
-- Up-to-date symlink: /home/gracekim/workspace/test_ws/install/my_bboxes_msg/include/my_bboxes_msg/msg/detail/yolo_target__rosidl_typesupport_fastrtps_c.h
-- Up-to-date symlink: /home/gracekim/workspace/test_ws/install/my_bboxes_msg/include/my_bboxes_msg/msg/rosidl_typesupport_fastrtps_c__visibility_control.h
-- Up-to-date symlink: /home/gracekim/workspace/test_ws/install/my_bboxes_msg/lib/libmy_bboxes_msg__rosidl_typesupport_fastrtps_c.so
-- Up-to-date symlink: /home/gracekim/workspace/test_ws/install/my_bboxes_msg/include/my_bboxes_msg/msg/detail/vehicle_phase__rosidl_typesupport_fastrtps_cpp.hpp
-- Up-to-date symlink: /home/gracekim/workspace/test_ws/install/my_bboxes_msg/include/my_bboxes_msg/msg/detail/yolo_obstacle__rosidl_typesupport_fastrtps_cpp.hpp
-- Up-to-date symlink: /home/gracekim/workspace/test_ws/install/my_bboxes_msg/include/my_bboxes_msg/msg/detail/yolo_target__rosidl_typesupport_fastrtps_cpp.hpp
-- Up-to-date symlink: /home/gracekim/workspace/test_ws/install/my_bboxes_msg/include/my_bboxes_msg/msg/rosidl_typesupport_fastrtps_cpp__visibility_control.h
-- Up-to-date symlink: /home/gracekim/workspace/test_ws/install/my_bboxes_msg/lib/libmy_bboxes_msg__rosidl_typesupport_fastrtps_cpp.so
-- Up-to-date symlink: /home/gracekim/workspace/test_ws/install/my_bboxes_msg/include/my_bboxes_msg/msg/detail/vehicle_phase__rosidl_typesupport_introspection_c.h
-- Up-to-date symlink: /home/gracekim/workspace/test_ws/install/my_bboxes_msg/include/my_bboxes_msg/msg/detail/yolo_obstacle__rosidl_typesupport_introspection_c.h
-- Up-to-date symlink: /home/gracekim/workspace/test_ws/install/my_bboxes_msg/include/my_bboxes_msg/msg/detail/yolo_target__rosidl_typesupport_introspection_c.h
-- Up-to-date symlink: /home/gracekim/workspace/test_ws/install/my_bboxes_msg/include/my_bboxes_msg/msg/rosidl_typesupport_introspection_c__visibility_control.h
-- Up-to-date symlink: /home/gracekim/workspace/test_ws/install/my_bboxes_msg/include/my_bboxes_msg/msg/detail/vehicle_phase__builder.hpp
-- Up-to-date symlink: /home/gracekim/workspace/test_ws/install/my_bboxes_msg/include/my_bboxes_msg/msg/detail/vehicle_phase__struct.hpp
-- Up-to-date symlink: /home/gracekim/workspace/test_ws/install/my_bboxes_msg/include/my_bboxes_msg/msg/detail/vehicle_phase__traits.hpp
-- Up-to-date symlink: /home/gracekim/workspace/test_ws/install/my_bboxes_msg/include/my_bboxes_msg/msg/detail/vehicle_phase__type_support.hpp
-- Up-to-date symlink: /home/gracekim/workspace/test_ws/install/my_bboxes_msg/include/my_bboxes_msg/msg/detail/yolo_obstacle__builder.hpp
-- Up-to-date symlink: /home/gracekim/workspace/test_ws/install/my_bboxes_msg/include/my_bboxes_msg/msg/detail/yolo_obstacle__struct.hpp
-- Up-to-date symlink: /home/gracekim/workspace/test_ws/install/my_bboxes_msg/include/my_bboxes_msg/msg/detail/yolo_obstacle__traits.hpp
-- Up-to-date symlink: /home/gracekim/workspace/test_ws/install/my_bboxes_msg/include/my_bboxes_msg/msg/detail/yolo_obstacle__type_support.hpp
-- Up-to-date symlink: /home/gracekim/workspace/test_ws/install/my_bboxes_msg/include/my_bboxes_msg/msg/detail/yolo_target__builder.hpp
-- Up-to-date symlink: /home/gracekim/workspace/test_ws/install/my_bboxes_msg/include/my_bboxes_msg/msg/detail/yolo_target__struct.hpp
-- Up-to-date symlink: /home/gracekim/workspace/test_ws/install/my_bboxes_msg/include/my_bboxes_msg/msg/detail/yolo_target__traits.hpp
-- Up-to-date symlink: /home/gracekim/workspace/test_ws/install/my_bboxes_msg/include/my_bboxes_msg/msg/detail/yolo_target__type_support.hpp
-- Up-to-date symlink: /home/gracekim/workspace/test_ws/install/my_bboxes_msg/include/my_bboxes_msg/msg/rosidl_generator_cpp__visibility_control.hpp
-- Up-to-date symlink: /home/gracekim/workspace/test_ws/install/my_bboxes_msg/include/my_bboxes_msg/msg/vehicle_phase.hpp
-- Up-to-date symlink: /home/gracekim/workspace/test_ws/install/my_bboxes_msg/include/my_bboxes_msg/msg/yolo_obstacle.hpp
-- Up-to-date symlink: /home/gracekim/workspace/test_ws/install/my_bboxes_msg/include/my_bboxes_msg/msg/yolo_target.hpp
-- Up-to-date symlink: /home/gracekim/workspace/test_ws/install/my_bboxes_msg/include/my_bboxes_msg/msg/detail/vehicle_phase__rosidl_typesupport_introspection_cpp.hpp
-- Up-to-date symlink: /home/gracekim/workspace/test_ws/install/my_bboxes_msg/include/my_bboxes_msg/msg/detail/yolo_obstacle__rosidl_typesupport_introspection_cpp.hpp
-- Up-to-date symlink: /home/gracekim/workspace/test_ws/install/my_bboxes_msg/include/my_bboxes_msg/msg/detail/yolo_target__rosidl_typesupport_introspection_cpp.hpp
-- Up-to-date symlink: /home/gracekim/workspace/test_ws/install/my_bboxes_msg/share/my_bboxes_msg/environment/pythonpath.sh
-- Up-to-date symlink: /home/gracekim/workspace/test_ws/install/my_bboxes_msg/share/my_bboxes_msg/environment/pythonpath.dsv
-- Up-to-date symlink: /home/gracekim/workspace/test_ws/install/my_bboxes_msg/lib/python3.8/site-packages/my_bboxes_msg/__init__.py
-- Up-to-date symlink: /home/gracekim/workspace/test_ws/install/my_bboxes_msg/lib/python3.8/site-packages/my_bboxes_msg/msg/__init__.py
-- Up-to-date symlink: /home/gracekim/workspace/test_ws/install/my_bboxes_msg/lib/python3.8/site-packages/my_bboxes_msg/msg/_vehicle_phase.py
-- Up-to-date symlink: /home/gracekim/workspace/test_ws/install/my_bboxes_msg/lib/python3.8/site-packages/my_bboxes_msg/msg/_yolo_obstacle.py
-- Up-to-date symlink: /home/gracekim/workspace/test_ws/install/my_bboxes_msg/lib/python3.8/site-packages/my_bboxes_msg/msg/_yolo_target.py
-- Up-to-date symlink: /home/gracekim/workspace/test_ws/install/my_bboxes_msg/lib/python3.8/site-packages/my_bboxes_msg/my_bboxes_msg_s__rosidl_typesupport_fastrtps_c.cpython-38-x86_64-linux-gnu.so
-- Up-to-date symlink: /home/gracekim/workspace/test_ws/install/my_bboxes_msg/lib/python3.8/site-packages/my_bboxes_msg/my_bboxes_msg_s__rosidl_typesupport_introspection_c.cpython-38-x86_64-linux-gnu.so
-- Up-to-date symlink: /home/gracekim/workspace/test_ws/install/my_bboxes_msg/lib/python3.8/site-packages/my_bboxes_msg/my_bboxes_msg_s__rosidl_typesupport_c.cpython-38-x86_64-linux-gnu.so
-- Up-to-date symlink: /home/gracekim/workspace/test_ws/install/my_bboxes_msg/lib/libmy_bboxes_msg__python.so
-- Up-to-date symlink: /home/gracekim/workspace/test_ws/install/my_bboxes_msg/share/my_bboxes_msg/msg/YoloObstacle.idl
-- Up-to-date symlink: /home/gracekim/workspace/test_ws/install/my_bboxes_msg/share/my_bboxes_msg/msg/YoloTarget.idl
-- Up-to-date symlink: /home/gracekim/workspace/test_ws/install/my_bboxes_msg/share/my_bboxes_msg/msg/VehiclePhase.idl
-- Up-to-date symlink: /home/gracekim/workspace/test_ws/install/my_bboxes_msg/share/my_bboxes_msg/msg/YoloObstacle.msg
-- Up-to-date symlink: /home/gracekim/workspace/test_ws/install/my_bboxes_msg/share/my_bboxes_msg/msg/YoloTarget.msg
-- Up-to-date symlink: /home/gracekim/workspace/test_ws/install/my_bboxes_msg/share/my_bboxes_msg/msg/VehiclePhase.msg
-- Up-to-date symlink: /home/gracekim/workspace/test_ws/install/my_bboxes_msg/share/ament_index/resource_index/package_run_dependencies/my_bboxes_msg
-- Up-to-date symlink: /home/gracekim/workspace/test_ws/install/my_bboxes_msg/share/ament_index/resource_index/parent_prefix_path/my_bboxes_msg
-- Up-to-date symlink: /home/gracekim/workspace/test_ws/install/my_bboxes_msg/share/my_bboxes_msg/environment/ament_prefix_path.sh
-- Up-to-date symlink: /home/gracekim/workspace/test_ws/install/my_bboxes_msg/share/my_bboxes_msg/environment/ament_prefix_path.dsv
-- Up-to-date symlink: /home/gracekim/workspace/test_ws/install/my_bboxes_msg/share/my_bboxes_msg/environment/path.sh
-- Up-to-date symlink: /home/gracekim/workspace/test_ws/install/my_bboxes_msg/share/my_bboxes_msg/environment/path.dsv
-- Up-to-date symlink: /home/gracekim/workspace/test_ws/install/my_bboxes_msg/share/my_bboxes_msg/local_setup.bash
-- Up-to-date symlink: /home/gracekim/workspace/test_ws/install/my_bboxes_msg/share/my_bboxes_msg/local_setup.sh
-- Up-to-date symlink: /home/gracekim/workspace/test_ws/install/my_bboxes_msg/share/my_bboxes_msg/local_setup.zsh
-- Up-to-date symlink: /home/gracekim/workspace/test_ws/install/my_bboxes_msg/share/my_bboxes_msg/local_setup.dsv
-- Symlinking: /home/gracekim/workspace/test_ws/install/my_bboxes_msg/share/my_bboxes_msg/package.dsv
-- Up-to-date symlink: /home/gracekim/workspace/test_ws/install/my_bboxes_msg/share/ament_index/resource_index/packages/my_bboxes_msg
-- Up-to-date symlink: /home/gracekim/workspace/test_ws/install/my_bboxes_msg/share/my_bboxes_msg/cmake/rosidl_cmake-extras.cmake
-- Up-to-date symlink: /home/gracekim/workspace/test_ws/install/my_bboxes_msg/share/my_bboxes_msg/cmake/ament_cmake_export_dependencies-extras.cmake
-- Up-to-date symlink: /home/gracekim/workspace/test_ws/install/my_bboxes_msg/share/my_bboxes_msg/cmake/ament_cmake_export_libraries-extras.cmake
-- Up-to-date symlink: /home/gracekim/workspace/test_ws/install/my_bboxes_msg/share/my_bboxes_msg/cmake/ament_cmake_export_targets-extras.cmake
-- Up-to-date symlink: /home/gracekim/workspace/test_ws/install/my_bboxes_msg/share/my_bboxes_msg/cmake/ament_cmake_export_include_directories-extras.cmake
-- Up-to-date symlink: /home/gracekim/workspace/test_ws/install/my_bboxes_msg/share/my_bboxes_msg/cmake/rosidl_cmake_export_typesupport_libraries-extras.cmake
-- Up-to-date symlink: /home/gracekim/workspace/test_ws/install/my_bboxes_msg/share/my_bboxes_msg/cmake/rosidl_cmake_export_typesupport_targets-extras.cmake
-- Up-to-date symlink: /home/gracekim/workspace/test_ws/install/my_bboxes_msg/share/my_bboxes_msg/cmake/my_bboxes_msgConfig.cmake
-- Up-to-date symlink: /home/gracekim/workspace/test_ws/install/my_bboxes_msg/share/my_bboxes_msg/cmake/my_bboxes_msgConfig-version.cmake
-- Up-to-date symlink: /home/gracekim/workspace/test_ws/install/my_bboxes_msg/share/my_bboxes_msg/package.xml
-- Up-to-date: /home/gracekim/workspace/test_ws/install/my_bboxes_msg/lib/libmy_bboxes_msg__rosidl_generator_c.so
-- Up-to-date: /home/gracekim/workspace/test_ws/install/my_bboxes_msg/lib/libmy_bboxes_msg__rosidl_typesupport_introspection_c.so
-- Up-to-date: /home/gracekim/workspace/test_ws/install/my_bboxes_msg/lib/libmy_bboxes_msg__rosidl_typesupport_c.so
-- Up-to-date: /home/gracekim/workspace/test_ws/install/my_bboxes_msg/lib/libmy_bboxes_msg__rosidl_typesupport_introspection_cpp.so
-- Up-to-date: /home/gracekim/workspace/test_ws/install/my_bboxes_msg/lib/libmy_bboxes_msg__rosidl_typesupport_cpp.so
-- Up-to-date: /home/gracekim/workspace/test_ws/install/my_bboxes_msg/share/my_bboxes_msg/cmake/my_bboxes_msg__rosidl_generator_cExport.cmake
-- Up-to-date: /home/gracekim/workspace/test_ws/install/my_bboxes_msg/share/my_bboxes_msg/cmake/my_bboxes_msg__rosidl_generator_cExport-noconfig.cmake
-- Up-to-date: /home/gracekim/workspace/test_ws/install/my_bboxes_msg/share/my_bboxes_msg/cmake/my_bboxes_msg__rosidl_typesupport_introspection_cExport.cmake
-- Up-to-date: /home/gracekim/workspace/test_ws/install/my_bboxes_msg/share/my_bboxes_msg/cmake/my_bboxes_msg__rosidl_typesupport_introspection_cExport-noconfig.cmake
-- Up-to-date: /home/gracekim/workspace/test_ws/install/my_bboxes_msg/share/my_bboxes_msg/cmake/my_bboxes_msg__rosidl_typesupport_cExport.cmake
-- Up-to-date: /home/gracekim/workspace/test_ws/install/my_bboxes_msg/share/my_bboxes_msg/cmake/my_bboxes_msg__rosidl_typesupport_cExport-noconfig.cmake
-- Up-to-date: /home/gracekim/workspace/test_ws/install/my_bboxes_msg/share/my_bboxes_msg/cmake/my_bboxes_msg__rosidl_generator_cppExport.cmake
-- Up-to-date: /home/gracekim/workspace/test_ws/install/my_bboxes_msg/share/my_bboxes_msg/cmake/my_bboxes_msg__rosidl_typesupport_introspection_cppExport.cmake
-- Up-to-date: /home/gracekim/workspace/test_ws/install/my_bboxes_msg/share/my_bboxes_msg/cmake/my_bboxes_msg__rosidl_typesupport_introspection_cppExport-noconfig.cmake
-- Up-to-date: /home/gracekim/workspace/test_ws/install/my_bboxes_msg/share/my_bboxes_msg/cmake/my_bboxes_msg__rosidl_typesupport_cppExport.cmake
-- Up-to-date: /home/gracekim/workspace/test_ws/install/my_bboxes_msg/share/my_bboxes_msg/cmake/my_bboxes_msg__rosidl_typesupport_cppExport-noconfig.cmake
